#
# There is insufficient memory for the Java Runtime Environment to continue.
# Native memory allocation (malloc) failed to allocate 1247696 bytes for Chunk::new
# Possible reasons:
#   The system is out of physical RAM or swap space
#   The process is running with CompressedOops enabled, and the Java Heap may be blocking the growth of the native heap
# Possible solutions:
#   Reduce memory load on the system
#   Increase physical memory or swap space
#   Check if swap backing store is full
#   Decrease Java heap size (-Xmx/-Xms)
#   Decrease number of Java threads
#   Decrease Java thread stack sizes (-Xss)
#   Set larger code cache with -XX:ReservedCodeCacheSize=
#   JVM is running with Unscaled Compressed Oops mode in which the Java heap is
#     placed in the first 4GB address space. The Java Heap base address is the
#     maximum limit for the native heap growth. Please use -XX:HeapBaseMinAddress
#     to set the Java Heap base and to place the Java Heap above 4GB virtual address.
# This output file may be truncated or incomplete.
#
#  Out of Memory Error (./open/src/hotspot/share/memory/arena.cpp:197), pid=15716, tid=2788
#
# JRE version: Java(TM) SE Runtime Environment 18.9 (11.0.10+8) (build 11.0.10+8-LTS-162)
# Java VM: Java HotSpot(TM) 64-Bit Server VM 18.9 (11.0.10+8-LTS-162, mixed mode, tiered, compressed oops, g1 gc, windows-amd64)
# No core dump will be written. Minidumps are not enabled by default on client versions of Windows
#

---------------  S U M M A R Y ------------

Command Line: -XX:MaxMetaspaceSize=256m -XX:+HeapDumpOnOutOfMemoryError --add-opens=java.base/java.util=ALL-UNNAMED --add-opens=java.base/java.lang=ALL-UNNAMED --add-opens=java.base/java.lang.invoke=ALL-UNNAMED --add-opens=java.base/java.util=ALL-UNNAMED --add-opens=java.prefs/java.util.prefs=ALL-UNNAMED --add-opens=java.prefs/java.util.prefs=ALL-UNNAMED --add-opens=java.base/java.nio.charset=ALL-UNNAMED --add-opens=java.base/java.net=ALL-UNNAMED --add-opens=java.base/java.util.concurrent.atomic=ALL-UNNAMED -Xms256m -Xmx512m -Dfile.encoding=windows-1252 -Duser.country=BR -Duser.language=pt -Duser.variant org.gradle.launcher.daemon.bootstrap.GradleDaemon 7.4.2

Host: Intel(R) Core(TM) i5-3470 CPU @ 3.20GHz, 4 cores, 9G,  Windows 10 , 64 bit Build 19041 (10.0.19041.1706)
Time: Sun Jun  5 17:39:12 2022 Hora oficial do Brasil elapsed time: 25.876831 seconds (0d 0h 0m 25s)

---------------  T H R E A D  ---------------

Current thread (0x00000198777a8000):  JavaThread "C2 CompilerThread0" daemon [_thread_in_native, id=2788, stack(0x0000002a5c400000,0x0000002a5c500000)]


Current CompileTask:
C2:  25876 13034   !   4       org.gradle.api.internal.attributes.DefaultImmutableAttributesFactory::doConcatIsolatable (128 bytes)

Stack: [0x0000002a5c400000,0x0000002a5c500000]
Native frames: (J=compiled Java code, j=interpreted, Vv=VM code, C=native code)
V  [jvm.dll+0x613e6a]
V  [jvm.dll+0x74c1ff]
V  [jvm.dll+0x74d885]
V  [jvm.dll+0x74df03]
V  [jvm.dll+0x243b78]
V  [jvm.dll+0xba2cc]
V  [jvm.dll+0xba9cc]
V  [jvm.dll+0x3469c7]
V  [jvm.dll+0x3147d3]
V  [jvm.dll+0x313b1a]
V  [jvm.dll+0x1fd395]
V  [jvm.dll+0x1fc54f]
V  [jvm.dll+0x17f09c]
V  [jvm.dll+0x20bbd4]
V  [jvm.dll+0x209cab]
V  [jvm.dll+0x713619]
V  [jvm.dll+0x70c314]
V  [jvm.dll+0x613036]
C  [ucrtbase.dll+0x21bb2]
C  [KERNEL32.DLL+0x17034]
C  [ntdll.dll+0x52651]


---------------  P R O C E S S  ---------------

Threads class SMR info:
_java_thread_list=0x000001980be6ca80, length=81, elements={
0x000001985caed000, 0x0000019877785800, 0x000001987778f000, 0x00000198777a5000,
0x00000198777a6000, 0x00000198777a8000, 0x00000198777b3800, 0x000001987817c800,
0x0000019878279000, 0x0000019878292000, 0x000001987a8f5800, 0x0000019879eb8800,
0x0000019879a74800, 0x000001987a8b2800, 0x000001987a849000, 0x0000019878e29000,
0x000001987ab5b800, 0x00000198791cc800, 0x00000198791cd000, 0x000001987964e800,
0x000001987ab1a000, 0x000001987ab1f000, 0x000001987ab1b000, 0x000001987ab19800,
0x000001987ab20000, 0x000001987ab1b800, 0x000001987ab1c800, 0x000001987ab1d800,
0x000001987ab1e000, 0x000001987d7b3800, 0x000001987d7b4800, 0x000001987d7b6000,
0x000001987d7b5000, 0x000001987d7b0800, 0x000001987d7b1000, 0x000001987d7b8800,
0x000001987d7b2800, 0x000001987d7bd800, 0x000001987d7bf000, 0x000001987d7bb800,
0x000001987d7be000, 0x000001987d7ba000, 0x000001987d7bb000, 0x000001987b286000,
0x000001987b289800, 0x000001987b28b000, 0x000001987b28a000, 0x000001987b287800,
0x000001987b28c000, 0x000001987b28c800, 0x000001987b287000, 0x000001987b28d800,
0x000001987b28e000, 0x000001987b288800, 0x000001987b294800, 0x000001987b293000,
0x000001987b291800, 0x000001987b294000, 0x000001987b292800, 0x000001987b28f000,
0x000001987b290000, 0x000001987b290800, 0x0000019879299800, 0x0000019879299000,
0x000001987929c000, 0x000001987929e800, 0x000001987929f800, 0x000001987929b800,
0x00000198792a0800, 0x000001987929d000, 0x000001987929e000, 0x000001987929a800,
0x00000198792a1000, 0x00000198792a7800, 0x00000198792a5000, 0x00000198792a6000,
0x00000198792a7000, 0x00000198792a2800, 0x00000198792a4800, 0x000001987e479000,
0x00000198792a2000
}

Java Threads: ( => current thread )
  0x000001985caed000 JavaThread "main" [_thread_blocked, id=3248, stack(0x0000002a5b900000,0x0000002a5ba00000)]
  0x0000019877785800 JavaThread "Reference Handler" daemon [_thread_blocked, id=5376, stack(0x0000002a5c000000,0x0000002a5c100000)]
  0x000001987778f000 JavaThread "Finalizer" daemon [_thread_blocked, id=9424, stack(0x0000002a5c100000,0x0000002a5c200000)]
  0x00000198777a5000 JavaThread "Signal Dispatcher" daemon [_thread_blocked, id=10832, stack(0x0000002a5c200000,0x0000002a5c300000)]
  0x00000198777a6000 JavaThread "Attach Listener" daemon [_thread_blocked, id=5944, stack(0x0000002a5c300000,0x0000002a5c400000)]
=>0x00000198777a8000 JavaThread "C2 CompilerThread0" daemon [_thread_in_native, id=2788, stack(0x0000002a5c400000,0x0000002a5c500000)]
  0x00000198777b3800 JavaThread "C1 CompilerThread0" daemon [_thread_blocked, id=3316, stack(0x0000002a5c500000,0x0000002a5c600000)]
  0x000001987817c800 JavaThread "Sweeper thread" daemon [_thread_blocked, id=3680, stack(0x0000002a5c600000,0x0000002a5c700000)]
  0x0000019878279000 JavaThread "Common-Cleaner" daemon [_thread_blocked, id=17208, stack(0x0000002a5c700000,0x0000002a5c800000)]
  0x0000019878292000 JavaThread "Service Thread" daemon [_thread_blocked, id=11976, stack(0x0000002a5c800000,0x0000002a5c900000)]
  0x000001987a8f5800 JavaThread "Daemon health stats" [_thread_blocked, id=16648, stack(0x0000002a5ce00000,0x0000002a5cf00000)]
  0x0000019879eb8800 JavaThread "Incoming local TCP Connector on port 62400" [_thread_in_native, id=9060, stack(0x0000002a5ca00000,0x0000002a5cb00000)]
  0x0000019879a74800 JavaThread "Daemon periodic checks" [_thread_blocked, id=15492, stack(0x0000002a5cf00000,0x0000002a5d000000)]
  0x000001987a8b2800 JavaThread "Daemon" [_thread_blocked, id=1576, stack(0x0000002a5d000000,0x0000002a5d100000)]
  0x000001987a849000 JavaThread "Handler for socket connection from /127.0.0.1:62400 to /127.0.0.1:62401" [_thread_in_native, id=17360, stack(0x0000002a5d100000,0x0000002a5d200000)]
  0x0000019878e29000 JavaThread "Cancel handler" [_thread_blocked, id=15720, stack(0x0000002a5d200000,0x0000002a5d300000)]
  0x000001987ab5b800 JavaThread "Daemon worker" [_thread_blocked, id=8160, stack(0x0000002a5d300000,0x0000002a5d400000)]
  0x00000198791cc800 JavaThread "Asynchronous log dispatcher for DefaultDaemonConnection: socket connection from /127.0.0.1:62400 to /127.0.0.1:62401" [_thread_blocked, id=16356, stack(0x0000002a5d400000,0x0000002a5d500000)]
  0x00000198791cd000 JavaThread "Stdin handler" [_thread_blocked, id=17152, stack(0x0000002a5d500000,0x0000002a5d600000)]
  0x000001987964e800 JavaThread "Daemon client event forwarder" [_thread_blocked, id=892, stack(0x0000002a5d600000,0x0000002a5d700000)]
  0x000001987ab1a000 JavaThread "Cache worker for journal cache (C:\Users\henna\.gradle\caches\journal-1)" [_thread_blocked, id=3028, stack(0x0000002a5d700000,0x0000002a5d800000)]
  0x000001987ab1f000 JavaThread "File lock request listener" [_thread_in_native, id=1888, stack(0x0000002a5d800000,0x0000002a5d900000)]
  0x000001987ab1b000 JavaThread "Cache worker for file hash cache (C:\Users\henna\.gradle\caches\7.4.2\fileHashes)" [_thread_blocked, id=10896, stack(0x0000002a5d900000,0x0000002a5da00000)]
  0x000001987ab19800 JavaThread "File watcher server" daemon [_thread_in_native, id=10848, stack(0x0000002a5db00000,0x0000002a5dc00000)]
  0x000001987ab20000 JavaThread "File watcher consumer" daemon [_thread_blocked, id=10404, stack(0x0000002a5dc00000,0x0000002a5dd00000)]
  0x000001987ab1b800 JavaThread "jar transforms" [_thread_blocked, id=15944, stack(0x0000002a5dd00000,0x0000002a5de00000)]
  0x000001987ab1c800 JavaThread "jar transforms Thread 2" [_thread_blocked, id=17224, stack(0x0000002a5de00000,0x0000002a5df00000)]
  0x000001987ab1d800 JavaThread "jar transforms Thread 3" [_thread_blocked, id=12336, stack(0x0000002a5df00000,0x0000002a5e000000)]
  0x000001987ab1e000 JavaThread "jar transforms Thread 4" [_thread_blocked, id=15996, stack(0x0000002a5e000000,0x0000002a5e100000)]
  0x000001987d7b3800 JavaThread "Cache worker for checksums cache (C:\Users\henna\Downloads\tcc\datapublisher\datapublisher\.gradle\7.4.2\checksums)" [_thread_blocked, id=9592, stack(0x0000002a5e100000,0x0000002a5e200000)]
  0x000001987d7b4800 JavaThread "Cache worker for cache directory md-rule (C:\Users\henna\.gradle\caches\7.4.2\md-rule)" [_thread_blocked, id=524, stack(0x0000002a5e200000,0x0000002a5e300000)]
  0x000001987d7b6000 JavaThread "Cache worker for file hash cache (C:\Users\henna\Downloads\tcc\datapublisher\datapublisher\.gradle\7.4.2\fileHashes)" [_thread_blocked, id=3440, stack(0x0000002a5e300000,0x0000002a5e400000)]
  0x000001987d7b5000 JavaThread "Cache worker for cache directory md-supplier (C:\Users\henna\.gradle\caches\7.4.2\md-supplier)" [_thread_blocked, id=1968, stack(0x0000002a5e400000,0x0000002a5e500000)]
  0x000001987d7b0800 JavaThread "Cache worker for execution history cache (C:\Users\henna\.gradle\caches\7.4.2\executionHistory)" [_thread_blocked, id=11008, stack(0x0000002a5e500000,0x0000002a5e600000)]
  0x000001987d7b1000 JavaThread "Cache worker for file content cache (C:\Users\henna\.gradle\caches\7.4.2\fileContent)" [_thread_blocked, id=15184, stack(0x0000002a5e600000,0x0000002a5e700000)]
  0x000001987d7b8800 JavaThread "Cache worker for kotlin-dsl (C:\Users\henna\.gradle\caches\7.4.2\kotlin-dsl)" [_thread_blocked, id=5464, stack(0x0000002a5e700000,0x0000002a5e800000)]
  0x000001987d7b2800 JavaThread "Cache worker for dependencies-accessors (C:\Users\henna\Downloads\tcc\datapublisher\datapublisher\.gradle\7.4.2\dependencies-accessors)" [_thread_blocked, id=2828, stack(0x0000002a5e800000,0x0000002a5e900000)]
  0x000001987d7bd800 JavaThread "Cache worker for Build Output Cleanup Cache (C:\Users\henna\Downloads\tcc\datapublisher\datapublisher\.gradle\buildOutputCleanup)" [_thread_blocked, id=16276, stack(0x0000002a5e900000,0x0000002a5ea00000)]
  0x000001987d7bf000 JavaThread "Unconstrained build operations" [_thread_blocked, id=6828, stack(0x0000002a5da00000,0x0000002a5db00000)]
  0x000001987d7bb800 JavaThread "Unconstrained build operations Thread 2" [_thread_blocked, id=1032, stack(0x0000002a5eb00000,0x0000002a5ec00000)]
  0x000001987d7be000 JavaThread "Unconstrained build operations Thread 3" [_thread_blocked, id=12852, stack(0x0000002a5ec00000,0x0000002a5ed00000)]
  0x000001987d7ba000 JavaThread "Unconstrained build operations Thread 4" [_thread_blocked, id=14380, stack(0x0000002a5ed00000,0x0000002a5ee00000)]
  0x000001987d7bb000 JavaThread "Unconstrained build operations Thread 5" [_thread_blocked, id=1536, stack(0x0000002a5ee00000,0x0000002a5ef00000)]
  0x000001987b286000 JavaThread "Unconstrained build operations Thread 6" [_thread_blocked, id=9116, stack(0x0000002a5ef00000,0x0000002a5f000000)]
  0x000001987b289800 JavaThread "Unconstrained build operations Thread 7" [_thread_blocked, id=956, stack(0x0000002a5f000000,0x0000002a5f100000)]
  0x000001987b28b000 JavaThread "Unconstrained build operations Thread 8" [_thread_blocked, id=13500, stack(0x0000002a5f100000,0x0000002a5f200000)]
  0x000001987b28a000 JavaThread "Unconstrained build operations Thread 9" [_thread_blocked, id=12668, stack(0x0000002a5f200000,0x0000002a5f300000)]
  0x000001987b287800 JavaThread "Unconstrained build operations Thread 10" [_thread_blocked, id=16956, stack(0x0000002a5f300000,0x0000002a5f400000)]
  0x000001987b28c000 JavaThread "Unconstrained build operations Thread 11" [_thread_blocked, id=6812, stack(0x0000002a5f400000,0x0000002a5f500000)]
  0x000001987b28c800 JavaThread "Unconstrained build operations Thread 12" [_thread_blocked, id=5844, stack(0x0000002a5f500000,0x0000002a5f600000)]
  0x000001987b287000 JavaThread "Unconstrained build operations Thread 13" [_thread_blocked, id=7588, stack(0x0000002a5f600000,0x0000002a5f700000)]
  0x000001987b28d800 JavaThread "Unconstrained build operations Thread 14" [_thread_blocked, id=1172, stack(0x0000002a5f700000,0x0000002a5f800000)]
  0x000001987b28e000 JavaThread "Unconstrained build operations Thread 15" [_thread_blocked, id=5684, stack(0x0000002a5f800000,0x0000002a5f900000)]
  0x000001987b288800 JavaThread "Unconstrained build operations Thread 16" [_thread_blocked, id=15596, stack(0x0000002a5f900000,0x0000002a5fa00000)]
  0x000001987b294800 JavaThread "Unconstrained build operations Thread 17" [_thread_blocked, id=10936, stack(0x0000002a5fa00000,0x0000002a5fb00000)]
  0x000001987b293000 JavaThread "Unconstrained build operations Thread 18" [_thread_blocked, id=8520, stack(0x0000002a5fb00000,0x0000002a5fc00000)]
  0x000001987b291800 JavaThread "Unconstrained build operations Thread 19" [_thread_blocked, id=3100, stack(0x0000002a5fc00000,0x0000002a5fd00000)]
  0x000001987b294000 JavaThread "Unconstrained build operations Thread 20" [_thread_blocked, id=16076, stack(0x0000002a5fd00000,0x0000002a5fe00000)]
  0x000001987b292800 JavaThread "Unconstrained build operations Thread 21" [_thread_blocked, id=14520, stack(0x0000002a5fe00000,0x0000002a5ff00000)]
  0x000001987b28f000 JavaThread "Unconstrained build operations Thread 22" [_thread_blocked, id=14888, stack(0x0000002a5ff00000,0x0000002a60000000)]
  0x000001987b290000 JavaThread "Unconstrained build operations Thread 23" [_thread_blocked, id=4456, stack(0x0000002a60000000,0x0000002a60100000)]
  0x000001987b290800 JavaThread "Unconstrained build operations Thread 24" [_thread_blocked, id=11192, stack(0x0000002a60100000,0x0000002a60200000)]
  0x0000019879299800 JavaThread "Unconstrained build operations Thread 25" [_thread_blocked, id=10408, stack(0x0000002a60200000,0x0000002a60300000)]
  0x0000019879299000 JavaThread "Unconstrained build operations Thread 26" [_thread_blocked, id=16424, stack(0x0000002a60300000,0x0000002a60400000)]
  0x000001987929c000 JavaThread "Unconstrained build operations Thread 27" [_thread_blocked, id=7968, stack(0x0000002a60400000,0x0000002a60500000)]
  0x000001987929e800 JavaThread "Unconstrained build operations Thread 28" [_thread_blocked, id=8296, stack(0x0000002a60500000,0x0000002a60600000)]
  0x000001987929f800 JavaThread "Unconstrained build operations Thread 29" [_thread_blocked, id=12068, stack(0x0000002a60600000,0x0000002a60700000)]
  0x000001987929b800 JavaThread "Unconstrained build operations Thread 30" [_thread_blocked, id=16360, stack(0x0000002a60700000,0x0000002a60800000)]
  0x00000198792a0800 JavaThread "Unconstrained build operations Thread 31" [_thread_blocked, id=17320, stack(0x0000002a60800000,0x0000002a60900000)]
  0x000001987929d000 JavaThread "Unconstrained build operations Thread 32" [_thread_blocked, id=16524, stack(0x0000002a60900000,0x0000002a60a00000)]
  0x000001987929e000 JavaThread "Unconstrained build operations Thread 33" [_thread_in_vm, id=5924, stack(0x0000002a60a00000,0x0000002a60b00000)]
  0x000001987929a800 JavaThread "Unconstrained build operations Thread 34" [_thread_blocked, id=17276, stack(0x0000002a60b00000,0x0000002a60c00000)]
  0x00000198792a1000 JavaThread "Unconstrained build operations Thread 35" [_thread_blocked, id=8156, stack(0x0000002a60c00000,0x0000002a60d00000)]
  0x00000198792a7800 JavaThread "Unconstrained build operations Thread 36" [_thread_blocked, id=3084, stack(0x0000002a60d00000,0x0000002a60e00000)]
  0x00000198792a5000 JavaThread "Unconstrained build operations Thread 37" [_thread_blocked, id=7660, stack(0x0000002a60e00000,0x0000002a60f00000)]
  0x00000198792a6000 JavaThread "Unconstrained build operations Thread 38" [_thread_blocked, id=12364, stack(0x0000002a60f00000,0x0000002a61000000)]
  0x00000198792a7000 JavaThread "Unconstrained build operations Thread 39" [_thread_blocked, id=2620, stack(0x0000002a61000000,0x0000002a61100000)]
  0x00000198792a2800 JavaThread "Unconstrained build operations Thread 40" [_thread_blocked, id=14924, stack(0x0000002a61100000,0x0000002a61200000)]
  0x00000198792a4800 JavaThread "Memory manager" [_thread_blocked, id=2212, stack(0x0000002a61300000,0x0000002a61400000)]
  0x000001987e479000 JavaThread "C2 CompilerThread1" daemon [_thread_in_native, id=9704, stack(0x0000002a61200000,0x0000002a61300000)]
  0x00000198792a2000 JavaThread "included builds" [_thread_blocked, id=11440, stack(0x0000002a61400000,0x0000002a61500000)]

Other Threads:
  0x000001987775e000 VMThread "VM Thread" [stack: 0x0000002a5bf00000,0x0000002a5c000000] [id=16808]
  0x00000198782b3000 WatcherThread [stack: 0x0000002a5c900000,0x0000002a5ca00000] [id=5792]
  0x000001985cb02000 GCTaskThread "GC Thread#0" [stack: 0x0000002a5ba00000,0x0000002a5bb00000] [id=9784]
  0x0000019878539800 GCTaskThread "GC Thread#1" [stack: 0x0000002a5cb00000,0x0000002a5cc00000] [id=15248]
  0x0000019878c04800 GCTaskThread "GC Thread#2" [stack: 0x0000002a5cc00000,0x0000002a5cd00000] [id=3456]
  0x000001987861b800 GCTaskThread "GC Thread#3" [stack: 0x0000002a5cd00000,0x0000002a5ce00000] [id=1028]
  0x000001985cb18000 ConcurrentGCThread "G1 Main Marker" [stack: 0x0000002a5bb00000,0x0000002a5bc00000] [id=12980]
  0x000001985cb19000 ConcurrentGCThread "G1 Conc#0" [stack: 0x0000002a5bc00000,0x0000002a5bd00000] [id=3080]
  0x000001985cbce800 ConcurrentGCThread "G1 Refine#0" [stack: 0x0000002a5bd00000,0x0000002a5be00000] [id=8188]
  0x000001987bb98000 ConcurrentGCThread "G1 Refine#1" [stack: 0x0000002a5ea00000,0x0000002a5eb00000] [id=15484]
  0x00000198775fc800 ConcurrentGCThread "G1 Young RemSet Sampling" [stack: 0x0000002a5be00000,0x0000002a5bf00000] [id=1036]

Threads with active compile tasks:
C2 CompilerThread0  25961 13034   !   4       org.gradle.api.internal.attributes.DefaultImmutableAttributesFactory::doConcatIsolatable (128 bytes)
C2 CompilerThread1  25961 12990       4       org.gradle.internal.resolve.caching.DesugaringAttributeContainerSerializer::read (202 bytes)

VM state:not at safepoint (normal execution)

VM Mutex/Monitor currently owned by a thread: None

OutOfMemory and StackOverflow Exception counts:
StackOverflowErrors=1
LinkageErrors=135

Heap address: 0x00000000e0000000, size: 512 MB, Compressed Oops mode: 32-bit
Narrow klass base: 0x0000000000000000, Narrow klass shift: 3
Compressed class space size: 260046848 Address: 0x0000000100000000

Heap:
 garbage-first heap   total 262144K, used 208610K [0x00000000e0000000, 0x0000000100000000)
  region size 1024K, 55 young (56320K), 2 survivors (2048K)
 Metaspace       used 119093K, capacity 122092K, committed 122240K, reserved 360448K
  class space    used 15052K, capacity 16152K, committed 16256K, reserved 253952K
Heap Regions: E=young(eden), S=young(survivor), O=old, HS=humongous(starts), HC=humongous(continues), CS=collection set, F=free, A=archive, TAMS=top-at-mark-start (previous, next)
|   0|0x00000000e0000000, 0x00000000e0100000, 0x00000000e0100000|100%|HS|  |TAMS 0x00000000e0100000, 0x00000000e0000000| Complete 
|   1|0x00000000e0100000, 0x00000000e0200000, 0x00000000e0200000|100%|HC|  |TAMS 0x00000000e0200000, 0x00000000e0100000| Complete 
|   2|0x00000000e0200000, 0x00000000e0300000, 0x00000000e0300000|100%|HC|  |TAMS 0x00000000e0300000, 0x00000000e0200000| Complete 
|   3|0x00000000e0300000, 0x00000000e0400000, 0x00000000e0400000|100%| O|  |TAMS 0x00000000e0400000, 0x00000000e0300000| Untracked 
|   4|0x00000000e0400000, 0x00000000e0500000, 0x00000000e0500000|100%| O|  |TAMS 0x00000000e0500000, 0x00000000e0400000| Untracked 
|   5|0x00000000e0500000, 0x00000000e0600000, 0x00000000e0600000|100%| O|  |TAMS 0x00000000e0600000, 0x00000000e0500000| Untracked 
|   6|0x00000000e0600000, 0x00000000e0700000, 0x00000000e0700000|100%| O|  |TAMS 0x00000000e0700000, 0x00000000e0600000| Untracked 
|   7|0x00000000e0700000, 0x00000000e0800000, 0x00000000e0800000|100%| O|  |TAMS 0x00000000e0800000, 0x00000000e0700000| Untracked 
|   8|0x00000000e0800000, 0x00000000e0900000, 0x00000000e0900000|100%| O|  |TAMS 0x00000000e0900000, 0x00000000e0800000| Untracked 
|   9|0x00000000e0900000, 0x00000000e0a00000, 0x00000000e0a00000|100%| O|  |TAMS 0x00000000e0a00000, 0x00000000e0900000| Untracked 
|  10|0x00000000e0a00000, 0x00000000e0b00000, 0x00000000e0b00000|100%| O|  |TAMS 0x00000000e0b00000, 0x00000000e0a00000| Untracked 
|  11|0x00000000e0b00000, 0x00000000e0c00000, 0x00000000e0c00000|100%| O|  |TAMS 0x00000000e0c00000, 0x00000000e0b00000| Untracked 
|  12|0x00000000e0c00000, 0x00000000e0d00000, 0x00000000e0d00000|100%| O|  |TAMS 0x00000000e0d00000, 0x00000000e0c00000| Untracked 
|  13|0x00000000e0d00000, 0x00000000e0e00000, 0x00000000e0e00000|100%| O|  |TAMS 0x00000000e0e00000, 0x00000000e0d00000| Untracked 
|  14|0x00000000e0e00000, 0x00000000e0f00000, 0x00000000e0f00000|100%| O|  |TAMS 0x00000000e0f00000, 0x00000000e0e00000| Untracked 
|  15|0x00000000e0f00000, 0x00000000e1000000, 0x00000000e1000000|100%| O|  |TAMS 0x00000000e1000000, 0x00000000e0f00000| Untracked 
|  16|0x00000000e1000000, 0x00000000e1100000, 0x00000000e1100000|100%|HS|  |TAMS 0x00000000e1100000, 0x00000000e1000000| Complete 
|  17|0x00000000e1100000, 0x00000000e1200000, 0x00000000e1200000|100%|HC|  |TAMS 0x00000000e1200000, 0x00000000e1100000| Complete 
|  18|0x00000000e1200000, 0x00000000e1300000, 0x00000000e1300000|100%|HC|  |TAMS 0x00000000e1300000, 0x00000000e1200000| Complete 
|  19|0x00000000e1300000, 0x00000000e1400000, 0x00000000e1400000|100%|HC|  |TAMS 0x00000000e1400000, 0x00000000e1300000| Complete 
|  20|0x00000000e1400000, 0x00000000e1500000, 0x00000000e1500000|100%|HC|  |TAMS 0x00000000e1500000, 0x00000000e1400000| Complete 
|  21|0x00000000e1500000, 0x00000000e1600000, 0x00000000e1600000|100%|HS|  |TAMS 0x00000000e1600000, 0x00000000e1500000| Complete 
|  22|0x00000000e1600000, 0x00000000e1700000, 0x00000000e1700000|100%|HC|  |TAMS 0x00000000e1700000, 0x00000000e1600000| Complete 
|  23|0x00000000e1700000, 0x00000000e1800000, 0x00000000e1800000|100%|HC|  |TAMS 0x00000000e1800000, 0x00000000e1700000| Complete 
|  24|0x00000000e1800000, 0x00000000e1900000, 0x00000000e1900000|100%|HC|  |TAMS 0x00000000e1900000, 0x00000000e1800000| Complete 
|  25|0x00000000e1900000, 0x00000000e1a00000, 0x00000000e1a00000|100%| O|  |TAMS 0x00000000e1a00000, 0x00000000e1900000| Untracked 
|  26|0x00000000e1a00000, 0x00000000e1b00000, 0x00000000e1b00000|100%| O|  |TAMS 0x00000000e1b00000, 0x00000000e1a00000| Untracked 
|  27|0x00000000e1b00000, 0x00000000e1c00000, 0x00000000e1c00000|100%| O|  |TAMS 0x00000000e1c00000, 0x00000000e1b00000| Untracked 
|  28|0x00000000e1c00000, 0x00000000e1d00000, 0x00000000e1d00000|100%|HS|  |TAMS 0x00000000e1d00000, 0x00000000e1c00000| Complete 
|  29|0x00000000e1d00000, 0x00000000e1e00000, 0x00000000e1e00000|100%|HC|  |TAMS 0x00000000e1e00000, 0x00000000e1d00000| Complete 
|  30|0x00000000e1e00000, 0x00000000e1f00000, 0x00000000e1f00000|100%|HC|  |TAMS 0x00000000e1f00000, 0x00000000e1e00000| Complete 
|  31|0x00000000e1f00000, 0x00000000e2000000, 0x00000000e2000000|100%|HC|  |TAMS 0x00000000e2000000, 0x00000000e1f00000| Complete 
|  32|0x00000000e2000000, 0x00000000e2100000, 0x00000000e2100000|100%|HC|  |TAMS 0x00000000e2100000, 0x00000000e2000000| Complete 
|  33|0x00000000e2100000, 0x00000000e2200000, 0x00000000e2200000|100%| O|  |TAMS 0x00000000e2200000, 0x00000000e2100000| Untracked 
|  34|0x00000000e2200000, 0x00000000e2300000, 0x00000000e2300000|100%| O|  |TAMS 0x00000000e2300000, 0x00000000e2200000| Untracked 
|  35|0x00000000e2300000, 0x00000000e2400000, 0x00000000e2400000|100%| O|  |TAMS 0x00000000e2400000, 0x00000000e2300000| Untracked 
|  36|0x00000000e2400000, 0x00000000e2500000, 0x00000000e2500000|100%| O|  |TAMS 0x00000000e2500000, 0x00000000e2400000| Untracked 
|  37|0x00000000e2500000, 0x00000000e2600000, 0x00000000e2600000|100%| O|  |TAMS 0x00000000e2600000, 0x00000000e2500000| Untracked 
|  38|0x00000000e2600000, 0x00000000e2700000, 0x00000000e2700000|100%| O|  |TAMS 0x00000000e2700000, 0x00000000e2600000| Untracked 
|  39|0x00000000e2700000, 0x00000000e2800000, 0x00000000e2800000|100%|HS|  |TAMS 0x00000000e2800000, 0x00000000e2700000| Complete 
|  40|0x00000000e2800000, 0x00000000e2900000, 0x00000000e2900000|100%|HC|  |TAMS 0x00000000e2900000, 0x00000000e2800000| Complete 
|  41|0x00000000e2900000, 0x00000000e2a00000, 0x00000000e2a00000|100%|HC|  |TAMS 0x00000000e2a00000, 0x00000000e2900000| Complete 
|  42|0x00000000e2a00000, 0x00000000e2b00000, 0x00000000e2b00000|100%|HC|  |TAMS 0x00000000e2b00000, 0x00000000e2a00000| Complete 
|  43|0x00000000e2b00000, 0x00000000e2c00000, 0x00000000e2c00000|100%| O|  |TAMS 0x00000000e2c00000, 0x00000000e2b00000| Untracked 
|  44|0x00000000e2c00000, 0x00000000e2d00000, 0x00000000e2d00000|100%| O|  |TAMS 0x00000000e2d00000, 0x00000000e2c00000| Untracked 
|  45|0x00000000e2d00000, 0x00000000e2e00000, 0x00000000e2e00000|100%| O|  |TAMS 0x00000000e2e00000, 0x00000000e2d00000| Untracked 
|  46|0x00000000e2e00000, 0x00000000e2f00000, 0x00000000e2f00000|100%| O|  |TAMS 0x00000000e2f00000, 0x00000000e2e00000| Untracked 
|  47|0x00000000e2f00000, 0x00000000e3000000, 0x00000000e3000000|100%| O|  |TAMS 0x00000000e3000000, 0x00000000e2f00000| Untracked 
|  48|0x00000000e3000000, 0x00000000e3100000, 0x00000000e3100000|100%| O|  |TAMS 0x00000000e3100000, 0x00000000e3000000| Untracked 
|  49|0x00000000e3100000, 0x00000000e3200000, 0x00000000e3200000|100%| O|  |TAMS 0x00000000e3200000, 0x00000000e3100000| Untracked 
|  50|0x00000000e3200000, 0x00000000e3300000, 0x00000000e3300000|100%| O|  |TAMS 0x00000000e3300000, 0x00000000e3200000| Untracked 
|  51|0x00000000e3300000, 0x00000000e3400000, 0x00000000e3400000|100%|HS|  |TAMS 0x00000000e3400000, 0x00000000e3300000| Complete 
|  52|0x00000000e3400000, 0x00000000e3500000, 0x00000000e3500000|100%|HC|  |TAMS 0x00000000e3500000, 0x00000000e3400000| Complete 
|  53|0x00000000e3500000, 0x00000000e3600000, 0x00000000e3600000|100%|HC|  |TAMS 0x00000000e3600000, 0x00000000e3500000| Complete 
|  54|0x00000000e3600000, 0x00000000e3700000, 0x00000000e3700000|100%|HS|  |TAMS 0x00000000e3700000, 0x00000000e3600000| Complete 
|  55|0x00000000e3700000, 0x00000000e3800000, 0x00000000e3800000|100%|HC|  |TAMS 0x00000000e3800000, 0x00000000e3700000| Complete 
|  56|0x00000000e3800000, 0x00000000e3900000, 0x00000000e3900000|100%|HC|  |TAMS 0x00000000e3900000, 0x00000000e3800000| Complete 
|  57|0x00000000e3900000, 0x00000000e3a00000, 0x00000000e3a00000|100%|HS|  |TAMS 0x00000000e3900000, 0x00000000e3900000| Complete 
|  58|0x00000000e3a00000, 0x00000000e3b00000, 0x00000000e3b00000|100%|HC|  |TAMS 0x00000000e3a00000, 0x00000000e3a00000| Complete 
|  59|0x00000000e3b00000, 0x00000000e3c00000, 0x00000000e3c00000|100%|HC|  |TAMS 0x00000000e3b00000, 0x00000000e3b00000| Complete 
|  60|0x00000000e3c00000, 0x00000000e3d00000, 0x00000000e3d00000|100%|HC|  |TAMS 0x00000000e3c00000, 0x00000000e3c00000| Complete 
|  61|0x00000000e3d00000, 0x00000000e3e00000, 0x00000000e3e00000|100%|HC|  |TAMS 0x00000000e3d00000, 0x00000000e3d00000| Complete 
|  62|0x00000000e3e00000, 0x00000000e3f00000, 0x00000000e3f00000|100%| O|  |TAMS 0x00000000e3f00000, 0x00000000e3e00000| Untracked 
|  63|0x00000000e3f00000, 0x00000000e4000000, 0x00000000e4000000|100%| O|  |TAMS 0x00000000e4000000, 0x00000000e3f00000| Untracked 
|  64|0x00000000e4000000, 0x00000000e4100000, 0x00000000e4100000|100%| O|  |TAMS 0x00000000e4100000, 0x00000000e4000000| Untracked 
|  65|0x00000000e4100000, 0x00000000e4200000, 0x00000000e4200000|100%| O|  |TAMS 0x00000000e4200000, 0x00000000e4100000| Untracked 
|  66|0x00000000e4200000, 0x00000000e4300000, 0x00000000e4300000|100%| O|  |TAMS 0x00000000e4300000, 0x00000000e4200000| Untracked 
|  67|0x00000000e4300000, 0x00000000e4400000, 0x00000000e4400000|100%| O|  |TAMS 0x00000000e4400000, 0x00000000e4300000| Untracked 
|  68|0x00000000e4400000, 0x00000000e4500000, 0x00000000e4500000|100%| O|  |TAMS 0x00000000e4500000, 0x00000000e4400000| Untracked 
|  69|0x00000000e4500000, 0x00000000e4600000, 0x00000000e4600000|100%| O|  |TAMS 0x00000000e4600000, 0x00000000e4500000| Untracked 
|  70|0x00000000e4600000, 0x00000000e4700000, 0x00000000e4700000|100%| O|  |TAMS 0x00000000e4700000, 0x00000000e4600000| Untracked 
|  71|0x00000000e4700000, 0x00000000e4800000, 0x00000000e4800000|100%| O|  |TAMS 0x00000000e4800000, 0x00000000e4700000| Untracked 
|  72|0x00000000e4800000, 0x00000000e4900000, 0x00000000e4900000|100%| O|  |TAMS 0x00000000e4900000, 0x00000000e4800000| Untracked 
|  73|0x00000000e4900000, 0x00000000e4a00000, 0x00000000e4a00000|100%| O|  |TAMS 0x00000000e4a00000, 0x00000000e4900000| Untracked 
|  74|0x00000000e4a00000, 0x00000000e4b00000, 0x00000000e4b00000|100%| O|  |TAMS 0x00000000e4b00000, 0x00000000e4a00000| Untracked 
|  75|0x00000000e4b00000, 0x00000000e4c00000, 0x00000000e4c00000|100%| O|  |TAMS 0x00000000e4c00000, 0x00000000e4b00000| Untracked 
|  76|0x00000000e4c00000, 0x00000000e4d00000, 0x00000000e4d00000|100%| O|  |TAMS 0x00000000e4d00000, 0x00000000e4c00000| Untracked 
|  77|0x00000000e4d00000, 0x00000000e4e00000, 0x00000000e4e00000|100%| O|  |TAMS 0x00000000e4e00000, 0x00000000e4d00000| Untracked 
|  78|0x00000000e4e00000, 0x00000000e4f00000, 0x00000000e4f00000|100%| O|  |TAMS 0x00000000e4f00000, 0x00000000e4e00000| Untracked 
|  79|0x00000000e4f00000, 0x00000000e5000000, 0x00000000e5000000|100%| O|  |TAMS 0x00000000e5000000, 0x00000000e4f00000| Untracked 
|  80|0x00000000e5000000, 0x00000000e5100000, 0x00000000e5100000|100%| O|  |TAMS 0x00000000e5100000, 0x00000000e5000000| Untracked 
|  81|0x00000000e5100000, 0x00000000e5200000, 0x00000000e5200000|100%| O|  |TAMS 0x00000000e5200000, 0x00000000e5100000| Untracked 
|  82|0x00000000e5200000, 0x00000000e5300000, 0x00000000e5300000|100%| O|  |TAMS 0x00000000e5300000, 0x00000000e5200000| Untracked 
|  83|0x00000000e5300000, 0x00000000e5400000, 0x00000000e5400000|100%| O|  |TAMS 0x00000000e5400000, 0x00000000e5300000| Untracked 
|  84|0x00000000e5400000, 0x00000000e5500000, 0x00000000e5500000|100%| O|  |TAMS 0x00000000e5500000, 0x00000000e5400000| Untracked 
|  85|0x00000000e5500000, 0x00000000e5600000, 0x00000000e5600000|100%| O|  |TAMS 0x00000000e5600000, 0x00000000e5500000| Untracked 
|  86|0x00000000e5600000, 0x00000000e5700000, 0x00000000e5700000|100%| O|  |TAMS 0x00000000e5700000, 0x00000000e5600000| Untracked 
|  87|0x00000000e5700000, 0x00000000e5800000, 0x00000000e5800000|100%|HS|  |TAMS 0x00000000e5800000, 0x00000000e5700000| Complete 
|  88|0x00000000e5800000, 0x00000000e5900000, 0x00000000e5900000|100%|HS|  |TAMS 0x00000000e5900000, 0x00000000e5800000| Complete 
|  89|0x00000000e5900000, 0x00000000e5a00000, 0x00000000e5a00000|100%|HC|  |TAMS 0x00000000e5a00000, 0x00000000e5900000| Complete 
|  90|0x00000000e5a00000, 0x00000000e5b00000, 0x00000000e5b00000|100%|HC|  |TAMS 0x00000000e5b00000, 0x00000000e5a00000| Complete 
|  91|0x00000000e5b00000, 0x00000000e5c00000, 0x00000000e5c00000|100%|HS|  |TAMS 0x00000000e5c00000, 0x00000000e5b00000| Complete 
|  92|0x00000000e5c00000, 0x00000000e5d00000, 0x00000000e5d00000|100%|HC|  |TAMS 0x00000000e5d00000, 0x00000000e5c00000| Complete 
|  93|0x00000000e5d00000, 0x00000000e5e00000, 0x00000000e5e00000|100%|HC|  |TAMS 0x00000000e5e00000, 0x00000000e5d00000| Complete 
|  94|0x00000000e5e00000, 0x00000000e5f00000, 0x00000000e5f00000|100%| O|  |TAMS 0x00000000e5f00000, 0x00000000e5e00000| Untracked 
|  95|0x00000000e5f00000, 0x00000000e6000000, 0x00000000e6000000|100%| O|  |TAMS 0x00000000e6000000, 0x00000000e5f00000| Untracked 
|  96|0x00000000e6000000, 0x00000000e6100000, 0x00000000e6100000|100%| O|  |TAMS 0x00000000e6100000, 0x00000000e6000000| Untracked 
|  97|0x00000000e6100000, 0x00000000e6200000, 0x00000000e6200000|100%| O|  |TAMS 0x00000000e6200000, 0x00000000e6100000| Untracked 
|  98|0x00000000e6200000, 0x00000000e6300000, 0x00000000e6300000|100%| O|  |TAMS 0x00000000e6300000, 0x00000000e6200000| Untracked 
|  99|0x00000000e6300000, 0x00000000e6400000, 0x00000000e6400000|100%| O|  |TAMS 0x00000000e6400000, 0x00000000e6300000| Untracked 
| 100|0x00000000e6400000, 0x00000000e6400000, 0x00000000e6500000|  0%| F|  |TAMS 0x00000000e6400000, 0x00000000e6400000| Untracked 
| 101|0x00000000e6500000, 0x00000000e6600000, 0x00000000e6600000|100%| O|  |TAMS 0x00000000e6600000, 0x00000000e6500000| Untracked 
| 102|0x00000000e6600000, 0x00000000e6700000, 0x00000000e6700000|100%| O|  |TAMS 0x00000000e6700000, 0x00000000e6600000| Untracked 
| 103|0x00000000e6700000, 0x00000000e6800000, 0x00000000e6800000|100%| O|  |TAMS 0x00000000e6800000, 0x00000000e6700000| Untracked 
| 104|0x00000000e6800000, 0x00000000e6900000, 0x00000000e6900000|100%| O|  |TAMS 0x00000000e6900000, 0x00000000e6800000| Untracked 
| 105|0x00000000e6900000, 0x00000000e6a00000, 0x00000000e6a00000|100%| O|  |TAMS 0x00000000e6a00000, 0x00000000e6900000| Untracked 
| 106|0x00000000e6a00000, 0x00000000e6b00000, 0x00000000e6b00000|100%| O|  |TAMS 0x00000000e6b00000, 0x00000000e6a00000| Untracked 
| 107|0x00000000e6b00000, 0x00000000e6c00000, 0x00000000e6c00000|100%| O|  |TAMS 0x00000000e6c00000, 0x00000000e6b00000| Untracked 
| 108|0x00000000e6c00000, 0x00000000e6d00000, 0x00000000e6d00000|100%| O|  |TAMS 0x00000000e6d00000, 0x00000000e6c00000| Untracked 
| 109|0x00000000e6d00000, 0x00000000e6e00000, 0x00000000e6e00000|100%| O|  |TAMS 0x00000000e6e00000, 0x00000000e6d00000| Untracked 
| 110|0x00000000e6e00000, 0x00000000e6f00000, 0x00000000e6f00000|100%| O|  |TAMS 0x00000000e6f00000, 0x00000000e6e00000| Untracked 
| 111|0x00000000e6f00000, 0x00000000e6f00000, 0x00000000e7000000|  0%| F|  |TAMS 0x00000000e6f00000, 0x00000000e6f00000| Untracked 
| 112|0x00000000e7000000, 0x00000000e7100000, 0x00000000e7100000|100%| O|  |TAMS 0x00000000e7100000, 0x00000000e7000000| Untracked 
| 113|0x00000000e7100000, 0x00000000e7200000, 0x00000000e7200000|100%| O|  |TAMS 0x00000000e7200000, 0x00000000e7100000| Untracked 
| 114|0x00000000e7200000, 0x00000000e7300000, 0x00000000e7300000|100%| O|  |TAMS 0x00000000e7300000, 0x00000000e7200000| Untracked 
| 115|0x00000000e7300000, 0x00000000e7400000, 0x00000000e7400000|100%| O|  |TAMS 0x00000000e7400000, 0x00000000e7300000| Untracked 
| 116|0x00000000e7400000, 0x00000000e7500000, 0x00000000e7500000|100%| O|  |TAMS 0x00000000e7500000, 0x00000000e7400000| Untracked 
| 117|0x00000000e7500000, 0x00000000e7600000, 0x00000000e7600000|100%| O|  |TAMS 0x00000000e7600000, 0x00000000e7500000| Untracked 
| 118|0x00000000e7600000, 0x00000000e7700000, 0x00000000e7700000|100%| O|  |TAMS 0x00000000e7700000, 0x00000000e7600000| Untracked 
| 119|0x00000000e7700000, 0x00000000e7800000, 0x00000000e7800000|100%| O|  |TAMS 0x00000000e7800000, 0x00000000e7700000| Untracked 
| 120|0x00000000e7800000, 0x00000000e7900000, 0x00000000e7900000|100%| O|  |TAMS 0x00000000e7900000, 0x00000000e7800000| Untracked 
| 121|0x00000000e7900000, 0x00000000e7a00000, 0x00000000e7a00000|100%| O|  |TAMS 0x00000000e7a00000, 0x00000000e7900000| Untracked 
| 122|0x00000000e7a00000, 0x00000000e7b00000, 0x00000000e7b00000|100%| O|  |TAMS 0x00000000e7b00000, 0x00000000e7a00000| Untracked 
| 123|0x00000000e7b00000, 0x00000000e7c00000, 0x00000000e7c00000|100%| O|  |TAMS 0x00000000e7c00000, 0x00000000e7b00000| Untracked 
| 124|0x00000000e7c00000, 0x00000000e7d00000, 0x00000000e7d00000|100%| O|  |TAMS 0x00000000e7d00000, 0x00000000e7c00000| Untracked 
| 125|0x00000000e7d00000, 0x00000000e7e00000, 0x00000000e7e00000|100%| O|  |TAMS 0x00000000e7e00000, 0x00000000e7d00000| Untracked 
| 126|0x00000000e7e00000, 0x00000000e7f00000, 0x00000000e7f00000|100%| O|  |TAMS 0x00000000e7f00000, 0x00000000e7e00000| Untracked 
| 127|0x00000000e7f00000, 0x00000000e8000000, 0x00000000e8000000|100%| O|  |TAMS 0x00000000e8000000, 0x00000000e7f00000| Untracked 
| 128|0x00000000e8000000, 0x00000000e8000000, 0x00000000e8100000|  0%| F|  |TAMS 0x00000000e8000000, 0x00000000e8000000| Untracked 
| 129|0x00000000e8100000, 0x00000000e8200000, 0x00000000e8200000|100%| O|  |TAMS 0x00000000e8200000, 0x00000000e8100000| Untracked 
| 130|0x00000000e8200000, 0x00000000e8300000, 0x00000000e8300000|100%| O|  |TAMS 0x00000000e8300000, 0x00000000e8200000| Untracked 
| 131|0x00000000e8300000, 0x00000000e8400000, 0x00000000e8400000|100%| O|  |TAMS 0x00000000e8400000, 0x00000000e8300000| Untracked 
| 132|0x00000000e8400000, 0x00000000e8400000, 0x00000000e8500000|  0%| F|  |TAMS 0x00000000e8400000, 0x00000000e8400000| Untracked 
| 133|0x00000000e8500000, 0x00000000e8600000, 0x00000000e8600000|100%| O|  |TAMS 0x00000000e8600000, 0x00000000e8500000| Untracked 
| 134|0x00000000e8600000, 0x00000000e8700000, 0x00000000e8700000|100%| O|  |TAMS 0x00000000e8700000, 0x00000000e8600000| Untracked 
| 135|0x00000000e8700000, 0x00000000e8800000, 0x00000000e8800000|100%| O|  |TAMS 0x00000000e8800000, 0x00000000e8700000| Untracked 
| 136|0x00000000e8800000, 0x00000000e8900000, 0x00000000e8900000|100%| O|  |TAMS 0x00000000e8900000, 0x00000000e8800000| Untracked 
| 137|0x00000000e8900000, 0x00000000e8a00000, 0x00000000e8a00000|100%| O|  |TAMS 0x00000000e8a00000, 0x00000000e8900000| Untracked 
| 138|0x00000000e8a00000, 0x00000000e8b00000, 0x00000000e8b00000|100%| O|  |TAMS 0x00000000e8b00000, 0x00000000e8a00000| Untracked 
| 139|0x00000000e8b00000, 0x00000000e8c00000, 0x00000000e8c00000|100%| O|  |TAMS 0x00000000e8c00000, 0x00000000e8b00000| Untracked 
| 140|0x00000000e8c00000, 0x00000000e8c00000, 0x00000000e8d00000|  0%| F|  |TAMS 0x00000000e8c00000, 0x00000000e8c00000| Untracked 
| 141|0x00000000e8d00000, 0x00000000e8e00000, 0x00000000e8e00000|100%| O|  |TAMS 0x00000000e8e00000, 0x00000000e8d00000| Untracked 
| 142|0x00000000e8e00000, 0x00000000e8e00000, 0x00000000e8f00000|  0%| F|  |TAMS 0x00000000e8e00000, 0x00000000e8e00000| Untracked 
| 143|0x00000000e8f00000, 0x00000000e8f00000, 0x00000000e9000000|  0%| F|  |TAMS 0x00000000e8f00000, 0x00000000e8f00000| Untracked 
| 144|0x00000000e9000000, 0x00000000e9000000, 0x00000000e9100000|  0%| F|  |TAMS 0x00000000e9000000, 0x00000000e9000000| Untracked 
| 145|0x00000000e9100000, 0x00000000e9200000, 0x00000000e9200000|100%| O|  |TAMS 0x00000000e9100000, 0x00000000e9100000| Untracked 
| 146|0x00000000e9200000, 0x00000000e9300000, 0x00000000e9300000|100%| O|  |TAMS 0x00000000e9200000, 0x00000000e9200000| Untracked 
| 147|0x00000000e9300000, 0x00000000e9400000, 0x00000000e9400000|100%| O|  |TAMS 0x00000000e9400000, 0x00000000e9300000| Untracked 
| 148|0x00000000e9400000, 0x00000000e9500000, 0x00000000e9500000|100%| O|  |TAMS 0x00000000e9500000, 0x00000000e9400000| Untracked 
| 149|0x00000000e9500000, 0x00000000e9500000, 0x00000000e9600000|  0%| F|  |TAMS 0x00000000e9500000, 0x00000000e9500000| Untracked 
| 150|0x00000000e9600000, 0x00000000e9600000, 0x00000000e9700000|  0%| F|  |TAMS 0x00000000e9600000, 0x00000000e9600000| Untracked 
| 151|0x00000000e9700000, 0x00000000e9700000, 0x00000000e9800000|  0%| F|  |TAMS 0x00000000e9700000, 0x00000000e9700000| Untracked 
| 152|0x00000000e9800000, 0x00000000e9900000, 0x00000000e9900000|100%| O|  |TAMS 0x00000000e98aa200, 0x00000000e9800000| Untracked 
| 153|0x00000000e9900000, 0x00000000e9a00000, 0x00000000e9a00000|100%|HS|  |TAMS 0x00000000e9900000, 0x00000000e9900000| Complete 
| 154|0x00000000e9a00000, 0x00000000e9b00000, 0x00000000e9b00000|100%|HC|  |TAMS 0x00000000e9a00000, 0x00000000e9a00000| Complete 
| 155|0x00000000e9b00000, 0x00000000e9c00000, 0x00000000e9c00000|100%|HC|  |TAMS 0x00000000e9b00000, 0x00000000e9b00000| Complete 
| 156|0x00000000e9c00000, 0x00000000e9d00000, 0x00000000e9d00000|100%|HC|  |TAMS 0x00000000e9c00000, 0x00000000e9c00000| Complete 
| 157|0x00000000e9d00000, 0x00000000e9e00000, 0x00000000e9e00000|100%| O|  |TAMS 0x00000000e9d00000, 0x00000000e9d00000| Untracked 
| 158|0x00000000e9e00000, 0x00000000e9f00000, 0x00000000e9f00000|100%| O|  |TAMS 0x00000000e9e00000, 0x00000000e9e00000| Untracked 
| 159|0x00000000e9f00000, 0x00000000ea000000, 0x00000000ea000000|100%| O|  |TAMS 0x00000000e9f00000, 0x00000000e9f00000| Untracked 
| 160|0x00000000ea000000, 0x00000000ea100000, 0x00000000ea100000|100%| O|  |TAMS 0x00000000ea000000, 0x00000000ea000000| Untracked 
| 161|0x00000000ea100000, 0x00000000ea18aa00, 0x00000000ea200000| 54%| O|  |TAMS 0x00000000ea100000, 0x00000000ea100000| Untracked 
| 162|0x00000000ea200000, 0x00000000ea200000, 0x00000000ea300000|  0%| F|  |TAMS 0x00000000ea200000, 0x00000000ea200000| Untracked 
| 163|0x00000000ea300000, 0x00000000ea300000, 0x00000000ea400000|  0%| F|  |TAMS 0x00000000ea300000, 0x00000000ea300000| Untracked 
| 164|0x00000000ea400000, 0x00000000ea400000, 0x00000000ea500000|  0%| F|  |TAMS 0x00000000ea400000, 0x00000000ea400000| Untracked 
| 165|0x00000000ea500000, 0x00000000ea500000, 0x00000000ea600000|  0%| F|  |TAMS 0x00000000ea500000, 0x00000000ea500000| Untracked 
| 166|0x00000000ea600000, 0x00000000ea600000, 0x00000000ea700000|  0%| F|  |TAMS 0x00000000ea600000, 0x00000000ea600000| Untracked 
| 167|0x00000000ea700000, 0x00000000ea700000, 0x00000000ea800000|  0%| F|  |TAMS 0x00000000ea700000, 0x00000000ea700000| Untracked 
| 168|0x00000000ea800000, 0x00000000ea800000, 0x00000000ea900000|  0%| F|  |TAMS 0x00000000ea800000, 0x00000000ea800000| Untracked 
| 169|0x00000000ea900000, 0x00000000ea900000, 0x00000000eaa00000|  0%| F|  |TAMS 0x00000000ea900000, 0x00000000ea900000| Untracked 
| 170|0x00000000eaa00000, 0x00000000eaa00000, 0x00000000eab00000|  0%| F|  |TAMS 0x00000000eaa00000, 0x00000000eaa00000| Untracked 
| 171|0x00000000eab00000, 0x00000000eab00000, 0x00000000eac00000|  0%| F|  |TAMS 0x00000000eab00000, 0x00000000eab00000| Untracked 
| 172|0x00000000eac00000, 0x00000000eac00000, 0x00000000ead00000|  0%| F|  |TAMS 0x00000000eac00000, 0x00000000eac00000| Untracked 
| 173|0x00000000ead00000, 0x00000000ead00000, 0x00000000eae00000|  0%| F|  |TAMS 0x00000000ead00000, 0x00000000ead00000| Untracked 
| 174|0x00000000eae00000, 0x00000000eae00000, 0x00000000eaf00000|  0%| F|  |TAMS 0x00000000eae00000, 0x00000000eae00000| Untracked 
| 175|0x00000000eaf00000, 0x00000000eaf00000, 0x00000000eb000000|  0%| F|  |TAMS 0x00000000eaf00000, 0x00000000eaf00000| Untracked 
| 176|0x00000000eb000000, 0x00000000eb000000, 0x00000000eb100000|  0%| F|  |TAMS 0x00000000eb000000, 0x00000000eb000000| Untracked 
| 177|0x00000000eb100000, 0x00000000eb100000, 0x00000000eb200000|  0%| F|  |TAMS 0x00000000eb100000, 0x00000000eb100000| Untracked 
| 178|0x00000000eb200000, 0x00000000eb200000, 0x00000000eb300000|  0%| F|  |TAMS 0x00000000eb200000, 0x00000000eb200000| Untracked 
| 179|0x00000000eb300000, 0x00000000eb300000, 0x00000000eb400000|  0%| F|  |TAMS 0x00000000eb300000, 0x00000000eb300000| Untracked 
| 180|0x00000000eb400000, 0x00000000eb400000, 0x00000000eb500000|  0%| F|  |TAMS 0x00000000eb400000, 0x00000000eb400000| Untracked 
| 181|0x00000000eb500000, 0x00000000eb500000, 0x00000000eb600000|  0%| F|  |TAMS 0x00000000eb500000, 0x00000000eb500000| Untracked 
| 182|0x00000000eb600000, 0x00000000eb600000, 0x00000000eb700000|  0%| F|  |TAMS 0x00000000eb600000, 0x00000000eb600000| Untracked 
| 183|0x00000000eb700000, 0x00000000eb700000, 0x00000000eb800000|  0%| F|  |TAMS 0x00000000eb700000, 0x00000000eb700000| Untracked 
| 184|0x00000000eb800000, 0x00000000eb800000, 0x00000000eb900000|  0%| F|  |TAMS 0x00000000eb800000, 0x00000000eb800000| Untracked 
| 185|0x00000000eb900000, 0x00000000eb900000, 0x00000000eba00000|  0%| F|  |TAMS 0x00000000eb900000, 0x00000000eb900000| Untracked 
| 186|0x00000000eba00000, 0x00000000eba00000, 0x00000000ebb00000|  0%| F|  |TAMS 0x00000000eba00000, 0x00000000eba00000| Untracked 
| 187|0x00000000ebb00000, 0x00000000ebb00000, 0x00000000ebc00000|  0%| F|  |TAMS 0x00000000ebb00000, 0x00000000ebb00000| Untracked 
| 188|0x00000000ebc00000, 0x00000000ebc00000, 0x00000000ebd00000|  0%| F|  |TAMS 0x00000000ebc00000, 0x00000000ebc00000| Untracked 
| 189|0x00000000ebd00000, 0x00000000ebd00000, 0x00000000ebe00000|  0%| F|  |TAMS 0x00000000ebd00000, 0x00000000ebd00000| Untracked 
| 190|0x00000000ebe00000, 0x00000000ebe00000, 0x00000000ebf00000|  0%| F|  |TAMS 0x00000000ebe00000, 0x00000000ebe00000| Untracked 
| 191|0x00000000ebf00000, 0x00000000ebf00000, 0x00000000ec000000|  0%| F|  |TAMS 0x00000000ebf00000, 0x00000000ebf00000| Untracked 
| 192|0x00000000ec000000, 0x00000000ec000000, 0x00000000ec100000|  0%| F|  |TAMS 0x00000000ec000000, 0x00000000ec000000| Untracked 
| 193|0x00000000ec100000, 0x00000000ec100000, 0x00000000ec200000|  0%| F|  |TAMS 0x00000000ec100000, 0x00000000ec100000| Untracked 
| 194|0x00000000ec200000, 0x00000000ec200000, 0x00000000ec300000|  0%| F|  |TAMS 0x00000000ec200000, 0x00000000ec200000| Untracked 
| 195|0x00000000ec300000, 0x00000000ec300000, 0x00000000ec400000|  0%| F|  |TAMS 0x00000000ec300000, 0x00000000ec300000| Untracked 
| 196|0x00000000ec400000, 0x00000000ec400000, 0x00000000ec500000|  0%| F|  |TAMS 0x00000000ec400000, 0x00000000ec400000| Untracked 
| 197|0x00000000ec500000, 0x00000000ec500000, 0x00000000ec600000|  0%| F|  |TAMS 0x00000000ec500000, 0x00000000ec500000| Untracked 
| 198|0x00000000ec600000, 0x00000000ec600000, 0x00000000ec700000|  0%| F|  |TAMS 0x00000000ec600000, 0x00000000ec600000| Untracked 
| 199|0x00000000ec700000, 0x00000000ec700000, 0x00000000ec800000|  0%| F|  |TAMS 0x00000000ec700000, 0x00000000ec700000| Untracked 
| 200|0x00000000ec800000, 0x00000000ec800000, 0x00000000ec900000|  0%| F|  |TAMS 0x00000000ec800000, 0x00000000ec800000| Untracked 
| 201|0x00000000ec900000, 0x00000000ec959608, 0x00000000eca00000| 34%| E|  |TAMS 0x00000000ec900000, 0x00000000ec900000| Complete 
| 202|0x00000000eca00000, 0x00000000ecb00000, 0x00000000ecb00000|100%| E|CS|TAMS 0x00000000eca00000, 0x00000000eca00000| Complete 
| 203|0x00000000ecb00000, 0x00000000ecc00000, 0x00000000ecc00000|100%| E|CS|TAMS 0x00000000ecb00000, 0x00000000ecb00000| Complete 
| 204|0x00000000ecc00000, 0x00000000ecd00000, 0x00000000ecd00000|100%| E|CS|TAMS 0x00000000ecc00000, 0x00000000ecc00000| Complete 
| 205|0x00000000ecd00000, 0x00000000ece00000, 0x00000000ece00000|100%| E|CS|TAMS 0x00000000ecd00000, 0x00000000ecd00000| Complete 
| 206|0x00000000ece00000, 0x00000000ecf00000, 0x00000000ecf00000|100%| E|CS|TAMS 0x00000000ece00000, 0x00000000ece00000| Complete 
| 207|0x00000000ecf00000, 0x00000000ed000000, 0x00000000ed000000|100%| E|CS|TAMS 0x00000000ecf00000, 0x00000000ecf00000| Complete 
| 208|0x00000000ed000000, 0x00000000ed100000, 0x00000000ed100000|100%| E|CS|TAMS 0x00000000ed000000, 0x00000000ed000000| Complete 
| 209|0x00000000ed100000, 0x00000000ed200000, 0x00000000ed200000|100%| E|CS|TAMS 0x00000000ed100000, 0x00000000ed100000| Complete 
| 210|0x00000000ed200000, 0x00000000ed300000, 0x00000000ed300000|100%| E|CS|TAMS 0x00000000ed200000, 0x00000000ed200000| Complete 
| 211|0x00000000ed300000, 0x00000000ed400000, 0x00000000ed400000|100%| E|CS|TAMS 0x00000000ed300000, 0x00000000ed300000| Complete 
| 212|0x00000000ed400000, 0x00000000ed500000, 0x00000000ed500000|100%| E|CS|TAMS 0x00000000ed400000, 0x00000000ed400000| Complete 
| 213|0x00000000ed500000, 0x00000000ed600000, 0x00000000ed600000|100%| E|CS|TAMS 0x00000000ed500000, 0x00000000ed500000| Complete 
| 214|0x00000000ed600000, 0x00000000ed700000, 0x00000000ed700000|100%| E|CS|TAMS 0x00000000ed600000, 0x00000000ed600000| Complete 
| 215|0x00000000ed700000, 0x00000000ed800000, 0x00000000ed800000|100%| E|CS|TAMS 0x00000000ed700000, 0x00000000ed700000| Complete 
| 216|0x00000000ed800000, 0x00000000ed900000, 0x00000000ed900000|100%| E|CS|TAMS 0x00000000ed800000, 0x00000000ed800000| Complete 
| 217|0x00000000ed900000, 0x00000000eda00000, 0x00000000eda00000|100%| E|CS|TAMS 0x00000000ed900000, 0x00000000ed900000| Complete 
| 218|0x00000000eda00000, 0x00000000edb00000, 0x00000000edb00000|100%| E|CS|TAMS 0x00000000eda00000, 0x00000000eda00000| Complete 
| 219|0x00000000edb00000, 0x00000000edc00000, 0x00000000edc00000|100%| E|CS|TAMS 0x00000000edb00000, 0x00000000edb00000| Complete 
| 220|0x00000000edc00000, 0x00000000edd00000, 0x00000000edd00000|100%| E|CS|TAMS 0x00000000edc00000, 0x00000000edc00000| Complete 
| 221|0x00000000edd00000, 0x00000000ede00000, 0x00000000ede00000|100%| E|CS|TAMS 0x00000000edd00000, 0x00000000edd00000| Complete 
| 222|0x00000000ede00000, 0x00000000edf00000, 0x00000000edf00000|100%| E|CS|TAMS 0x00000000ede00000, 0x00000000ede00000| Complete 
| 223|0x00000000edf00000, 0x00000000ee000000, 0x00000000ee000000|100%| E|CS|TAMS 0x00000000edf00000, 0x00000000edf00000| Complete 
| 224|0x00000000ee000000, 0x00000000ee100000, 0x00000000ee100000|100%| E|CS|TAMS 0x00000000ee000000, 0x00000000ee000000| Complete 
| 225|0x00000000ee100000, 0x00000000ee200000, 0x00000000ee200000|100%| E|CS|TAMS 0x00000000ee100000, 0x00000000ee100000| Complete 
| 226|0x00000000ee200000, 0x00000000ee300000, 0x00000000ee300000|100%| E|CS|TAMS 0x00000000ee200000, 0x00000000ee200000| Complete 
| 227|0x00000000ee300000, 0x00000000ee400000, 0x00000000ee400000|100%| E|CS|TAMS 0x00000000ee300000, 0x00000000ee300000| Complete 
| 228|0x00000000ee400000, 0x00000000ee500000, 0x00000000ee500000|100%| E|CS|TAMS 0x00000000ee400000, 0x00000000ee400000| Complete 
| 229|0x00000000ee500000, 0x00000000ee600000, 0x00000000ee600000|100%| E|CS|TAMS 0x00000000ee500000, 0x00000000ee500000| Complete 
| 230|0x00000000ee600000, 0x00000000ee700000, 0x00000000ee700000|100%| E|CS|TAMS 0x00000000ee600000, 0x00000000ee600000| Complete 
| 231|0x00000000ee700000, 0x00000000ee800000, 0x00000000ee800000|100%| E|CS|TAMS 0x00000000ee700000, 0x00000000ee700000| Complete 
| 232|0x00000000ee800000, 0x00000000ee900000, 0x00000000ee900000|100%| E|CS|TAMS 0x00000000ee800000, 0x00000000ee800000| Complete 
| 233|0x00000000ee900000, 0x00000000eea00000, 0x00000000eea00000|100%| E|CS|TAMS 0x00000000ee900000, 0x00000000ee900000| Complete 
| 234|0x00000000eea00000, 0x00000000eeb00000, 0x00000000eeb00000|100%| E|CS|TAMS 0x00000000eea00000, 0x00000000eea00000| Complete 
| 235|0x00000000eeb00000, 0x00000000eec00000, 0x00000000eec00000|100%| E|CS|TAMS 0x00000000eeb00000, 0x00000000eeb00000| Complete 
| 236|0x00000000eec00000, 0x00000000eed00000, 0x00000000eed00000|100%| E|CS|TAMS 0x00000000eec00000, 0x00000000eec00000| Complete 
| 237|0x00000000eed00000, 0x00000000eee00000, 0x00000000eee00000|100%| E|CS|TAMS 0x00000000eed00000, 0x00000000eed00000| Complete 
| 238|0x00000000eee00000, 0x00000000eef00000, 0x00000000eef00000|100%| E|CS|TAMS 0x00000000eee00000, 0x00000000eee00000| Complete 
| 239|0x00000000eef00000, 0x00000000ef000000, 0x00000000ef000000|100%| E|CS|TAMS 0x00000000eef00000, 0x00000000eef00000| Complete 
| 240|0x00000000ef000000, 0x00000000ef100000, 0x00000000ef100000|100%| E|CS|TAMS 0x00000000ef000000, 0x00000000ef000000| Complete 
| 241|0x00000000ef100000, 0x00000000ef200000, 0x00000000ef200000|100%| E|CS|TAMS 0x00000000ef100000, 0x00000000ef100000| Complete 
| 242|0x00000000ef200000, 0x00000000ef300000, 0x00000000ef300000|100%| E|CS|TAMS 0x00000000ef200000, 0x00000000ef200000| Complete 
| 243|0x00000000ef300000, 0x00000000ef400000, 0x00000000ef400000|100%| E|CS|TAMS 0x00000000ef300000, 0x00000000ef300000| Complete 
| 244|0x00000000ef400000, 0x00000000ef500000, 0x00000000ef500000|100%| E|CS|TAMS 0x00000000ef400000, 0x00000000ef400000| Complete 
| 245|0x00000000ef500000, 0x00000000ef600000, 0x00000000ef600000|100%| E|CS|TAMS 0x00000000ef500000, 0x00000000ef500000| Complete 
| 246|0x00000000ef600000, 0x00000000ef700000, 0x00000000ef700000|100%| E|CS|TAMS 0x00000000ef600000, 0x00000000ef600000| Complete 
| 247|0x00000000ef700000, 0x00000000ef800000, 0x00000000ef800000|100%| E|CS|TAMS 0x00000000ef700000, 0x00000000ef700000| Complete 
| 248|0x00000000ef800000, 0x00000000ef900000, 0x00000000ef900000|100%| E|CS|TAMS 0x00000000ef800000, 0x00000000ef800000| Complete 
| 249|0x00000000ef900000, 0x00000000ef92dee8, 0x00000000efa00000| 17%| S|CS|TAMS 0x00000000ef900000, 0x00000000ef900000| Complete 
| 250|0x00000000efa00000, 0x00000000efb00000, 0x00000000efb00000|100%| S|CS|TAMS 0x00000000efa00000, 0x00000000efa00000| Complete 
| 251|0x00000000efb00000, 0x00000000efc00000, 0x00000000efc00000|100%| E|CS|TAMS 0x00000000efb00000, 0x00000000efb00000| Complete 
| 252|0x00000000efc00000, 0x00000000efd00000, 0x00000000efd00000|100%| E|CS|TAMS 0x00000000efc00000, 0x00000000efc00000| Complete 
| 253|0x00000000efd00000, 0x00000000efe00000, 0x00000000efe00000|100%| E|CS|TAMS 0x00000000efd00000, 0x00000000efd00000| Complete 
| 254|0x00000000efe00000, 0x00000000eff00000, 0x00000000eff00000|100%| E|CS|TAMS 0x00000000efe00000, 0x00000000efe00000| Complete 
| 255|0x00000000eff00000, 0x00000000f0000000, 0x00000000f0000000|100%| E|CS|TAMS 0x00000000eff00000, 0x00000000eff00000| Complete 

Card table byte_map: [0x0000019873f80000,0x0000019874080000] _byte_map_base: 0x0000019873880000

Marking Bits (Prev, Next): (CMBitMap*) 0x000001985cb14fa0, (CMBitMap*) 0x000001985cb14f68
 Prev Bits: [0x0000019874980000, 0x0000019875180000)
 Next Bits: [0x0000019874180000, 0x0000019874980000)

Polling page: 0x000001985a970000

Metaspace:

Usage:
  Non-class:    103.46 MB capacity,   101.60 MB ( 98%) used,     1.54 MB (  1%) free+waste,   323.69 KB ( <1%) overhead. 
      Class:     15.77 MB capacity,    14.70 MB ( 93%) used,   948.44 KB (  6%) free+waste,   151.00 KB ( <1%) overhead. 
       Both:    119.23 MB capacity,   116.30 MB ( 98%) used,     2.46 MB (  2%) free+waste,   474.69 KB ( <1%) overhead. 

Virtual space:
  Non-class space:      104.00 MB reserved,     103.50 MB (>99%) committed 
      Class space:      248.00 MB reserved,      15.88 MB (  6%) committed 
             Both:      352.00 MB reserved,     119.38 MB ( 34%) committed 

Chunk freelists:
   Non-Class:  5.50 KB
       Class:  1.00 KB
        Both:  6.50 KB

CodeHeap 'non-profiled nmethods': size=120064Kb used=8438Kb max_used=8438Kb free=111625Kb
 bounds [0x000001986ca40000, 0x000001986d280000, 0x0000019873f80000]
CodeHeap 'profiled nmethods': size=120000Kb used=31233Kb max_used=31233Kb free=88767Kb
 bounds [0x0000019865510000, 0x00000198673a0000, 0x000001986ca40000]
CodeHeap 'non-nmethods': size=5696Kb used=2346Kb max_used=2401Kb free=3349Kb
 bounds [0x0000019864f80000, 0x00000198651f0000, 0x0000019865510000]
 total_blobs=14079 nmethods=13103 adapters=885
 compilation: enabled
              stopped_count=0, restarted_count=0
 full_count=0

Compilation events (10 events):
Event: 25.872 Thread 0x00000198777b3800 nmethod 13088 0x0000019867356690 code [0x0000019867356840, 0x0000019867356b08]
Event: 25.872 Thread 0x00000198777b3800 13089       3       org.gradle.api.internal.artifacts.ivyservice.resolveengine.graph.builder.DependencyState::addMainReason (72 bytes)
Event: 25.873 Thread 0x00000198777b3800 nmethod 13089 0x0000019867356c10 code [0x0000019867356e80, 0x0000019867357a98]
Event: 25.873 Thread 0x00000198777b3800 13090       3       org.gradle.api.internal.artifacts.ivyservice.resolveengine.graph.builder.DependencyState::maybeAddReason (37 bytes)
Event: 25.873 Thread 0x00000198777b3800 nmethod 13090 0x0000019867357e10 code [0x0000019867358000, 0x00000198673583f8]
Event: 25.873 Thread 0x00000198777b3800 13091       3       org.gradle.internal.component.model.ComponentAttributeMatcher$CachedQuery::equals (88 bytes)
Event: 25.874 Thread 0x00000198777b3800 nmethod 13091 0x0000019867358510 code [0x0000019867358700, 0x0000019867358d08]
Event: 25.874 Thread 0x00000198777b3800 13092       3       org.gradle.api.internal.attributes.DefaultAttributesSchema$MergedSchema::equals (41 bytes)
Event: 25.874 Thread 0x00000198777b3800 nmethod 13092 0x0000019867358e90 code [0x0000019867359060, 0x0000019867359448]
Event: 25.874 Thread 0x00000198777b3800 13087       3       org.gradle.api.internal.artifacts.ivyservice.resolveengine.graph.builder.EdgeState::getExclusions (16 bytes)

GC Heap History (10 events):
Event: 21.720 GC heap before
{Heap before GC invocations=23 (full 0):
 garbage-first heap   total 262144K, used 212992K [0x00000000e0000000, 0x0000000100000000)
  region size 1024K, 79 young (80896K), 12 survivors (12288K)
 Metaspace       used 108761K, capacity 111175K, committed 111360K, reserved 352256K
  class space    used 13917K, capacity 14832K, committed 14848K, reserved 253952K
}
Event: 21.733 GC heap after
{Heap after GC invocations=24 (full 0):
 garbage-first heap   total 262144K, used 150016K [0x00000000e0000000, 0x0000000100000000)
  region size 1024K, 6 young (6144K), 6 survivors (6144K)
 Metaspace       used 108761K, capacity 111175K, committed 111360K, reserved 352256K
  class space    used 13917K, capacity 14832K, committed 14848K, reserved 253952K
}
Event: 23.236 GC heap before
{Heap before GC invocations=24 (full 0):
 garbage-first heap   total 262144K, used 214528K [0x00000000e0000000, 0x0000000100000000)
  region size 1024K, 69 young (70656K), 6 survivors (6144K)
 Metaspace       used 112472K, capacity 115016K, committed 115328K, reserved 354304K
  class space    used 14181K, capacity 15141K, committed 15232K, reserved 253952K
}
Event: 23.246 GC heap after
{Heap after GC invocations=25 (full 0):
 garbage-first heap   total 262144K, used 156340K [0x00000000e0000000, 0x0000000100000000)
  region size 1024K, 6 young (6144K), 6 survivors (6144K)
 Metaspace       used 112472K, capacity 115016K, committed 115328K, reserved 354304K
  class space    used 14181K, capacity 15141K, committed 15232K, reserved 253952K
}
Event: 23.691 GC heap before
{Heap before GC invocations=26 (full 0):
 garbage-first heap   total 262144K, used 176820K [0x00000000e0000000, 0x0000000100000000)
  region size 1024K, 27 young (27648K), 6 survivors (6144K)
 Metaspace       used 114365K, capacity 117110K, committed 117248K, reserved 356352K
  class space    used 14476K, capacity 15497K, committed 15616K, reserved 253952K
}
Event: 23.704 GC heap after
{Heap after GC invocations=27 (full 0):
 garbage-first heap   total 262144K, used 152511K [0x00000000e0000000, 0x0000000100000000)
  region size 1024K, 2 young (2048K), 2 survivors (2048K)
 Metaspace       used 114365K, capacity 117110K, committed 117248K, reserved 356352K
  class space    used 14476K, capacity 15497K, committed 15616K, reserved 253952K
}
Event: 24.920 GC heap before
{Heap before GC invocations=28 (full 0):
 garbage-first heap   total 262144K, used 217023K [0x00000000e0000000, 0x0000000100000000)
  region size 1024K, 58 young (59392K), 2 survivors (2048K)
 Metaspace       used 118021K, capacity 120947K, committed 121088K, reserved 360448K
  class space    used 14959K, capacity 16041K, committed 16128K, reserved 253952K
}
Event: 24.927 GC heap after
{Heap after GC invocations=29 (full 0):
 garbage-first heap   total 262144K, used 164719K [0x00000000e0000000, 0x0000000100000000)
  region size 1024K, 7 young (7168K), 7 survivors (7168K)
 Metaspace       used 118021K, capacity 120947K, committed 121088K, reserved 360448K
  class space    used 14959K, capacity 16041K, committed 16128K, reserved 253952K
}
Event: 24.967 GC heap before
{Heap before GC invocations=29 (full 0):
 garbage-first heap   total 262144K, used 169839K [0x00000000e0000000, 0x0000000100000000)
  region size 1024K, 12 young (12288K), 7 survivors (7168K)
 Metaspace       used 118135K, capacity 121111K, committed 121344K, reserved 360448K
  class space    used 14968K, capacity 16073K, committed 16128K, reserved 253952K
}
Event: 24.973 GC heap after
{Heap after GC invocations=30 (full 0):
 garbage-first heap   total 262144K, used 155362K [0x00000000e0000000, 0x0000000100000000)
  region size 1024K, 2 young (2048K), 2 survivors (2048K)
 Metaspace       used 118135K, capacity 121111K, committed 121344K, reserved 360448K
  class space    used 14968K, capacity 16073K, committed 16128K, reserved 253952K
}

Deoptimization events (10 events):
Event: 24.757 Thread 0x000001987ab5b800 Uncommon trap: reason=class_check action=maybe_recompile pc=0x000001986cf628f8 method=groovy.lang.MetaMethod.isStatic()Z @ 1 c2
Event: 24.759 Thread 0x000001987ab5b800 Uncommon trap: reason=class_check action=maybe_recompile pc=0x000001986cf628f8 method=groovy.lang.MetaMethod.isStatic()Z @ 1 c2
Event: 24.760 Thread 0x000001987ab5b800 Uncommon trap: reason=class_check action=maybe_recompile pc=0x000001986cf628f8 method=groovy.lang.MetaMethod.isStatic()Z @ 1 c2
Event: 24.762 Thread 0x000001987ab5b800 Uncommon trap: reason=class_check action=maybe_recompile pc=0x000001986cf628f8 method=groovy.lang.MetaMethod.isStatic()Z @ 1 c2
Event: 24.780 Thread 0x000001987ab5b800 Uncommon trap: reason=unstable_if action=reinterpret pc=0x000001986d0c9d50 method=java.lang.StringLatin1.lastIndexOf([BI[BII)I @ 111 c2
Event: 25.064 Thread 0x000001987ab5b800 Uncommon trap: reason=unstable_if action=reinterpret pc=0x000001986cc098f8 method=java.util.StringJoiner.add(Ljava/lang/CharSequence;)Ljava/util/StringJoiner; @ 33 c2
Event: 25.806 Thread 0x000001987ab5b800 Uncommon trap: reason=profile_predicate action=maybe_recompile pc=0x000001986d271590 method=org.gradle.api.internal.attributes.DefaultImmutableAttributesFactory.doConcatIsolatable(Lorg/gradle/api/internal/attributes/ImmutableAttributes;Lorg/gradle/api/att
Event: 25.806 Thread 0x000001987ab5b800 Uncommon trap: reason=profile_predicate action=maybe_recompile pc=0x000001986d271590 method=org.gradle.api.internal.attributes.DefaultImmutableAttributesFactory.doConcatIsolatable(Lorg/gradle/api/internal/attributes/ImmutableAttributes;Lorg/gradle/api/att
Event: 25.806 Thread 0x000001987d7b4800 Uncommon trap: reason=profile_predicate action=maybe_recompile pc=0x000001986d271590 method=org.gradle.api.internal.attributes.DefaultImmutableAttributesFactory.doConcatIsolatable(Lorg/gradle/api/internal/attributes/ImmutableAttributes;Lorg/gradle/api/att
Event: 25.806 Thread 0x000001987d7b4800 Uncommon trap: reason=profile_predicate action=maybe_recompile pc=0x000001986d271590 method=org.gradle.api.internal.attributes.DefaultImmutableAttributesFactory.doConcatIsolatable(Lorg/gradle/api/internal/attributes/ImmutableAttributes;Lorg/gradle/api/att

Classes redefined (0 events):
No events

Internal exceptions (10 events):
Event: 25.059 Thread 0x000001987ab5b800 Exception <a 'java/lang/ClassNotFoundException'{0x00000000ef1cc358}: org/gradle/api/specs/SpecsBeanInfo> (0x00000000ef1cc358) thrown at [./open/src/hotspot/share/classfile/systemDictionary.cpp, line 228]
Event: 25.060 Thread 0x000001987ab5b800 Exception <a 'java/lang/ClassNotFoundException'{0x00000000ef1e5bf0}: org/gradle/api/specs/SpecsCustomizer> (0x00000000ef1e5bf0) thrown at [./open/src/hotspot/share/classfile/systemDictionary.cpp, line 228]
Event: 25.065 Thread 0x000001987ab5b800 Exception <a 'java/lang/ClassNotFoundException'{0x00000000ef049c10}: org/gradle/api/internal/tasks/DefaultTaskInputsBeanInfo> (0x00000000ef049c10) thrown at [./open/src/hotspot/share/classfile/systemDictionary.cpp, line 228]
Event: 25.065 Thread 0x000001987ab5b800 Exception <a 'java/lang/ClassNotFoundException'{0x00000000ef064740}: org/gradle/api/internal/tasks/DefaultTaskInputsCustomizer> (0x00000000ef064740) thrown at [./open/src/hotspot/share/classfile/systemDictionary.cpp, line 228]
Event: 25.073 Thread 0x000001987ab5b800 Exception <a 'java/lang/ClassNotFoundException'{0x00000000ef0fcac0}: org/gradle/api/tasks/util/PatternSetBeanInfo> (0x00000000ef0fcac0) thrown at [./open/src/hotspot/share/classfile/systemDictionary.cpp, line 228]
Event: 25.074 Thread 0x000001987ab5b800 Exception <a 'java/lang/ClassNotFoundException'{0x00000000eef159e8}: org/gradle/api/tasks/util/PatternSetCustomizer> (0x00000000eef159e8) thrown at [./open/src/hotspot/share/classfile/systemDictionary.cpp, line 228]
Event: 25.077 Thread 0x000001987ab5b800 Exception <a 'java/lang/ClassNotFoundException'{0x00000000eef7fe70}: com/github/jengelman/gradle/plugins/shadow/transformers/ServiceFileTransformerBeanInfo> (0x00000000eef7fe70) thrown at [./open/src/hotspot/share/classfile/systemDictionary.cpp, line 228]
Event: 25.077 Thread 0x000001987ab5b800 Exception <a 'java/lang/ClassNotFoundException'{0x00000000eef9df30}: com/github/jengelman/gradle/plugins/shadow/transformers/ServiceFileTransformerCustomizer> (0x00000000eef9df30) thrown at [./open/src/hotspot/share/classfile/systemDictionary.cpp, line 22
Event: 25.082 Thread 0x000001987ab5b800 Exception <a 'java/lang/ClassNotFoundException'{0x00000000eee1d610}: com/github/jengelman/gradle/plugins/shadow/transformers/Transformer$Trait$HelperBeanInfo> (0x00000000eee1d610) thrown at [./open/src/hotspot/share/classfile/systemDictionary.cpp, line 22
Event: 25.083 Thread 0x000001987ab5b800 Exception <a 'java/lang/ClassNotFoundException'{0x00000000eee3bba0}: com/github/jengelman/gradle/plugins/shadow/transformers/Transformer$Trait$HelperCustomizer> (0x00000000eee3bba0) thrown at [./open/src/hotspot/share/classfile/systemDictionary.cpp, line 

Events (10 events):
Event: 25.806 Thread 0x000001987ab5b800 DEOPT UNPACKING pc=0x0000019864fa782f sp=0x0000002a5d3f7908 mode 2
Event: 25.806 Thread 0x000001987ab5b800 Uncommon trap: trap_request=0xffffffbe fr.pc=0x000001986d271590 relative=0x0000000000003870
Event: 25.806 Thread 0x000001987ab5b800 DEOPT PACKING pc=0x000001986d271590 sp=0x0000002a5d3f78f0
Event: 25.806 Thread 0x000001987ab5b800 DEOPT UNPACKING pc=0x0000019864fa782f sp=0x0000002a5d3f7908 mode 2
Event: 25.806 Thread 0x000001987d7b4800 Uncommon trap: trap_request=0xffffffbe fr.pc=0x000001986d271590 relative=0x0000000000003870
Event: 25.806 Thread 0x000001987d7b4800 DEOPT PACKING pc=0x000001986d271590 sp=0x0000002a5e2fd9a0
Event: 25.806 Thread 0x000001987d7b4800 DEOPT UNPACKING pc=0x0000019864fa782f sp=0x0000002a5e2fd9b8 mode 2
Event: 25.806 Thread 0x000001987d7b4800 Uncommon trap: trap_request=0xffffffbe fr.pc=0x000001986d271590 relative=0x0000000000003870
Event: 25.806 Thread 0x000001987d7b4800 DEOPT PACKING pc=0x000001986d271590 sp=0x0000002a5e2fd9a0
Event: 25.806 Thread 0x000001987d7b4800 DEOPT UNPACKING pc=0x0000019864fa782f sp=0x0000002a5e2fd9b8 mode 2


Dynamic libraries:
0x00007ff6f0310000 - 0x00007ff6f031f000 	C:\Program Files\Java\jdk-11.0.10\bin\java.exe
0x00007ffe125b0000 - 0x00007ffe127a5000 	C:\WINDOWS\SYSTEM32\ntdll.dll
0x00007ffddd650000 - 0x00007ffddd666000 	C:\Program Files\Avast Software\Avast\aswhook.dll
0x00007ffe108e0000 - 0x00007ffe1099d000 	C:\WINDOWS\System32\KERNEL32.DLL
0x00007ffe0fe50000 - 0x00007ffe1011d000 	C:\WINDOWS\System32\KERNELBASE.dll
0x00007ffe0fd50000 - 0x00007ffe0fe50000 	C:\WINDOWS\System32\ucrtbase.dll
0x00007ffdf8fa0000 - 0x00007ffdf8fb8000 	C:\Program Files\Java\jdk-11.0.10\bin\jli.dll
0x00007ffe109a0000 - 0x00007ffe10a4e000 	C:\WINDOWS\System32\ADVAPI32.dll
0x00007ffe11860000 - 0x00007ffe118fe000 	C:\WINDOWS\System32\msvcrt.dll
0x00007ffe121b0000 - 0x00007ffe1224c000 	C:\WINDOWS\System32\sechost.dll
0x00007ffe12410000 - 0x00007ffe12535000 	C:\WINDOWS\System32\RPCRT4.dll
0x00007ffe10660000 - 0x00007ffe10800000 	C:\WINDOWS\System32\USER32.dll
0x00007ffe10480000 - 0x00007ffe104a2000 	C:\WINDOWS\System32\win32u.dll
0x00007ffe12540000 - 0x00007ffe1256a000 	C:\WINDOWS\System32\GDI32.dll
0x00007ffe10550000 - 0x00007ffe1065b000 	C:\WINDOWS\System32\gdi32full.dll
0x00007ffe104b0000 - 0x00007ffe1054d000 	C:\WINDOWS\System32\msvcp_win.dll
0x00007ffdf8f80000 - 0x00007ffdf8f95000 	C:\Program Files\Java\jdk-11.0.10\bin\VCRUNTIME140.dll
0x00007ffdf84b0000 - 0x00007ffdf874a000 	C:\WINDOWS\WinSxS\amd64_microsoft.windows.common-controls_6595b64144ccf1df_6.0.19041.1110_none_60b5254171f9507e\COMCTL32.dll
0x00007ffe09df0000 - 0x00007ffe09dfa000 	C:\WINDOWS\SYSTEM32\VERSION.dll
0x00007ffe10d30000 - 0x00007ffe10d60000 	C:\WINDOWS\System32\IMM32.DLL
0x00007ffdf8ee0000 - 0x00007ffdf8f7b000 	C:\Program Files\Java\jdk-11.0.10\bin\msvcp140.dll
0x00007ffd9d010000 - 0x00007ffd9db0b000 	C:\Program Files\Java\jdk-11.0.10\bin\server\jvm.dll
0x00007ffe12250000 - 0x00007ffe12258000 	C:\WINDOWS\System32\PSAPI.DLL
0x00007ffe04200000 - 0x00007ffe04209000 	C:\WINDOWS\SYSTEM32\WSOCK32.dll
0x00007ffe122c0000 - 0x00007ffe1232b000 	C:\WINDOWS\System32\WS2_32.dll
0x00007ffdfc0c0000 - 0x00007ffdfc0e7000 	C:\WINDOWS\SYSTEM32\WINMM.dll
0x00007ffe0dc00000 - 0x00007ffe0dc12000 	C:\WINDOWS\SYSTEM32\kernel.appcore.dll
0x00007ffdf8ed0000 - 0x00007ffdf8ee0000 	C:\Program Files\Java\jdk-11.0.10\bin\verify.dll
0x00007ffe09630000 - 0x00007ffe09814000 	C:\WINDOWS\SYSTEM32\DBGHELP.DLL
0x00007ffe08e60000 - 0x00007ffe08e8c000 	C:\WINDOWS\SYSTEM32\dbgcore.DLL
0x00007ffe103f0000 - 0x00007ffe10472000 	C:\WINDOWS\System32\bcryptPrimitives.dll
0x00007ffdf8ea0000 - 0x00007ffdf8ec8000 	C:\Program Files\Java\jdk-11.0.10\bin\java.dll
0x00007ffdf87b0000 - 0x00007ffdf87ba000 	C:\Program Files\Java\jdk-11.0.10\bin\jimage.dll
0x00007ffdf8750000 - 0x00007ffdf8766000 	C:\Program Files\Java\jdk-11.0.10\bin\zip.dll
0x00007ffe10ec0000 - 0x00007ffe11604000 	C:\WINDOWS\System32\SHELL32.dll
0x00007ffe0de00000 - 0x00007ffe0e594000 	C:\WINDOWS\SYSTEM32\windows.storage.dll
0x00007ffe11da0000 - 0x00007ffe120f4000 	C:\WINDOWS\System32\combase.dll
0x00007ffe0f5d0000 - 0x00007ffe0f5fc000 	C:\WINDOWS\SYSTEM32\Wldp.dll
0x00007ffe10e10000 - 0x00007ffe10ebd000 	C:\WINDOWS\System32\SHCORE.dll
0x00007ffe12260000 - 0x00007ffe122b5000 	C:\WINDOWS\System32\shlwapi.dll
0x00007ffe0fc60000 - 0x00007ffe0fc7f000 	C:\WINDOWS\SYSTEM32\profapi.dll
0x00007ffdf7ee0000 - 0x00007ffdf7ef9000 	C:\Program Files\Java\jdk-11.0.10\bin\net.dll
0x00007ffe07050000 - 0x00007ffe0715a000 	C:\WINDOWS\SYSTEM32\WINHTTP.dll
0x00007ffe0f3b0000 - 0x00007ffe0f41a000 	C:\WINDOWS\system32\mswsock.dll
0x00007ffdf79e0000 - 0x00007ffdf79f2000 	C:\Program Files\Java\jdk-11.0.10\bin\nio.dll
0x00007ffe00520000 - 0x00007ffe00547000 	C:\Users\henna\.gradle\native\e1d6ef7f7dcc3fd88c89a11ec53ec762bb8ba0a96d01ffa2cd45eb1d1d8dd5c5\windows-amd64\native-platform.dll
0x00007ffde9320000 - 0x00007ffde9464000 	C:\Users\henna\.gradle\native\0d407fdbe67a94daf76414ababcb853783967236a71b16ec16e742cd7a986fd3\windows-amd64\native-platform-file-events.dll
0x00007ffdf87a0000 - 0x00007ffdf87a9000 	C:\Program Files\Java\jdk-11.0.10\bin\management.dll
0x00007ffdf7a60000 - 0x00007ffdf7a6b000 	C:\Program Files\Java\jdk-11.0.10\bin\management_ext.dll
0x00007ffe0f970000 - 0x00007ffe0f988000 	C:\WINDOWS\SYSTEM32\CRYPTSP.dll
0x00007ffe0ed50000 - 0x00007ffe0ed84000 	C:\WINDOWS\system32\rsaenh.dll
0x00007ffe0fd20000 - 0x00007ffe0fd47000 	C:\WINDOWS\System32\bcrypt.dll
0x00007ffe0fbe0000 - 0x00007ffe0fc0e000 	C:\WINDOWS\SYSTEM32\USERENV.dll
0x00007ffe0f540000 - 0x00007ffe0f54c000 	C:\WINDOWS\SYSTEM32\CRYPTBASE.dll
0x00007ffe0f0c0000 - 0x00007ffe0f0fb000 	C:\WINDOWS\SYSTEM32\IPHLPAPI.DLL
0x00007ffe11900000 - 0x00007ffe11908000 	C:\WINDOWS\System32\NSI.dll
0x00007ffe09d10000 - 0x00007ffe09d27000 	C:\WINDOWS\SYSTEM32\dhcpcsvc6.DLL
0x00007ffe09cf0000 - 0x00007ffe09d0d000 	C:\WINDOWS\SYSTEM32\dhcpcsvc.DLL
0x00007ffe0f100000 - 0x00007ffe0f1cb000 	C:\WINDOWS\SYSTEM32\DNSAPI.dll

dbghelp: loaded successfully - version: 4.0.5 - missing functions: none
symbol engine: initialized successfully - sym options: 0x614 - pdb path: .;C:\Program Files\Java\jdk-11.0.10\bin;C:\WINDOWS\SYSTEM32;C:\Program Files\Avast Software\Avast;C:\WINDOWS\WinSxS\amd64_microsoft.windows.common-controls_6595b64144ccf1df_6.0.19041.1110_none_60b5254171f9507e;C:\Program Files\Java\jdk-11.0.10\bin\server;C:\Users\henna\.gradle\native\e1d6ef7f7dcc3fd88c89a11ec53ec762bb8ba0a96d01ffa2cd45eb1d1d8dd5c5\windows-amd64;C:\Users\henna\.gradle\native\0d407fdbe67a94daf76414ababcb853783967236a71b16ec16e742cd7a986fd3\windows-amd64

VM Arguments:
jvm_args: -XX:MaxMetaspaceSize=256m -XX:+HeapDumpOnOutOfMemoryError --add-opens=java.base/java.util=ALL-UNNAMED --add-opens=java.base/java.lang=ALL-UNNAMED --add-opens=java.base/java.lang.invoke=ALL-UNNAMED --add-opens=java.base/java.util=ALL-UNNAMED --add-opens=java.prefs/java.util.prefs=ALL-UNNAMED --add-opens=java.prefs/java.util.prefs=ALL-UNNAMED --add-opens=java.base/java.nio.charset=ALL-UNNAMED --add-opens=java.base/java.net=ALL-UNNAMED --add-opens=java.base/java.util.concurrent.atomic=ALL-UNNAMED -Xms256m -Xmx512m -Dfile.encoding=windows-1252 -Duser.country=BR -Duser.language=pt -Duser.variant 
java_command: org.gradle.launcher.daemon.bootstrap.GradleDaemon 7.4.2
java_class_path (initial): C:\Users\henna\.gradle\wrapper\dists\gradle-7.4.2-bin\48ivgl02cpt2ed3fh9dbalvx8\gradle-7.4.2\lib\gradle-launcher-7.4.2.jar
Launcher Type: SUN_STANDARD

[Global flags]
     intx CICompilerCount                          = 3                                         {product} {ergonomic}
   size_t CompressedClassSpaceSize                 = 260046848                                 {product} {ergonomic}
     uint ConcGCThreads                            = 1                                         {product} {ergonomic}
     uint G1ConcRefinementThreads                  = 4                                         {product} {ergonomic}
   size_t G1HeapRegionSize                         = 1048576                                   {product} {ergonomic}
    uintx GCDrainStackTargetSize                   = 64                                        {product} {ergonomic}
     bool HeapDumpOnOutOfMemoryError               = true                                   {manageable} {command line}
   size_t InitialHeapSize                          = 268435456                                 {product} {command line}
   size_t MarkStackSize                            = 4194304                                   {product} {ergonomic}
   size_t MaxHeapSize                              = 536870912                                 {product} {command line}
   size_t MaxMetaspaceSize                         = 268435456                                 {product} {command line}
   size_t MaxNewSize                               = 321912832                                 {product} {ergonomic}
   size_t MinHeapDeltaBytes                        = 1048576                                   {product} {ergonomic}
    uintx NonNMethodCodeHeapSize                   = 5830732                                {pd product} {ergonomic}
    uintx NonProfiledCodeHeapSize                  = 122913754                              {pd product} {ergonomic}
    uintx ProfiledCodeHeapSize                     = 122913754                              {pd product} {ergonomic}
    uintx ReservedCodeCacheSize                    = 251658240                              {pd product} {ergonomic}
     bool SegmentedCodeCache                       = true                                      {product} {ergonomic}
     bool UseCompressedClassPointers               = true                                 {lp64_product} {ergonomic}
     bool UseCompressedOops                        = true                                 {lp64_product} {ergonomic}
     bool UseG1GC                                  = true                                      {product} {ergonomic}
     bool UseLargePagesIndividualAllocation        = false                                  {pd product} {ergonomic}

Logging:
Log output configuration:
 #0: stdout all=warning uptime,level,tags
 #1: stderr all=off uptime,level,tags

Environment Variables:
JAVA_HOME=C:\Program Files\Java\jdk-11.0.10
PATH=C:\Program Files (x86)\Common Files\Oracle\Java\javapath;C:\Python39\Scripts\;C:\Python39\;C:\WINDOWS\system32;C:\WINDOWS;C:\WINDOWS\System32\Wbem;C:\WINDOWS\System32\WindowsPowerShell\v1.0\;C:\Program Files\nodejs\;C:\ProgramData\chocolatey\bin;C:\Program Files\Git\cmd;C:\Program Files\Java\jdk-11.0.10\bin;C:\WINDOWS\System32\OpenSSH\;E:\Projetos\OT\Propostas\orange-talents-05-template-proposta\target;C:\Program Files\dotnet\;C:\Program Files\Docker\Docker\resources\bin;C:\ProgramData\DockerDesktop\version-bin;C:\Program Files\MySQL\MySQL Shell 8.0\bin\;E:\Programas\Microsoft VS Code\bin;C:\Users\henna\AppData\Roaming\npm;C:\Users\henna\AppData\Local\Microsoft\WindowsApps;C:\Program Files\heroku\bin;E:\Projetos\OT\Propostas\orange-talents-05-template-proposta\target;
USERNAME=henna
OS=Windows_NT
PROCESSOR_IDENTIFIER=Intel64 Family 6 Model 58 Stepping 9, GenuineIntel



---------------  S Y S T E M  ---------------

OS: Windows 10 , 64 bit Build 19041 (10.0.19041.1706)
Hyper-V role detected

CPU:total 4 (initial active 4) (4 cores per cpu, 1 threads per core) family 6 model 58 stepping 9 microcode 0x21, cmov, cx8, fxsr, mmx, sse, sse2, sse3, ssse3, sse4.1, sse4.2, popcnt, avx, aes, clmul, erms, tsc, tscinvbit, tscinv

Memory: 4k page, system-wide physical 10028M (361M free)
TotalPageFile size 13595M (AvailPageFile size 7M)
current process WorkingSet (physical memory assigned to process): 571M, peak: 576M
current process commit charge ("private bytes"): 610M, peak: 615M

vm_info: Java HotSpot(TM) 64-Bit Server VM (11.0.10+8-LTS-162) for windows-amd64 JRE (11.0.10+8-LTS-162), built on Dec  8 2020 16:32:57 by "mach5one" with MS VC++ 15.9 (VS2017)

END.
