#
# There is insufficient memory for the Java Runtime Environment to continue.
# Native memory allocation (malloc) failed to allocate 575376 bytes for Chunk::new
# Possible reasons:
#   The system is out of physical RAM or swap space
#   The process is running with CompressedOops enabled, and the Java Heap may be blocking the growth of the native heap
# Possible solutions:
#   Reduce memory load on the system
#   Increase physical memory or swap space
#   Check if swap backing store is full
#   Decrease Java heap size (-Xmx/-Xms)
#   Decrease number of Java threads
#   Decrease Java thread stack sizes (-Xss)
#   Set larger code cache with -XX:ReservedCodeCacheSize=
#   JVM is running with Unscaled Compressed Oops mode in which the Java heap is
#     placed in the first 4GB address space. The Java Heap base address is the
#     maximum limit for the native heap growth. Please use -XX:HeapBaseMinAddress
#     to set the Java Heap base and to place the Java Heap above 4GB virtual address.
# This output file may be truncated or incomplete.
#
#  Out of Memory Error (./open/src/hotspot/share/memory/arena.cpp:197), pid=6340, tid=8524
#
# JRE version: Java(TM) SE Runtime Environment 18.9 (11.0.10+8) (build 11.0.10+8-LTS-162)
# Java VM: Java HotSpot(TM) 64-Bit Server VM 18.9 (11.0.10+8-LTS-162, mixed mode, tiered, compressed oops, g1 gc, windows-amd64)
# No core dump will be written. Minidumps are not enabled by default on client versions of Windows
#

---------------  S U M M A R Y ------------

Command Line: --add-opens=java.base/java.util=ALL-UNNAMED --add-opens=java.base/java.lang=ALL-UNNAMED --add-opens=java.base/java.lang.invoke=ALL-UNNAMED --add-opens=java.base/java.util=ALL-UNNAMED --add-opens=java.prefs/java.util.prefs=ALL-UNNAMED --add-opens=java.prefs/java.util.prefs=ALL-UNNAMED --add-opens=java.base/java.nio.charset=ALL-UNNAMED --add-opens=java.base/java.net=ALL-UNNAMED --add-opens=java.base/java.util.concurrent.atomic=ALL-UNNAMED -XX:MaxMetaspaceSize=256m -XX:+HeapDumpOnOutOfMemoryError -Xms256m -Xmx512m -Dfile.encoding=windows-1252 -Duser.country=BR -Duser.language=pt -Duser.variant org.gradle.launcher.daemon.bootstrap.GradleDaemon 7.4.2

Host: Intel(R) Core(TM) i5-3470 CPU @ 3.20GHz, 4 cores, 9G,  Windows 10 , 64 bit Build 19041 (10.0.19041.1706)
Time: Sun Jun  5 17:38:36 2022 Hora oficial do Brasil elapsed time: 8.871787 seconds (0d 0h 0m 8s)

---------------  T H R E A D  ---------------

Current thread (0x0000027cf8e16800):  JavaThread "C2 CompilerThread0" daemon [_thread_in_native, id=8524, stack(0x000000bedaa00000,0x000000bedab00000)]


Current CompileTask:
C2:   8871 4289       4       jdk.internal.jrtfs.JrtFileSystem$$Lambda$583/0x00000001007e9c40::apply (16 bytes)

Stack: [0x000000bedaa00000,0x000000bedab00000]
Native frames: (J=compiled Java code, j=interpreted, Vv=VM code, C=native code)
V  [jvm.dll+0x613e6a]
V  [jvm.dll+0x74c1ff]
V  [jvm.dll+0x74d885]
V  [jvm.dll+0x74df03]
V  [jvm.dll+0x243b78]
V  [jvm.dll+0xba2cc]
V  [jvm.dll+0xba9cc]
V  [jvm.dll+0x3469c7]
V  [jvm.dll+0x3147d3]
V  [jvm.dll+0x313b1a]
V  [jvm.dll+0x1fd395]
V  [jvm.dll+0x1fc54f]
V  [jvm.dll+0x17f09c]
V  [jvm.dll+0x20bbd4]
V  [jvm.dll+0x209cab]
V  [jvm.dll+0x713619]
V  [jvm.dll+0x70c314]
V  [jvm.dll+0x613036]
C  [ucrtbase.dll+0x21bb2]
C  [KERNEL32.DLL+0x17034]
C  [ntdll.dll+0x52651]


---------------  P R O C E S S  ---------------

Threads class SMR info:
_java_thread_list=0x0000027cfb79e3f0, length=35, elements={
0x0000027cde15e800, 0x0000027cf8df3800, 0x0000027cf8df4800, 0x0000027cf8e13800,
0x0000027cf8e14800, 0x0000027cf8e16800, 0x0000027cf8e23000, 0x0000027cf8e2a000,
0x0000027cf98f9800, 0x0000027cf994d800, 0x0000027cfc258000, 0x0000027cfafb1800,
0x0000027cfaa74000, 0x0000027cfc45e800, 0x0000027cfa751000, 0x0000027cfc998000,
0x0000027cfc7ea000, 0x0000027cfc964800, 0x0000027cfa9c1000, 0x0000027cfabe3800,
0x0000027cfcc1f000, 0x0000027cfcc1c800, 0x0000027cfcc19000, 0x0000027cfcc1d000,
0x0000027cfcc1b000, 0x0000027cfcc1e000, 0x0000027cfcc1a000, 0x0000027cfcc1b800,
0x0000027cfcc1f800, 0x0000027cfca3c800, 0x0000027cfca39800, 0x0000027cfca3b000,
0x0000027cfca3d800, 0x0000027cfca38800, 0x0000027cfd0a3800
}

Java Threads: ( => current thread )
  0x0000027cde15e800 JavaThread "main" [_thread_blocked, id=15740, stack(0x000000bed9f00000,0x000000beda000000)]
  0x0000027cf8df3800 JavaThread "Reference Handler" daemon [_thread_blocked, id=4540, stack(0x000000beda600000,0x000000beda700000)]
  0x0000027cf8df4800 JavaThread "Finalizer" daemon [_thread_blocked, id=16500, stack(0x000000beda700000,0x000000beda800000)]
  0x0000027cf8e13800 JavaThread "Signal Dispatcher" daemon [_thread_blocked, id=5840, stack(0x000000beda800000,0x000000beda900000)]
  0x0000027cf8e14800 JavaThread "Attach Listener" daemon [_thread_blocked, id=15888, stack(0x000000beda900000,0x000000bedaa00000)]
=>0x0000027cf8e16800 JavaThread "C2 CompilerThread0" daemon [_thread_in_native, id=8524, stack(0x000000bedaa00000,0x000000bedab00000)]
  0x0000027cf8e23000 JavaThread "C1 CompilerThread0" daemon [_thread_in_native, id=12524, stack(0x000000bedab00000,0x000000bedac00000)]
  0x0000027cf8e2a000 JavaThread "Sweeper thread" daemon [_thread_blocked, id=14392, stack(0x000000bedac00000,0x000000bedad00000)]
  0x0000027cf98f9800 JavaThread "Common-Cleaner" daemon [_thread_blocked, id=11532, stack(0x000000bedad00000,0x000000bedae00000)]
  0x0000027cf994d800 JavaThread "Service Thread" daemon [_thread_blocked, id=14564, stack(0x000000bedae00000,0x000000bedaf00000)]
  0x0000027cfc258000 JavaThread "Daemon health stats" [_thread_blocked, id=1568, stack(0x000000bedb400000,0x000000bedb500000)]
  0x0000027cfafb1800 JavaThread "Incoming local TCP Connector on port 62385" [_thread_in_native, id=14752, stack(0x000000bedb000000,0x000000bedb100000)]
  0x0000027cfaa74000 JavaThread "Daemon periodic checks" [_thread_blocked, id=2772, stack(0x000000bedb500000,0x000000bedb600000)]
  0x0000027cfc45e800 JavaThread "Daemon" [_thread_blocked, id=3908, stack(0x000000bedb600000,0x000000bedb700000)]
  0x0000027cfa751000 JavaThread "Handler for socket connection from /127.0.0.1:62385 to /127.0.0.1:62386" [_thread_in_native, id=4532, stack(0x000000bedb700000,0x000000bedb800000)]
  0x0000027cfc998000 JavaThread "Cancel handler" [_thread_blocked, id=7140, stack(0x000000bedb800000,0x000000bedb900000)]
  0x0000027cfc7ea000 JavaThread "Daemon worker" [_thread_in_native, id=7876, stack(0x000000bedb900000,0x000000bedba00000)]
  0x0000027cfc964800 JavaThread "Asynchronous log dispatcher for DefaultDaemonConnection: socket connection from /127.0.0.1:62385 to /127.0.0.1:62386" [_thread_blocked, id=8836, stack(0x000000bedba00000,0x000000bedbb00000)]
  0x0000027cfa9c1000 JavaThread "Stdin handler" [_thread_blocked, id=6544, stack(0x000000bedbb00000,0x000000bedbc00000)]
  0x0000027cfabe3800 JavaThread "Daemon client event forwarder" [_thread_blocked, id=13608, stack(0x000000bedbc00000,0x000000bedbd00000)]
  0x0000027cfcc1f000 JavaThread "Cache worker for journal cache (C:\Users\henna\.gradle\caches\journal-1)" [_thread_blocked, id=9180, stack(0x000000bedbd00000,0x000000bedbe00000)]
  0x0000027cfcc1c800 JavaThread "File lock request listener" [_thread_in_native, id=16452, stack(0x000000bedbe00000,0x000000bedbf00000)]
  0x0000027cfcc19000 JavaThread "Cache worker for file hash cache (C:\Users\henna\.gradle\caches\7.4.2\fileHashes)" [_thread_blocked, id=1996, stack(0x000000bedbf00000,0x000000bedc000000)]
  0x0000027cfcc1d000 JavaThread "File watcher server" daemon [_thread_in_native, id=11460, stack(0x000000bedc100000,0x000000bedc200000)]
  0x0000027cfcc1b000 JavaThread "File watcher consumer" daemon [_thread_blocked, id=2800, stack(0x000000bedc200000,0x000000bedc300000)]
  0x0000027cfcc1e000 JavaThread "Cache worker for checksums cache (C:\Users\henna\Downloads\tcc\datapublisher\datapublisher\.gradle\7.4.2\checksums)" [_thread_blocked, id=17192, stack(0x000000bedc300000,0x000000bedc400000)]
  0x0000027cfcc1a000 JavaThread "Cache worker for cache directory md-rule (C:\Users\henna\.gradle\caches\7.4.2\md-rule)" [_thread_blocked, id=8988, stack(0x000000bedc400000,0x000000bedc500000)]
  0x0000027cfcc1b800 JavaThread "Cache worker for file hash cache (C:\Users\henna\Downloads\tcc\datapublisher\datapublisher\.gradle\7.4.2\fileHashes)" [_thread_blocked, id=2168, stack(0x000000bedc500000,0x000000bedc600000)]
  0x0000027cfcc1f800 JavaThread "Cache worker for cache directory md-supplier (C:\Users\henna\.gradle\caches\7.4.2\md-supplier)" [_thread_blocked, id=16784, stack(0x000000bedc600000,0x000000bedc700000)]
  0x0000027cfca3c800 JavaThread "Cache worker for execution history cache (C:\Users\henna\.gradle\caches\7.4.2\executionHistory)" [_thread_blocked, id=7976, stack(0x000000bedc700000,0x000000bedc800000)]
  0x0000027cfca39800 JavaThread "Cache worker for kotlin-dsl (C:\Users\henna\.gradle\caches\7.4.2\kotlin-dsl)" [_thread_blocked, id=3044, stack(0x000000bedc800000,0x000000bedc900000)]
  0x0000027cfca3b000 JavaThread "jar transforms" [_thread_blocked, id=1868, stack(0x000000bedc900000,0x000000bedca00000)]
  0x0000027cfca3d800 JavaThread "Cache worker for dependencies-accessors (C:\Users\henna\Downloads\tcc\datapublisher\datapublisher\.gradle\7.4.2\dependencies-accessors)" [_thread_blocked, id=17040, stack(0x000000bedca00000,0x000000bedcb00000)]
  0x0000027cfca38800 JavaThread "Cache worker for Build Output Cleanup Cache (C:\Users\henna\Downloads\tcc\datapublisher\datapublisher\.gradle\buildOutputCleanup)" [_thread_blocked, id=8704, stack(0x000000bedcb00000,0x000000bedcc00000)]
  0x0000027cfd0a3800 JavaThread "C2 CompilerThread1" daemon [_thread_blocked, id=14892, stack(0x000000bedc000000,0x000000bedc100000)]

Other Threads:
  0x0000027cf8dcc800 VMThread "VM Thread" [stack: 0x000000beda500000,0x000000beda600000] [id=4512]
  0x0000027cf994f800 WatcherThread [stack: 0x000000bedaf00000,0x000000bedb000000] [id=1112]
  0x0000027cde174000 GCTaskThread "GC Thread#0" [stack: 0x000000beda000000,0x000000beda100000] [id=2448]
  0x0000027cf9d5d000 GCTaskThread "GC Thread#1" [stack: 0x000000bedb100000,0x000000bedb200000] [id=6156]
  0x0000027cf9b4a000 GCTaskThread "GC Thread#2" [stack: 0x000000bedb200000,0x000000bedb300000] [id=5876]
  0x0000027cf9e5a800 GCTaskThread "GC Thread#3" [stack: 0x000000bedb300000,0x000000bedb400000] [id=14356]
  0x0000027cde185800 ConcurrentGCThread "G1 Main Marker" [stack: 0x000000beda100000,0x000000beda200000] [id=15400]
  0x0000027cde187000 ConcurrentGCThread "G1 Conc#0" [stack: 0x000000beda200000,0x000000beda300000] [id=15032]
  0x0000027cf8c68800 ConcurrentGCThread "G1 Refine#0" [stack: 0x000000beda300000,0x000000beda400000] [id=2320]
  0x0000027cf8c69000 ConcurrentGCThread "G1 Young RemSet Sampling" [stack: 0x000000beda400000,0x000000beda500000] [id=16896]

Threads with active compile tasks:
C2 CompilerThread0   8948 4289       4       jdk.internal.jrtfs.JrtFileSystem$$Lambda$583/0x00000001007e9c40::apply (16 bytes)

VM state:not at safepoint (normal execution)

VM Mutex/Monitor currently owned by a thread: None

Heap address: 0x00000000e0000000, size: 512 MB, Compressed Oops mode: 32-bit
Narrow klass base: 0x0000000000000000, Narrow klass shift: 3
Compressed class space size: 260046848 Address: 0x0000000100000000

Heap:
 garbage-first heap   total 262144K, used 117858K [0x00000000e0000000, 0x0000000100000000)
  region size 1024K, 68 young (69632K), 2 survivors (2048K)
 Metaspace       used 61269K, capacity 62516K, committed 62676K, reserved 309248K
  class space    used 8281K, capacity 8778K, committed 8832K, reserved 253952K
Heap Regions: E=young(eden), S=young(survivor), O=old, HS=humongous(starts), HC=humongous(continues), CS=collection set, F=free, A=archive, TAMS=top-at-mark-start (previous, next)
|   0|0x00000000e0000000, 0x00000000e0100000, 0x00000000e0100000|100%|HS|  |TAMS 0x00000000e0100000, 0x00000000e0000000| Complete 
|   1|0x00000000e0100000, 0x00000000e0200000, 0x00000000e0200000|100%|HC|  |TAMS 0x00000000e0200000, 0x00000000e0100000| Complete 
|   2|0x00000000e0200000, 0x00000000e0300000, 0x00000000e0300000|100%|HC|  |TAMS 0x00000000e0300000, 0x00000000e0200000| Complete 
|   3|0x00000000e0300000, 0x00000000e0400000, 0x00000000e0400000|100%| O|  |TAMS 0x00000000e0400000, 0x00000000e0300000| Untracked 
|   4|0x00000000e0400000, 0x00000000e0500000, 0x00000000e0500000|100%| O|  |TAMS 0x00000000e0500000, 0x00000000e0400000| Untracked 
|   5|0x00000000e0500000, 0x00000000e0600000, 0x00000000e0600000|100%| O|  |TAMS 0x00000000e0600000, 0x00000000e0500000| Untracked 
|   6|0x00000000e0600000, 0x00000000e0700000, 0x00000000e0700000|100%| O|  |TAMS 0x00000000e0700000, 0x00000000e0600000| Untracked 
|   7|0x00000000e0700000, 0x00000000e0800000, 0x00000000e0800000|100%| O|  |TAMS 0x00000000e0800000, 0x00000000e0700000| Untracked 
|   8|0x00000000e0800000, 0x00000000e0900000, 0x00000000e0900000|100%| O|  |TAMS 0x00000000e0900000, 0x00000000e0800000| Untracked 
|   9|0x00000000e0900000, 0x00000000e0a00000, 0x00000000e0a00000|100%| O|  |TAMS 0x00000000e0a00000, 0x00000000e0900000| Untracked 
|  10|0x00000000e0a00000, 0x00000000e0b00000, 0x00000000e0b00000|100%| O|  |TAMS 0x00000000e0b00000, 0x00000000e0a00000| Untracked 
|  11|0x00000000e0b00000, 0x00000000e0c00000, 0x00000000e0c00000|100%| O|  |TAMS 0x00000000e0c00000, 0x00000000e0b00000| Untracked 
|  12|0x00000000e0c00000, 0x00000000e0d00000, 0x00000000e0d00000|100%| O|  |TAMS 0x00000000e0d00000, 0x00000000e0c00000| Untracked 
|  13|0x00000000e0d00000, 0x00000000e0e00000, 0x00000000e0e00000|100%| O|  |TAMS 0x00000000e0e00000, 0x00000000e0d00000| Untracked 
|  14|0x00000000e0e00000, 0x00000000e0f00000, 0x00000000e0f00000|100%| O|  |TAMS 0x00000000e0f00000, 0x00000000e0e00000| Untracked 
|  15|0x00000000e0f00000, 0x00000000e1000000, 0x00000000e1000000|100%| O|  |TAMS 0x00000000e1000000, 0x00000000e0f00000| Untracked 
|  16|0x00000000e1000000, 0x00000000e1100000, 0x00000000e1100000|100%| O|  |TAMS 0x00000000e1100000, 0x00000000e1000000| Untracked 
|  17|0x00000000e1100000, 0x00000000e1200000, 0x00000000e1200000|100%| O|  |TAMS 0x00000000e1200000, 0x00000000e1100000| Untracked 
|  18|0x00000000e1200000, 0x00000000e1300000, 0x00000000e1300000|100%|HS|  |TAMS 0x00000000e1300000, 0x00000000e1200000| Complete 
|  19|0x00000000e1300000, 0x00000000e1400000, 0x00000000e1400000|100%|HC|  |TAMS 0x00000000e1400000, 0x00000000e1300000| Complete 
|  20|0x00000000e1400000, 0x00000000e1500000, 0x00000000e1500000|100%|HC|  |TAMS 0x00000000e1500000, 0x00000000e1400000| Complete 
|  21|0x00000000e1500000, 0x00000000e1600000, 0x00000000e1600000|100%|HS|  |TAMS 0x00000000e1600000, 0x00000000e1500000| Complete 
|  22|0x00000000e1600000, 0x00000000e1700000, 0x00000000e1700000|100%|HC|  |TAMS 0x00000000e1700000, 0x00000000e1600000| Complete 
|  23|0x00000000e1700000, 0x00000000e1800000, 0x00000000e1800000|100%|HC|  |TAMS 0x00000000e1800000, 0x00000000e1700000| Complete 
|  24|0x00000000e1800000, 0x00000000e1900000, 0x00000000e1900000|100%| O|  |TAMS 0x00000000e1900000, 0x00000000e1800000| Untracked 
|  25|0x00000000e1900000, 0x00000000e1a00000, 0x00000000e1a00000|100%|HS|  |TAMS 0x00000000e1900000, 0x00000000e1900000| Complete 
|  26|0x00000000e1a00000, 0x00000000e1b00000, 0x00000000e1b00000|100%|HC|  |TAMS 0x00000000e1a00000, 0x00000000e1a00000| Complete 
|  27|0x00000000e1b00000, 0x00000000e1c00000, 0x00000000e1c00000|100%|HC|  |TAMS 0x00000000e1b00000, 0x00000000e1b00000| Complete 
|  28|0x00000000e1c00000, 0x00000000e1d00000, 0x00000000e1d00000|100%|HC|  |TAMS 0x00000000e1c00000, 0x00000000e1c00000| Complete 
|  29|0x00000000e1d00000, 0x00000000e1e00000, 0x00000000e1e00000|100%|HC|  |TAMS 0x00000000e1d00000, 0x00000000e1d00000| Complete 
|  30|0x00000000e1e00000, 0x00000000e1f00000, 0x00000000e1f00000|100%| O|  |TAMS 0x00000000e1f00000, 0x00000000e1e00000| Untracked 
|  31|0x00000000e1f00000, 0x00000000e2000000, 0x00000000e2000000|100%| O|  |TAMS 0x00000000e2000000, 0x00000000e1f00000| Untracked 
|  32|0x00000000e2000000, 0x00000000e2100000, 0x00000000e2100000|100%| O|  |TAMS 0x00000000e2100000, 0x00000000e2000000| Untracked 
|  33|0x00000000e2100000, 0x00000000e2200000, 0x00000000e2200000|100%| O|  |TAMS 0x00000000e2200000, 0x00000000e2100000| Untracked 
|  34|0x00000000e2200000, 0x00000000e2300000, 0x00000000e2300000|100%| O|  |TAMS 0x00000000e2300000, 0x00000000e2200000| Untracked 
|  35|0x00000000e2300000, 0x00000000e2400000, 0x00000000e2400000|100%| O|  |TAMS 0x00000000e2400000, 0x00000000e2300000| Untracked 
|  36|0x00000000e2400000, 0x00000000e2500000, 0x00000000e2500000|100%| O|  |TAMS 0x00000000e2500000, 0x00000000e2400000| Untracked 
|  37|0x00000000e2500000, 0x00000000e2600000, 0x00000000e2600000|100%| O|  |TAMS 0x00000000e2600000, 0x00000000e2500000| Untracked 
|  38|0x00000000e2600000, 0x00000000e2700000, 0x00000000e2700000|100%| O|  |TAMS 0x00000000e2700000, 0x00000000e2600000| Untracked 
|  39|0x00000000e2700000, 0x00000000e2800000, 0x00000000e2800000|100%| O|  |TAMS 0x00000000e2800000, 0x00000000e2700000| Untracked 
|  40|0x00000000e2800000, 0x00000000e2900000, 0x00000000e2900000|100%| O|  |TAMS 0x00000000e2900000, 0x00000000e2800000| Untracked 
|  41|0x00000000e2900000, 0x00000000e2a00000, 0x00000000e2a00000|100%| O|  |TAMS 0x00000000e2a00000, 0x00000000e2900000| Untracked 
|  42|0x00000000e2a00000, 0x00000000e2b00000, 0x00000000e2b00000|100%| O|  |TAMS 0x00000000e2b00000, 0x00000000e2a00000| Untracked 
|  43|0x00000000e2b00000, 0x00000000e2c00000, 0x00000000e2c00000|100%| O|  |TAMS 0x00000000e2c00000, 0x00000000e2b00000| Untracked 
|  44|0x00000000e2c00000, 0x00000000e2d00000, 0x00000000e2d00000|100%| O|  |TAMS 0x00000000e2d00000, 0x00000000e2c00000| Untracked 
|  45|0x00000000e2d00000, 0x00000000e2e00000, 0x00000000e2e00000|100%| O|  |TAMS 0x00000000e2e00000, 0x00000000e2d00000| Untracked 
|  46|0x00000000e2e00000, 0x00000000e2f00000, 0x00000000e2f00000|100%| O|  |TAMS 0x00000000e2f00000, 0x00000000e2e00000| Untracked 
|  47|0x00000000e2f00000, 0x00000000e3000000, 0x00000000e3000000|100%| O|  |TAMS 0x00000000e3000000, 0x00000000e2f00000| Untracked 
|  48|0x00000000e3000000, 0x00000000e3018800, 0x00000000e3100000|  9%| O|  |TAMS 0x00000000e3018800, 0x00000000e3000000| Untracked 
|  49|0x00000000e3100000, 0x00000000e3100000, 0x00000000e3200000|  0%| F|  |TAMS 0x00000000e3100000, 0x00000000e3100000| Untracked 
|  50|0x00000000e3200000, 0x00000000e3200000, 0x00000000e3300000|  0%| F|  |TAMS 0x00000000e3200000, 0x00000000e3200000| Untracked 
|  51|0x00000000e3300000, 0x00000000e3300000, 0x00000000e3400000|  0%| F|  |TAMS 0x00000000e3300000, 0x00000000e3300000| Untracked 
|  52|0x00000000e3400000, 0x00000000e3400000, 0x00000000e3500000|  0%| F|  |TAMS 0x00000000e3400000, 0x00000000e3400000| Untracked 
|  53|0x00000000e3500000, 0x00000000e3500000, 0x00000000e3600000|  0%| F|  |TAMS 0x00000000e3500000, 0x00000000e3500000| Untracked 
|  54|0x00000000e3600000, 0x00000000e3600000, 0x00000000e3700000|  0%| F|  |TAMS 0x00000000e3600000, 0x00000000e3600000| Untracked 
|  55|0x00000000e3700000, 0x00000000e3700000, 0x00000000e3800000|  0%| F|  |TAMS 0x00000000e3700000, 0x00000000e3700000| Untracked 
|  56|0x00000000e3800000, 0x00000000e3800000, 0x00000000e3900000|  0%| F|  |TAMS 0x00000000e3800000, 0x00000000e3800000| Untracked 
|  57|0x00000000e3900000, 0x00000000e3900000, 0x00000000e3a00000|  0%| F|  |TAMS 0x00000000e3900000, 0x00000000e3900000| Untracked 
|  58|0x00000000e3a00000, 0x00000000e3a00000, 0x00000000e3b00000|  0%| F|  |TAMS 0x00000000e3a00000, 0x00000000e3a00000| Untracked 
|  59|0x00000000e3b00000, 0x00000000e3b00000, 0x00000000e3c00000|  0%| F|  |TAMS 0x00000000e3b00000, 0x00000000e3b00000| Untracked 
|  60|0x00000000e3c00000, 0x00000000e3c00000, 0x00000000e3d00000|  0%| F|  |TAMS 0x00000000e3c00000, 0x00000000e3c00000| Untracked 
|  61|0x00000000e3d00000, 0x00000000e3d00000, 0x00000000e3e00000|  0%| F|  |TAMS 0x00000000e3d00000, 0x00000000e3d00000| Untracked 
|  62|0x00000000e3e00000, 0x00000000e3e00000, 0x00000000e3f00000|  0%| F|  |TAMS 0x00000000e3e00000, 0x00000000e3e00000| Untracked 
|  63|0x00000000e3f00000, 0x00000000e3f00000, 0x00000000e4000000|  0%| F|  |TAMS 0x00000000e3f00000, 0x00000000e3f00000| Untracked 
|  64|0x00000000e4000000, 0x00000000e4000000, 0x00000000e4100000|  0%| F|  |TAMS 0x00000000e4000000, 0x00000000e4000000| Untracked 
|  65|0x00000000e4100000, 0x00000000e4100000, 0x00000000e4200000|  0%| F|  |TAMS 0x00000000e4100000, 0x00000000e4100000| Untracked 
|  66|0x00000000e4200000, 0x00000000e4200000, 0x00000000e4300000|  0%| F|  |TAMS 0x00000000e4200000, 0x00000000e4200000| Untracked 
|  67|0x00000000e4300000, 0x00000000e4300000, 0x00000000e4400000|  0%| F|  |TAMS 0x00000000e4300000, 0x00000000e4300000| Untracked 
|  68|0x00000000e4400000, 0x00000000e4400000, 0x00000000e4500000|  0%| F|  |TAMS 0x00000000e4400000, 0x00000000e4400000| Untracked 
|  69|0x00000000e4500000, 0x00000000e4500000, 0x00000000e4600000|  0%| F|  |TAMS 0x00000000e4500000, 0x00000000e4500000| Untracked 
|  70|0x00000000e4600000, 0x00000000e4600000, 0x00000000e4700000|  0%| F|  |TAMS 0x00000000e4600000, 0x00000000e4600000| Untracked 
|  71|0x00000000e4700000, 0x00000000e4700000, 0x00000000e4800000|  0%| F|  |TAMS 0x00000000e4700000, 0x00000000e4700000| Untracked 
|  72|0x00000000e4800000, 0x00000000e4800000, 0x00000000e4900000|  0%| F|  |TAMS 0x00000000e4800000, 0x00000000e4800000| Untracked 
|  73|0x00000000e4900000, 0x00000000e4900000, 0x00000000e4a00000|  0%| F|  |TAMS 0x00000000e4900000, 0x00000000e4900000| Untracked 
|  74|0x00000000e4a00000, 0x00000000e4a00000, 0x00000000e4b00000|  0%| F|  |TAMS 0x00000000e4a00000, 0x00000000e4a00000| Untracked 
|  75|0x00000000e4b00000, 0x00000000e4b00000, 0x00000000e4c00000|  0%| F|  |TAMS 0x00000000e4b00000, 0x00000000e4b00000| Untracked 
|  76|0x00000000e4c00000, 0x00000000e4c00000, 0x00000000e4d00000|  0%| F|  |TAMS 0x00000000e4c00000, 0x00000000e4c00000| Untracked 
|  77|0x00000000e4d00000, 0x00000000e4d00000, 0x00000000e4e00000|  0%| F|  |TAMS 0x00000000e4d00000, 0x00000000e4d00000| Untracked 
|  78|0x00000000e4e00000, 0x00000000e4e00000, 0x00000000e4f00000|  0%| F|  |TAMS 0x00000000e4e00000, 0x00000000e4e00000| Untracked 
|  79|0x00000000e4f00000, 0x00000000e4f00000, 0x00000000e5000000|  0%| F|  |TAMS 0x00000000e4f00000, 0x00000000e4f00000| Untracked 
|  80|0x00000000e5000000, 0x00000000e5000000, 0x00000000e5100000|  0%| F|  |TAMS 0x00000000e5000000, 0x00000000e5000000| Untracked 
|  81|0x00000000e5100000, 0x00000000e5100000, 0x00000000e5200000|  0%| F|  |TAMS 0x00000000e5100000, 0x00000000e5100000| Untracked 
|  82|0x00000000e5200000, 0x00000000e5200000, 0x00000000e5300000|  0%| F|  |TAMS 0x00000000e5200000, 0x00000000e5200000| Untracked 
|  83|0x00000000e5300000, 0x00000000e5300000, 0x00000000e5400000|  0%| F|  |TAMS 0x00000000e5300000, 0x00000000e5300000| Untracked 
|  84|0x00000000e5400000, 0x00000000e5400000, 0x00000000e5500000|  0%| F|  |TAMS 0x00000000e5400000, 0x00000000e5400000| Untracked 
|  85|0x00000000e5500000, 0x00000000e5500000, 0x00000000e5600000|  0%| F|  |TAMS 0x00000000e5500000, 0x00000000e5500000| Untracked 
|  86|0x00000000e5600000, 0x00000000e5600000, 0x00000000e5700000|  0%| F|  |TAMS 0x00000000e5600000, 0x00000000e5600000| Untracked 
|  87|0x00000000e5700000, 0x00000000e5700000, 0x00000000e5800000|  0%| F|  |TAMS 0x00000000e5700000, 0x00000000e5700000| Untracked 
|  88|0x00000000e5800000, 0x00000000e5800000, 0x00000000e5900000|  0%| F|  |TAMS 0x00000000e5800000, 0x00000000e5800000| Untracked 
|  89|0x00000000e5900000, 0x00000000e5900000, 0x00000000e5a00000|  0%| F|  |TAMS 0x00000000e5900000, 0x00000000e5900000| Untracked 
|  90|0x00000000e5a00000, 0x00000000e5a00000, 0x00000000e5b00000|  0%| F|  |TAMS 0x00000000e5a00000, 0x00000000e5a00000| Untracked 
|  91|0x00000000e5b00000, 0x00000000e5b00000, 0x00000000e5c00000|  0%| F|  |TAMS 0x00000000e5b00000, 0x00000000e5b00000| Untracked 
|  92|0x00000000e5c00000, 0x00000000e5c00000, 0x00000000e5d00000|  0%| F|  |TAMS 0x00000000e5c00000, 0x00000000e5c00000| Untracked 
|  93|0x00000000e5d00000, 0x00000000e5d00000, 0x00000000e5e00000|  0%| F|  |TAMS 0x00000000e5d00000, 0x00000000e5d00000| Untracked 
|  94|0x00000000e5e00000, 0x00000000e5e00000, 0x00000000e5f00000|  0%| F|  |TAMS 0x00000000e5e00000, 0x00000000e5e00000| Untracked 
|  95|0x00000000e5f00000, 0x00000000e5f00000, 0x00000000e6000000|  0%| F|  |TAMS 0x00000000e5f00000, 0x00000000e5f00000| Untracked 
|  96|0x00000000e6000000, 0x00000000e6000000, 0x00000000e6100000|  0%| F|  |TAMS 0x00000000e6000000, 0x00000000e6000000| Untracked 
|  97|0x00000000e6100000, 0x00000000e6100000, 0x00000000e6200000|  0%| F|  |TAMS 0x00000000e6100000, 0x00000000e6100000| Untracked 
|  98|0x00000000e6200000, 0x00000000e6200000, 0x00000000e6300000|  0%| F|  |TAMS 0x00000000e6200000, 0x00000000e6200000| Untracked 
|  99|0x00000000e6300000, 0x00000000e6300000, 0x00000000e6400000|  0%| F|  |TAMS 0x00000000e6300000, 0x00000000e6300000| Untracked 
| 100|0x00000000e6400000, 0x00000000e6400000, 0x00000000e6500000|  0%| F|  |TAMS 0x00000000e6400000, 0x00000000e6400000| Untracked 
| 101|0x00000000e6500000, 0x00000000e6500000, 0x00000000e6600000|  0%| F|  |TAMS 0x00000000e6500000, 0x00000000e6500000| Untracked 
| 102|0x00000000e6600000, 0x00000000e6600000, 0x00000000e6700000|  0%| F|  |TAMS 0x00000000e6600000, 0x00000000e6600000| Untracked 
| 103|0x00000000e6700000, 0x00000000e6700000, 0x00000000e6800000|  0%| F|  |TAMS 0x00000000e6700000, 0x00000000e6700000| Untracked 
| 104|0x00000000e6800000, 0x00000000e6800000, 0x00000000e6900000|  0%| F|  |TAMS 0x00000000e6800000, 0x00000000e6800000| Untracked 
| 105|0x00000000e6900000, 0x00000000e6900000, 0x00000000e6a00000|  0%| F|  |TAMS 0x00000000e6900000, 0x00000000e6900000| Untracked 
| 106|0x00000000e6a00000, 0x00000000e6a00000, 0x00000000e6b00000|  0%| F|  |TAMS 0x00000000e6a00000, 0x00000000e6a00000| Untracked 
| 107|0x00000000e6b00000, 0x00000000e6b00000, 0x00000000e6c00000|  0%| F|  |TAMS 0x00000000e6b00000, 0x00000000e6b00000| Untracked 
| 108|0x00000000e6c00000, 0x00000000e6c00000, 0x00000000e6d00000|  0%| F|  |TAMS 0x00000000e6c00000, 0x00000000e6c00000| Untracked 
| 109|0x00000000e6d00000, 0x00000000e6d00000, 0x00000000e6e00000|  0%| F|  |TAMS 0x00000000e6d00000, 0x00000000e6d00000| Untracked 
| 110|0x00000000e6e00000, 0x00000000e6e00000, 0x00000000e6f00000|  0%| F|  |TAMS 0x00000000e6e00000, 0x00000000e6e00000| Untracked 
| 111|0x00000000e6f00000, 0x00000000e6f00000, 0x00000000e7000000|  0%| F|  |TAMS 0x00000000e6f00000, 0x00000000e6f00000| Untracked 
| 112|0x00000000e7000000, 0x00000000e7000000, 0x00000000e7100000|  0%| F|  |TAMS 0x00000000e7000000, 0x00000000e7000000| Untracked 
| 113|0x00000000e7100000, 0x00000000e7100000, 0x00000000e7200000|  0%| F|  |TAMS 0x00000000e7100000, 0x00000000e7100000| Untracked 
| 114|0x00000000e7200000, 0x00000000e7200000, 0x00000000e7300000|  0%| F|  |TAMS 0x00000000e7200000, 0x00000000e7200000| Untracked 
| 115|0x00000000e7300000, 0x00000000e7300000, 0x00000000e7400000|  0%| F|  |TAMS 0x00000000e7300000, 0x00000000e7300000| Untracked 
| 116|0x00000000e7400000, 0x00000000e7400000, 0x00000000e7500000|  0%| F|  |TAMS 0x00000000e7400000, 0x00000000e7400000| Untracked 
| 117|0x00000000e7500000, 0x00000000e7500000, 0x00000000e7600000|  0%| F|  |TAMS 0x00000000e7500000, 0x00000000e7500000| Untracked 
| 118|0x00000000e7600000, 0x00000000e7600000, 0x00000000e7700000|  0%| F|  |TAMS 0x00000000e7600000, 0x00000000e7600000| Untracked 
| 119|0x00000000e7700000, 0x00000000e7700000, 0x00000000e7800000|  0%| F|  |TAMS 0x00000000e7700000, 0x00000000e7700000| Untracked 
| 120|0x00000000e7800000, 0x00000000e7800000, 0x00000000e7900000|  0%| F|  |TAMS 0x00000000e7800000, 0x00000000e7800000| Untracked 
| 121|0x00000000e7900000, 0x00000000e7900000, 0x00000000e7a00000|  0%| F|  |TAMS 0x00000000e7900000, 0x00000000e7900000| Untracked 
| 122|0x00000000e7a00000, 0x00000000e7a00000, 0x00000000e7b00000|  0%| F|  |TAMS 0x00000000e7a00000, 0x00000000e7a00000| Untracked 
| 123|0x00000000e7b00000, 0x00000000e7b00000, 0x00000000e7c00000|  0%| F|  |TAMS 0x00000000e7b00000, 0x00000000e7b00000| Untracked 
| 124|0x00000000e7c00000, 0x00000000e7c00000, 0x00000000e7d00000|  0%| F|  |TAMS 0x00000000e7c00000, 0x00000000e7c00000| Untracked 
| 125|0x00000000e7d00000, 0x00000000e7d00000, 0x00000000e7e00000|  0%| F|  |TAMS 0x00000000e7d00000, 0x00000000e7d00000| Untracked 
| 126|0x00000000e7e00000, 0x00000000e7e00000, 0x00000000e7f00000|  0%| F|  |TAMS 0x00000000e7e00000, 0x00000000e7e00000| Untracked 
| 127|0x00000000e7f00000, 0x00000000e7f00000, 0x00000000e8000000|  0%| F|  |TAMS 0x00000000e7f00000, 0x00000000e7f00000| Untracked 
| 128|0x00000000e8000000, 0x00000000e8000000, 0x00000000e8100000|  0%| F|  |TAMS 0x00000000e8000000, 0x00000000e8000000| Untracked 
| 129|0x00000000e8100000, 0x00000000e8100000, 0x00000000e8200000|  0%| F|  |TAMS 0x00000000e8100000, 0x00000000e8100000| Untracked 
| 130|0x00000000e8200000, 0x00000000e8200000, 0x00000000e8300000|  0%| F|  |TAMS 0x00000000e8200000, 0x00000000e8200000| Untracked 
| 131|0x00000000e8300000, 0x00000000e8300000, 0x00000000e8400000|  0%| F|  |TAMS 0x00000000e8300000, 0x00000000e8300000| Untracked 
| 132|0x00000000e8400000, 0x00000000e8400000, 0x00000000e8500000|  0%| F|  |TAMS 0x00000000e8400000, 0x00000000e8400000| Untracked 
| 133|0x00000000e8500000, 0x00000000e8500000, 0x00000000e8600000|  0%| F|  |TAMS 0x00000000e8500000, 0x00000000e8500000| Untracked 
| 134|0x00000000e8600000, 0x00000000e8600000, 0x00000000e8700000|  0%| F|  |TAMS 0x00000000e8600000, 0x00000000e8600000| Untracked 
| 135|0x00000000e8700000, 0x00000000e8700000, 0x00000000e8800000|  0%| F|  |TAMS 0x00000000e8700000, 0x00000000e8700000| Untracked 
| 136|0x00000000e8800000, 0x00000000e8800000, 0x00000000e8900000|  0%| F|  |TAMS 0x00000000e8800000, 0x00000000e8800000| Untracked 
| 137|0x00000000e8900000, 0x00000000e8900000, 0x00000000e8a00000|  0%| F|  |TAMS 0x00000000e8900000, 0x00000000e8900000| Untracked 
| 138|0x00000000e8a00000, 0x00000000e8a00000, 0x00000000e8b00000|  0%| F|  |TAMS 0x00000000e8a00000, 0x00000000e8a00000| Untracked 
| 139|0x00000000e8b00000, 0x00000000e8b00000, 0x00000000e8c00000|  0%| F|  |TAMS 0x00000000e8b00000, 0x00000000e8b00000| Untracked 
| 140|0x00000000e8c00000, 0x00000000e8c00000, 0x00000000e8d00000|  0%| F|  |TAMS 0x00000000e8c00000, 0x00000000e8c00000| Untracked 
| 141|0x00000000e8d00000, 0x00000000e8d00000, 0x00000000e8e00000|  0%| F|  |TAMS 0x00000000e8d00000, 0x00000000e8d00000| Untracked 
| 142|0x00000000e8e00000, 0x00000000e8e00000, 0x00000000e8f00000|  0%| F|  |TAMS 0x00000000e8e00000, 0x00000000e8e00000| Untracked 
| 143|0x00000000e8f00000, 0x00000000e8f00000, 0x00000000e9000000|  0%| F|  |TAMS 0x00000000e8f00000, 0x00000000e8f00000| Untracked 
| 144|0x00000000e9000000, 0x00000000e9000000, 0x00000000e9100000|  0%| F|  |TAMS 0x00000000e9000000, 0x00000000e9000000| Untracked 
| 145|0x00000000e9100000, 0x00000000e9100000, 0x00000000e9200000|  0%| F|  |TAMS 0x00000000e9100000, 0x00000000e9100000| Untracked 
| 146|0x00000000e9200000, 0x00000000e9200000, 0x00000000e9300000|  0%| F|  |TAMS 0x00000000e9200000, 0x00000000e9200000| Untracked 
| 147|0x00000000e9300000, 0x00000000e9300000, 0x00000000e9400000|  0%| F|  |TAMS 0x00000000e9300000, 0x00000000e9300000| Untracked 
| 148|0x00000000e9400000, 0x00000000e9400000, 0x00000000e9500000|  0%| F|  |TAMS 0x00000000e9400000, 0x00000000e9400000| Untracked 
| 149|0x00000000e9500000, 0x00000000e9500000, 0x00000000e9600000|  0%| F|  |TAMS 0x00000000e9500000, 0x00000000e9500000| Untracked 
| 150|0x00000000e9600000, 0x00000000e9600000, 0x00000000e9700000|  0%| F|  |TAMS 0x00000000e9600000, 0x00000000e9600000| Untracked 
| 151|0x00000000e9700000, 0x00000000e9700000, 0x00000000e9800000|  0%| F|  |TAMS 0x00000000e9700000, 0x00000000e9700000| Untracked 
| 152|0x00000000e9800000, 0x00000000e9800000, 0x00000000e9900000|  0%| F|  |TAMS 0x00000000e9800000, 0x00000000e9800000| Untracked 
| 153|0x00000000e9900000, 0x00000000e9900000, 0x00000000e9a00000|  0%| F|  |TAMS 0x00000000e9900000, 0x00000000e9900000| Untracked 
| 154|0x00000000e9a00000, 0x00000000e9a00000, 0x00000000e9b00000|  0%| F|  |TAMS 0x00000000e9a00000, 0x00000000e9a00000| Untracked 
| 155|0x00000000e9b00000, 0x00000000e9b00000, 0x00000000e9c00000|  0%| F|  |TAMS 0x00000000e9b00000, 0x00000000e9b00000| Untracked 
| 156|0x00000000e9c00000, 0x00000000e9c00000, 0x00000000e9d00000|  0%| F|  |TAMS 0x00000000e9c00000, 0x00000000e9c00000| Untracked 
| 157|0x00000000e9d00000, 0x00000000e9d00000, 0x00000000e9e00000|  0%| F|  |TAMS 0x00000000e9d00000, 0x00000000e9d00000| Untracked 
| 158|0x00000000e9e00000, 0x00000000e9e00000, 0x00000000e9f00000|  0%| F|  |TAMS 0x00000000e9e00000, 0x00000000e9e00000| Untracked 
| 159|0x00000000e9f00000, 0x00000000e9f00000, 0x00000000ea000000|  0%| F|  |TAMS 0x00000000e9f00000, 0x00000000e9f00000| Untracked 
| 160|0x00000000ea000000, 0x00000000ea000000, 0x00000000ea100000|  0%| F|  |TAMS 0x00000000ea000000, 0x00000000ea000000| Untracked 
| 161|0x00000000ea100000, 0x00000000ea100000, 0x00000000ea200000|  0%| F|  |TAMS 0x00000000ea100000, 0x00000000ea100000| Untracked 
| 162|0x00000000ea200000, 0x00000000ea200000, 0x00000000ea300000|  0%| F|  |TAMS 0x00000000ea200000, 0x00000000ea200000| Untracked 
| 163|0x00000000ea300000, 0x00000000ea300000, 0x00000000ea400000|  0%| F|  |TAMS 0x00000000ea300000, 0x00000000ea300000| Untracked 
| 164|0x00000000ea400000, 0x00000000ea400000, 0x00000000ea500000|  0%| F|  |TAMS 0x00000000ea400000, 0x00000000ea400000| Untracked 
| 165|0x00000000ea500000, 0x00000000ea500000, 0x00000000ea600000|  0%| F|  |TAMS 0x00000000ea500000, 0x00000000ea500000| Untracked 
| 166|0x00000000ea600000, 0x00000000ea600000, 0x00000000ea700000|  0%| F|  |TAMS 0x00000000ea600000, 0x00000000ea600000| Untracked 
| 167|0x00000000ea700000, 0x00000000ea700000, 0x00000000ea800000|  0%| F|  |TAMS 0x00000000ea700000, 0x00000000ea700000| Untracked 
| 168|0x00000000ea800000, 0x00000000ea800000, 0x00000000ea900000|  0%| F|  |TAMS 0x00000000ea800000, 0x00000000ea800000| Untracked 
| 169|0x00000000ea900000, 0x00000000ea900000, 0x00000000eaa00000|  0%| F|  |TAMS 0x00000000ea900000, 0x00000000ea900000| Untracked 
| 170|0x00000000eaa00000, 0x00000000eaa00000, 0x00000000eab00000|  0%| F|  |TAMS 0x00000000eaa00000, 0x00000000eaa00000| Untracked 
| 171|0x00000000eab00000, 0x00000000eab00000, 0x00000000eac00000|  0%| F|  |TAMS 0x00000000eab00000, 0x00000000eab00000| Untracked 
| 172|0x00000000eac00000, 0x00000000eac00000, 0x00000000ead00000|  0%| F|  |TAMS 0x00000000eac00000, 0x00000000eac00000| Untracked 
| 173|0x00000000ead00000, 0x00000000ead00000, 0x00000000eae00000|  0%| F|  |TAMS 0x00000000ead00000, 0x00000000ead00000| Untracked 
| 174|0x00000000eae00000, 0x00000000eae00000, 0x00000000eaf00000|  0%| F|  |TAMS 0x00000000eae00000, 0x00000000eae00000| Untracked 
| 175|0x00000000eaf00000, 0x00000000eaf00000, 0x00000000eb000000|  0%| F|  |TAMS 0x00000000eaf00000, 0x00000000eaf00000| Untracked 
| 176|0x00000000eb000000, 0x00000000eb000000, 0x00000000eb100000|  0%| F|  |TAMS 0x00000000eb000000, 0x00000000eb000000| Untracked 
| 177|0x00000000eb100000, 0x00000000eb100000, 0x00000000eb200000|  0%| F|  |TAMS 0x00000000eb100000, 0x00000000eb100000| Untracked 
| 178|0x00000000eb200000, 0x00000000eb200000, 0x00000000eb300000|  0%| F|  |TAMS 0x00000000eb200000, 0x00000000eb200000| Untracked 
| 179|0x00000000eb300000, 0x00000000eb300000, 0x00000000eb400000|  0%| F|  |TAMS 0x00000000eb300000, 0x00000000eb300000| Untracked 
| 180|0x00000000eb400000, 0x00000000eb400000, 0x00000000eb500000|  0%| F|  |TAMS 0x00000000eb400000, 0x00000000eb400000| Untracked 
| 181|0x00000000eb500000, 0x00000000eb500000, 0x00000000eb600000|  0%| F|  |TAMS 0x00000000eb500000, 0x00000000eb500000| Untracked 
| 182|0x00000000eb600000, 0x00000000eb600000, 0x00000000eb700000|  0%| F|  |TAMS 0x00000000eb600000, 0x00000000eb600000| Untracked 
| 183|0x00000000eb700000, 0x00000000eb700000, 0x00000000eb800000|  0%| F|  |TAMS 0x00000000eb700000, 0x00000000eb700000| Untracked 
| 184|0x00000000eb800000, 0x00000000eb800000, 0x00000000eb900000|  0%| F|  |TAMS 0x00000000eb800000, 0x00000000eb800000| Untracked 
| 185|0x00000000eb900000, 0x00000000eb900000, 0x00000000eba00000|  0%| F|  |TAMS 0x00000000eb900000, 0x00000000eb900000| Untracked 
| 186|0x00000000eba00000, 0x00000000eba00000, 0x00000000ebb00000|  0%| F|  |TAMS 0x00000000eba00000, 0x00000000eba00000| Untracked 
| 187|0x00000000ebb00000, 0x00000000ebc00000, 0x00000000ebc00000|100%| E|  |TAMS 0x00000000ebb00000, 0x00000000ebb00000| Complete 
| 188|0x00000000ebc00000, 0x00000000ebd00000, 0x00000000ebd00000|100%| E|CS|TAMS 0x00000000ebc00000, 0x00000000ebc00000| Complete 
| 189|0x00000000ebd00000, 0x00000000ebe00000, 0x00000000ebe00000|100%| E|CS|TAMS 0x00000000ebd00000, 0x00000000ebd00000| Complete 
| 190|0x00000000ebe00000, 0x00000000ebf00000, 0x00000000ebf00000|100%| E|CS|TAMS 0x00000000ebe00000, 0x00000000ebe00000| Complete 
| 191|0x00000000ebf00000, 0x00000000ec000000, 0x00000000ec000000|100%| E|CS|TAMS 0x00000000ebf00000, 0x00000000ebf00000| Complete 
| 192|0x00000000ec000000, 0x00000000ec100000, 0x00000000ec100000|100%| E|CS|TAMS 0x00000000ec000000, 0x00000000ec000000| Complete 
| 193|0x00000000ec100000, 0x00000000ec200000, 0x00000000ec200000|100%| E|CS|TAMS 0x00000000ec100000, 0x00000000ec100000| Complete 
| 194|0x00000000ec200000, 0x00000000ec300000, 0x00000000ec300000|100%| E|CS|TAMS 0x00000000ec200000, 0x00000000ec200000| Complete 
| 195|0x00000000ec300000, 0x00000000ec400000, 0x00000000ec400000|100%| E|CS|TAMS 0x00000000ec300000, 0x00000000ec300000| Complete 
| 196|0x00000000ec400000, 0x00000000ec500000, 0x00000000ec500000|100%| E|CS|TAMS 0x00000000ec400000, 0x00000000ec400000| Complete 
| 197|0x00000000ec500000, 0x00000000ec600000, 0x00000000ec600000|100%| E|CS|TAMS 0x00000000ec500000, 0x00000000ec500000| Complete 
| 198|0x00000000ec600000, 0x00000000ec700000, 0x00000000ec700000|100%| E|CS|TAMS 0x00000000ec600000, 0x00000000ec600000| Complete 
| 199|0x00000000ec700000, 0x00000000ec800000, 0x00000000ec800000|100%| E|CS|TAMS 0x00000000ec700000, 0x00000000ec700000| Complete 
| 200|0x00000000ec800000, 0x00000000ec900000, 0x00000000ec900000|100%| E|CS|TAMS 0x00000000ec800000, 0x00000000ec800000| Complete 
| 201|0x00000000ec900000, 0x00000000eca00000, 0x00000000eca00000|100%| E|CS|TAMS 0x00000000ec900000, 0x00000000ec900000| Complete 
| 202|0x00000000eca00000, 0x00000000ecb00000, 0x00000000ecb00000|100%| E|CS|TAMS 0x00000000eca00000, 0x00000000eca00000| Complete 
| 203|0x00000000ecb00000, 0x00000000ecc00000, 0x00000000ecc00000|100%| E|CS|TAMS 0x00000000ecb00000, 0x00000000ecb00000| Complete 
| 204|0x00000000ecc00000, 0x00000000ecd00000, 0x00000000ecd00000|100%| E|CS|TAMS 0x00000000ecc00000, 0x00000000ecc00000| Complete 
| 205|0x00000000ecd00000, 0x00000000ece00000, 0x00000000ece00000|100%| E|CS|TAMS 0x00000000ecd00000, 0x00000000ecd00000| Complete 
| 206|0x00000000ece00000, 0x00000000ecf00000, 0x00000000ecf00000|100%| E|CS|TAMS 0x00000000ece00000, 0x00000000ece00000| Complete 
| 207|0x00000000ecf00000, 0x00000000ed000000, 0x00000000ed000000|100%| E|CS|TAMS 0x00000000ecf00000, 0x00000000ecf00000| Complete 
| 208|0x00000000ed000000, 0x00000000ed100000, 0x00000000ed100000|100%| E|CS|TAMS 0x00000000ed000000, 0x00000000ed000000| Complete 
| 209|0x00000000ed100000, 0x00000000ed200000, 0x00000000ed200000|100%| E|CS|TAMS 0x00000000ed100000, 0x00000000ed100000| Complete 
| 210|0x00000000ed200000, 0x00000000ed300000, 0x00000000ed300000|100%| E|CS|TAMS 0x00000000ed200000, 0x00000000ed200000| Complete 
| 211|0x00000000ed300000, 0x00000000ed400000, 0x00000000ed400000|100%| E|CS|TAMS 0x00000000ed300000, 0x00000000ed300000| Complete 
| 212|0x00000000ed400000, 0x00000000ed500000, 0x00000000ed500000|100%| E|CS|TAMS 0x00000000ed400000, 0x00000000ed400000| Complete 
| 213|0x00000000ed500000, 0x00000000ed600000, 0x00000000ed600000|100%| E|CS|TAMS 0x00000000ed500000, 0x00000000ed500000| Complete 
| 214|0x00000000ed600000, 0x00000000ed700000, 0x00000000ed700000|100%| E|CS|TAMS 0x00000000ed600000, 0x00000000ed600000| Complete 
| 215|0x00000000ed700000, 0x00000000ed800000, 0x00000000ed800000|100%| E|CS|TAMS 0x00000000ed700000, 0x00000000ed700000| Complete 
| 216|0x00000000ed800000, 0x00000000ed900000, 0x00000000ed900000|100%| E|CS|TAMS 0x00000000ed800000, 0x00000000ed800000| Complete 
| 217|0x00000000ed900000, 0x00000000eda00000, 0x00000000eda00000|100%| E|CS|TAMS 0x00000000ed900000, 0x00000000ed900000| Complete 
| 218|0x00000000eda00000, 0x00000000edb00000, 0x00000000edb00000|100%| E|CS|TAMS 0x00000000eda00000, 0x00000000eda00000| Complete 
| 219|0x00000000edb00000, 0x00000000edc00000, 0x00000000edc00000|100%| E|CS|TAMS 0x00000000edb00000, 0x00000000edb00000| Complete 
| 220|0x00000000edc00000, 0x00000000edd00000, 0x00000000edd00000|100%| E|CS|TAMS 0x00000000edc00000, 0x00000000edc00000| Complete 
| 221|0x00000000edd00000, 0x00000000ede00000, 0x00000000ede00000|100%| E|CS|TAMS 0x00000000edd00000, 0x00000000edd00000| Complete 
| 222|0x00000000ede00000, 0x00000000edf00000, 0x00000000edf00000|100%| E|CS|TAMS 0x00000000ede00000, 0x00000000ede00000| Complete 
| 223|0x00000000edf00000, 0x00000000ee000000, 0x00000000ee000000|100%| E|CS|TAMS 0x00000000edf00000, 0x00000000edf00000| Complete 
| 224|0x00000000ee000000, 0x00000000ee100000, 0x00000000ee100000|100%| E|CS|TAMS 0x00000000ee000000, 0x00000000ee000000| Complete 
| 225|0x00000000ee100000, 0x00000000ee200000, 0x00000000ee200000|100%| E|CS|TAMS 0x00000000ee100000, 0x00000000ee100000| Complete 
| 226|0x00000000ee200000, 0x00000000ee300000, 0x00000000ee300000|100%| E|CS|TAMS 0x00000000ee200000, 0x00000000ee200000| Complete 
| 227|0x00000000ee300000, 0x00000000ee400000, 0x00000000ee400000|100%| E|CS|TAMS 0x00000000ee300000, 0x00000000ee300000| Complete 
| 228|0x00000000ee400000, 0x00000000ee500000, 0x00000000ee500000|100%| E|CS|TAMS 0x00000000ee400000, 0x00000000ee400000| Complete 
| 229|0x00000000ee500000, 0x00000000ee600000, 0x00000000ee600000|100%| S|CS|TAMS 0x00000000ee500000, 0x00000000ee500000| Complete 
| 230|0x00000000ee600000, 0x00000000ee700000, 0x00000000ee700000|100%| S|CS|TAMS 0x00000000ee600000, 0x00000000ee600000| Complete 
| 231|0x00000000ee700000, 0x00000000ee800000, 0x00000000ee800000|100%| E|CS|TAMS 0x00000000ee700000, 0x00000000ee700000| Complete 
| 232|0x00000000ee800000, 0x00000000ee900000, 0x00000000ee900000|100%| E|CS|TAMS 0x00000000ee800000, 0x00000000ee800000| Complete 
| 233|0x00000000ee900000, 0x00000000eea00000, 0x00000000eea00000|100%| E|CS|TAMS 0x00000000ee900000, 0x00000000ee900000| Complete 
| 234|0x00000000eea00000, 0x00000000eeb00000, 0x00000000eeb00000|100%| E|CS|TAMS 0x00000000eea00000, 0x00000000eea00000| Complete 
| 235|0x00000000eeb00000, 0x00000000eec00000, 0x00000000eec00000|100%| E|CS|TAMS 0x00000000eeb00000, 0x00000000eeb00000| Complete 
| 236|0x00000000eec00000, 0x00000000eed00000, 0x00000000eed00000|100%| E|CS|TAMS 0x00000000eec00000, 0x00000000eec00000| Complete 
| 237|0x00000000eed00000, 0x00000000eee00000, 0x00000000eee00000|100%| E|CS|TAMS 0x00000000eed00000, 0x00000000eed00000| Complete 
| 238|0x00000000eee00000, 0x00000000eef00000, 0x00000000eef00000|100%| E|CS|TAMS 0x00000000eee00000, 0x00000000eee00000| Complete 
| 239|0x00000000eef00000, 0x00000000ef000000, 0x00000000ef000000|100%| E|CS|TAMS 0x00000000eef00000, 0x00000000eef00000| Complete 
| 240|0x00000000ef000000, 0x00000000ef100000, 0x00000000ef100000|100%| E|CS|TAMS 0x00000000ef000000, 0x00000000ef000000| Complete 
| 241|0x00000000ef100000, 0x00000000ef200000, 0x00000000ef200000|100%| E|CS|TAMS 0x00000000ef100000, 0x00000000ef100000| Complete 
| 242|0x00000000ef200000, 0x00000000ef300000, 0x00000000ef300000|100%| E|CS|TAMS 0x00000000ef200000, 0x00000000ef200000| Complete 
| 243|0x00000000ef300000, 0x00000000ef400000, 0x00000000ef400000|100%| E|CS|TAMS 0x00000000ef300000, 0x00000000ef300000| Complete 
| 244|0x00000000ef400000, 0x00000000ef500000, 0x00000000ef500000|100%| E|CS|TAMS 0x00000000ef400000, 0x00000000ef400000| Complete 
| 245|0x00000000ef500000, 0x00000000ef600000, 0x00000000ef600000|100%| E|CS|TAMS 0x00000000ef500000, 0x00000000ef500000| Complete 
| 246|0x00000000ef600000, 0x00000000ef700000, 0x00000000ef700000|100%| E|CS|TAMS 0x00000000ef600000, 0x00000000ef600000| Complete 
| 247|0x00000000ef700000, 0x00000000ef800000, 0x00000000ef800000|100%| E|CS|TAMS 0x00000000ef700000, 0x00000000ef700000| Complete 
| 248|0x00000000ef800000, 0x00000000ef900000, 0x00000000ef900000|100%| E|CS|TAMS 0x00000000ef800000, 0x00000000ef800000| Complete 
| 249|0x00000000ef900000, 0x00000000efa00000, 0x00000000efa00000|100%| E|CS|TAMS 0x00000000ef900000, 0x00000000ef900000| Complete 
| 250|0x00000000efa00000, 0x00000000efb00000, 0x00000000efb00000|100%| E|CS|TAMS 0x00000000efa00000, 0x00000000efa00000| Complete 
| 251|0x00000000efb00000, 0x00000000efc00000, 0x00000000efc00000|100%| E|CS|TAMS 0x00000000efb00000, 0x00000000efb00000| Complete 
| 252|0x00000000efc00000, 0x00000000efd00000, 0x00000000efd00000|100%| E|CS|TAMS 0x00000000efc00000, 0x00000000efc00000| Complete 
| 253|0x00000000efd00000, 0x00000000efe00000, 0x00000000efe00000|100%| E|CS|TAMS 0x00000000efd00000, 0x00000000efd00000| Complete 
| 254|0x00000000efe00000, 0x00000000eff00000, 0x00000000eff00000|100%| E|CS|TAMS 0x00000000efe00000, 0x00000000efe00000| Complete 
| 255|0x00000000eff00000, 0x00000000f0000000, 0x00000000f0000000|100%| E|CS|TAMS 0x00000000eff00000, 0x00000000eff00000| Complete 

Card table byte_map: [0x0000027cf55f0000,0x0000027cf56f0000] _byte_map_base: 0x0000027cf4ef0000

Marking Bits (Prev, Next): (CMBitMap*) 0x0000027cde182e20, (CMBitMap*) 0x0000027cde182de8
 Prev Bits: [0x0000027cf5ff0000, 0x0000027cf67f0000)
 Next Bits: [0x0000027cf57f0000, 0x0000027cf5ff0000)

Polling page: 0x0000027cdc140000

Metaspace:

Usage:
  Non-class:     52.60 MB capacity,    51.83 MB ( 99%) used,   656.61 KB (  1%) free+waste,   139.50 KB ( <1%) overhead. 
      Class:      8.60 MB capacity,     8.11 MB ( 94%) used,   442.50 KB (  5%) free+waste,    67.63 KB ( <1%) overhead. 
       Both:     61.21 MB capacity,    59.93 MB ( 98%) used,     1.07 MB (  2%) free+waste,   207.13 KB ( <1%) overhead. 

Virtual space:
  Non-class space:       54.00 MB reserved,      52.83 MB ( 98%) committed 
      Class space:      248.00 MB reserved,       8.63 MB (  3%) committed 
             Both:      302.00 MB reserved,      61.46 MB ( 20%) committed 

Chunk freelists:
   Non-Class:  13.25 KB
       Class:  2.75 KB
        Both:  16.00 KB

CodeHeap 'non-profiled nmethods': size=120064Kb used=2734Kb max_used=2734Kb free=117329Kb
 bounds [0x0000027cee0b0000, 0x0000027cee360000, 0x0000027cf55f0000]
CodeHeap 'profiled nmethods': size=120000Kb used=9057Kb max_used=9057Kb free=110943Kb
 bounds [0x0000027ce6b80000, 0x0000027ce7460000, 0x0000027cee0b0000]
CodeHeap 'non-nmethods': size=5696Kb used=1557Kb max_used=1581Kb free=4138Kb
 bounds [0x0000027ce65f0000, 0x0000027ce6860000, 0x0000027ce6b80000]
 total_blobs=5024 nmethods=4332 adapters=603
 compilation: enabled
              stopped_count=0, restarted_count=0
 full_count=0

Compilation events (10 events):
Event: 8.866 Thread 0x0000027cf8e23000 4316   !   3       java.nio.DirectByteBuffer::get (151 bytes)
Event: 8.867 Thread 0x0000027cf8e23000 nmethod 4316 0x0000027ce7451390 code [0x0000027ce74516a0, 0x0000027ce7452608]
Event: 8.867 Thread 0x0000027cf8e23000 4318       3       org.jetbrains.org.objectweb.asm.ModuleVisitor::visitProvide (17 bytes)
Event: 8.867 Thread 0x0000027cf8e23000 nmethod 4318 0x0000027ce7452e10 code [0x0000027ce7452fc0, 0x0000027ce74531a8]
Event: 8.867 Thread 0x0000027cf8e23000 4317       1       kotlin.sequences.TransformingSequence::access$getTransformer$p (5 bytes)
Event: 8.867 Thread 0x0000027cf8e23000 nmethod 4317 0x0000027cee352490 code [0x0000027cee352620, 0x0000027cee3526b8]
Event: 8.867 Thread 0x0000027cf8e23000 4319       1       kotlin.sequences.FilteringSequence::access$getPredicate$p (5 bytes)
Event: 8.867 Thread 0x0000027cf8e23000 nmethod 4319 0x0000027cee352790 code [0x0000027cee352920, 0x0000027cee3529b8]
Event: 8.867 Thread 0x0000027cf8e23000 4320       1       kotlin.sequences.FilteringSequence::access$getSendWhen$p (5 bytes)
Event: 8.867 Thread 0x0000027cf8e23000 nmethod 4320 0x0000027cee352a90 code [0x0000027cee352c20, 0x0000027cee352cb8]

GC Heap History (10 events):
Event: 3.998 GC heap before
{Heap before GC invocations=6 (full 0):
 garbage-first heap   total 262144K, used 76015K [0x00000000e0000000, 0x0000000100000000)
  region size 1024K, 58 young (59392K), 1 survivors (1024K)
 Metaspace       used 26776K, capacity 27481K, committed 27520K, reserved 278528K
  class space    used 3481K, capacity 3706K, committed 3712K, reserved 253952K
}
Event: 4.003 GC heap after
{Heap after GC invocations=7 (full 0):
 garbage-first heap   total 262144K, used 19635K [0x00000000e0000000, 0x0000000100000000)
  region size 1024K, 3 young (3072K), 3 survivors (3072K)
 Metaspace       used 26776K, capacity 27481K, committed 27520K, reserved 278528K
  class space    used 3481K, capacity 3706K, committed 3712K, reserved 253952K
}
Event: 4.903 GC heap before
{Heap before GC invocations=7 (full 0):
 garbage-first heap   total 262144K, used 73907K [0x00000000e0000000, 0x0000000100000000)
  region size 1024K, 57 young (58368K), 3 survivors (3072K)
 Metaspace       used 35140K, capacity 35909K, committed 36048K, reserved 286720K
  class space    used 4544K, capacity 4839K, committed 4864K, reserved 253952K
}
Event: 4.909 GC heap after
{Heap after GC invocations=8 (full 0):
 garbage-first heap   total 262144K, used 23099K [0x00000000e0000000, 0x0000000100000000)
  region size 1024K, 7 young (7168K), 7 survivors (7168K)
 Metaspace       used 35140K, capacity 35909K, committed 36048K, reserved 286720K
  class space    used 4544K, capacity 4839K, committed 4864K, reserved 253952K
}
Event: 6.267 GC heap before
{Heap before GC invocations=9 (full 0):
 garbage-first heap   total 262144K, used 116283K [0x00000000e0000000, 0x0000000100000000)
  region size 1024K, 98 young (100352K), 7 survivors (7168K)
 Metaspace       used 43144K, capacity 44204K, committed 44496K, reserved 292864K
  class space    used 5615K, capacity 6031K, committed 6144K, reserved 253952K
}
Event: 6.278 GC heap after
{Heap after GC invocations=10 (full 0):
 garbage-first heap   total 262144K, used 28754K [0x00000000e0000000, 0x0000000100000000)
  region size 1024K, 12 young (12288K), 12 survivors (12288K)
 Metaspace       used 43144K, capacity 44204K, committed 44496K, reserved 292864K
  class space    used 5615K, capacity 6031K, committed 6144K, reserved 253952K
}
Event: 8.066 GC heap before
{Heap before GC invocations=10 (full 0):
 garbage-first heap   total 262144K, used 179282K [0x00000000e0000000, 0x0000000100000000)
  region size 1024K, 153 young (156672K), 12 survivors (12288K)
 Metaspace       used 56601K, capacity 57728K, committed 57808K, reserved 305152K
  class space    used 7706K, capacity 8167K, committed 8192K, reserved 253952K
}
Event: 8.083 GC heap after
{Heap after GC invocations=11 (full 0):
 garbage-first heap   total 262144K, used 45029K [0x00000000e0000000, 0x0000000100000000)
  region size 1024K, 19 young (19456K), 19 survivors (19456K)
 Metaspace       used 56601K, capacity 57728K, committed 57808K, reserved 305152K
  class space    used 7706K, capacity 8167K, committed 8192K, reserved 253952K
}
Event: 8.351 GC heap before
{Heap before GC invocations=11 (full 0):
 garbage-first heap   total 262144K, used 73701K [0x00000000e0000000, 0x0000000100000000)
  region size 1024K, 44 young (45056K), 19 survivors (19456K)
 Metaspace       used 58946K, capacity 60109K, committed 60240K, reserved 307200K
  class space    used 8001K, capacity 8470K, committed 8576K, reserved 253952K
}
Event: 8.368 GC heap after
{Heap after GC invocations=12 (full 0):
 garbage-first heap   total 262144K, used 46178K [0x00000000e0000000, 0x0000000100000000)
  region size 1024K, 2 young (2048K), 2 survivors (2048K)
 Metaspace       used 58946K, capacity 60109K, committed 60240K, reserved 307200K
  class space    used 8001K, capacity 8470K, committed 8576K, reserved 253952K
}

Deoptimization events (10 events):
Event: 8.751 Thread 0x0000027cfc7ea000 Uncommon trap: reason=unstable_if action=reinterpret pc=0x0000027cee15b9e0 method=java.lang.StringCoding.encodeUTF8(B[BZ)[B @ 2 c2
Event: 8.751 Thread 0x0000027cfc7ea000 Uncommon trap: reason=unstable_if action=reinterpret pc=0x0000027cee2eb59c method=java.lang.String.startsWith(Ljava/lang/String;I)Z @ 46 c2
Event: 8.751 Thread 0x0000027cfc7ea000 Uncommon trap: reason=unstable_if action=reinterpret pc=0x0000027cee0e421c method=java.lang.AbstractStringBuilder.putStringAt(ILjava/lang/String;)V @ 8 c2
Event: 8.751 Thread 0x0000027cfc7ea000 Uncommon trap: reason=unstable_if action=reinterpret pc=0x0000027cee149800 method=java.lang.AbstractStringBuilder.isLatin1()Z @ 10 c2
Event: 8.751 Thread 0x0000027cfc7ea000 Uncommon trap: reason=unstable_if action=reinterpret pc=0x0000027cee104b04 method=java.lang.AbstractStringBuilder.putStringAt(ILjava/lang/String;)V @ 8 c2
Event: 8.752 Thread 0x0000027cfc7ea000 Uncommon trap: reason=unstable_if action=reinterpret pc=0x0000027cee1a92b8 method=java.lang.String.startsWith(Ljava/lang/String;I)Z @ 46 c2
Event: 8.752 Thread 0x0000027cfc7ea000 Uncommon trap: reason=unstable_if action=reinterpret pc=0x0000027cee106be4 method=java.lang.String.startsWith(Ljava/lang/String;I)Z @ 46 c2
Event: 8.752 Thread 0x0000027cfc7ea000 Uncommon trap: reason=unstable_if action=reinterpret pc=0x0000027cee29bae0 method=sun.net.www.ParseUtil.firstEncodeIndex(Ljava/lang/String;)I @ 27 c2
Event: 8.754 Thread 0x0000027cfc7ea000 Uncommon trap: reason=unstable_if action=reinterpret pc=0x0000027cee0d8db8 method=java.lang.String.indexOf(II)I @ 4 c2
Event: 8.754 Thread 0x0000027cfc7ea000 Uncommon trap: reason=unstable_if action=reinterpret pc=0x0000027cee2d3c9c method=java.lang.String.lastIndexOf(II)I @ 4 c2

Classes redefined (0 events):
No events

Internal exceptions (10 events):
Event: 6.243 Thread 0x0000027cfc7ea000 Exception <a 'java/lang/NoSuchMethodError'{0x00000000e9f1e9d0}: java.lang.invoke.DirectMethodHandle$Holder.invokeInterface(Ljava/lang/Object;Ljava/lang/Object;)I> (0x00000000e9f1e9d0) thrown at [./open/src/hotspot/share/interpreter/linkResolver.cpp, line 
Event: 7.390 Thread 0x0000027cfc7ea000 Exception <a 'java/lang/NoSuchMethodError'{0x00000000ea3cf140}: java.lang.invoke.DirectMethodHandle$Holder.invokeStatic(Ljava/lang/Object;)J> (0x00000000ea3cf140) thrown at [./open/src/hotspot/share/interpreter/linkResolver.cpp, line 772]
Event: 7.390 Thread 0x0000027cfc7ea000 Exception <a 'java/lang/NoSuchMethodError'{0x00000000ea3d34d0}: java.lang.invoke.DirectMethodHandle$Holder.invokeStaticInit(Ljava/lang/Object;)J> (0x00000000ea3d34d0) thrown at [./open/src/hotspot/share/interpreter/linkResolver.cpp, line 772]
Event: 7.592 Thread 0x0000027cfc7ea000 Implicit null exception at 0x0000027cee23a52c to 0x0000027cee23a64e
Event: 7.721 Thread 0x0000027cfc7ea000 Exception <a 'java/lang/NoSuchMethodError'{0x00000000e7f8d208}: java.lang.invoke.DirectMethodHandle$Holder.invokeSpecial(Ljava/lang/Object;Ljava/lang/Object;IILjava/lang/Object;Ljava/lang/Object;Ljava/lang/Object;)Ljava/lang/Object;> (0x00000000e7f8d208) 
Event: 7.721 Thread 0x0000027cfc7ea000 Exception <a 'java/lang/NoSuchMethodError'{0x00000000e7f91f78}: java.lang.invoke.DelegatingMethodHandle$Holder.reinvoke_L(Ljava/lang/Object;IILjava/lang/Object;Ljava/lang/Object;Ljava/lang/Object;)Ljava/lang/Object;> (0x00000000e7f91f78) thrown at [./open
Event: 7.722 Thread 0x0000027cfc7ea000 Exception <a 'java/lang/NoSuchMethodError'{0x00000000e7f97738}: java.lang.invoke.DirectMethodHandle$Holder.invokeStatic(Ljava/lang/Object;Ljava/lang/Object;Ljava/lang/Object;Ljava/lang/Object;I)Ljava/lang/Object;> (0x00000000e7f97738) thrown at [./open/sr
Event: 7.985 Thread 0x0000027cfc7ea000 Exception <a 'java/lang/NoSuchMethodError'{0x00000000e6e83730}: java.lang.invoke.DirectMethodHandle$Holder.invokeInterface(Ljava/lang/Object;Ljava/lang/Object;)V> (0x00000000e6e83730) thrown at [./open/src/hotspot/share/interpreter/linkResolver.cpp, line 
Event: 8.654 Thread 0x0000027cfc7ea000 Implicit null exception at 0x0000027cee32fbb7 to 0x0000027cee330b78
Event: 8.665 Thread 0x0000027cfc7ea000 Implicit null exception at 0x0000027cee3321a0 to 0x0000027cee332255

Events (10 events):
Event: 8.861 loading class org/jetbrains/kotlin/cli/jvm/modules/CliJavaModuleResolver$Companion
Event: 8.861 loading class org/jetbrains/kotlin/cli/jvm/modules/CliJavaModuleResolver$Companion done
Event: 8.867 loading class org/jetbrains/kotlin/cli/jvm/modules/CliJavaModuleResolver$virtualFileFinder$2
Event: 8.867 loading class org/jetbrains/kotlin/cli/jvm/modules/CliJavaModuleResolver$virtualFileFinder$2 done
Event: 8.868 loading class org/jetbrains/kotlin/cli/jvm/compiler/CliVirtualFileFinderFactory
Event: 8.868 loading class org/jetbrains/kotlin/cli/jvm/compiler/CliVirtualFileFinderFactory done
Event: 8.868 loading class org/jetbrains/kotlin/load/kotlin/VirtualFileFinderFactory
Event: 8.868 loading class org/jetbrains/kotlin/load/kotlin/VirtualFileFinderFactory done
Event: 8.869 loading class org/jetbrains/kotlin/load/kotlin/MetadataFinderFactory
Event: 8.869 loading class org/jetbrains/kotlin/load/kotlin/MetadataFinderFactory done


Dynamic libraries:
0x00007ff6f0310000 - 0x00007ff6f031f000 	C:\Program Files\Java\jdk-11.0.10\bin\java.exe
0x00007ffe125b0000 - 0x00007ffe127a5000 	C:\WINDOWS\SYSTEM32\ntdll.dll
0x00007ffddd650000 - 0x00007ffddd666000 	C:\Program Files\Avast Software\Avast\aswhook.dll
0x00007ffe108e0000 - 0x00007ffe1099d000 	C:\WINDOWS\System32\KERNEL32.DLL
0x00007ffe0fe50000 - 0x00007ffe1011d000 	C:\WINDOWS\System32\KERNELBASE.dll
0x00007ffe0fd50000 - 0x00007ffe0fe50000 	C:\WINDOWS\System32\ucrtbase.dll
0x00007ffdf8fa0000 - 0x00007ffdf8fb8000 	C:\Program Files\Java\jdk-11.0.10\bin\jli.dll
0x00007ffdf8f80000 - 0x00007ffdf8f95000 	C:\Program Files\Java\jdk-11.0.10\bin\VCRUNTIME140.dll
0x00007ffe109a0000 - 0x00007ffe10a4e000 	C:\WINDOWS\System32\ADVAPI32.dll
0x00007ffe11860000 - 0x00007ffe118fe000 	C:\WINDOWS\System32\msvcrt.dll
0x00007ffe121b0000 - 0x00007ffe1224c000 	C:\WINDOWS\System32\sechost.dll
0x00007ffe12410000 - 0x00007ffe12535000 	C:\WINDOWS\System32\RPCRT4.dll
0x00007ffe10660000 - 0x00007ffe10800000 	C:\WINDOWS\System32\USER32.dll
0x00007ffe10480000 - 0x00007ffe104a2000 	C:\WINDOWS\System32\win32u.dll
0x00007ffdf84b0000 - 0x00007ffdf874a000 	C:\WINDOWS\WinSxS\amd64_microsoft.windows.common-controls_6595b64144ccf1df_6.0.19041.1110_none_60b5254171f9507e\COMCTL32.dll
0x00007ffe12540000 - 0x00007ffe1256a000 	C:\WINDOWS\System32\GDI32.dll
0x00007ffe10550000 - 0x00007ffe1065b000 	C:\WINDOWS\System32\gdi32full.dll
0x00007ffe104b0000 - 0x00007ffe1054d000 	C:\WINDOWS\System32\msvcp_win.dll
0x00007ffe09df0000 - 0x00007ffe09dfa000 	C:\WINDOWS\SYSTEM32\VERSION.dll
0x00007ffe10d30000 - 0x00007ffe10d60000 	C:\WINDOWS\System32\IMM32.DLL
0x00007ffdf8ee0000 - 0x00007ffdf8f7b000 	C:\Program Files\Java\jdk-11.0.10\bin\msvcp140.dll
0x00007ffd9d010000 - 0x00007ffd9db0b000 	C:\Program Files\Java\jdk-11.0.10\bin\server\jvm.dll
0x00007ffe12250000 - 0x00007ffe12258000 	C:\WINDOWS\System32\PSAPI.DLL
0x00007ffe04200000 - 0x00007ffe04209000 	C:\WINDOWS\SYSTEM32\WSOCK32.dll
0x00007ffdfc0c0000 - 0x00007ffdfc0e7000 	C:\WINDOWS\SYSTEM32\WINMM.dll
0x00007ffe122c0000 - 0x00007ffe1232b000 	C:\WINDOWS\System32\WS2_32.dll
0x00007ffe0dc00000 - 0x00007ffe0dc12000 	C:\WINDOWS\SYSTEM32\kernel.appcore.dll
0x00007ffdf8ed0000 - 0x00007ffdf8ee0000 	C:\Program Files\Java\jdk-11.0.10\bin\verify.dll
0x00007ffe09630000 - 0x00007ffe09814000 	C:\WINDOWS\SYSTEM32\DBGHELP.DLL
0x00007ffe08e60000 - 0x00007ffe08e8c000 	C:\WINDOWS\SYSTEM32\dbgcore.DLL
0x00007ffe103f0000 - 0x00007ffe10472000 	C:\WINDOWS\System32\bcryptPrimitives.dll
0x00007ffdf8ea0000 - 0x00007ffdf8ec8000 	C:\Program Files\Java\jdk-11.0.10\bin\java.dll
0x00007ffdf87b0000 - 0x00007ffdf87ba000 	C:\Program Files\Java\jdk-11.0.10\bin\jimage.dll
0x00007ffdf8750000 - 0x00007ffdf8766000 	C:\Program Files\Java\jdk-11.0.10\bin\zip.dll
0x00007ffe10ec0000 - 0x00007ffe11604000 	C:\WINDOWS\System32\SHELL32.dll
0x00007ffe0de00000 - 0x00007ffe0e594000 	C:\WINDOWS\SYSTEM32\windows.storage.dll
0x00007ffe11da0000 - 0x00007ffe120f4000 	C:\WINDOWS\System32\combase.dll
0x00007ffe0f5d0000 - 0x00007ffe0f5fc000 	C:\WINDOWS\SYSTEM32\Wldp.dll
0x00007ffe10e10000 - 0x00007ffe10ebd000 	C:\WINDOWS\System32\SHCORE.dll
0x00007ffe12260000 - 0x00007ffe122b5000 	C:\WINDOWS\System32\shlwapi.dll
0x00007ffe0fc60000 - 0x00007ffe0fc7f000 	C:\WINDOWS\SYSTEM32\profapi.dll
0x00007ffdf7ee0000 - 0x00007ffdf7ef9000 	C:\Program Files\Java\jdk-11.0.10\bin\net.dll
0x00007ffe07050000 - 0x00007ffe0715a000 	C:\WINDOWS\SYSTEM32\WINHTTP.dll
0x00007ffe0f3b0000 - 0x00007ffe0f41a000 	C:\WINDOWS\system32\mswsock.dll
0x00007ffdf79e0000 - 0x00007ffdf79f2000 	C:\Program Files\Java\jdk-11.0.10\bin\nio.dll
0x00007ffe00520000 - 0x00007ffe00547000 	C:\Users\henna\.gradle\native\e1d6ef7f7dcc3fd88c89a11ec53ec762bb8ba0a96d01ffa2cd45eb1d1d8dd5c5\windows-amd64\native-platform.dll
0x00007ffde9320000 - 0x00007ffde9464000 	C:\Users\henna\.gradle\native\0d407fdbe67a94daf76414ababcb853783967236a71b16ec16e742cd7a986fd3\windows-amd64\native-platform-file-events.dll
0x00007ffdf87a0000 - 0x00007ffdf87a9000 	C:\Program Files\Java\jdk-11.0.10\bin\management.dll
0x00007ffdf7a60000 - 0x00007ffdf7a6b000 	C:\Program Files\Java\jdk-11.0.10\bin\management_ext.dll
0x00007ffe0f970000 - 0x00007ffe0f988000 	C:\WINDOWS\SYSTEM32\CRYPTSP.dll
0x00007ffe0ed50000 - 0x00007ffe0ed84000 	C:\WINDOWS\system32\rsaenh.dll
0x00007ffe0fd20000 - 0x00007ffe0fd47000 	C:\WINDOWS\System32\bcrypt.dll
0x00007ffe0fbe0000 - 0x00007ffe0fc0e000 	C:\WINDOWS\SYSTEM32\USERENV.dll
0x00007ffe0f540000 - 0x00007ffe0f54c000 	C:\WINDOWS\SYSTEM32\CRYPTBASE.dll
0x00007ffe0f0c0000 - 0x00007ffe0f0fb000 	C:\WINDOWS\SYSTEM32\IPHLPAPI.DLL
0x00007ffe11900000 - 0x00007ffe11908000 	C:\WINDOWS\System32\NSI.dll
0x00007ffe09d10000 - 0x00007ffe09d27000 	C:\WINDOWS\SYSTEM32\dhcpcsvc6.DLL
0x00007ffe09cf0000 - 0x00007ffe09d0d000 	C:\WINDOWS\SYSTEM32\dhcpcsvc.DLL
0x00007ffe0f100000 - 0x00007ffe0f1cb000 	C:\WINDOWS\SYSTEM32\DNSAPI.dll

dbghelp: loaded successfully - version: 4.0.5 - missing functions: none
symbol engine: initialized successfully - sym options: 0x614 - pdb path: .;C:\Program Files\Java\jdk-11.0.10\bin;C:\WINDOWS\SYSTEM32;C:\Program Files\Avast Software\Avast;C:\WINDOWS\WinSxS\amd64_microsoft.windows.common-controls_6595b64144ccf1df_6.0.19041.1110_none_60b5254171f9507e;C:\Program Files\Java\jdk-11.0.10\bin\server;C:\Users\henna\.gradle\native\e1d6ef7f7dcc3fd88c89a11ec53ec762bb8ba0a96d01ffa2cd45eb1d1d8dd5c5\windows-amd64;C:\Users\henna\.gradle\native\0d407fdbe67a94daf76414ababcb853783967236a71b16ec16e742cd7a986fd3\windows-amd64

VM Arguments:
jvm_args: --add-opens=java.base/java.util=ALL-UNNAMED --add-opens=java.base/java.lang=ALL-UNNAMED --add-opens=java.base/java.lang.invoke=ALL-UNNAMED --add-opens=java.base/java.util=ALL-UNNAMED --add-opens=java.prefs/java.util.prefs=ALL-UNNAMED --add-opens=java.prefs/java.util.prefs=ALL-UNNAMED --add-opens=java.base/java.nio.charset=ALL-UNNAMED --add-opens=java.base/java.net=ALL-UNNAMED --add-opens=java.base/java.util.concurrent.atomic=ALL-UNNAMED -XX:MaxMetaspaceSize=256m -XX:+HeapDumpOnOutOfMemoryError -Xms256m -Xmx512m -Dfile.encoding=windows-1252 -Duser.country=BR -Duser.language=pt -Duser.variant 
java_command: org.gradle.launcher.daemon.bootstrap.GradleDaemon 7.4.2
java_class_path (initial): C:\Users\henna\.gradle\wrapper\dists\gradle-7.4.2-bin\48ivgl02cpt2ed3fh9dbalvx8\gradle-7.4.2\lib\gradle-launcher-7.4.2.jar
Launcher Type: SUN_STANDARD

[Global flags]
     intx CICompilerCount                          = 3                                         {product} {ergonomic}
   size_t CompressedClassSpaceSize                 = 260046848                                 {product} {ergonomic}
     uint ConcGCThreads                            = 1                                         {product} {ergonomic}
     uint G1ConcRefinementThreads                  = 4                                         {product} {ergonomic}
   size_t G1HeapRegionSize                         = 1048576                                   {product} {ergonomic}
    uintx GCDrainStackTargetSize                   = 64                                        {product} {ergonomic}
     bool HeapDumpOnOutOfMemoryError               = true                                   {manageable} {command line}
   size_t InitialHeapSize                          = 268435456                                 {product} {command line}
   size_t MarkStackSize                            = 4194304                                   {product} {ergonomic}
   size_t MaxHeapSize                              = 536870912                                 {product} {command line}
   size_t MaxMetaspaceSize                         = 268435456                                 {product} {command line}
   size_t MaxNewSize                               = 321912832                                 {product} {ergonomic}
   size_t MinHeapDeltaBytes                        = 1048576                                   {product} {ergonomic}
    uintx NonNMethodCodeHeapSize                   = 5830732                                {pd product} {ergonomic}
    uintx NonProfiledCodeHeapSize                  = 122913754                              {pd product} {ergonomic}
    uintx ProfiledCodeHeapSize                     = 122913754                              {pd product} {ergonomic}
    uintx ReservedCodeCacheSize                    = 251658240                              {pd product} {ergonomic}
     bool SegmentedCodeCache                       = true                                      {product} {ergonomic}
     bool UseCompressedClassPointers               = true                                 {lp64_product} {ergonomic}
     bool UseCompressedOops                        = true                                 {lp64_product} {ergonomic}
     bool UseG1GC                                  = true                                      {product} {ergonomic}
     bool UseLargePagesIndividualAllocation        = false                                  {pd product} {ergonomic}

Logging:
Log output configuration:
 #0: stdout all=warning uptime,level,tags
 #1: stderr all=off uptime,level,tags

Environment Variables:
JAVA_HOME=C:\Program Files\Java\jdk-11.0.10
CLASSPATH=C:\Users\henna\Downloads\tcc\datapublisher\datapublisher\\gradle\wrapper\gradle-wrapper.jar
PATH=C:\Program Files (x86)\Common Files\Oracle\Java\javapath;C:\Python39\Scripts\;C:\Python39\;C:\WINDOWS\system32;C:\WINDOWS;C:\WINDOWS\System32\Wbem;C:\WINDOWS\System32\WindowsPowerShell\v1.0\;C:\Program Files\nodejs\;C:\ProgramData\chocolatey\bin;C:\Program Files\Git\cmd;C:\Program Files\Java\jdk-11.0.10\bin;C:\WINDOWS\System32\OpenSSH\;E:\Projetos\OT\Propostas\orange-talents-05-template-proposta\target;C:\Program Files\dotnet\;C:\Program Files\Docker\Docker\resources\bin;C:\ProgramData\DockerDesktop\version-bin;C:\Program Files\MySQL\MySQL Shell 8.0\bin\;E:\Programas\Microsoft VS Code\bin;C:\Users\henna\AppData\Roaming\npm;C:\Users\henna\AppData\Local\Microsoft\WindowsApps;C:\Program Files\heroku\bin;E:\Projetos\OT\Propostas\orange-talents-05-template-proposta\target;
USERNAME=henna
OS=Windows_NT
PROCESSOR_IDENTIFIER=Intel64 Family 6 Model 58 Stepping 9, GenuineIntel



---------------  S Y S T E M  ---------------

OS: Windows 10 , 64 bit Build 19041 (10.0.19041.1706)
Hyper-V role detected

CPU:total 4 (initial active 4) (4 cores per cpu, 1 threads per core) family 6 model 58 stepping 9 microcode 0x21, cmov, cx8, fxsr, mmx, sse, sse2, sse3, ssse3, sse4.1, sse4.2, popcnt, avx, aes, clmul, erms, tsc, tscinvbit, tscinv

Memory: 4k page, system-wide physical 10028M (451M free)
TotalPageFile size 13595M (AvailPageFile size 4M)
current process WorkingSet (physical memory assigned to process): 407M, peak: 407M
current process commit charge ("private bytes"): 477M, peak: 477M

vm_info: Java HotSpot(TM) 64-Bit Server VM (11.0.10+8-LTS-162) for windows-amd64 JRE (11.0.10+8-LTS-162), built on Dec  8 2020 16:32:57 by "mach5one" with MS VC++ 15.9 (VS2017)

END.
