#
# There is insufficient memory for the Java Runtime Environment to continue.
# Native memory allocation (malloc) failed to allocate 1660336 bytes for Chunk::new
# Possible reasons:
#   The system is out of physical RAM or swap space
#   The process is running with CompressedOops enabled, and the Java Heap may be blocking the growth of the native heap
# Possible solutions:
#   Reduce memory load on the system
#   Increase physical memory or swap space
#   Check if swap backing store is full
#   Decrease Java heap size (-Xmx/-Xms)
#   Decrease number of Java threads
#   Decrease Java thread stack sizes (-Xss)
#   Set larger code cache with -XX:ReservedCodeCacheSize=
#   JVM is running with Unscaled Compressed Oops mode in which the Java heap is
#     placed in the first 4GB address space. The Java Heap base address is the
#     maximum limit for the native heap growth. Please use -XX:HeapBaseMinAddress
#     to set the Java Heap base and to place the Java Heap above 4GB virtual address.
# This output file may be truncated or incomplete.
#
#  Out of Memory Error (./open/src/hotspot/share/memory/arena.cpp:197), pid=7588, tid=10616
#
# JRE version: Java(TM) SE Runtime Environment 18.9 (11.0.10+8) (build 11.0.10+8-LTS-162)
# Java VM: Java HotSpot(TM) 64-Bit Server VM 18.9 (11.0.10+8-LTS-162, mixed mode, tiered, compressed oops, g1 gc, windows-amd64)
# No core dump will be written. Minidumps are not enabled by default on client versions of Windows
#

---------------  S U M M A R Y ------------

Command Line: --add-opens=java.base/java.util=ALL-UNNAMED --add-opens=java.base/java.lang=ALL-UNNAMED --add-opens=java.base/java.lang.invoke=ALL-UNNAMED --add-opens=java.base/java.util=ALL-UNNAMED --add-opens=java.prefs/java.util.prefs=ALL-UNNAMED --add-opens=java.prefs/java.util.prefs=ALL-UNNAMED --add-opens=java.base/java.nio.charset=ALL-UNNAMED --add-opens=java.base/java.net=ALL-UNNAMED --add-opens=java.base/java.util.concurrent.atomic=ALL-UNNAMED -XX:MaxMetaspaceSize=256m -XX:+HeapDumpOnOutOfMemoryError -Xms256m -Xmx512m -Dfile.encoding=windows-1252 -Duser.country=BR -Duser.language=pt -Duser.variant org.gradle.launcher.daemon.bootstrap.GradleDaemon 7.4.2

Host: Intel(R) Core(TM) i5-3470 CPU @ 3.20GHz, 4 cores, 9G,  Windows 10 , 64 bit Build 19041 (10.0.19041.1706)
Time: Sun Jun  5 17:38:03 2022 Hora oficial do Brasil elapsed time: 8.698961 seconds (0d 0h 0m 8s)

---------------  T H R E A D  ---------------

Current thread (0x000001ae4327f800):  JavaThread "C2 CompilerThread0" daemon [_thread_in_native, id=10616, stack(0x0000003593b00000,0x0000003593c00000)]


Current CompileTask:
C2:   8699 4991       4       org.gradle.internal.service.DefaultServiceRegistry$OwnServices::getService (309 bytes)

Stack: [0x0000003593b00000,0x0000003593c00000]
Native frames: (J=compiled Java code, j=interpreted, Vv=VM code, C=native code)
V  [jvm.dll+0x613e6a]
V  [jvm.dll+0x74c1ff]
V  [jvm.dll+0x74d885]
V  [jvm.dll+0x74df03]
V  [jvm.dll+0x243b78]
V  [jvm.dll+0xba2cc]
V  [jvm.dll+0xba9cc]
V  [jvm.dll+0x3469c7]
V  [jvm.dll+0x3147d3]
V  [jvm.dll+0x313b1a]
V  [jvm.dll+0x1fd395]
V  [jvm.dll+0x1fc54f]
V  [jvm.dll+0x17f09c]
V  [jvm.dll+0x20bbd4]
V  [jvm.dll+0x209cab]
V  [jvm.dll+0x713619]
V  [jvm.dll+0x70c314]
V  [jvm.dll+0x613036]
C  [ucrtbase.dll+0x21bb2]
C  [KERNEL32.DLL+0x17034]
C  [ntdll.dll+0x52651]


---------------  P R O C E S S  ---------------

Threads class SMR info:
_java_thread_list=0x000001ae4942fde0, length=80, elements={
0x000001ae27d3d000, 0x000001ae429f3000, 0x000001ae429f4800, 0x000001ae4327c000,
0x000001ae4327e000, 0x000001ae4327f800, 0x000001ae43282800, 0x000001ae43287000,
0x000001ae433e9800, 0x000001ae4340c000, 0x000001ae44761800, 0x000001ae4468e000,
0x000001ae45c3d800, 0x000001ae45e77000, 0x000001ae45302000, 0x000001ae45990800,
0x000001ae45621000, 0x000001ae4536b800, 0x000001ae4589e000, 0x000001ae446c4000,
0x000001ae46078000, 0x000001ae46077800, 0x000001ae46076800, 0x000001ae46079000,
0x000001ae456de000, 0x000001ae4561f800, 0x000001ae456dd000, 0x000001ae456db800,
0x000001ae456dc800, 0x000001ae456d8800, 0x000001ae456df000, 0x000001ae456da000,
0x000001ae456e0800, 0x000001ae456da800, 0x000001ae456e5800, 0x000001ae456e3800,
0x000001ae456e4800, 0x000001ae456e1800, 0x000001ae456e6000, 0x000001ae456e2000,
0x000001ae456e7000, 0x000001ae456e3000, 0x000001ae46dac000, 0x000001ae46da7000,
0x000001ae46da6800, 0x000001ae46dad000, 0x000001ae46da8000, 0x000001ae46da8800,
0x000001ae46da9800, 0x000001ae46daa800, 0x000001ae46dab000, 0x000001ae46dbf800,
0x000001ae46dc0800, 0x000001ae46dc1000, 0x000001ae46dc2000, 0x000001ae46dc2800,
0x000001ae46dbd000, 0x000001ae46dc3800, 0x000001ae46dbe800, 0x000001ae46dbe000,
0x000001ae46dc9000, 0x000001ae46dc6000, 0x000001ae46dc7000, 0x000001ae46dca000,
0x000001ae46dc5000, 0x000001ae46dc8800, 0x000001ae46dc4800, 0x000001ae46dc7800,
0x000001ae46dcb000, 0x000001ae46dcb800, 0x000001ae48f6c000, 0x000001ae48f66800,
0x000001ae48f68800, 0x000001ae48f67000, 0x000001ae48f6d000, 0x000001ae48f69800,
0x000001ae48f6d800, 0x000001ae48f6a800, 0x000001ae48f68000, 0x000001ae48f6b000
}

Java Threads: ( => current thread )
  0x000001ae27d3d000 JavaThread "main" [_thread_blocked, id=15480, stack(0x0000003593000000,0x0000003593100000)]
  0x000001ae429f3000 JavaThread "Reference Handler" daemon [_thread_blocked, id=10808, stack(0x0000003593700000,0x0000003593800000)]
  0x000001ae429f4800 JavaThread "Finalizer" daemon [_thread_blocked, id=11104, stack(0x0000003593800000,0x0000003593900000)]
  0x000001ae4327c000 JavaThread "Signal Dispatcher" daemon [_thread_blocked, id=16616, stack(0x0000003593900000,0x0000003593a00000)]
  0x000001ae4327e000 JavaThread "Attach Listener" daemon [_thread_blocked, id=10020, stack(0x0000003593a00000,0x0000003593b00000)]
=>0x000001ae4327f800 JavaThread "C2 CompilerThread0" daemon [_thread_in_native, id=10616, stack(0x0000003593b00000,0x0000003593c00000)]
  0x000001ae43282800 JavaThread "C1 CompilerThread0" daemon [_thread_blocked, id=6148, stack(0x0000003593c00000,0x0000003593d00000)]
  0x000001ae43287000 JavaThread "Sweeper thread" daemon [_thread_blocked, id=1348, stack(0x0000003593d00000,0x0000003593e00000)]
  0x000001ae433e9800 JavaThread "Common-Cleaner" daemon [_thread_blocked, id=5960, stack(0x0000003593e00000,0x0000003593f00000)]
  0x000001ae4340c000 JavaThread "Service Thread" daemon [_thread_blocked, id=4312, stack(0x0000003593f00000,0x0000003594000000)]
  0x000001ae44761800 JavaThread "Daemon health stats" [_thread_blocked, id=14328, stack(0x0000003594500000,0x0000003594600000)]
  0x000001ae4468e000 JavaThread "Incoming local TCP Connector on port 62364" [_thread_in_native, id=13792, stack(0x0000003594100000,0x0000003594200000)]
  0x000001ae45c3d800 JavaThread "Daemon periodic checks" [_thread_blocked, id=14232, stack(0x0000003594600000,0x0000003594700000)]
  0x000001ae45e77000 JavaThread "Daemon" [_thread_blocked, id=10632, stack(0x0000003594700000,0x0000003594800000)]
  0x000001ae45302000 JavaThread "Handler for socket connection from /127.0.0.1:62364 to /127.0.0.1:62365" [_thread_in_native, id=14940, stack(0x0000003594800000,0x0000003594900000)]
  0x000001ae45990800 JavaThread "Cancel handler" [_thread_blocked, id=1068, stack(0x0000003594900000,0x0000003594a00000)]
  0x000001ae45621000 JavaThread "Daemon worker" [_thread_in_Java, id=1896, stack(0x0000003594a00000,0x0000003594b00000)]
  0x000001ae4536b800 JavaThread "Asynchronous log dispatcher for DefaultDaemonConnection: socket connection from /127.0.0.1:62364 to /127.0.0.1:62365" [_thread_blocked, id=7400, stack(0x0000003594b00000,0x0000003594c00000)]
  0x000001ae4589e000 JavaThread "Stdin handler" [_thread_blocked, id=3392, stack(0x0000003594c00000,0x0000003594d00000)]
  0x000001ae446c4000 JavaThread "Daemon client event forwarder" [_thread_blocked, id=6096, stack(0x0000003594d00000,0x0000003594e00000)]
  0x000001ae46078000 JavaThread "Cache worker for journal cache (C:\Users\henna\.gradle\caches\journal-1)" [_thread_blocked, id=7328, stack(0x0000003594e00000,0x0000003594f00000)]
  0x000001ae46077800 JavaThread "File lock request listener" [_thread_in_native, id=3144, stack(0x0000003594f00000,0x0000003595000000)]
  0x000001ae46076800 JavaThread "Cache worker for file hash cache (C:\Users\henna\.gradle\caches\7.4.2\fileHashes)" [_thread_blocked, id=648, stack(0x0000003595000000,0x0000003595100000)]
  0x000001ae46079000 JavaThread "File watcher server" daemon [_thread_in_native, id=17128, stack(0x0000003595100000,0x0000003595200000)]
  0x000001ae456de000 JavaThread "File watcher consumer" daemon [_thread_blocked, id=1912, stack(0x0000003595200000,0x0000003595300000)]
  0x000001ae4561f800 JavaThread "C2 CompilerThread1" daemon [_thread_blocked, id=16760, stack(0x0000003595300000,0x0000003595400000)]
  0x000001ae456dd000 JavaThread "Cache worker for checksums cache (C:\Users\henna\Downloads\tcc\datapublisher\datapublisher\.gradle\7.4.2\checksums)" [_thread_blocked, id=6532, stack(0x0000003595400000,0x0000003595500000)]
  0x000001ae456db800 JavaThread "Cache worker for cache directory md-rule (C:\Users\henna\.gradle\caches\7.4.2\md-rule)" [_thread_blocked, id=11868, stack(0x0000003595500000,0x0000003595600000)]
  0x000001ae456dc800 JavaThread "Cache worker for file hash cache (C:\Users\henna\Downloads\tcc\datapublisher\datapublisher\.gradle\7.4.2\fileHashes)" [_thread_blocked, id=9864, stack(0x0000003595600000,0x0000003595700000)]
  0x000001ae456d8800 JavaThread "Cache worker for cache directory md-supplier (C:\Users\henna\.gradle\caches\7.4.2\md-supplier)" [_thread_blocked, id=14948, stack(0x0000003595700000,0x0000003595800000)]
  0x000001ae456df000 JavaThread "Cache worker for execution history cache (C:\Users\henna\.gradle\caches\7.4.2\executionHistory)" [_thread_blocked, id=14756, stack(0x0000003595800000,0x0000003595900000)]
  0x000001ae456da000 JavaThread "Cache worker for kotlin-dsl (C:\Users\henna\.gradle\caches\7.4.2\kotlin-dsl)" [_thread_blocked, id=4260, stack(0x0000003595900000,0x0000003595a00000)]
  0x000001ae456e0800 JavaThread "jar transforms" [_thread_blocked, id=11272, stack(0x0000003595a00000,0x0000003595b00000)]
  0x000001ae456da800 JavaThread "Cache worker for dependencies-accessors (C:\Users\henna\Downloads\tcc\datapublisher\datapublisher\.gradle\7.4.2\dependencies-accessors)" [_thread_blocked, id=10156, stack(0x0000003595b00000,0x0000003595c00000)]
  0x000001ae456e5800 JavaThread "Cache worker for Build Output Cleanup Cache (C:\Users\henna\Downloads\tcc\datapublisher\datapublisher\.gradle\buildOutputCleanup)" [_thread_blocked, id=14652, stack(0x0000003595c00000,0x0000003595d00000)]
  0x000001ae456e3800 JavaThread "jar transforms Thread 2" [_thread_blocked, id=7284, stack(0x0000003595d00000,0x0000003595e00000)]
  0x000001ae456e4800 JavaThread "Unconstrained build operations" [_thread_blocked, id=12468, stack(0x0000003595e00000,0x0000003595f00000)]
  0x000001ae456e1800 JavaThread "Unconstrained build operations Thread 2" [_thread_blocked, id=15648, stack(0x0000003595f00000,0x0000003596000000)]
  0x000001ae456e6000 JavaThread "Unconstrained build operations Thread 3" [_thread_blocked, id=15308, stack(0x0000003596000000,0x0000003596100000)]
  0x000001ae456e2000 JavaThread "Unconstrained build operations Thread 4" [_thread_blocked, id=5812, stack(0x0000003596100000,0x0000003596200000)]
  0x000001ae456e7000 JavaThread "Unconstrained build operations Thread 5" [_thread_blocked, id=2984, stack(0x0000003596200000,0x0000003596300000)]
  0x000001ae456e3000 JavaThread "Unconstrained build operations Thread 6" [_thread_blocked, id=1300, stack(0x0000003596300000,0x0000003596400000)]
  0x000001ae46dac000 JavaThread "Unconstrained build operations Thread 7" [_thread_blocked, id=11028, stack(0x0000003596400000,0x0000003596500000)]
  0x000001ae46da7000 JavaThread "Unconstrained build operations Thread 8" [_thread_blocked, id=15272, stack(0x0000003596500000,0x0000003596600000)]
  0x000001ae46da6800 JavaThread "Unconstrained build operations Thread 9" [_thread_blocked, id=17268, stack(0x0000003596600000,0x0000003596700000)]
  0x000001ae46dad000 JavaThread "Unconstrained build operations Thread 10" [_thread_blocked, id=12056, stack(0x0000003596700000,0x0000003596800000)]
  0x000001ae46da8000 JavaThread "Unconstrained build operations Thread 11" [_thread_blocked, id=3936, stack(0x0000003596800000,0x0000003596900000)]
  0x000001ae46da8800 JavaThread "Unconstrained build operations Thread 12" [_thread_blocked, id=10016, stack(0x0000003596900000,0x0000003596a00000)]
  0x000001ae46da9800 JavaThread "Unconstrained build operations Thread 13" [_thread_blocked, id=17188, stack(0x0000003596a00000,0x0000003596b00000)]
  0x000001ae46daa800 JavaThread "Unconstrained build operations Thread 14" [_thread_blocked, id=9316, stack(0x0000003596b00000,0x0000003596c00000)]
  0x000001ae46dab000 JavaThread "Unconstrained build operations Thread 15" [_thread_blocked, id=16620, stack(0x0000003596c00000,0x0000003596d00000)]
  0x000001ae46dbf800 JavaThread "Unconstrained build operations Thread 16" [_thread_blocked, id=5888, stack(0x0000003596d00000,0x0000003596e00000)]
  0x000001ae46dc0800 JavaThread "Unconstrained build operations Thread 17" [_thread_blocked, id=6604, stack(0x0000003596e00000,0x0000003596f00000)]
  0x000001ae46dc1000 JavaThread "Unconstrained build operations Thread 18" [_thread_blocked, id=252, stack(0x0000003596f00000,0x0000003597000000)]
  0x000001ae46dc2000 JavaThread "Unconstrained build operations Thread 19" [_thread_blocked, id=3992, stack(0x0000003597000000,0x0000003597100000)]
  0x000001ae46dc2800 JavaThread "Unconstrained build operations Thread 20" [_thread_blocked, id=15728, stack(0x0000003597100000,0x0000003597200000)]
  0x000001ae46dbd000 JavaThread "Unconstrained build operations Thread 21" [_thread_blocked, id=15964, stack(0x0000003597200000,0x0000003597300000)]
  0x000001ae46dc3800 JavaThread "Unconstrained build operations Thread 22" [_thread_blocked, id=4948, stack(0x0000003597300000,0x0000003597400000)]
  0x000001ae46dbe800 JavaThread "Unconstrained build operations Thread 23" [_thread_blocked, id=7316, stack(0x0000003597400000,0x0000003597500000)]
  0x000001ae46dbe000 JavaThread "Unconstrained build operations Thread 24" [_thread_blocked, id=7060, stack(0x0000003597500000,0x0000003597600000)]
  0x000001ae46dc9000 JavaThread "Unconstrained build operations Thread 25" [_thread_blocked, id=16680, stack(0x0000003597600000,0x0000003597700000)]
  0x000001ae46dc6000 JavaThread "Unconstrained build operations Thread 26" [_thread_blocked, id=1664, stack(0x0000003597700000,0x0000003597800000)]
  0x000001ae46dc7000 JavaThread "Unconstrained build operations Thread 27" [_thread_blocked, id=5772, stack(0x0000003597800000,0x0000003597900000)]
  0x000001ae46dca000 JavaThread "Unconstrained build operations Thread 28" [_thread_blocked, id=212, stack(0x0000003597900000,0x0000003597a00000)]
  0x000001ae46dc5000 JavaThread "Unconstrained build operations Thread 29" [_thread_blocked, id=13488, stack(0x0000003597a00000,0x0000003597b00000)]
  0x000001ae46dc8800 JavaThread "Unconstrained build operations Thread 30" [_thread_blocked, id=13240, stack(0x0000003597b00000,0x0000003597c00000)]
  0x000001ae46dc4800 JavaThread "Unconstrained build operations Thread 31" [_thread_blocked, id=11320, stack(0x0000003597c00000,0x0000003597d00000)]
  0x000001ae46dc7800 JavaThread "Unconstrained build operations Thread 32" [_thread_blocked, id=1256, stack(0x0000003597d00000,0x0000003597e00000)]
  0x000001ae46dcb000 JavaThread "Unconstrained build operations Thread 33" [_thread_blocked, id=7844, stack(0x0000003597e00000,0x0000003597f00000)]
  0x000001ae46dcb800 JavaThread "Unconstrained build operations Thread 34" [_thread_blocked, id=12264, stack(0x0000003597f00000,0x0000003598000000)]
  0x000001ae48f6c000 JavaThread "Unconstrained build operations Thread 35" [_thread_blocked, id=9776, stack(0x0000003598000000,0x0000003598100000)]
  0x000001ae48f66800 JavaThread "Unconstrained build operations Thread 36" [_thread_blocked, id=8764, stack(0x0000003598100000,0x0000003598200000)]
  0x000001ae48f68800 JavaThread "Unconstrained build operations Thread 37" [_thread_blocked, id=14836, stack(0x0000003598200000,0x0000003598300000)]
  0x000001ae48f67000 JavaThread "Unconstrained build operations Thread 38" [_thread_blocked, id=9172, stack(0x0000003598300000,0x0000003598400000)]
  0x000001ae48f6d000 JavaThread "Unconstrained build operations Thread 39" [_thread_blocked, id=9604, stack(0x0000003598400000,0x0000003598500000)]
  0x000001ae48f69800 JavaThread "Unconstrained build operations Thread 40" [_thread_blocked, id=11248, stack(0x0000003598500000,0x0000003598600000)]
  0x000001ae48f6d800 JavaThread "jar transforms Thread 3" [_thread_blocked, id=5432, stack(0x0000003598600000,0x0000003598700000)]
  0x000001ae48f6a800 JavaThread "jar transforms Thread 4" [_thread_blocked, id=12296, stack(0x0000003598700000,0x0000003598800000)]
  0x000001ae48f68000 JavaThread "Cache worker for file content cache (C:\Users\henna\.gradle\caches\7.4.2\fileContent)" [_thread_blocked, id=7396, stack(0x0000003598800000,0x0000003598900000)]
  0x000001ae48f6b000 JavaThread "Memory manager" [_thread_blocked, id=16244, stack(0x0000003598900000,0x0000003598a00000)]

Other Threads:
  0x000001ae42a17800 VMThread "VM Thread" [stack: 0x0000003593600000,0x0000003593700000] [id=2380]
  0x000001ae4340d800 WatcherThread [stack: 0x0000003594000000,0x0000003594100000] [id=8124]
  0x000001ae27d53800 GCTaskThread "GC Thread#0" [stack: 0x0000003593100000,0x0000003593200000] [id=15808]
  0x000001ae43876800 GCTaskThread "GC Thread#1" [stack: 0x0000003594200000,0x0000003594300000] [id=3224]
  0x000001ae43835800 GCTaskThread "GC Thread#2" [stack: 0x0000003594300000,0x0000003594400000] [id=16844]
  0x000001ae43f1d800 GCTaskThread "GC Thread#3" [stack: 0x0000003594400000,0x0000003594500000] [id=13612]
  0x000001ae27d67000 ConcurrentGCThread "G1 Main Marker" [stack: 0x0000003593200000,0x0000003593300000] [id=14584]
  0x000001ae27d68800 ConcurrentGCThread "G1 Conc#0" [stack: 0x0000003593300000,0x0000003593400000] [id=16168]
  0x000001ae27e1e000 ConcurrentGCThread "G1 Refine#0" [stack: 0x0000003593400000,0x0000003593500000] [id=12664]
  0x000001ae42888800 ConcurrentGCThread "G1 Young RemSet Sampling" [stack: 0x0000003593500000,0x0000003593600000] [id=9860]

Threads with active compile tasks:
C2 CompilerThread0   8789 4991       4       org.gradle.internal.service.DefaultServiceRegistry$OwnServices::getService (309 bytes)

VM state:not at safepoint (normal execution)

VM Mutex/Monitor currently owned by a thread: None

Heap address: 0x00000000e0000000, size: 512 MB, Compressed Oops mode: 32-bit
Narrow klass base: 0x0000000000000000, Narrow klass shift: 3
Compressed class space size: 260046848 Address: 0x0000000100000000

Heap:
 garbage-first heap   total 262144K, used 155240K [0x00000000e0000000, 0x0000000100000000)
  region size 1024K, 131 young (134144K), 12 survivors (12288K)
 Metaspace       used 52332K, capacity 53714K, committed 53968K, reserved 301056K
  class space    used 6847K, capacity 7410K, committed 7424K, reserved 253952K
Heap Regions: E=young(eden), S=young(survivor), O=old, HS=humongous(starts), HC=humongous(continues), CS=collection set, F=free, A=archive, TAMS=top-at-mark-start (previous, next)
|   0|0x00000000e0000000, 0x00000000e0100000, 0x00000000e0100000|100%|HS|  |TAMS 0x00000000e0100000, 0x00000000e0000000| Complete 
|   1|0x00000000e0100000, 0x00000000e0200000, 0x00000000e0200000|100%|HC|  |TAMS 0x00000000e0200000, 0x00000000e0100000| Complete 
|   2|0x00000000e0200000, 0x00000000e0300000, 0x00000000e0300000|100%|HC|  |TAMS 0x00000000e0300000, 0x00000000e0200000| Complete 
|   3|0x00000000e0300000, 0x00000000e0400000, 0x00000000e0400000|100%| O|  |TAMS 0x00000000e0400000, 0x00000000e0300000| Untracked 
|   4|0x00000000e0400000, 0x00000000e0500000, 0x00000000e0500000|100%| O|  |TAMS 0x00000000e0500000, 0x00000000e0400000| Untracked 
|   5|0x00000000e0500000, 0x00000000e0600000, 0x00000000e0600000|100%| O|  |TAMS 0x00000000e0600000, 0x00000000e0500000| Untracked 
|   6|0x00000000e0600000, 0x00000000e0700000, 0x00000000e0700000|100%| O|  |TAMS 0x00000000e0700000, 0x00000000e0600000| Untracked 
|   7|0x00000000e0700000, 0x00000000e0800000, 0x00000000e0800000|100%| O|  |TAMS 0x00000000e0800000, 0x00000000e0700000| Untracked 
|   8|0x00000000e0800000, 0x00000000e0900000, 0x00000000e0900000|100%| O|  |TAMS 0x00000000e0900000, 0x00000000e0800000| Untracked 
|   9|0x00000000e0900000, 0x00000000e0a00000, 0x00000000e0a00000|100%| O|  |TAMS 0x00000000e0a00000, 0x00000000e0900000| Untracked 
|  10|0x00000000e0a00000, 0x00000000e0b00000, 0x00000000e0b00000|100%| O|  |TAMS 0x00000000e0b00000, 0x00000000e0a00000| Untracked 
|  11|0x00000000e0b00000, 0x00000000e0c00000, 0x00000000e0c00000|100%| O|  |TAMS 0x00000000e0c00000, 0x00000000e0b00000| Untracked 
|  12|0x00000000e0c00000, 0x00000000e0d00000, 0x00000000e0d00000|100%| O|  |TAMS 0x00000000e0d00000, 0x00000000e0c00000| Untracked 
|  13|0x00000000e0d00000, 0x00000000e0e00000, 0x00000000e0e00000|100%| O|  |TAMS 0x00000000e0e00000, 0x00000000e0d00000| Untracked 
|  14|0x00000000e0e00000, 0x00000000e0f00000, 0x00000000e0f00000|100%| O|  |TAMS 0x00000000e0f00000, 0x00000000e0e00000| Untracked 
|  15|0x00000000e0f00000, 0x00000000e0fd1e00, 0x00000000e1000000| 81%| O|  |TAMS 0x00000000e0fd1e00, 0x00000000e0f00000| Untracked 
|  16|0x00000000e1000000, 0x00000000e1100000, 0x00000000e1100000|100%|HS|  |TAMS 0x00000000e1000000, 0x00000000e1000000| Complete 
|  17|0x00000000e1100000, 0x00000000e1200000, 0x00000000e1200000|100%|HS|  |TAMS 0x00000000e1100000, 0x00000000e1100000| Complete 
|  18|0x00000000e1200000, 0x00000000e1300000, 0x00000000e1300000|100%|HC|  |TAMS 0x00000000e1200000, 0x00000000e1200000| Complete 
|  19|0x00000000e1300000, 0x00000000e1400000, 0x00000000e1400000|100%|HC|  |TAMS 0x00000000e1300000, 0x00000000e1300000| Complete 
|  20|0x00000000e1400000, 0x00000000e1500000, 0x00000000e1500000|100%|HS|  |TAMS 0x00000000e1400000, 0x00000000e1400000| Complete 
|  21|0x00000000e1500000, 0x00000000e1600000, 0x00000000e1600000|100%|HC|  |TAMS 0x00000000e1500000, 0x00000000e1500000| Complete 
|  22|0x00000000e1600000, 0x00000000e1700000, 0x00000000e1700000|100%|HC|  |TAMS 0x00000000e1600000, 0x00000000e1600000| Complete 
|  23|0x00000000e1700000, 0x00000000e1700000, 0x00000000e1800000|  0%| F|  |TAMS 0x00000000e1700000, 0x00000000e1700000| Untracked 
|  24|0x00000000e1800000, 0x00000000e1800000, 0x00000000e1900000|  0%| F|  |TAMS 0x00000000e1800000, 0x00000000e1800000| Untracked 
|  25|0x00000000e1900000, 0x00000000e1900000, 0x00000000e1a00000|  0%| F|  |TAMS 0x00000000e1900000, 0x00000000e1900000| Untracked 
|  26|0x00000000e1a00000, 0x00000000e1a00000, 0x00000000e1b00000|  0%| F|  |TAMS 0x00000000e1a00000, 0x00000000e1a00000| Untracked 
|  27|0x00000000e1b00000, 0x00000000e1b00000, 0x00000000e1c00000|  0%| F|  |TAMS 0x00000000e1b00000, 0x00000000e1b00000| Untracked 
|  28|0x00000000e1c00000, 0x00000000e1c00000, 0x00000000e1d00000|  0%| F|  |TAMS 0x00000000e1c00000, 0x00000000e1c00000| Untracked 
|  29|0x00000000e1d00000, 0x00000000e1d00000, 0x00000000e1e00000|  0%| F|  |TAMS 0x00000000e1d00000, 0x00000000e1d00000| Untracked 
|  30|0x00000000e1e00000, 0x00000000e1e00000, 0x00000000e1f00000|  0%| F|  |TAMS 0x00000000e1e00000, 0x00000000e1e00000| Untracked 
|  31|0x00000000e1f00000, 0x00000000e1f00000, 0x00000000e2000000|  0%| F|  |TAMS 0x00000000e1f00000, 0x00000000e1f00000| Untracked 
|  32|0x00000000e2000000, 0x00000000e2000000, 0x00000000e2100000|  0%| F|  |TAMS 0x00000000e2000000, 0x00000000e2000000| Untracked 
|  33|0x00000000e2100000, 0x00000000e2100000, 0x00000000e2200000|  0%| F|  |TAMS 0x00000000e2100000, 0x00000000e2100000| Untracked 
|  34|0x00000000e2200000, 0x00000000e2200000, 0x00000000e2300000|  0%| F|  |TAMS 0x00000000e2200000, 0x00000000e2200000| Untracked 
|  35|0x00000000e2300000, 0x00000000e2300000, 0x00000000e2400000|  0%| F|  |TAMS 0x00000000e2300000, 0x00000000e2300000| Untracked 
|  36|0x00000000e2400000, 0x00000000e2400000, 0x00000000e2500000|  0%| F|  |TAMS 0x00000000e2400000, 0x00000000e2400000| Untracked 
|  37|0x00000000e2500000, 0x00000000e2500000, 0x00000000e2600000|  0%| F|  |TAMS 0x00000000e2500000, 0x00000000e2500000| Untracked 
|  38|0x00000000e2600000, 0x00000000e2600000, 0x00000000e2700000|  0%| F|  |TAMS 0x00000000e2600000, 0x00000000e2600000| Untracked 
|  39|0x00000000e2700000, 0x00000000e2700000, 0x00000000e2800000|  0%| F|  |TAMS 0x00000000e2700000, 0x00000000e2700000| Untracked 
|  40|0x00000000e2800000, 0x00000000e2800000, 0x00000000e2900000|  0%| F|  |TAMS 0x00000000e2800000, 0x00000000e2800000| Untracked 
|  41|0x00000000e2900000, 0x00000000e2900000, 0x00000000e2a00000|  0%| F|  |TAMS 0x00000000e2900000, 0x00000000e2900000| Untracked 
|  42|0x00000000e2a00000, 0x00000000e2a00000, 0x00000000e2b00000|  0%| F|  |TAMS 0x00000000e2a00000, 0x00000000e2a00000| Untracked 
|  43|0x00000000e2b00000, 0x00000000e2b00000, 0x00000000e2c00000|  0%| F|  |TAMS 0x00000000e2b00000, 0x00000000e2b00000| Untracked 
|  44|0x00000000e2c00000, 0x00000000e2c00000, 0x00000000e2d00000|  0%| F|  |TAMS 0x00000000e2c00000, 0x00000000e2c00000| Untracked 
|  45|0x00000000e2d00000, 0x00000000e2d00000, 0x00000000e2e00000|  0%| F|  |TAMS 0x00000000e2d00000, 0x00000000e2d00000| Untracked 
|  46|0x00000000e2e00000, 0x00000000e2e00000, 0x00000000e2f00000|  0%| F|  |TAMS 0x00000000e2e00000, 0x00000000e2e00000| Untracked 
|  47|0x00000000e2f00000, 0x00000000e2f00000, 0x00000000e3000000|  0%| F|  |TAMS 0x00000000e2f00000, 0x00000000e2f00000| Untracked 
|  48|0x00000000e3000000, 0x00000000e3000000, 0x00000000e3100000|  0%| F|  |TAMS 0x00000000e3000000, 0x00000000e3000000| Untracked 
|  49|0x00000000e3100000, 0x00000000e3100000, 0x00000000e3200000|  0%| F|  |TAMS 0x00000000e3100000, 0x00000000e3100000| Untracked 
|  50|0x00000000e3200000, 0x00000000e3200000, 0x00000000e3300000|  0%| F|  |TAMS 0x00000000e3200000, 0x00000000e3200000| Untracked 
|  51|0x00000000e3300000, 0x00000000e3300000, 0x00000000e3400000|  0%| F|  |TAMS 0x00000000e3300000, 0x00000000e3300000| Untracked 
|  52|0x00000000e3400000, 0x00000000e3400000, 0x00000000e3500000|  0%| F|  |TAMS 0x00000000e3400000, 0x00000000e3400000| Untracked 
|  53|0x00000000e3500000, 0x00000000e3500000, 0x00000000e3600000|  0%| F|  |TAMS 0x00000000e3500000, 0x00000000e3500000| Untracked 
|  54|0x00000000e3600000, 0x00000000e3600000, 0x00000000e3700000|  0%| F|  |TAMS 0x00000000e3600000, 0x00000000e3600000| Untracked 
|  55|0x00000000e3700000, 0x00000000e3700000, 0x00000000e3800000|  0%| F|  |TAMS 0x00000000e3700000, 0x00000000e3700000| Untracked 
|  56|0x00000000e3800000, 0x00000000e3800000, 0x00000000e3900000|  0%| F|  |TAMS 0x00000000e3800000, 0x00000000e3800000| Untracked 
|  57|0x00000000e3900000, 0x00000000e3900000, 0x00000000e3a00000|  0%| F|  |TAMS 0x00000000e3900000, 0x00000000e3900000| Untracked 
|  58|0x00000000e3a00000, 0x00000000e3a00000, 0x00000000e3b00000|  0%| F|  |TAMS 0x00000000e3a00000, 0x00000000e3a00000| Untracked 
|  59|0x00000000e3b00000, 0x00000000e3b00000, 0x00000000e3c00000|  0%| F|  |TAMS 0x00000000e3b00000, 0x00000000e3b00000| Untracked 
|  60|0x00000000e3c00000, 0x00000000e3c00000, 0x00000000e3d00000|  0%| F|  |TAMS 0x00000000e3c00000, 0x00000000e3c00000| Untracked 
|  61|0x00000000e3d00000, 0x00000000e3d00000, 0x00000000e3e00000|  0%| F|  |TAMS 0x00000000e3d00000, 0x00000000e3d00000| Untracked 
|  62|0x00000000e3e00000, 0x00000000e3e00000, 0x00000000e3f00000|  0%| F|  |TAMS 0x00000000e3e00000, 0x00000000e3e00000| Untracked 
|  63|0x00000000e3f00000, 0x00000000e3f00000, 0x00000000e4000000|  0%| F|  |TAMS 0x00000000e3f00000, 0x00000000e3f00000| Untracked 
|  64|0x00000000e4000000, 0x00000000e4000000, 0x00000000e4100000|  0%| F|  |TAMS 0x00000000e4000000, 0x00000000e4000000| Untracked 
|  65|0x00000000e4100000, 0x00000000e4100000, 0x00000000e4200000|  0%| F|  |TAMS 0x00000000e4100000, 0x00000000e4100000| Untracked 
|  66|0x00000000e4200000, 0x00000000e4200000, 0x00000000e4300000|  0%| F|  |TAMS 0x00000000e4200000, 0x00000000e4200000| Untracked 
|  67|0x00000000e4300000, 0x00000000e4300000, 0x00000000e4400000|  0%| F|  |TAMS 0x00000000e4300000, 0x00000000e4300000| Untracked 
|  68|0x00000000e4400000, 0x00000000e4400000, 0x00000000e4500000|  0%| F|  |TAMS 0x00000000e4400000, 0x00000000e4400000| Untracked 
|  69|0x00000000e4500000, 0x00000000e4500000, 0x00000000e4600000|  0%| F|  |TAMS 0x00000000e4500000, 0x00000000e4500000| Untracked 
|  70|0x00000000e4600000, 0x00000000e4600000, 0x00000000e4700000|  0%| F|  |TAMS 0x00000000e4600000, 0x00000000e4600000| Untracked 
|  71|0x00000000e4700000, 0x00000000e4700000, 0x00000000e4800000|  0%| F|  |TAMS 0x00000000e4700000, 0x00000000e4700000| Untracked 
|  72|0x00000000e4800000, 0x00000000e4800000, 0x00000000e4900000|  0%| F|  |TAMS 0x00000000e4800000, 0x00000000e4800000| Untracked 
|  73|0x00000000e4900000, 0x00000000e4900000, 0x00000000e4a00000|  0%| F|  |TAMS 0x00000000e4900000, 0x00000000e4900000| Untracked 
|  74|0x00000000e4a00000, 0x00000000e4a00000, 0x00000000e4b00000|  0%| F|  |TAMS 0x00000000e4a00000, 0x00000000e4a00000| Untracked 
|  75|0x00000000e4b00000, 0x00000000e4b00000, 0x00000000e4c00000|  0%| F|  |TAMS 0x00000000e4b00000, 0x00000000e4b00000| Untracked 
|  76|0x00000000e4c00000, 0x00000000e4c00000, 0x00000000e4d00000|  0%| F|  |TAMS 0x00000000e4c00000, 0x00000000e4c00000| Untracked 
|  77|0x00000000e4d00000, 0x00000000e4d00000, 0x00000000e4e00000|  0%| F|  |TAMS 0x00000000e4d00000, 0x00000000e4d00000| Untracked 
|  78|0x00000000e4e00000, 0x00000000e4e00000, 0x00000000e4f00000|  0%| F|  |TAMS 0x00000000e4e00000, 0x00000000e4e00000| Untracked 
|  79|0x00000000e4f00000, 0x00000000e4f00000, 0x00000000e5000000|  0%| F|  |TAMS 0x00000000e4f00000, 0x00000000e4f00000| Untracked 
|  80|0x00000000e5000000, 0x00000000e5000000, 0x00000000e5100000|  0%| F|  |TAMS 0x00000000e5000000, 0x00000000e5000000| Untracked 
|  81|0x00000000e5100000, 0x00000000e5100000, 0x00000000e5200000|  0%| F|  |TAMS 0x00000000e5100000, 0x00000000e5100000| Untracked 
|  82|0x00000000e5200000, 0x00000000e5200000, 0x00000000e5300000|  0%| F|  |TAMS 0x00000000e5200000, 0x00000000e5200000| Untracked 
|  83|0x00000000e5300000, 0x00000000e5300000, 0x00000000e5400000|  0%| F|  |TAMS 0x00000000e5300000, 0x00000000e5300000| Untracked 
|  84|0x00000000e5400000, 0x00000000e5400000, 0x00000000e5500000|  0%| F|  |TAMS 0x00000000e5400000, 0x00000000e5400000| Untracked 
|  85|0x00000000e5500000, 0x00000000e5500000, 0x00000000e5600000|  0%| F|  |TAMS 0x00000000e5500000, 0x00000000e5500000| Untracked 
|  86|0x00000000e5600000, 0x00000000e5600000, 0x00000000e5700000|  0%| F|  |TAMS 0x00000000e5600000, 0x00000000e5600000| Untracked 
|  87|0x00000000e5700000, 0x00000000e5700000, 0x00000000e5800000|  0%| F|  |TAMS 0x00000000e5700000, 0x00000000e5700000| Untracked 
|  88|0x00000000e5800000, 0x00000000e5800000, 0x00000000e5900000|  0%| F|  |TAMS 0x00000000e5800000, 0x00000000e5800000| Untracked 
|  89|0x00000000e5900000, 0x00000000e5900000, 0x00000000e5a00000|  0%| F|  |TAMS 0x00000000e5900000, 0x00000000e5900000| Untracked 
|  90|0x00000000e5a00000, 0x00000000e5a00000, 0x00000000e5b00000|  0%| F|  |TAMS 0x00000000e5a00000, 0x00000000e5a00000| Untracked 
|  91|0x00000000e5b00000, 0x00000000e5b00000, 0x00000000e5c00000|  0%| F|  |TAMS 0x00000000e5b00000, 0x00000000e5b00000| Untracked 
|  92|0x00000000e5c00000, 0x00000000e5c00000, 0x00000000e5d00000|  0%| F|  |TAMS 0x00000000e5c00000, 0x00000000e5c00000| Untracked 
|  93|0x00000000e5d00000, 0x00000000e5d00000, 0x00000000e5e00000|  0%| F|  |TAMS 0x00000000e5d00000, 0x00000000e5d00000| Untracked 
|  94|0x00000000e5e00000, 0x00000000e5e00000, 0x00000000e5f00000|  0%| F|  |TAMS 0x00000000e5e00000, 0x00000000e5e00000| Untracked 
|  95|0x00000000e5f00000, 0x00000000e5f00000, 0x00000000e6000000|  0%| F|  |TAMS 0x00000000e5f00000, 0x00000000e5f00000| Untracked 
|  96|0x00000000e6000000, 0x00000000e6000000, 0x00000000e6100000|  0%| F|  |TAMS 0x00000000e6000000, 0x00000000e6000000| Untracked 
|  97|0x00000000e6100000, 0x00000000e6100000, 0x00000000e6200000|  0%| F|  |TAMS 0x00000000e6100000, 0x00000000e6100000| Untracked 
|  98|0x00000000e6200000, 0x00000000e6200000, 0x00000000e6300000|  0%| F|  |TAMS 0x00000000e6200000, 0x00000000e6200000| Untracked 
|  99|0x00000000e6300000, 0x00000000e6300000, 0x00000000e6400000|  0%| F|  |TAMS 0x00000000e6300000, 0x00000000e6300000| Untracked 
| 100|0x00000000e6400000, 0x00000000e6400000, 0x00000000e6500000|  0%| F|  |TAMS 0x00000000e6400000, 0x00000000e6400000| Untracked 
| 101|0x00000000e6500000, 0x00000000e6500000, 0x00000000e6600000|  0%| F|  |TAMS 0x00000000e6500000, 0x00000000e6500000| Untracked 
| 102|0x00000000e6600000, 0x00000000e6600000, 0x00000000e6700000|  0%| F|  |TAMS 0x00000000e6600000, 0x00000000e6600000| Untracked 
| 103|0x00000000e6700000, 0x00000000e6700000, 0x00000000e6800000|  0%| F|  |TAMS 0x00000000e6700000, 0x00000000e6700000| Untracked 
| 104|0x00000000e6800000, 0x00000000e6800000, 0x00000000e6900000|  0%| F|  |TAMS 0x00000000e6800000, 0x00000000e6800000| Untracked 
| 105|0x00000000e6900000, 0x00000000e6900000, 0x00000000e6a00000|  0%| F|  |TAMS 0x00000000e6900000, 0x00000000e6900000| Untracked 
| 106|0x00000000e6a00000, 0x00000000e6a00000, 0x00000000e6b00000|  0%| F|  |TAMS 0x00000000e6a00000, 0x00000000e6a00000| Untracked 
| 107|0x00000000e6b00000, 0x00000000e6b00000, 0x00000000e6c00000|  0%| F|  |TAMS 0x00000000e6b00000, 0x00000000e6b00000| Untracked 
| 108|0x00000000e6c00000, 0x00000000e6c00000, 0x00000000e6d00000|  0%| F|  |TAMS 0x00000000e6c00000, 0x00000000e6c00000| Untracked 
| 109|0x00000000e6d00000, 0x00000000e6d00000, 0x00000000e6e00000|  0%| F|  |TAMS 0x00000000e6d00000, 0x00000000e6d00000| Untracked 
| 110|0x00000000e6e00000, 0x00000000e6e00000, 0x00000000e6f00000|  0%| F|  |TAMS 0x00000000e6e00000, 0x00000000e6e00000| Untracked 
| 111|0x00000000e6f00000, 0x00000000e6f00000, 0x00000000e7000000|  0%| F|  |TAMS 0x00000000e6f00000, 0x00000000e6f00000| Untracked 
| 112|0x00000000e7000000, 0x00000000e7000000, 0x00000000e7100000|  0%| F|  |TAMS 0x00000000e7000000, 0x00000000e7000000| Untracked 
| 113|0x00000000e7100000, 0x00000000e7100000, 0x00000000e7200000|  0%| F|  |TAMS 0x00000000e7100000, 0x00000000e7100000| Untracked 
| 114|0x00000000e7200000, 0x00000000e7200000, 0x00000000e7300000|  0%| F|  |TAMS 0x00000000e7200000, 0x00000000e7200000| Untracked 
| 115|0x00000000e7300000, 0x00000000e7300000, 0x00000000e7400000|  0%| F|  |TAMS 0x00000000e7300000, 0x00000000e7300000| Untracked 
| 116|0x00000000e7400000, 0x00000000e7400000, 0x00000000e7500000|  0%| F|  |TAMS 0x00000000e7400000, 0x00000000e7400000| Untracked 
| 117|0x00000000e7500000, 0x00000000e7500000, 0x00000000e7600000|  0%| F|  |TAMS 0x00000000e7500000, 0x00000000e7500000| Untracked 
| 118|0x00000000e7600000, 0x00000000e7600000, 0x00000000e7700000|  0%| F|  |TAMS 0x00000000e7600000, 0x00000000e7600000| Untracked 
| 119|0x00000000e7700000, 0x00000000e7700000, 0x00000000e7800000|  0%| F|  |TAMS 0x00000000e7700000, 0x00000000e7700000| Untracked 
| 120|0x00000000e7800000, 0x00000000e7800000, 0x00000000e7900000|  0%| F|  |TAMS 0x00000000e7800000, 0x00000000e7800000| Untracked 
| 121|0x00000000e7900000, 0x00000000e7900000, 0x00000000e7a00000|  0%| F|  |TAMS 0x00000000e7900000, 0x00000000e7900000| Untracked 
| 122|0x00000000e7a00000, 0x00000000e7a00000, 0x00000000e7b00000|  0%| F|  |TAMS 0x00000000e7a00000, 0x00000000e7a00000| Untracked 
| 123|0x00000000e7b00000, 0x00000000e7b00000, 0x00000000e7c00000|  0%| F|  |TAMS 0x00000000e7b00000, 0x00000000e7b00000| Untracked 
| 124|0x00000000e7c00000, 0x00000000e7c80800, 0x00000000e7d00000| 50%| E|  |TAMS 0x00000000e7c00000, 0x00000000e7c00000| Complete 
| 125|0x00000000e7d00000, 0x00000000e7e00000, 0x00000000e7e00000|100%| E|CS|TAMS 0x00000000e7d00000, 0x00000000e7d00000| Complete 
| 126|0x00000000e7e00000, 0x00000000e7f00000, 0x00000000e7f00000|100%| E|CS|TAMS 0x00000000e7e00000, 0x00000000e7e00000| Complete 
| 127|0x00000000e7f00000, 0x00000000e8000000, 0x00000000e8000000|100%| E|CS|TAMS 0x00000000e7f00000, 0x00000000e7f00000| Complete 
| 128|0x00000000e8000000, 0x00000000e8100000, 0x00000000e8100000|100%| E|CS|TAMS 0x00000000e8000000, 0x00000000e8000000| Complete 
| 129|0x00000000e8100000, 0x00000000e8200000, 0x00000000e8200000|100%| E|CS|TAMS 0x00000000e8100000, 0x00000000e8100000| Complete 
| 130|0x00000000e8200000, 0x00000000e8300000, 0x00000000e8300000|100%| E|CS|TAMS 0x00000000e8200000, 0x00000000e8200000| Complete 
| 131|0x00000000e8300000, 0x00000000e8400000, 0x00000000e8400000|100%| E|CS|TAMS 0x00000000e8300000, 0x00000000e8300000| Complete 
| 132|0x00000000e8400000, 0x00000000e8500000, 0x00000000e8500000|100%| E|CS|TAMS 0x00000000e8400000, 0x00000000e8400000| Complete 
| 133|0x00000000e8500000, 0x00000000e8600000, 0x00000000e8600000|100%| E|CS|TAMS 0x00000000e8500000, 0x00000000e8500000| Complete 
| 134|0x00000000e8600000, 0x00000000e8700000, 0x00000000e8700000|100%| E|CS|TAMS 0x00000000e8600000, 0x00000000e8600000| Complete 
| 135|0x00000000e8700000, 0x00000000e8800000, 0x00000000e8800000|100%| E|CS|TAMS 0x00000000e8700000, 0x00000000e8700000| Complete 
| 136|0x00000000e8800000, 0x00000000e8900000, 0x00000000e8900000|100%| E|CS|TAMS 0x00000000e8800000, 0x00000000e8800000| Complete 
| 137|0x00000000e8900000, 0x00000000e8a00000, 0x00000000e8a00000|100%| E|CS|TAMS 0x00000000e8900000, 0x00000000e8900000| Complete 
| 138|0x00000000e8a00000, 0x00000000e8b00000, 0x00000000e8b00000|100%| E|CS|TAMS 0x00000000e8a00000, 0x00000000e8a00000| Complete 
| 139|0x00000000e8b00000, 0x00000000e8c00000, 0x00000000e8c00000|100%| E|CS|TAMS 0x00000000e8b00000, 0x00000000e8b00000| Complete 
| 140|0x00000000e8c00000, 0x00000000e8d00000, 0x00000000e8d00000|100%| E|CS|TAMS 0x00000000e8c00000, 0x00000000e8c00000| Complete 
| 141|0x00000000e8d00000, 0x00000000e8e00000, 0x00000000e8e00000|100%| E|CS|TAMS 0x00000000e8d00000, 0x00000000e8d00000| Complete 
| 142|0x00000000e8e00000, 0x00000000e8f00000, 0x00000000e8f00000|100%| E|CS|TAMS 0x00000000e8e00000, 0x00000000e8e00000| Complete 
| 143|0x00000000e8f00000, 0x00000000e8fc85c8, 0x00000000e9000000| 78%| S|CS|TAMS 0x00000000e8f00000, 0x00000000e8f00000| Complete 
| 144|0x00000000e9000000, 0x00000000e9100000, 0x00000000e9100000|100%| S|CS|TAMS 0x00000000e9000000, 0x00000000e9000000| Complete 
| 145|0x00000000e9100000, 0x00000000e9200000, 0x00000000e9200000|100%| S|CS|TAMS 0x00000000e9100000, 0x00000000e9100000| Complete 
| 146|0x00000000e9200000, 0x00000000e9300000, 0x00000000e9300000|100%| S|CS|TAMS 0x00000000e9200000, 0x00000000e9200000| Complete 
| 147|0x00000000e9300000, 0x00000000e9400000, 0x00000000e9400000|100%| S|CS|TAMS 0x00000000e9300000, 0x00000000e9300000| Complete 
| 148|0x00000000e9400000, 0x00000000e9500000, 0x00000000e9500000|100%| S|CS|TAMS 0x00000000e9400000, 0x00000000e9400000| Complete 
| 149|0x00000000e9500000, 0x00000000e9600000, 0x00000000e9600000|100%| S|CS|TAMS 0x00000000e9500000, 0x00000000e9500000| Complete 
| 150|0x00000000e9600000, 0x00000000e9700000, 0x00000000e9700000|100%| S|CS|TAMS 0x00000000e9600000, 0x00000000e9600000| Complete 
| 151|0x00000000e9700000, 0x00000000e9800000, 0x00000000e9800000|100%| S|CS|TAMS 0x00000000e9700000, 0x00000000e9700000| Complete 
| 152|0x00000000e9800000, 0x00000000e9900000, 0x00000000e9900000|100%| S|CS|TAMS 0x00000000e9800000, 0x00000000e9800000| Complete 
| 153|0x00000000e9900000, 0x00000000e9a00000, 0x00000000e9a00000|100%| S|CS|TAMS 0x00000000e9900000, 0x00000000e9900000| Complete 
| 154|0x00000000e9a00000, 0x00000000e9b00000, 0x00000000e9b00000|100%| S|CS|TAMS 0x00000000e9a00000, 0x00000000e9a00000| Complete 
| 155|0x00000000e9b00000, 0x00000000e9c00000, 0x00000000e9c00000|100%| E|CS|TAMS 0x00000000e9b00000, 0x00000000e9b00000| Complete 
| 156|0x00000000e9c00000, 0x00000000e9d00000, 0x00000000e9d00000|100%| E|CS|TAMS 0x00000000e9c00000, 0x00000000e9c00000| Complete 
| 157|0x00000000e9d00000, 0x00000000e9e00000, 0x00000000e9e00000|100%| E|CS|TAMS 0x00000000e9d00000, 0x00000000e9d00000| Complete 
| 158|0x00000000e9e00000, 0x00000000e9f00000, 0x00000000e9f00000|100%| E|CS|TAMS 0x00000000e9e00000, 0x00000000e9e00000| Complete 
| 159|0x00000000e9f00000, 0x00000000ea000000, 0x00000000ea000000|100%| E|CS|TAMS 0x00000000e9f00000, 0x00000000e9f00000| Complete 
| 160|0x00000000ea000000, 0x00000000ea100000, 0x00000000ea100000|100%| E|CS|TAMS 0x00000000ea000000, 0x00000000ea000000| Complete 
| 161|0x00000000ea100000, 0x00000000ea200000, 0x00000000ea200000|100%| E|CS|TAMS 0x00000000ea100000, 0x00000000ea100000| Complete 
| 162|0x00000000ea200000, 0x00000000ea300000, 0x00000000ea300000|100%| E|CS|TAMS 0x00000000ea200000, 0x00000000ea200000| Complete 
| 163|0x00000000ea300000, 0x00000000ea400000, 0x00000000ea400000|100%| E|CS|TAMS 0x00000000ea300000, 0x00000000ea300000| Complete 
| 164|0x00000000ea400000, 0x00000000ea500000, 0x00000000ea500000|100%| E|CS|TAMS 0x00000000ea400000, 0x00000000ea400000| Complete 
| 165|0x00000000ea500000, 0x00000000ea600000, 0x00000000ea600000|100%| E|CS|TAMS 0x00000000ea500000, 0x00000000ea500000| Complete 
| 166|0x00000000ea600000, 0x00000000ea700000, 0x00000000ea700000|100%| E|CS|TAMS 0x00000000ea600000, 0x00000000ea600000| Complete 
| 167|0x00000000ea700000, 0x00000000ea800000, 0x00000000ea800000|100%| E|CS|TAMS 0x00000000ea700000, 0x00000000ea700000| Complete 
| 168|0x00000000ea800000, 0x00000000ea900000, 0x00000000ea900000|100%| E|CS|TAMS 0x00000000ea800000, 0x00000000ea800000| Complete 
| 169|0x00000000ea900000, 0x00000000eaa00000, 0x00000000eaa00000|100%| E|CS|TAMS 0x00000000ea900000, 0x00000000ea900000| Complete 
| 170|0x00000000eaa00000, 0x00000000eab00000, 0x00000000eab00000|100%| E|CS|TAMS 0x00000000eaa00000, 0x00000000eaa00000| Complete 
| 171|0x00000000eab00000, 0x00000000eac00000, 0x00000000eac00000|100%| E|CS|TAMS 0x00000000eab00000, 0x00000000eab00000| Complete 
| 172|0x00000000eac00000, 0x00000000ead00000, 0x00000000ead00000|100%| E|CS|TAMS 0x00000000eac00000, 0x00000000eac00000| Complete 
| 173|0x00000000ead00000, 0x00000000eae00000, 0x00000000eae00000|100%| E|CS|TAMS 0x00000000ead00000, 0x00000000ead00000| Complete 
| 174|0x00000000eae00000, 0x00000000eaf00000, 0x00000000eaf00000|100%| E|CS|TAMS 0x00000000eae00000, 0x00000000eae00000| Complete 
| 175|0x00000000eaf00000, 0x00000000eb000000, 0x00000000eb000000|100%| E|CS|TAMS 0x00000000eaf00000, 0x00000000eaf00000| Complete 
| 176|0x00000000eb000000, 0x00000000eb100000, 0x00000000eb100000|100%| E|CS|TAMS 0x00000000eb000000, 0x00000000eb000000| Complete 
| 177|0x00000000eb100000, 0x00000000eb200000, 0x00000000eb200000|100%| E|CS|TAMS 0x00000000eb100000, 0x00000000eb100000| Complete 
| 178|0x00000000eb200000, 0x00000000eb300000, 0x00000000eb300000|100%| E|CS|TAMS 0x00000000eb200000, 0x00000000eb200000| Complete 
| 179|0x00000000eb300000, 0x00000000eb400000, 0x00000000eb400000|100%| E|CS|TAMS 0x00000000eb300000, 0x00000000eb300000| Complete 
| 180|0x00000000eb400000, 0x00000000eb500000, 0x00000000eb500000|100%| E|CS|TAMS 0x00000000eb400000, 0x00000000eb400000| Complete 
| 181|0x00000000eb500000, 0x00000000eb600000, 0x00000000eb600000|100%| E|CS|TAMS 0x00000000eb500000, 0x00000000eb500000| Complete 
| 182|0x00000000eb600000, 0x00000000eb700000, 0x00000000eb700000|100%| E|  |TAMS 0x00000000eb600000, 0x00000000eb600000| Complete 
| 183|0x00000000eb700000, 0x00000000eb800000, 0x00000000eb800000|100%| E|CS|TAMS 0x00000000eb700000, 0x00000000eb700000| Complete 
| 184|0x00000000eb800000, 0x00000000eb900000, 0x00000000eb900000|100%| E|CS|TAMS 0x00000000eb800000, 0x00000000eb800000| Complete 
| 185|0x00000000eb900000, 0x00000000eba00000, 0x00000000eba00000|100%| E|CS|TAMS 0x00000000eb900000, 0x00000000eb900000| Complete 
| 186|0x00000000eba00000, 0x00000000ebb00000, 0x00000000ebb00000|100%| E|CS|TAMS 0x00000000eba00000, 0x00000000eba00000| Complete 
| 187|0x00000000ebb00000, 0x00000000ebc00000, 0x00000000ebc00000|100%| E|CS|TAMS 0x00000000ebb00000, 0x00000000ebb00000| Complete 
| 188|0x00000000ebc00000, 0x00000000ebd00000, 0x00000000ebd00000|100%| E|CS|TAMS 0x00000000ebc00000, 0x00000000ebc00000| Complete 
| 189|0x00000000ebd00000, 0x00000000ebe00000, 0x00000000ebe00000|100%| E|CS|TAMS 0x00000000ebd00000, 0x00000000ebd00000| Complete 
| 190|0x00000000ebe00000, 0x00000000ebf00000, 0x00000000ebf00000|100%| E|CS|TAMS 0x00000000ebe00000, 0x00000000ebe00000| Complete 
| 191|0x00000000ebf00000, 0x00000000ec000000, 0x00000000ec000000|100%| E|CS|TAMS 0x00000000ebf00000, 0x00000000ebf00000| Complete 
| 192|0x00000000ec000000, 0x00000000ec100000, 0x00000000ec100000|100%| E|CS|TAMS 0x00000000ec000000, 0x00000000ec000000| Complete 
| 193|0x00000000ec100000, 0x00000000ec200000, 0x00000000ec200000|100%| E|CS|TAMS 0x00000000ec100000, 0x00000000ec100000| Complete 
| 194|0x00000000ec200000, 0x00000000ec300000, 0x00000000ec300000|100%| E|CS|TAMS 0x00000000ec200000, 0x00000000ec200000| Complete 
| 195|0x00000000ec300000, 0x00000000ec400000, 0x00000000ec400000|100%| E|CS|TAMS 0x00000000ec300000, 0x00000000ec300000| Complete 
| 196|0x00000000ec400000, 0x00000000ec500000, 0x00000000ec500000|100%| E|CS|TAMS 0x00000000ec400000, 0x00000000ec400000| Complete 
| 197|0x00000000ec500000, 0x00000000ec600000, 0x00000000ec600000|100%| E|CS|TAMS 0x00000000ec500000, 0x00000000ec500000| Complete 
| 198|0x00000000ec600000, 0x00000000ec700000, 0x00000000ec700000|100%| E|CS|TAMS 0x00000000ec600000, 0x00000000ec600000| Complete 
| 199|0x00000000ec700000, 0x00000000ec800000, 0x00000000ec800000|100%| E|CS|TAMS 0x00000000ec700000, 0x00000000ec700000| Complete 
| 200|0x00000000ec800000, 0x00000000ec900000, 0x00000000ec900000|100%| E|CS|TAMS 0x00000000ec800000, 0x00000000ec800000| Complete 
| 201|0x00000000ec900000, 0x00000000eca00000, 0x00000000eca00000|100%| E|CS|TAMS 0x00000000ec900000, 0x00000000ec900000| Complete 
| 202|0x00000000eca00000, 0x00000000ecb00000, 0x00000000ecb00000|100%| E|CS|TAMS 0x00000000eca00000, 0x00000000eca00000| Complete 
| 203|0x00000000ecb00000, 0x00000000ecc00000, 0x00000000ecc00000|100%| E|CS|TAMS 0x00000000ecb00000, 0x00000000ecb00000| Complete 
| 204|0x00000000ecc00000, 0x00000000ecd00000, 0x00000000ecd00000|100%| E|CS|TAMS 0x00000000ecc00000, 0x00000000ecc00000| Complete 
| 205|0x00000000ecd00000, 0x00000000ece00000, 0x00000000ece00000|100%| E|CS|TAMS 0x00000000ecd00000, 0x00000000ecd00000| Complete 
| 206|0x00000000ece00000, 0x00000000ecf00000, 0x00000000ecf00000|100%| E|CS|TAMS 0x00000000ece00000, 0x00000000ece00000| Complete 
| 207|0x00000000ecf00000, 0x00000000ed000000, 0x00000000ed000000|100%| E|CS|TAMS 0x00000000ecf00000, 0x00000000ecf00000| Complete 
| 208|0x00000000ed000000, 0x00000000ed100000, 0x00000000ed100000|100%| E|CS|TAMS 0x00000000ed000000, 0x00000000ed000000| Complete 
| 209|0x00000000ed100000, 0x00000000ed200000, 0x00000000ed200000|100%| E|CS|TAMS 0x00000000ed100000, 0x00000000ed100000| Complete 
| 210|0x00000000ed200000, 0x00000000ed300000, 0x00000000ed300000|100%| E|CS|TAMS 0x00000000ed200000, 0x00000000ed200000| Complete 
| 211|0x00000000ed300000, 0x00000000ed400000, 0x00000000ed400000|100%| E|CS|TAMS 0x00000000ed300000, 0x00000000ed300000| Complete 
| 212|0x00000000ed400000, 0x00000000ed500000, 0x00000000ed500000|100%| E|CS|TAMS 0x00000000ed400000, 0x00000000ed400000| Complete 
| 213|0x00000000ed500000, 0x00000000ed600000, 0x00000000ed600000|100%| E|CS|TAMS 0x00000000ed500000, 0x00000000ed500000| Complete 
| 214|0x00000000ed600000, 0x00000000ed700000, 0x00000000ed700000|100%| E|CS|TAMS 0x00000000ed600000, 0x00000000ed600000| Complete 
| 215|0x00000000ed700000, 0x00000000ed800000, 0x00000000ed800000|100%| E|CS|TAMS 0x00000000ed700000, 0x00000000ed700000| Complete 
| 216|0x00000000ed800000, 0x00000000ed900000, 0x00000000ed900000|100%| E|CS|TAMS 0x00000000ed800000, 0x00000000ed800000| Complete 
| 217|0x00000000ed900000, 0x00000000eda00000, 0x00000000eda00000|100%| E|CS|TAMS 0x00000000ed900000, 0x00000000ed900000| Complete 
| 218|0x00000000eda00000, 0x00000000edb00000, 0x00000000edb00000|100%| E|CS|TAMS 0x00000000eda00000, 0x00000000eda00000| Complete 
| 219|0x00000000edb00000, 0x00000000edc00000, 0x00000000edc00000|100%| E|CS|TAMS 0x00000000edb00000, 0x00000000edb00000| Complete 
| 220|0x00000000edc00000, 0x00000000edd00000, 0x00000000edd00000|100%| E|CS|TAMS 0x00000000edc00000, 0x00000000edc00000| Complete 
| 221|0x00000000edd00000, 0x00000000ede00000, 0x00000000ede00000|100%| E|CS|TAMS 0x00000000edd00000, 0x00000000edd00000| Complete 
| 222|0x00000000ede00000, 0x00000000edf00000, 0x00000000edf00000|100%| E|CS|TAMS 0x00000000ede00000, 0x00000000ede00000| Complete 
| 223|0x00000000edf00000, 0x00000000ee000000, 0x00000000ee000000|100%| E|CS|TAMS 0x00000000edf00000, 0x00000000edf00000| Complete 
| 224|0x00000000ee000000, 0x00000000ee100000, 0x00000000ee100000|100%| E|CS|TAMS 0x00000000ee000000, 0x00000000ee000000| Complete 
| 225|0x00000000ee100000, 0x00000000ee200000, 0x00000000ee200000|100%| E|CS|TAMS 0x00000000ee100000, 0x00000000ee100000| Complete 
| 226|0x00000000ee200000, 0x00000000ee300000, 0x00000000ee300000|100%| E|CS|TAMS 0x00000000ee200000, 0x00000000ee200000| Complete 
| 227|0x00000000ee300000, 0x00000000ee400000, 0x00000000ee400000|100%| E|CS|TAMS 0x00000000ee300000, 0x00000000ee300000| Complete 
| 228|0x00000000ee400000, 0x00000000ee500000, 0x00000000ee500000|100%| E|CS|TAMS 0x00000000ee400000, 0x00000000ee400000| Complete 
| 229|0x00000000ee500000, 0x00000000ee600000, 0x00000000ee600000|100%| E|CS|TAMS 0x00000000ee500000, 0x00000000ee500000| Complete 
| 230|0x00000000ee600000, 0x00000000ee700000, 0x00000000ee700000|100%| E|CS|TAMS 0x00000000ee600000, 0x00000000ee600000| Complete 
| 231|0x00000000ee700000, 0x00000000ee800000, 0x00000000ee800000|100%| E|CS|TAMS 0x00000000ee700000, 0x00000000ee700000| Complete 
| 232|0x00000000ee800000, 0x00000000ee900000, 0x00000000ee900000|100%| E|CS|TAMS 0x00000000ee800000, 0x00000000ee800000| Complete 
| 233|0x00000000ee900000, 0x00000000eea00000, 0x00000000eea00000|100%| E|CS|TAMS 0x00000000ee900000, 0x00000000ee900000| Complete 
| 234|0x00000000eea00000, 0x00000000eeb00000, 0x00000000eeb00000|100%| E|CS|TAMS 0x00000000eea00000, 0x00000000eea00000| Complete 
| 235|0x00000000eeb00000, 0x00000000eec00000, 0x00000000eec00000|100%| E|CS|TAMS 0x00000000eeb00000, 0x00000000eeb00000| Complete 
| 236|0x00000000eec00000, 0x00000000eed00000, 0x00000000eed00000|100%| E|CS|TAMS 0x00000000eec00000, 0x00000000eec00000| Complete 
| 237|0x00000000eed00000, 0x00000000eee00000, 0x00000000eee00000|100%| E|CS|TAMS 0x00000000eed00000, 0x00000000eed00000| Complete 
| 238|0x00000000eee00000, 0x00000000eef00000, 0x00000000eef00000|100%| E|CS|TAMS 0x00000000eee00000, 0x00000000eee00000| Complete 
| 239|0x00000000eef00000, 0x00000000ef000000, 0x00000000ef000000|100%| E|CS|TAMS 0x00000000eef00000, 0x00000000eef00000| Complete 
| 240|0x00000000ef000000, 0x00000000ef100000, 0x00000000ef100000|100%| E|CS|TAMS 0x00000000ef000000, 0x00000000ef000000| Complete 
| 241|0x00000000ef100000, 0x00000000ef200000, 0x00000000ef200000|100%| E|CS|TAMS 0x00000000ef100000, 0x00000000ef100000| Complete 
| 242|0x00000000ef200000, 0x00000000ef300000, 0x00000000ef300000|100%| E|CS|TAMS 0x00000000ef200000, 0x00000000ef200000| Complete 
| 243|0x00000000ef300000, 0x00000000ef400000, 0x00000000ef400000|100%| E|CS|TAMS 0x00000000ef300000, 0x00000000ef300000| Complete 
| 244|0x00000000ef400000, 0x00000000ef500000, 0x00000000ef500000|100%| E|CS|TAMS 0x00000000ef400000, 0x00000000ef400000| Complete 
| 245|0x00000000ef500000, 0x00000000ef600000, 0x00000000ef600000|100%| E|CS|TAMS 0x00000000ef500000, 0x00000000ef500000| Complete 
| 246|0x00000000ef600000, 0x00000000ef700000, 0x00000000ef700000|100%| E|CS|TAMS 0x00000000ef600000, 0x00000000ef600000| Complete 
| 247|0x00000000ef700000, 0x00000000ef800000, 0x00000000ef800000|100%| E|CS|TAMS 0x00000000ef700000, 0x00000000ef700000| Complete 
| 248|0x00000000ef800000, 0x00000000ef900000, 0x00000000ef900000|100%| E|CS|TAMS 0x00000000ef800000, 0x00000000ef800000| Complete 
| 249|0x00000000ef900000, 0x00000000efa00000, 0x00000000efa00000|100%| E|CS|TAMS 0x00000000ef900000, 0x00000000ef900000| Complete 
| 250|0x00000000efa00000, 0x00000000efb00000, 0x00000000efb00000|100%| E|CS|TAMS 0x00000000efa00000, 0x00000000efa00000| Complete 
| 251|0x00000000efb00000, 0x00000000efc00000, 0x00000000efc00000|100%| E|CS|TAMS 0x00000000efb00000, 0x00000000efb00000| Complete 
| 252|0x00000000efc00000, 0x00000000efd00000, 0x00000000efd00000|100%| E|CS|TAMS 0x00000000efc00000, 0x00000000efc00000| Complete 
| 253|0x00000000efd00000, 0x00000000efe00000, 0x00000000efe00000|100%| E|CS|TAMS 0x00000000efd00000, 0x00000000efd00000| Complete 
| 254|0x00000000efe00000, 0x00000000eff00000, 0x00000000eff00000|100%| E|CS|TAMS 0x00000000efe00000, 0x00000000efe00000| Complete 
| 255|0x00000000eff00000, 0x00000000f0000000, 0x00000000f0000000|100%| E|CS|TAMS 0x00000000eff00000, 0x00000000eff00000| Complete 

Card table byte_map: [0x000001ae3f1d0000,0x000001ae3f2d0000] _byte_map_base: 0x000001ae3ead0000

Marking Bits (Prev, Next): (CMBitMap*) 0x000001ae27d640f8, (CMBitMap*) 0x000001ae27d64130
 Prev Bits: [0x000001ae3f3d0000, 0x000001ae3fbd0000)
 Next Bits: [0x000001ae3fbd0000, 0x000001ae403d0000)

Polling page: 0x000001ae25ce0000

Metaspace:

Usage:
  Non-class:     45.29 MB capacity,    44.49 MB ( 98%) used,   668.58 KB (  1%) free+waste,   150.13 KB ( <1%) overhead. 
      Class:      7.24 MB capacity,     6.70 MB ( 93%) used,   478.34 KB (  6%) free+waste,    73.25 KB ( <1%) overhead. 
       Both:     52.53 MB capacity,    51.19 MB ( 97%) used,     1.12 MB (  2%) free+waste,   223.38 KB ( <1%) overhead. 

Virtual space:
  Non-class space:       46.00 MB reserved,      45.45 MB ( 99%) committed 
      Class space:      248.00 MB reserved,       7.25 MB (  3%) committed 
             Both:      294.00 MB reserved,      52.70 MB ( 18%) committed 

Chunk freelists:
   Non-Class:  4.63 KB
       Class:  1.13 KB
        Both:  5.50 KB

CodeHeap 'non-profiled nmethods': size=120064Kb used=2886Kb max_used=2886Kb free=117177Kb
 bounds [0x000001ae37c90000, 0x000001ae37f70000, 0x000001ae3f1d0000]
CodeHeap 'profiled nmethods': size=120000Kb used=10476Kb max_used=10476Kb free=109523Kb
 bounds [0x000001ae30760000, 0x000001ae311a0000, 0x000001ae37c90000]
CodeHeap 'non-nmethods': size=5696Kb used=1553Kb max_used=1589Kb free=4142Kb
 bounds [0x000001ae301d0000, 0x000001ae30440000, 0x000001ae30760000]
 total_blobs=5784 nmethods=5099 adapters=596
 compilation: enabled
              stopped_count=0, restarted_count=0
 full_count=0

Compilation events (10 events):
Event: 8.596 Thread 0x000001ae43282800 5048       1       org.gradle.api.internal.collections.SortedSetElementSource::getMutationGuard (5 bytes)
Event: 8.596 Thread 0x000001ae43282800 nmethod 5048 0x000001ae37f4d310 code [0x000001ae37f4d4a0, 0x000001ae37f4d558]
Event: 8.600 Thread 0x000001ae43282800 5049       3       java.lang.reflect.Executable::isSynthetic (8 bytes)
Event: 8.600 Thread 0x000001ae43282800 nmethod 5049 0x000001ae31168f90 code [0x000001ae31169140, 0x000001ae311693a8]
Event: 8.643 Thread 0x000001ae43282800 5050       3       org.gradle.internal.reflect.JavaPropertyReflectionUtil::hasTypeVariable (267 bytes)
Event: 8.644 Thread 0x000001ae43282800 nmethod 5050 0x000001ae31169490 code [0x000001ae31169880, 0x000001ae3116bc28]
Event: 8.645 Thread 0x000001ae43282800 5051       3       com.google.common.collect.ImmutableSet$Builder::build (24 bytes)
Event: 8.645 Thread 0x000001ae43282800 nmethod 5051 0x000001ae3116c310 code [0x000001ae3116c4e0, 0x000001ae3116c7d8]
Event: 8.646 Thread 0x000001ae43282800 5052       3       com.google.common.reflect.TypeResolver::<init> (10 bytes)
Event: 8.646 Thread 0x000001ae43282800 nmethod 5052 0x000001ae3116c910 code [0x000001ae3116cac0, 0x000001ae3116cc78]

GC Heap History (10 events):
Event: 3.042 GC heap before
{Heap before GC invocations=3 (full 0):
 garbage-first heap   total 262144K, used 55549K [0x00000000e0000000, 0x0000000100000000)
  region size 1024K, 47 young (48128K), 4 survivors (4096K)
 Metaspace       used 17702K, capacity 18115K, committed 18432K, reserved 270336K
  class space    used 2087K, capacity 2212K, committed 2304K, reserved 253952K
}
Event: 3.047 GC heap after
{Heap after GC invocations=4 (full 0):
 garbage-first heap   total 262144K, used 16216K [0x00000000e0000000, 0x0000000100000000)
  region size 1024K, 6 young (6144K), 6 survivors (6144K)
 Metaspace       used 17702K, capacity 18115K, committed 18432K, reserved 270336K
  class space    used 2087K, capacity 2212K, committed 2304K, reserved 253952K
}
Event: 3.368 GC heap before
{Heap before GC invocations=4 (full 0):
 garbage-first heap   total 262144K, used 39768K [0x00000000e0000000, 0x0000000100000000)
  region size 1024K, 30 young (30720K), 6 survivors (6144K)
 Metaspace       used 20693K, capacity 21174K, committed 21296K, reserved 274432K
  class space    used 2517K, capacity 2661K, committed 2688K, reserved 253952K
}
Event: 3.374 GC heap after
{Heap after GC invocations=5 (full 0):
 garbage-first heap   total 262144K, used 17260K [0x00000000e0000000, 0x0000000100000000)
  region size 1024K, 5 young (5120K), 5 survivors (5120K)
 Metaspace       used 20693K, capacity 21174K, committed 21296K, reserved 274432K
  class space    used 2517K, capacity 2661K, committed 2688K, reserved 253952K
}
Event: 4.115 GC heap before
{Heap before GC invocations=6 (full 0):
 garbage-first heap   total 262144K, used 72556K [0x00000000e0000000, 0x0000000100000000)
  region size 1024K, 59 young (60416K), 5 survivors (5120K)
 Metaspace       used 26541K, capacity 27190K, committed 27264K, reserved 278528K
  class space    used 3442K, capacity 3673K, committed 3712K, reserved 253952K
}
Event: 4.122 GC heap after
{Heap after GC invocations=7 (full 0):
 garbage-first heap   total 262144K, used 19271K [0x00000000e0000000, 0x0000000100000000)
  region size 1024K, 3 young (3072K), 3 survivors (3072K)
 Metaspace       used 26541K, capacity 27190K, committed 27264K, reserved 278528K
  class space    used 3442K, capacity 3673K, committed 3712K, reserved 253952K
}
Event: 5.182 GC heap before
{Heap before GC invocations=7 (full 0):
 garbage-first heap   total 262144K, used 79687K [0x00000000e0000000, 0x0000000100000000)
  region size 1024K, 63 young (64512K), 3 survivors (3072K)
 Metaspace       used 35121K, capacity 35846K, committed 36048K, reserved 286720K
  class space    used 4544K, capacity 4839K, committed 4864K, reserved 253952K
}
Event: 5.188 GC heap after
{Heap after GC invocations=8 (full 0):
 garbage-first heap   total 262144K, used 22786K [0x00000000e0000000, 0x0000000100000000)
  region size 1024K, 7 young (7168K), 7 survivors (7168K)
 Metaspace       used 35121K, capacity 35846K, committed 36048K, reserved 286720K
  class space    used 4544K, capacity 4839K, committed 4864K, reserved 253952K
}
Event: 6.712 GC heap before
{Heap before GC invocations=9 (full 0):
 garbage-first heap   total 262144K, used 119042K [0x00000000e0000000, 0x0000000100000000)
  region size 1024K, 101 young (103424K), 7 survivors (7168K)
 Metaspace       used 43212K, capacity 44238K, committed 44496K, reserved 292864K
  class space    used 5619K, capacity 6020K, committed 6144K, reserved 253952K
}
Event: 6.729 GC heap after
{Heap after GC invocations=10 (full 0):
 garbage-first heap   total 262144K, used 28264K [0x00000000e0000000, 0x0000000100000000)
  region size 1024K, 12 young (12288K), 12 survivors (12288K)
 Metaspace       used 43212K, capacity 44238K, committed 44496K, reserved 292864K
  class space    used 5619K, capacity 6020K, committed 6144K, reserved 253952K
}

Deoptimization events (10 events):
Event: 7.821 Thread 0x000001ae45621000 Uncommon trap: reason=class_check action=maybe_recompile pc=0x000001ae37e06984 method=java.util.regex.Pattern$Start.match(Ljava/util/regex/Matcher;ILjava/lang/CharSequence;)Z @ 44 c2
Event: 7.823 Thread 0x000001ae45621000 Uncommon trap: reason=class_check action=maybe_recompile pc=0x000001ae37e06984 method=java.util.regex.Pattern$Start.match(Ljava/util/regex/Matcher;ILjava/lang/CharSequence;)Z @ 44 c2
Event: 7.841 Thread 0x000001ae45621000 Uncommon trap: reason=profile_predicate action=maybe_recompile pc=0x000001ae37eff1b4 method=java.lang.PublicMethods$MethodList.filter([Ljava/lang/reflect/Method;Ljava/lang/String;[Ljava/lang/Class;Z)Ljava/lang/PublicMethods$MethodList; @ 21 c2
Event: 7.841 Thread 0x000001ae45621000 Uncommon trap: reason=profile_predicate action=maybe_recompile pc=0x000001ae37eff1b4 method=java.lang.PublicMethods$MethodList.filter([Ljava/lang/reflect/Method;Ljava/lang/String;[Ljava/lang/Class;Z)Ljava/lang/PublicMethods$MethodList; @ 21 c2
Event: 7.847 Thread 0x000001ae45621000 Uncommon trap: reason=profile_predicate action=maybe_recompile pc=0x000001ae37eff1b4 method=java.lang.PublicMethods$MethodList.filter([Ljava/lang/reflect/Method;Ljava/lang/String;[Ljava/lang/Class;Z)Ljava/lang/PublicMethods$MethodList; @ 21 c2
Event: 7.918 Thread 0x000001ae45621000 Uncommon trap: reason=unstable_if action=reinterpret pc=0x000001ae37d2c2ac method=java.lang.String.replace(CC)Ljava/lang/String; @ 2 c2
Event: 8.103 Thread 0x000001ae45621000 Uncommon trap: reason=profile_predicate action=maybe_recompile pc=0x000001ae37eff1b4 method=java.lang.PublicMethods$MethodList.filter([Ljava/lang/reflect/Method;Ljava/lang/String;[Ljava/lang/Class;Z)Ljava/lang/PublicMethods$MethodList; @ 21 c2
Event: 8.165 Thread 0x000001ae45621000 Uncommon trap: reason=unstable_if action=reinterpret pc=0x000001ae37f327f4 method=java.lang.invoke.LambdaForm$BasicType.basicType(C)Ljava/lang/invoke/LambdaForm$BasicType; @ 1 c2
Event: 8.224 Thread 0x000001ae45621000 Uncommon trap: reason=unstable_fused_if action=reinterpret pc=0x000001ae37e64558 method=org.objectweb.asm.ByteVector.putUTF8(Ljava/lang/String;)Lorg/objectweb/asm/ByteVector; @ 93 c2
Event: 8.242 Thread 0x000001ae45621000 Uncommon trap: reason=unstable_fused_if action=reinterpret pc=0x000001ae37da834c method=org.objectweb.asm.ByteVector.putUTF8(Ljava/lang/String;)Lorg/objectweb/asm/ByteVector; @ 93 c2

Classes redefined (0 events):
No events

Internal exceptions (10 events):
Event: 7.929 Thread 0x000001ae45621000 Exception <a 'java/lang/ClassNotFoundException'{0x00000000ea7bb9c8}: groovy/util/BuilderSupportBeanInfo> (0x00000000ea7bb9c8) thrown at [./open/src/hotspot/share/classfile/systemDictionary.cpp, line 228]
Event: 7.931 Thread 0x000001ae45621000 Exception <a 'java/lang/ClassNotFoundException'{0x00000000ea638200}: groovy/util/BuilderSupportCustomizer> (0x00000000ea638200) thrown at [./open/src/hotspot/share/classfile/systemDictionary.cpp, line 228]
Event: 7.933 Thread 0x000001ae45621000 Exception <a 'java/lang/ClassNotFoundException'{0x00000000ea6b3eb8}: groovy/util/AntBuilderCustomizer> (0x00000000ea6b3eb8) thrown at [./open/src/hotspot/share/classfile/systemDictionary.cpp, line 228]
Event: 7.935 Thread 0x000001ae45621000 Exception <a 'java/lang/ClassNotFoundException'{0x00000000ea6e23b0}: org/gradle/api/AntBuilderCustomizer> (0x00000000ea6e23b0) thrown at [./open/src/hotspot/share/classfile/systemDictionary.cpp, line 228]
Event: 7.937 Thread 0x000001ae45621000 Exception <a 'java/lang/ClassNotFoundException'{0x00000000ea51f760}: org/gradle/api/internal/project/ant/BasicAntBuilderCustomizer> (0x00000000ea51f760) thrown at [./open/src/hotspot/share/classfile/systemDictionary.cpp, line 228]
Event: 7.939 Thread 0x000001ae45621000 Exception <a 'java/lang/ClassNotFoundException'{0x00000000ea5633e8}: org/gradle/api/internal/project/DefaultAntBuilderCustomizer> (0x00000000ea5633e8) thrown at [./open/src/hotspot/share/classfile/systemDictionary.cpp, line 228]
Event: 8.042 Thread 0x000001ae45621000 Exception <a 'java/lang/IncompatibleClassChangeError'{0x00000000ea2811a0}: Found class java.lang.Object, but interface was expected> (0x00000000ea2811a0) thrown at [./open/src/hotspot/share/interpreter/linkResolver.cpp, line 838]
Event: 8.231 Thread 0x000001ae45621000 Exception <a 'java/lang/NoSuchMethodError'{0x00000000e9c77a38}: java.lang.invoke.DirectMethodHandle$Holder.invokeStatic(Ljava/lang/Object;Ljava/lang/Object;Ljava/lang/Object;Ljava/lang/Object;I)Ljava/lang/Object;> (0x00000000e9c77a38) thrown at [./open/sr
Event: 8.231 Thread 0x000001ae45621000 Exception <a 'java/lang/NoSuchMethodError'{0x00000000e9c7c180}: java.lang.invoke.DirectMethodHandle$Holder.invokeSpecial(Ljava/lang/Object;Ljava/lang/Object;Ljava/lang/Object;Ljava/lang/Object;Ljava/lang/Object;I)Ljava/lang/Object;> (0x00000000e9c7c180) t
Event: 8.231 Thread 0x000001ae45621000 Exception <a 'java/lang/NoSuchMethodError'{0x00000000e9c80510}: java.lang.invoke.Invokers$Holder.linkToTargetMethod(Ljava/lang/Object;Ljava/lang/Object;Ljava/lang/Object;ILjava/lang/Object;)Ljava/lang/Object;> (0x00000000e9c80510) thrown at [./open/src/ho

Events (10 events):
Event: 8.636 loading class org/gradle/api/Task
Event: 8.636 loading class org/gradle/api/Task done
Event: 8.636 loading class org/gradle/api/Task
Event: 8.636 loading class org/gradle/api/Task done
Event: 8.636 loading class org/gradle/api/Action
Event: 8.636 loading class org/gradle/api/Action done
Event: 8.637 loading class org/gradle/api/plugins/JvmEcosystemPlugin
Event: 8.637 loading class org/gradle/api/plugins/JvmEcosystemPlugin done
Event: 8.640 loading class org/gradle/api/internal/tasks/DefaultSourceSetContainer
Event: 8.640 loading class org/gradle/api/internal/tasks/DefaultSourceSetContainer done


Dynamic libraries:
0x00007ff6f0310000 - 0x00007ff6f031f000 	C:\Program Files\Java\jdk-11.0.10\bin\java.exe
0x00007ffe125b0000 - 0x00007ffe127a5000 	C:\WINDOWS\SYSTEM32\ntdll.dll
0x00007ffddd650000 - 0x00007ffddd666000 	C:\Program Files\Avast Software\Avast\aswhook.dll
0x00007ffe108e0000 - 0x00007ffe1099d000 	C:\WINDOWS\System32\KERNEL32.DLL
0x00007ffe0fe50000 - 0x00007ffe1011d000 	C:\WINDOWS\System32\KERNELBASE.dll
0x00007ffe0fd50000 - 0x00007ffe0fe50000 	C:\WINDOWS\System32\ucrtbase.dll
0x00007ffdf8f80000 - 0x00007ffdf8f95000 	C:\Program Files\Java\jdk-11.0.10\bin\VCRUNTIME140.dll
0x00007ffdf8fa0000 - 0x00007ffdf8fb8000 	C:\Program Files\Java\jdk-11.0.10\bin\jli.dll
0x00007ffe109a0000 - 0x00007ffe10a4e000 	C:\WINDOWS\System32\ADVAPI32.dll
0x00007ffe11860000 - 0x00007ffe118fe000 	C:\WINDOWS\System32\msvcrt.dll
0x00007ffe121b0000 - 0x00007ffe1224c000 	C:\WINDOWS\System32\sechost.dll
0x00007ffe12410000 - 0x00007ffe12535000 	C:\WINDOWS\System32\RPCRT4.dll
0x00007ffe10660000 - 0x00007ffe10800000 	C:\WINDOWS\System32\USER32.dll
0x00007ffe10480000 - 0x00007ffe104a2000 	C:\WINDOWS\System32\win32u.dll
0x00007ffdf84b0000 - 0x00007ffdf874a000 	C:\WINDOWS\WinSxS\amd64_microsoft.windows.common-controls_6595b64144ccf1df_6.0.19041.1110_none_60b5254171f9507e\COMCTL32.dll
0x00007ffe12540000 - 0x00007ffe1256a000 	C:\WINDOWS\System32\GDI32.dll
0x00007ffe10550000 - 0x00007ffe1065b000 	C:\WINDOWS\System32\gdi32full.dll
0x00007ffe104b0000 - 0x00007ffe1054d000 	C:\WINDOWS\System32\msvcp_win.dll
0x00007ffe09df0000 - 0x00007ffe09dfa000 	C:\WINDOWS\SYSTEM32\VERSION.dll
0x00007ffe10d30000 - 0x00007ffe10d60000 	C:\WINDOWS\System32\IMM32.DLL
0x00007ffdf8ee0000 - 0x00007ffdf8f7b000 	C:\Program Files\Java\jdk-11.0.10\bin\msvcp140.dll
0x00007ffd9d010000 - 0x00007ffd9db0b000 	C:\Program Files\Java\jdk-11.0.10\bin\server\jvm.dll
0x00007ffe12250000 - 0x00007ffe12258000 	C:\WINDOWS\System32\PSAPI.DLL
0x00007ffe04200000 - 0x00007ffe04209000 	C:\WINDOWS\SYSTEM32\WSOCK32.dll
0x00007ffdfc0c0000 - 0x00007ffdfc0e7000 	C:\WINDOWS\SYSTEM32\WINMM.dll
0x00007ffe122c0000 - 0x00007ffe1232b000 	C:\WINDOWS\System32\WS2_32.dll
0x00007ffe0dc00000 - 0x00007ffe0dc12000 	C:\WINDOWS\SYSTEM32\kernel.appcore.dll
0x00007ffdf8ed0000 - 0x00007ffdf8ee0000 	C:\Program Files\Java\jdk-11.0.10\bin\verify.dll
0x00007ffe09630000 - 0x00007ffe09814000 	C:\WINDOWS\SYSTEM32\DBGHELP.DLL
0x00007ffe08e60000 - 0x00007ffe08e8c000 	C:\WINDOWS\SYSTEM32\dbgcore.DLL
0x00007ffe103f0000 - 0x00007ffe10472000 	C:\WINDOWS\System32\bcryptPrimitives.dll
0x00007ffdf8ea0000 - 0x00007ffdf8ec8000 	C:\Program Files\Java\jdk-11.0.10\bin\java.dll
0x00007ffdf87b0000 - 0x00007ffdf87ba000 	C:\Program Files\Java\jdk-11.0.10\bin\jimage.dll
0x00007ffdf8750000 - 0x00007ffdf8766000 	C:\Program Files\Java\jdk-11.0.10\bin\zip.dll
0x00007ffe10ec0000 - 0x00007ffe11604000 	C:\WINDOWS\System32\SHELL32.dll
0x00007ffe0de00000 - 0x00007ffe0e594000 	C:\WINDOWS\SYSTEM32\windows.storage.dll
0x00007ffe11da0000 - 0x00007ffe120f4000 	C:\WINDOWS\System32\combase.dll
0x00007ffe0f5d0000 - 0x00007ffe0f5fc000 	C:\WINDOWS\SYSTEM32\Wldp.dll
0x00007ffe10e10000 - 0x00007ffe10ebd000 	C:\WINDOWS\System32\SHCORE.dll
0x00007ffe12260000 - 0x00007ffe122b5000 	C:\WINDOWS\System32\shlwapi.dll
0x00007ffe0fc60000 - 0x00007ffe0fc7f000 	C:\WINDOWS\SYSTEM32\profapi.dll
0x00007ffdf7ee0000 - 0x00007ffdf7ef9000 	C:\Program Files\Java\jdk-11.0.10\bin\net.dll
0x00007ffe07050000 - 0x00007ffe0715a000 	C:\WINDOWS\SYSTEM32\WINHTTP.dll
0x00007ffe0f3b0000 - 0x00007ffe0f41a000 	C:\WINDOWS\system32\mswsock.dll
0x00007ffdf79e0000 - 0x00007ffdf79f2000 	C:\Program Files\Java\jdk-11.0.10\bin\nio.dll
0x00007ffe00520000 - 0x00007ffe00547000 	C:\Users\henna\.gradle\native\e1d6ef7f7dcc3fd88c89a11ec53ec762bb8ba0a96d01ffa2cd45eb1d1d8dd5c5\windows-amd64\native-platform.dll
0x00007ffde9320000 - 0x00007ffde9464000 	C:\Users\henna\.gradle\native\0d407fdbe67a94daf76414ababcb853783967236a71b16ec16e742cd7a986fd3\windows-amd64\native-platform-file-events.dll
0x00007ffdf87a0000 - 0x00007ffdf87a9000 	C:\Program Files\Java\jdk-11.0.10\bin\management.dll
0x00007ffdf7a60000 - 0x00007ffdf7a6b000 	C:\Program Files\Java\jdk-11.0.10\bin\management_ext.dll
0x00007ffe0f970000 - 0x00007ffe0f988000 	C:\WINDOWS\SYSTEM32\CRYPTSP.dll
0x00007ffe0ed50000 - 0x00007ffe0ed84000 	C:\WINDOWS\system32\rsaenh.dll
0x00007ffe0fd20000 - 0x00007ffe0fd47000 	C:\WINDOWS\System32\bcrypt.dll
0x00007ffe0fbe0000 - 0x00007ffe0fc0e000 	C:\WINDOWS\SYSTEM32\USERENV.dll
0x00007ffe0f540000 - 0x00007ffe0f54c000 	C:\WINDOWS\SYSTEM32\CRYPTBASE.dll
0x00007ffe0f0c0000 - 0x00007ffe0f0fb000 	C:\WINDOWS\SYSTEM32\IPHLPAPI.DLL
0x00007ffe11900000 - 0x00007ffe11908000 	C:\WINDOWS\System32\NSI.dll
0x00007ffe09d10000 - 0x00007ffe09d27000 	C:\WINDOWS\SYSTEM32\dhcpcsvc6.DLL
0x00007ffe09cf0000 - 0x00007ffe09d0d000 	C:\WINDOWS\SYSTEM32\dhcpcsvc.DLL
0x00007ffe0f100000 - 0x00007ffe0f1cb000 	C:\WINDOWS\SYSTEM32\DNSAPI.dll

dbghelp: loaded successfully - version: 4.0.5 - missing functions: none
symbol engine: initialized successfully - sym options: 0x614 - pdb path: .;C:\Program Files\Java\jdk-11.0.10\bin;C:\WINDOWS\SYSTEM32;C:\Program Files\Avast Software\Avast;C:\WINDOWS\WinSxS\amd64_microsoft.windows.common-controls_6595b64144ccf1df_6.0.19041.1110_none_60b5254171f9507e;C:\Program Files\Java\jdk-11.0.10\bin\server;C:\Users\henna\.gradle\native\e1d6ef7f7dcc3fd88c89a11ec53ec762bb8ba0a96d01ffa2cd45eb1d1d8dd5c5\windows-amd64;C:\Users\henna\.gradle\native\0d407fdbe67a94daf76414ababcb853783967236a71b16ec16e742cd7a986fd3\windows-amd64

VM Arguments:
jvm_args: --add-opens=java.base/java.util=ALL-UNNAMED --add-opens=java.base/java.lang=ALL-UNNAMED --add-opens=java.base/java.lang.invoke=ALL-UNNAMED --add-opens=java.base/java.util=ALL-UNNAMED --add-opens=java.prefs/java.util.prefs=ALL-UNNAMED --add-opens=java.prefs/java.util.prefs=ALL-UNNAMED --add-opens=java.base/java.nio.charset=ALL-UNNAMED --add-opens=java.base/java.net=ALL-UNNAMED --add-opens=java.base/java.util.concurrent.atomic=ALL-UNNAMED -XX:MaxMetaspaceSize=256m -XX:+HeapDumpOnOutOfMemoryError -Xms256m -Xmx512m -Dfile.encoding=windows-1252 -Duser.country=BR -Duser.language=pt -Duser.variant 
java_command: org.gradle.launcher.daemon.bootstrap.GradleDaemon 7.4.2
java_class_path (initial): C:\Users\henna\.gradle\wrapper\dists\gradle-7.4.2-bin\48ivgl02cpt2ed3fh9dbalvx8\gradle-7.4.2\lib\gradle-launcher-7.4.2.jar
Launcher Type: SUN_STANDARD

[Global flags]
     intx CICompilerCount                          = 3                                         {product} {ergonomic}
   size_t CompressedClassSpaceSize                 = 260046848                                 {product} {ergonomic}
     uint ConcGCThreads                            = 1                                         {product} {ergonomic}
     uint G1ConcRefinementThreads                  = 4                                         {product} {ergonomic}
   size_t G1HeapRegionSize                         = 1048576                                   {product} {ergonomic}
    uintx GCDrainStackTargetSize                   = 64                                        {product} {ergonomic}
     bool HeapDumpOnOutOfMemoryError               = true                                   {manageable} {command line}
   size_t InitialHeapSize                          = 268435456                                 {product} {command line}
   size_t MarkStackSize                            = 4194304                                   {product} {ergonomic}
   size_t MaxHeapSize                              = 536870912                                 {product} {command line}
   size_t MaxMetaspaceSize                         = 268435456                                 {product} {command line}
   size_t MaxNewSize                               = 321912832                                 {product} {ergonomic}
   size_t MinHeapDeltaBytes                        = 1048576                                   {product} {ergonomic}
    uintx NonNMethodCodeHeapSize                   = 5830732                                {pd product} {ergonomic}
    uintx NonProfiledCodeHeapSize                  = 122913754                              {pd product} {ergonomic}
    uintx ProfiledCodeHeapSize                     = 122913754                              {pd product} {ergonomic}
    uintx ReservedCodeCacheSize                    = 251658240                              {pd product} {ergonomic}
     bool SegmentedCodeCache                       = true                                      {product} {ergonomic}
     bool UseCompressedClassPointers               = true                                 {lp64_product} {ergonomic}
     bool UseCompressedOops                        = true                                 {lp64_product} {ergonomic}
     bool UseG1GC                                  = true                                      {product} {ergonomic}
     bool UseLargePagesIndividualAllocation        = false                                  {pd product} {ergonomic}

Logging:
Log output configuration:
 #0: stdout all=warning uptime,level,tags
 #1: stderr all=off uptime,level,tags

Environment Variables:
JAVA_HOME=C:\Program Files\Java\jdk-11.0.10
CLASSPATH=C:\Users\henna\Downloads\tcc\datapublisher\datapublisher\\gradle\wrapper\gradle-wrapper.jar
PATH=C:\Program Files (x86)\Common Files\Oracle\Java\javapath;C:\Python39\Scripts\;C:\Python39\;C:\WINDOWS\system32;C:\WINDOWS;C:\WINDOWS\System32\Wbem;C:\WINDOWS\System32\WindowsPowerShell\v1.0\;C:\Program Files\nodejs\;C:\ProgramData\chocolatey\bin;C:\Program Files\Git\cmd;C:\Program Files\Java\jdk-11.0.10\bin;C:\WINDOWS\System32\OpenSSH\;E:\Projetos\OT\Propostas\orange-talents-05-template-proposta\target;C:\Program Files\dotnet\;C:\Program Files\Docker\Docker\resources\bin;C:\ProgramData\DockerDesktop\version-bin;C:\Program Files\MySQL\MySQL Shell 8.0\bin\;E:\Programas\Microsoft VS Code\bin;C:\Users\henna\AppData\Roaming\npm;C:\Users\henna\AppData\Local\Microsoft\WindowsApps;C:\Program Files\heroku\bin;E:\Projetos\OT\Propostas\orange-talents-05-template-proposta\target;
USERNAME=henna
OS=Windows_NT
PROCESSOR_IDENTIFIER=Intel64 Family 6 Model 58 Stepping 9, GenuineIntel



---------------  S Y S T E M  ---------------

OS: Windows 10 , 64 bit Build 19041 (10.0.19041.1706)
Hyper-V role detected

CPU:total 4 (initial active 4) (4 cores per cpu, 1 threads per core) family 6 model 58 stepping 9 microcode 0x21, cmov, cx8, fxsr, mmx, sse, sse2, sse3, ssse3, sse4.1, sse4.2, popcnt, avx, aes, clmul, erms, tsc, tscinvbit, tscinv

Memory: 4k page, system-wide physical 10028M (507M free)
TotalPageFile size 13595M (AvailPageFile size 12M)
current process WorkingSet (physical memory assigned to process): 334M, peak: 334M
current process commit charge ("private bytes"): 472M, peak: 477M

vm_info: Java HotSpot(TM) 64-Bit Server VM (11.0.10+8-LTS-162) for windows-amd64 JRE (11.0.10+8-LTS-162), built on Dec  8 2020 16:32:57 by "mach5one" with MS VC++ 15.9 (VS2017)

END.
