#
# There is insufficient memory for the Java Runtime Environment to continue.
# Native memory allocation (malloc) failed to allocate 623216 bytes for Chunk::new
# Possible reasons:
#   The system is out of physical RAM or swap space
#   The process is running with CompressedOops enabled, and the Java Heap may be blocking the growth of the native heap
# Possible solutions:
#   Reduce memory load on the system
#   Increase physical memory or swap space
#   Check if swap backing store is full
#   Decrease Java heap size (-Xmx/-Xms)
#   Decrease number of Java threads
#   Decrease Java thread stack sizes (-Xss)
#   Set larger code cache with -XX:ReservedCodeCacheSize=
#   JVM is running with Unscaled Compressed Oops mode in which the Java heap is
#     placed in the first 4GB address space. The Java Heap base address is the
#     maximum limit for the native heap growth. Please use -XX:HeapBaseMinAddress
#     to set the Java Heap base and to place the Java Heap above 4GB virtual address.
# This output file may be truncated or incomplete.
#
#  Out of Memory Error (./open/src/hotspot/share/memory/arena.cpp:197), pid=11444, tid=3016
#
# JRE version: Java(TM) SE Runtime Environment 18.9 (11.0.10+8) (build 11.0.10+8-LTS-162)
# Java VM: Java HotSpot(TM) 64-Bit Server VM 18.9 (11.0.10+8-LTS-162, mixed mode, tiered, compressed oops, g1 gc, windows-amd64)
# No core dump will be written. Minidumps are not enabled by default on client versions of Windows
#

---------------  S U M M A R Y ------------

Command Line: -XX:MaxMetaspaceSize=256m -XX:+HeapDumpOnOutOfMemoryError --add-opens=java.base/java.util=ALL-UNNAMED --add-opens=java.base/java.lang=ALL-UNNAMED --add-opens=java.base/java.lang.invoke=ALL-UNNAMED --add-opens=java.base/java.util=ALL-UNNAMED --add-opens=java.prefs/java.util.prefs=ALL-UNNAMED --add-opens=java.prefs/java.util.prefs=ALL-UNNAMED --add-opens=java.base/java.nio.charset=ALL-UNNAMED --add-opens=java.base/java.net=ALL-UNNAMED --add-opens=java.base/java.util.concurrent.atomic=ALL-UNNAMED -Xms256m -Xmx512m -Dfile.encoding=windows-1252 -Duser.country=BR -Duser.language=pt -Duser.variant org.gradle.launcher.daemon.bootstrap.GradleDaemon 7.4.2

Host: Intel(R) Core(TM) i5-3470 CPU @ 3.20GHz, 4 cores, 9G,  Windows 10 , 64 bit Build 19041 (10.0.19041.1706)
Time: Sun Jun  5 17:41:06 2022 Hora oficial do Brasil elapsed time: 26.163424 seconds (0d 0h 0m 26s)

---------------  T H R E A D  ---------------

Current thread (0x0000027c5ee96800):  JavaThread "C2 CompilerThread0" daemon [_thread_in_native, id=3016, stack(0x000000b6be800000,0x000000b6be900000)]


Current CompileTask:
C2:  26163 15119 %     4       org.gradle.internal.instantiation.generator.AbstractClassGenerator::inspectType @ 341 (560 bytes)

Stack: [0x000000b6be800000,0x000000b6be900000]
Native frames: (J=compiled Java code, j=interpreted, Vv=VM code, C=native code)
V  [jvm.dll+0x613e6a]
V  [jvm.dll+0x74c1ff]
V  [jvm.dll+0x74d885]
V  [jvm.dll+0x74df03]
V  [jvm.dll+0x243b78]
V  [jvm.dll+0xba2cc]
V  [jvm.dll+0xba9cc]
V  [jvm.dll+0x3469c7]
V  [jvm.dll+0x193f03]
V  [jvm.dll+0x1fd4a2]
V  [jvm.dll+0x1fc54f]
V  [jvm.dll+0x17f09c]
V  [jvm.dll+0x20bbd4]
V  [jvm.dll+0x209cab]
V  [jvm.dll+0x713619]
V  [jvm.dll+0x70c314]
V  [jvm.dll+0x613036]
C  [ucrtbase.dll+0x21bb2]
C  [KERNEL32.DLL+0x17034]
C  [ntdll.dll+0x52651]


---------------  P R O C E S S  ---------------

Threads class SMR info:
_java_thread_list=0x0000027c60b85610, length=81, elements={
0x0000027c441df000, 0x0000027c5ee72800, 0x0000027c5ee7d800, 0x0000027c5ee93800,
0x0000027c5ee94800, 0x0000027c5ee96800, 0x0000027c5eea3800, 0x0000027c5f824800,
0x0000027c5f985800, 0x0000027c5f992800, 0x0000027c61270800, 0x0000027c62a38800,
0x0000027c60a5d000, 0x0000027c61725000, 0x0000027c624fc800, 0x0000027c6248c800,
0x0000027c60873800, 0x0000027c604f7000, 0x0000027c62508000, 0x0000027c62469800,
0x0000027c62a59800, 0x0000027c62a55800, 0x0000027c62a5b000, 0x0000027c62a5a000,
0x0000027c62a57000, 0x0000027c62a56000, 0x0000027c62a57800, 0x0000027c62a58800,
0x0000027c62a5c000, 0x0000027c631d6000, 0x0000027c631da800, 0x0000027c631d9000,
0x0000027c631d6800, 0x0000027c631dd000, 0x0000027c631dc800, 0x0000027c631e3800,
0x0000027c631df000, 0x0000027c631e0800, 0x0000027c631df800, 0x0000027c631e2000,
0x0000027c65f97800, 0x0000027c65f96000, 0x0000027c65f94000, 0x0000027c65f99000,
0x0000027c65f98000, 0x0000027c65f93800, 0x0000027c65f9a000, 0x0000027c65f95000,
0x0000027c65f9a800, 0x0000027c65f9b800, 0x0000027c65f9c800, 0x0000027c65f96800,
0x0000027c65fa0800, 0x0000027c65f9f800, 0x0000027c65fa2000, 0x0000027c65f9d000,
0x0000027c65f9e000, 0x0000027c65f9f000, 0x0000027c65fa1000, 0x0000027c66e77800,
0x0000027c66e78000, 0x0000027c66e75000, 0x0000027c66e79000, 0x0000027c66e74000,
0x0000027c66e75800, 0x0000027c66e73800, 0x0000027c66e7a000, 0x0000027c66e7a800,
0x0000027c66e7b800, 0x0000027c66e7c800, 0x0000027c66e76800, 0x0000027c66e81000,
0x0000027c66e7e000, 0x0000027c66e7d000, 0x0000027c66e82000, 0x0000027c66e7f800,
0x0000027c66e7e800, 0x0000027c66e80800, 0x0000027c64c07000, 0x0000027c64c08000,
0x0000027c64c09800
}

Java Threads: ( => current thread )
  0x0000027c441df000 JavaThread "main" [_thread_blocked, id=14808, stack(0x000000b6bdd00000,0x000000b6bde00000)]
  0x0000027c5ee72800 JavaThread "Reference Handler" daemon [_thread_blocked, id=5808, stack(0x000000b6be400000,0x000000b6be500000)]
  0x0000027c5ee7d800 JavaThread "Finalizer" daemon [_thread_blocked, id=14748, stack(0x000000b6be500000,0x000000b6be600000)]
  0x0000027c5ee93800 JavaThread "Signal Dispatcher" daemon [_thread_blocked, id=11224, stack(0x000000b6be600000,0x000000b6be700000)]
  0x0000027c5ee94800 JavaThread "Attach Listener" daemon [_thread_blocked, id=16412, stack(0x000000b6be700000,0x000000b6be800000)]
=>0x0000027c5ee96800 JavaThread "C2 CompilerThread0" daemon [_thread_in_native, id=3016, stack(0x000000b6be800000,0x000000b6be900000)]
  0x0000027c5eea3800 JavaThread "C1 CompilerThread0" daemon [_thread_blocked, id=11452, stack(0x000000b6be900000,0x000000b6bea00000)]
  0x0000027c5f824800 JavaThread "Sweeper thread" daemon [_thread_blocked, id=9544, stack(0x000000b6bea00000,0x000000b6beb00000)]
  0x0000027c5f985800 JavaThread "Common-Cleaner" daemon [_thread_blocked, id=11360, stack(0x000000b6beb00000,0x000000b6bec00000)]
  0x0000027c5f992800 JavaThread "Service Thread" daemon [_thread_blocked, id=15208, stack(0x000000b6bec00000,0x000000b6bed00000)]
  0x0000027c61270800 JavaThread "Daemon health stats" [_thread_blocked, id=8524, stack(0x000000b6bf200000,0x000000b6bf300000)]
  0x0000027c62a38800 JavaThread "Incoming local TCP Connector on port 62466" [_thread_in_native, id=14392, stack(0x000000b6bee00000,0x000000b6bef00000)]
  0x0000027c60a5d000 JavaThread "Daemon periodic checks" [_thread_blocked, id=15376, stack(0x000000b6bf300000,0x000000b6bf400000)]
  0x0000027c61725000 JavaThread "Daemon" [_thread_blocked, id=14568, stack(0x000000b6bf400000,0x000000b6bf500000)]
  0x0000027c624fc800 JavaThread "Handler for socket connection from /127.0.0.1:62466 to /127.0.0.1:62467" [_thread_in_native, id=14324, stack(0x000000b6bf500000,0x000000b6bf600000)]
  0x0000027c6248c800 JavaThread "Cancel handler" [_thread_blocked, id=13096, stack(0x000000b6bf600000,0x000000b6bf700000)]
  0x0000027c60873800 JavaThread "Daemon worker" [_thread_blocked, id=13040, stack(0x000000b6bf700000,0x000000b6bf800000)]
  0x0000027c604f7000 JavaThread "Asynchronous log dispatcher for DefaultDaemonConnection: socket connection from /127.0.0.1:62466 to /127.0.0.1:62467" [_thread_blocked, id=17040, stack(0x000000b6bf800000,0x000000b6bf900000)]
  0x0000027c62508000 JavaThread "Stdin handler" [_thread_blocked, id=17192, stack(0x000000b6bf900000,0x000000b6bfa00000)]
  0x0000027c62469800 JavaThread "Daemon client event forwarder" [_thread_blocked, id=16784, stack(0x000000b6bfa00000,0x000000b6bfb00000)]
  0x0000027c62a59800 JavaThread "Cache worker for journal cache (C:\Users\henna\.gradle\caches\journal-1)" [_thread_blocked, id=11808, stack(0x000000b6bfb00000,0x000000b6bfc00000)]
  0x0000027c62a55800 JavaThread "File lock request listener" [_thread_in_native, id=7876, stack(0x000000b6bfc00000,0x000000b6bfd00000)]
  0x0000027c62a5b000 JavaThread "Cache worker for file hash cache (C:\Users\henna\.gradle\caches\7.4.2\fileHashes)" [_thread_blocked, id=1868, stack(0x000000b6bfd00000,0x000000b6bfe00000)]
  0x0000027c62a5a000 JavaThread "File watcher server" daemon [_thread_in_native, id=15144, stack(0x000000b6bff00000,0x000000b6c0000000)]
  0x0000027c62a57000 JavaThread "File watcher consumer" daemon [_thread_blocked, id=11464, stack(0x000000b6c0000000,0x000000b6c0100000)]
  0x0000027c62a56000 JavaThread "jar transforms" [_thread_blocked, id=17060, stack(0x000000b6c0100000,0x000000b6c0200000)]
  0x0000027c62a57800 JavaThread "jar transforms Thread 2" [_thread_blocked, id=9468, stack(0x000000b6c0200000,0x000000b6c0300000)]
  0x0000027c62a58800 JavaThread "jar transforms Thread 3" [_thread_blocked, id=6372, stack(0x000000b6c0300000,0x000000b6c0400000)]
  0x0000027c62a5c000 JavaThread "jar transforms Thread 4" [_thread_blocked, id=5708, stack(0x000000b6c0400000,0x000000b6c0500000)]
  0x0000027c631d6000 JavaThread "Cache worker for checksums cache (C:\Users\henna\Downloads\tcc\datapublisher\datapublisher\.gradle\7.4.2\checksums)" [_thread_blocked, id=10876, stack(0x000000b6c0500000,0x000000b6c0600000)]
  0x0000027c631da800 JavaThread "Cache worker for cache directory md-rule (C:\Users\henna\.gradle\caches\7.4.2\md-rule)" [_thread_blocked, id=11472, stack(0x000000b6c0600000,0x000000b6c0700000)]
  0x0000027c631d9000 JavaThread "Cache worker for file hash cache (C:\Users\henna\Downloads\tcc\datapublisher\datapublisher\.gradle\7.4.2\fileHashes)" [_thread_blocked, id=9312, stack(0x000000b6c0700000,0x000000b6c0800000)]
  0x0000027c631d6800 JavaThread "Cache worker for cache directory md-supplier (C:\Users\henna\.gradle\caches\7.4.2\md-supplier)" [_thread_blocked, id=14596, stack(0x000000b6c0800000,0x000000b6c0900000)]
  0x0000027c631dd000 JavaThread "Cache worker for execution history cache (C:\Users\henna\.gradle\caches\7.4.2\executionHistory)" [_thread_in_Java, id=9032, stack(0x000000b6c0900000,0x000000b6c0a00000)]
  0x0000027c631dc800 JavaThread "Cache worker for file content cache (C:\Users\henna\.gradle\caches\7.4.2\fileContent)" [_thread_blocked, id=6904, stack(0x000000b6c0a00000,0x000000b6c0b00000)]
  0x0000027c631e3800 JavaThread "Cache worker for kotlin-dsl (C:\Users\henna\.gradle\caches\7.4.2\kotlin-dsl)" [_thread_blocked, id=17008, stack(0x000000b6c0b00000,0x000000b6c0c00000)]
  0x0000027c631df000 JavaThread "Cache worker for dependencies-accessors (C:\Users\henna\Downloads\tcc\datapublisher\datapublisher\.gradle\7.4.2\dependencies-accessors)" [_thread_blocked, id=15936, stack(0x000000b6c0c00000,0x000000b6c0d00000)]
  0x0000027c631e0800 JavaThread "Cache worker for Build Output Cleanup Cache (C:\Users\henna\Downloads\tcc\datapublisher\datapublisher\.gradle\buildOutputCleanup)" [_thread_blocked, id=16156, stack(0x000000b6c0d00000,0x000000b6c0e00000)]
  0x0000027c631df800 JavaThread "Unconstrained build operations" [_thread_blocked, id=3048, stack(0x000000b6bfe00000,0x000000b6bff00000)]
  0x0000027c631e2000 JavaThread "Unconstrained build operations Thread 2" [_thread_blocked, id=16220, stack(0x000000b6c1000000,0x000000b6c1100000)]
  0x0000027c65f97800 JavaThread "Unconstrained build operations Thread 3" [_thread_blocked, id=1580, stack(0x000000b6c1100000,0x000000b6c1200000)]
  0x0000027c65f96000 JavaThread "Unconstrained build operations Thread 4" [_thread_blocked, id=15196, stack(0x000000b6c1200000,0x000000b6c1300000)]
  0x0000027c65f94000 JavaThread "Unconstrained build operations Thread 5" [_thread_blocked, id=17136, stack(0x000000b6c1300000,0x000000b6c1400000)]
  0x0000027c65f99000 JavaThread "Unconstrained build operations Thread 6" [_thread_blocked, id=9152, stack(0x000000b6c1400000,0x000000b6c1500000)]
  0x0000027c65f98000 JavaThread "Unconstrained build operations Thread 7" [_thread_blocked, id=15896, stack(0x000000b6c1500000,0x000000b6c1600000)]
  0x0000027c65f93800 JavaThread "Unconstrained build operations Thread 8" [_thread_blocked, id=14188, stack(0x000000b6c1600000,0x000000b6c1700000)]
  0x0000027c65f9a000 JavaThread "Unconstrained build operations Thread 9" [_thread_blocked, id=15532, stack(0x000000b6c1700000,0x000000b6c1800000)]
  0x0000027c65f95000 JavaThread "Unconstrained build operations Thread 10" [_thread_blocked, id=17092, stack(0x000000b6c1800000,0x000000b6c1900000)]
  0x0000027c65f9a800 JavaThread "Unconstrained build operations Thread 11" [_thread_blocked, id=8916, stack(0x000000b6c1900000,0x000000b6c1a00000)]
  0x0000027c65f9b800 JavaThread "Unconstrained build operations Thread 12" [_thread_blocked, id=10660, stack(0x000000b6c1a00000,0x000000b6c1b00000)]
  0x0000027c65f9c800 JavaThread "Unconstrained build operations Thread 13" [_thread_blocked, id=7732, stack(0x000000b6c1b00000,0x000000b6c1c00000)]
  0x0000027c65f96800 JavaThread "Unconstrained build operations Thread 14" [_thread_blocked, id=15368, stack(0x000000b6c1c00000,0x000000b6c1d00000)]
  0x0000027c65fa0800 JavaThread "Unconstrained build operations Thread 15" [_thread_blocked, id=13856, stack(0x000000b6c1d00000,0x000000b6c1e00000)]
  0x0000027c65f9f800 JavaThread "Unconstrained build operations Thread 16" [_thread_blocked, id=3904, stack(0x000000b6c1e00000,0x000000b6c1f00000)]
  0x0000027c65fa2000 JavaThread "Unconstrained build operations Thread 17" [_thread_blocked, id=7848, stack(0x000000b6c1f00000,0x000000b6c2000000)]
  0x0000027c65f9d000 JavaThread "Unconstrained build operations Thread 18" [_thread_blocked, id=16392, stack(0x000000b6c2000000,0x000000b6c2100000)]
  0x0000027c65f9e000 JavaThread "Unconstrained build operations Thread 19" [_thread_blocked, id=11260, stack(0x000000b6c2100000,0x000000b6c2200000)]
  0x0000027c65f9f000 JavaThread "Unconstrained build operations Thread 20" [_thread_blocked, id=16468, stack(0x000000b6c2200000,0x000000b6c2300000)]
  0x0000027c65fa1000 JavaThread "Unconstrained build operations Thread 21" [_thread_blocked, id=15548, stack(0x000000b6c2300000,0x000000b6c2400000)]
  0x0000027c66e77800 JavaThread "Unconstrained build operations Thread 22" [_thread_blocked, id=3124, stack(0x000000b6c2400000,0x000000b6c2500000)]
  0x0000027c66e78000 JavaThread "Unconstrained build operations Thread 23" [_thread_blocked, id=16296, stack(0x000000b6c2500000,0x000000b6c2600000)]
  0x0000027c66e75000 JavaThread "Unconstrained build operations Thread 24" [_thread_blocked, id=1924, stack(0x000000b6c2600000,0x000000b6c2700000)]
  0x0000027c66e79000 JavaThread "Unconstrained build operations Thread 25" [_thread_blocked, id=17088, stack(0x000000b6c2700000,0x000000b6c2800000)]
  0x0000027c66e74000 JavaThread "Unconstrained build operations Thread 26" [_thread_blocked, id=9564, stack(0x000000b6c2800000,0x000000b6c2900000)]
  0x0000027c66e75800 JavaThread "Unconstrained build operations Thread 27" [_thread_blocked, id=10932, stack(0x000000b6c2900000,0x000000b6c2a00000)]
  0x0000027c66e73800 JavaThread "Unconstrained build operations Thread 28" [_thread_blocked, id=12760, stack(0x000000b6c2a00000,0x000000b6c2b00000)]
  0x0000027c66e7a000 JavaThread "Unconstrained build operations Thread 29" [_thread_blocked, id=10900, stack(0x000000b6c2b00000,0x000000b6c2c00000)]
  0x0000027c66e7a800 JavaThread "Unconstrained build operations Thread 30" [_thread_blocked, id=2456, stack(0x000000b6c2c00000,0x000000b6c2d00000)]
  0x0000027c66e7b800 JavaThread "Unconstrained build operations Thread 31" [_thread_blocked, id=16176, stack(0x000000b6c2d00000,0x000000b6c2e00000)]
  0x0000027c66e7c800 JavaThread "Unconstrained build operations Thread 32" [_thread_blocked, id=4564, stack(0x000000b6c2e00000,0x000000b6c2f00000)]
  0x0000027c66e76800 JavaThread "Unconstrained build operations Thread 33" [_thread_blocked, id=11884, stack(0x000000b6c2f00000,0x000000b6c3000000)]
  0x0000027c66e81000 JavaThread "Unconstrained build operations Thread 34" [_thread_blocked, id=16936, stack(0x000000b6c3000000,0x000000b6c3100000)]
  0x0000027c66e7e000 JavaThread "Unconstrained build operations Thread 35" [_thread_blocked, id=3280, stack(0x000000b6c3100000,0x000000b6c3200000)]
  0x0000027c66e7d000 JavaThread "Unconstrained build operations Thread 36" [_thread_blocked, id=15932, stack(0x000000b6c3200000,0x000000b6c3300000)]
  0x0000027c66e82000 JavaThread "Unconstrained build operations Thread 37" [_thread_blocked, id=14792, stack(0x000000b6c3300000,0x000000b6c3400000)]
  0x0000027c66e7f800 JavaThread "Unconstrained build operations Thread 38" [_thread_blocked, id=15712, stack(0x000000b6c3400000,0x000000b6c3500000)]
  0x0000027c66e7e800 JavaThread "Unconstrained build operations Thread 39" [_thread_blocked, id=5056, stack(0x000000b6c3500000,0x000000b6c3600000)]
  0x0000027c66e80800 JavaThread "Unconstrained build operations Thread 40" [_thread_blocked, id=15576, stack(0x000000b6c3600000,0x000000b6c3700000)]
  0x0000027c64c07000 JavaThread "C2 CompilerThread1" daemon [_thread_in_native, id=15292, stack(0x000000b6c3700000,0x000000b6c3800000)]
  0x0000027c64c08000 JavaThread "Memory manager" [_thread_blocked, id=14768, stack(0x000000b6c3800000,0x000000b6c3900000)]
  0x0000027c64c09800 JavaThread "included builds" [_thread_blocked, id=2768, stack(0x000000b6c3900000,0x000000b6c3a00000)]

Other Threads:
  0x0000027c5ee4d800 VMThread "VM Thread" [stack: 0x000000b6be300000,0x000000b6be400000] [id=3040]
  0x0000027c5f993000 WatcherThread [stack: 0x000000b6bed00000,0x000000b6bee00000] [id=14664]
  0x0000027c441f3000 GCTaskThread "GC Thread#0" [stack: 0x000000b6bde00000,0x000000b6bdf00000] [id=3564]
  0x0000027c5fc18800 GCTaskThread "GC Thread#1" [stack: 0x000000b6bef00000,0x000000b6bf000000] [id=14576]
  0x0000027c5fc53000 GCTaskThread "GC Thread#2" [stack: 0x000000b6bf000000,0x000000b6bf100000] [id=8996]
  0x0000027c5fe2c000 GCTaskThread "GC Thread#3" [stack: 0x000000b6bf100000,0x000000b6bf200000] [id=13808]
  0x0000027c44206800 ConcurrentGCThread "G1 Main Marker" [stack: 0x000000b6bdf00000,0x000000b6be000000] [id=15448]
  0x0000027c44207800 ConcurrentGCThread "G1 Conc#0" [stack: 0x000000b6be000000,0x000000b6be100000] [id=12152]
  0x0000027c5ece6800 ConcurrentGCThread "G1 Refine#0" [stack: 0x000000b6be100000,0x000000b6be200000] [id=11540]
  0x0000027c6544d800 ConcurrentGCThread "G1 Refine#1" [stack: 0x000000b6c0e00000,0x000000b6c0f00000] [id=7352]
  0x0000027c60b69000 ConcurrentGCThread "G1 Refine#2" [stack: 0x000000b6c0f00000,0x000000b6c1000000] [id=9824]
  0x0000027c5ece7000 ConcurrentGCThread "G1 Young RemSet Sampling" [stack: 0x000000b6be200000,0x000000b6be300000] [id=14128]

Threads with active compile tasks:
C2 CompilerThread0  26245 15119 %     4       org.gradle.internal.instantiation.generator.AbstractClassGenerator::inspectType @ 341 (560 bytes)
C2 CompilerThread1  26246 15365       4       org.gradle.tooling.internal.adapter.ProtocolToModelAdapter$InvocationHandlerImpl::invoke (176 bytes)

VM state:not at safepoint (normal execution)

VM Mutex/Monitor currently owned by a thread: None

Heap address: 0x00000000e0000000, size: 512 MB, Compressed Oops mode: 32-bit
Narrow klass base: 0x0000000000000000, Narrow klass shift: 3
Compressed class space size: 260046848 Address: 0x0000000100000000

Heap:
 garbage-first heap   total 262144K, used 199337K [0x00000000e0000000, 0x0000000100000000)
  region size 1024K, 15 young (15360K), 2 survivors (2048K)
 Metaspace       used 128694K, capacity 131814K, committed 131840K, reserved 368640K
  class space    used 16234K, capacity 17393K, committed 17408K, reserved 253952K
Heap Regions: E=young(eden), S=young(survivor), O=old, HS=humongous(starts), HC=humongous(continues), CS=collection set, F=free, A=archive, TAMS=top-at-mark-start (previous, next)
|   0|0x00000000e0000000, 0x00000000e0100000, 0x00000000e0100000|100%|HS|  |TAMS 0x00000000e0100000, 0x00000000e0000000| Complete 
|   1|0x00000000e0100000, 0x00000000e0200000, 0x00000000e0200000|100%|HC|  |TAMS 0x00000000e0200000, 0x00000000e0100000| Complete 
|   2|0x00000000e0200000, 0x00000000e0300000, 0x00000000e0300000|100%|HC|  |TAMS 0x00000000e0300000, 0x00000000e0200000| Complete 
|   3|0x00000000e0300000, 0x00000000e0400000, 0x00000000e0400000|100%| O|  |TAMS 0x00000000e0400000, 0x00000000e0300000| Untracked 
|   4|0x00000000e0400000, 0x00000000e0500000, 0x00000000e0500000|100%| O|  |TAMS 0x00000000e0500000, 0x00000000e0400000| Untracked 
|   5|0x00000000e0500000, 0x00000000e0600000, 0x00000000e0600000|100%| O|  |TAMS 0x00000000e0600000, 0x00000000e0500000| Untracked 
|   6|0x00000000e0600000, 0x00000000e0700000, 0x00000000e0700000|100%| O|  |TAMS 0x00000000e0700000, 0x00000000e0600000| Untracked 
|   7|0x00000000e0700000, 0x00000000e0800000, 0x00000000e0800000|100%| O|  |TAMS 0x00000000e0800000, 0x00000000e0700000| Untracked 
|   8|0x00000000e0800000, 0x00000000e0900000, 0x00000000e0900000|100%| O|  |TAMS 0x00000000e0900000, 0x00000000e0800000| Untracked 
|   9|0x00000000e0900000, 0x00000000e0a00000, 0x00000000e0a00000|100%| O|  |TAMS 0x00000000e0a00000, 0x00000000e0900000| Untracked 
|  10|0x00000000e0a00000, 0x00000000e0b00000, 0x00000000e0b00000|100%| O|  |TAMS 0x00000000e0b00000, 0x00000000e0a00000| Untracked 
|  11|0x00000000e0b00000, 0x00000000e0c00000, 0x00000000e0c00000|100%|HS|  |TAMS 0x00000000e0c00000, 0x00000000e0b00000| Complete 
|  12|0x00000000e0c00000, 0x00000000e0d00000, 0x00000000e0d00000|100%|HC|  |TAMS 0x00000000e0d00000, 0x00000000e0c00000| Complete 
|  13|0x00000000e0d00000, 0x00000000e0e00000, 0x00000000e0e00000|100%|HC|  |TAMS 0x00000000e0e00000, 0x00000000e0d00000| Complete 
|  14|0x00000000e0e00000, 0x00000000e0f00000, 0x00000000e0f00000|100%|HC|  |TAMS 0x00000000e0f00000, 0x00000000e0e00000| Complete 
|  15|0x00000000e0f00000, 0x00000000e1000000, 0x00000000e1000000|100%|HC|  |TAMS 0x00000000e1000000, 0x00000000e0f00000| Complete 
|  16|0x00000000e1000000, 0x00000000e1100000, 0x00000000e1100000|100%|HS|  |TAMS 0x00000000e1100000, 0x00000000e1000000| Complete 
|  17|0x00000000e1100000, 0x00000000e1200000, 0x00000000e1200000|100%|HC|  |TAMS 0x00000000e1200000, 0x00000000e1100000| Complete 
|  18|0x00000000e1200000, 0x00000000e1300000, 0x00000000e1300000|100%|HC|  |TAMS 0x00000000e1300000, 0x00000000e1200000| Complete 
|  19|0x00000000e1300000, 0x00000000e1400000, 0x00000000e1400000|100%|HC|  |TAMS 0x00000000e1400000, 0x00000000e1300000| Complete 
|  20|0x00000000e1400000, 0x00000000e1500000, 0x00000000e1500000|100%| O|  |TAMS 0x00000000e1500000, 0x00000000e1400000| Untracked 
|  21|0x00000000e1500000, 0x00000000e1600000, 0x00000000e1600000|100%| O|  |TAMS 0x00000000e1600000, 0x00000000e1500000| Untracked 
|  22|0x00000000e1600000, 0x00000000e1700000, 0x00000000e1700000|100%| O|  |TAMS 0x00000000e1700000, 0x00000000e1600000| Untracked 
|  23|0x00000000e1700000, 0x00000000e1800000, 0x00000000e1800000|100%| O|  |TAMS 0x00000000e1800000, 0x00000000e1700000| Untracked 
|  24|0x00000000e1800000, 0x00000000e1900000, 0x00000000e1900000|100%| O|  |TAMS 0x00000000e1900000, 0x00000000e1800000| Untracked 
|  25|0x00000000e1900000, 0x00000000e1a00000, 0x00000000e1a00000|100%| O|  |TAMS 0x00000000e1a00000, 0x00000000e1900000| Untracked 
|  26|0x00000000e1a00000, 0x00000000e1b00000, 0x00000000e1b00000|100%| O|  |TAMS 0x00000000e1b00000, 0x00000000e1a00000| Untracked 
|  27|0x00000000e1b00000, 0x00000000e1c00000, 0x00000000e1c00000|100%| O|  |TAMS 0x00000000e1c00000, 0x00000000e1b00000| Untracked 
|  28|0x00000000e1c00000, 0x00000000e1d00000, 0x00000000e1d00000|100%| O|  |TAMS 0x00000000e1d00000, 0x00000000e1c00000| Untracked 
|  29|0x00000000e1d00000, 0x00000000e1e00000, 0x00000000e1e00000|100%|HS|  |TAMS 0x00000000e1e00000, 0x00000000e1d00000| Complete 
|  30|0x00000000e1e00000, 0x00000000e1f00000, 0x00000000e1f00000|100%|HC|  |TAMS 0x00000000e1f00000, 0x00000000e1e00000| Complete 
|  31|0x00000000e1f00000, 0x00000000e2000000, 0x00000000e2000000|100%|HC|  |TAMS 0x00000000e2000000, 0x00000000e1f00000| Complete 
|  32|0x00000000e2000000, 0x00000000e2100000, 0x00000000e2100000|100%|HC|  |TAMS 0x00000000e2100000, 0x00000000e2000000| Complete 
|  33|0x00000000e2100000, 0x00000000e2200000, 0x00000000e2200000|100%|HC|  |TAMS 0x00000000e2200000, 0x00000000e2100000| Complete 
|  34|0x00000000e2200000, 0x00000000e2300000, 0x00000000e2300000|100%|HS|  |TAMS 0x00000000e2300000, 0x00000000e2200000| Complete 
|  35|0x00000000e2300000, 0x00000000e2400000, 0x00000000e2400000|100%|HC|  |TAMS 0x00000000e2400000, 0x00000000e2300000| Complete 
|  36|0x00000000e2400000, 0x00000000e2500000, 0x00000000e2500000|100%|HC|  |TAMS 0x00000000e2500000, 0x00000000e2400000| Complete 
|  37|0x00000000e2500000, 0x00000000e2600000, 0x00000000e2600000|100%|HC|  |TAMS 0x00000000e2600000, 0x00000000e2500000| Complete 
|  38|0x00000000e2600000, 0x00000000e2700000, 0x00000000e2700000|100%| O|  |TAMS 0x00000000e2700000, 0x00000000e2600000| Untracked 
|  39|0x00000000e2700000, 0x00000000e2800000, 0x00000000e2800000|100%| O|  |TAMS 0x00000000e2800000, 0x00000000e2700000| Untracked 
|  40|0x00000000e2800000, 0x00000000e2900000, 0x00000000e2900000|100%| O|  |TAMS 0x00000000e2900000, 0x00000000e2800000| Untracked 
|  41|0x00000000e2900000, 0x00000000e2a00000, 0x00000000e2a00000|100%| O|  |TAMS 0x00000000e2a00000, 0x00000000e2900000| Untracked 
|  42|0x00000000e2a00000, 0x00000000e2b00000, 0x00000000e2b00000|100%| O|  |TAMS 0x00000000e2b00000, 0x00000000e2a00000| Untracked 
|  43|0x00000000e2b00000, 0x00000000e2c00000, 0x00000000e2c00000|100%| O|  |TAMS 0x00000000e2c00000, 0x00000000e2b00000| Untracked 
|  44|0x00000000e2c00000, 0x00000000e2d00000, 0x00000000e2d00000|100%| O|  |TAMS 0x00000000e2d00000, 0x00000000e2c00000| Untracked 
|  45|0x00000000e2d00000, 0x00000000e2e00000, 0x00000000e2e00000|100%| O|  |TAMS 0x00000000e2e00000, 0x00000000e2d00000| Untracked 
|  46|0x00000000e2e00000, 0x00000000e2f00000, 0x00000000e2f00000|100%| O|  |TAMS 0x00000000e2f00000, 0x00000000e2e00000| Untracked 
|  47|0x00000000e2f00000, 0x00000000e3000000, 0x00000000e3000000|100%| O|  |TAMS 0x00000000e3000000, 0x00000000e2f00000| Untracked 
|  48|0x00000000e3000000, 0x00000000e3100000, 0x00000000e3100000|100%| O|  |TAMS 0x00000000e3100000, 0x00000000e3000000| Untracked 
|  49|0x00000000e3100000, 0x00000000e3200000, 0x00000000e3200000|100%| O|  |TAMS 0x00000000e3200000, 0x00000000e3100000| Untracked 
|  50|0x00000000e3200000, 0x00000000e3300000, 0x00000000e3300000|100%| O|  |TAMS 0x00000000e3300000, 0x00000000e3200000| Untracked 
|  51|0x00000000e3300000, 0x00000000e3400000, 0x00000000e3400000|100%| O|  |TAMS 0x00000000e3400000, 0x00000000e3300000| Untracked 
|  52|0x00000000e3400000, 0x00000000e3500000, 0x00000000e3500000|100%| O|  |TAMS 0x00000000e3500000, 0x00000000e3400000| Untracked 
|  53|0x00000000e3500000, 0x00000000e3600000, 0x00000000e3600000|100%|HS|  |TAMS 0x00000000e3600000, 0x00000000e3500000| Complete 
|  54|0x00000000e3600000, 0x00000000e3700000, 0x00000000e3700000|100%|HC|  |TAMS 0x00000000e3700000, 0x00000000e3600000| Complete 
|  55|0x00000000e3700000, 0x00000000e3800000, 0x00000000e3800000|100%|HC|  |TAMS 0x00000000e3800000, 0x00000000e3700000| Complete 
|  56|0x00000000e3800000, 0x00000000e3900000, 0x00000000e3900000|100%|HS|  |TAMS 0x00000000e3900000, 0x00000000e3800000| Complete 
|  57|0x00000000e3900000, 0x00000000e3a00000, 0x00000000e3a00000|100%|HC|  |TAMS 0x00000000e3a00000, 0x00000000e3900000| Complete 
|  58|0x00000000e3a00000, 0x00000000e3b00000, 0x00000000e3b00000|100%|HC|  |TAMS 0x00000000e3b00000, 0x00000000e3a00000| Complete 
|  59|0x00000000e3b00000, 0x00000000e3c00000, 0x00000000e3c00000|100%|HS|  |TAMS 0x00000000e3c00000, 0x00000000e3b00000| Complete 
|  60|0x00000000e3c00000, 0x00000000e3d00000, 0x00000000e3d00000|100%|HC|  |TAMS 0x00000000e3d00000, 0x00000000e3c00000| Complete 
|  61|0x00000000e3d00000, 0x00000000e3e00000, 0x00000000e3e00000|100%|HC|  |TAMS 0x00000000e3e00000, 0x00000000e3d00000| Complete 
|  62|0x00000000e3e00000, 0x00000000e3f00000, 0x00000000e3f00000|100%|HC|  |TAMS 0x00000000e3f00000, 0x00000000e3e00000| Complete 
|  63|0x00000000e3f00000, 0x00000000e4000000, 0x00000000e4000000|100%|HC|  |TAMS 0x00000000e4000000, 0x00000000e3f00000| Complete 
|  64|0x00000000e4000000, 0x00000000e4100000, 0x00000000e4100000|100%| O|  |TAMS 0x00000000e4100000, 0x00000000e4000000| Untracked 
|  65|0x00000000e4100000, 0x00000000e4200000, 0x00000000e4200000|100%| O|  |TAMS 0x00000000e4200000, 0x00000000e4100000| Untracked 
|  66|0x00000000e4200000, 0x00000000e4300000, 0x00000000e4300000|100%| O|  |TAMS 0x00000000e4300000, 0x00000000e4200000| Untracked 
|  67|0x00000000e4300000, 0x00000000e4400000, 0x00000000e4400000|100%| O|  |TAMS 0x00000000e4400000, 0x00000000e4300000| Untracked 
|  68|0x00000000e4400000, 0x00000000e4500000, 0x00000000e4500000|100%| O|  |TAMS 0x00000000e4500000, 0x00000000e4400000| Untracked 
|  69|0x00000000e4500000, 0x00000000e4600000, 0x00000000e4600000|100%| O|  |TAMS 0x00000000e4600000, 0x00000000e4500000| Untracked 
|  70|0x00000000e4600000, 0x00000000e4700000, 0x00000000e4700000|100%| O|  |TAMS 0x00000000e4700000, 0x00000000e4600000| Untracked 
|  71|0x00000000e4700000, 0x00000000e4800000, 0x00000000e4800000|100%| O|  |TAMS 0x00000000e4800000, 0x00000000e4700000| Untracked 
|  72|0x00000000e4800000, 0x00000000e4900000, 0x00000000e4900000|100%| O|  |TAMS 0x00000000e4900000, 0x00000000e4800000| Untracked 
|  73|0x00000000e4900000, 0x00000000e4a00000, 0x00000000e4a00000|100%| O|  |TAMS 0x00000000e4a00000, 0x00000000e4900000| Untracked 
|  74|0x00000000e4a00000, 0x00000000e4b00000, 0x00000000e4b00000|100%| O|  |TAMS 0x00000000e4b00000, 0x00000000e4a00000| Untracked 
|  75|0x00000000e4b00000, 0x00000000e4c00000, 0x00000000e4c00000|100%| O|  |TAMS 0x00000000e4c00000, 0x00000000e4b00000| Untracked 
|  76|0x00000000e4c00000, 0x00000000e4d00000, 0x00000000e4d00000|100%| O|  |TAMS 0x00000000e4d00000, 0x00000000e4c00000| Untracked 
|  77|0x00000000e4d00000, 0x00000000e4e00000, 0x00000000e4e00000|100%| O|  |TAMS 0x00000000e4e00000, 0x00000000e4d00000| Untracked 
|  78|0x00000000e4e00000, 0x00000000e4f00000, 0x00000000e4f00000|100%| O|  |TAMS 0x00000000e4f00000, 0x00000000e4e00000| Untracked 
|  79|0x00000000e4f00000, 0x00000000e5000000, 0x00000000e5000000|100%| O|  |TAMS 0x00000000e5000000, 0x00000000e4f00000| Untracked 
|  80|0x00000000e5000000, 0x00000000e5100000, 0x00000000e5100000|100%| O|  |TAMS 0x00000000e5100000, 0x00000000e5000000| Untracked 
|  81|0x00000000e5100000, 0x00000000e5200000, 0x00000000e5200000|100%| O|  |TAMS 0x00000000e5200000, 0x00000000e5100000| Untracked 
|  82|0x00000000e5200000, 0x00000000e5300000, 0x00000000e5300000|100%| O|  |TAMS 0x00000000e5300000, 0x00000000e5200000| Untracked 
|  83|0x00000000e5300000, 0x00000000e5400000, 0x00000000e5400000|100%| O|  |TAMS 0x00000000e5400000, 0x00000000e5300000| Untracked 
|  84|0x00000000e5400000, 0x00000000e5500000, 0x00000000e5500000|100%| O|  |TAMS 0x00000000e5500000, 0x00000000e5400000| Untracked 
|  85|0x00000000e5500000, 0x00000000e5600000, 0x00000000e5600000|100%| O|  |TAMS 0x00000000e5600000, 0x00000000e5500000| Untracked 
|  86|0x00000000e5600000, 0x00000000e5700000, 0x00000000e5700000|100%| O|  |TAMS 0x00000000e5700000, 0x00000000e5600000| Untracked 
|  87|0x00000000e5700000, 0x00000000e5800000, 0x00000000e5800000|100%| O|  |TAMS 0x00000000e5800000, 0x00000000e5700000| Untracked 
|  88|0x00000000e5800000, 0x00000000e5900000, 0x00000000e5900000|100%| O|  |TAMS 0x00000000e5900000, 0x00000000e5800000| Untracked 
|  89|0x00000000e5900000, 0x00000000e5a00000, 0x00000000e5a00000|100%| O|  |TAMS 0x00000000e5a00000, 0x00000000e5900000| Untracked 
|  90|0x00000000e5a00000, 0x00000000e5b00000, 0x00000000e5b00000|100%| O|  |TAMS 0x00000000e5b00000, 0x00000000e5a00000| Untracked 
|  91|0x00000000e5b00000, 0x00000000e5b00000, 0x00000000e5c00000|  0%| F|  |TAMS 0x00000000e5b00000, 0x00000000e5b00000| Untracked 
|  92|0x00000000e5c00000, 0x00000000e5d00000, 0x00000000e5d00000|100%| O|  |TAMS 0x00000000e5d00000, 0x00000000e5c00000| Untracked 
|  93|0x00000000e5d00000, 0x00000000e5e00000, 0x00000000e5e00000|100%| O|  |TAMS 0x00000000e5e00000, 0x00000000e5d00000| Untracked 
|  94|0x00000000e5e00000, 0x00000000e5f00000, 0x00000000e5f00000|100%|HS|  |TAMS 0x00000000e5f00000, 0x00000000e5e00000| Complete 
|  95|0x00000000e5f00000, 0x00000000e6000000, 0x00000000e6000000|100%|HS|  |TAMS 0x00000000e6000000, 0x00000000e5f00000| Complete 
|  96|0x00000000e6000000, 0x00000000e6100000, 0x00000000e6100000|100%|HC|  |TAMS 0x00000000e6100000, 0x00000000e6000000| Complete 
|  97|0x00000000e6100000, 0x00000000e6200000, 0x00000000e6200000|100%|HC|  |TAMS 0x00000000e6200000, 0x00000000e6100000| Complete 
|  98|0x00000000e6200000, 0x00000000e6300000, 0x00000000e6300000|100%|HS|  |TAMS 0x00000000e6300000, 0x00000000e6200000| Complete 
|  99|0x00000000e6300000, 0x00000000e6400000, 0x00000000e6400000|100%|HC|  |TAMS 0x00000000e6400000, 0x00000000e6300000| Complete 
| 100|0x00000000e6400000, 0x00000000e6500000, 0x00000000e6500000|100%|HC|  |TAMS 0x00000000e6500000, 0x00000000e6400000| Complete 
| 101|0x00000000e6500000, 0x00000000e6600000, 0x00000000e6600000|100%| O|  |TAMS 0x00000000e6600000, 0x00000000e6500000| Untracked 
| 102|0x00000000e6600000, 0x00000000e6600000, 0x00000000e6700000|  0%| F|  |TAMS 0x00000000e6600000, 0x00000000e6600000| Untracked 
| 103|0x00000000e6700000, 0x00000000e6800000, 0x00000000e6800000|100%| O|  |TAMS 0x00000000e6800000, 0x00000000e6700000| Untracked 
| 104|0x00000000e6800000, 0x00000000e6900000, 0x00000000e6900000|100%| O|  |TAMS 0x00000000e6900000, 0x00000000e6800000| Untracked 
| 105|0x00000000e6900000, 0x00000000e6a00000, 0x00000000e6a00000|100%| O|  |TAMS 0x00000000e6a00000, 0x00000000e6900000| Untracked 
| 106|0x00000000e6a00000, 0x00000000e6b00000, 0x00000000e6b00000|100%| O|  |TAMS 0x00000000e6b00000, 0x00000000e6a00000| Untracked 
| 107|0x00000000e6b00000, 0x00000000e6c00000, 0x00000000e6c00000|100%| O|  |TAMS 0x00000000e6c00000, 0x00000000e6b00000| Untracked 
| 108|0x00000000e6c00000, 0x00000000e6d00000, 0x00000000e6d00000|100%| O|  |TAMS 0x00000000e6d00000, 0x00000000e6c00000| Untracked 
| 109|0x00000000e6d00000, 0x00000000e6e00000, 0x00000000e6e00000|100%| O|  |TAMS 0x00000000e6e00000, 0x00000000e6d00000| Untracked 
| 110|0x00000000e6e00000, 0x00000000e6f00000, 0x00000000e6f00000|100%| O|  |TAMS 0x00000000e6f00000, 0x00000000e6e00000| Untracked 
| 111|0x00000000e6f00000, 0x00000000e7000000, 0x00000000e7000000|100%| O|  |TAMS 0x00000000e7000000, 0x00000000e6f00000| Untracked 
| 112|0x00000000e7000000, 0x00000000e7100000, 0x00000000e7100000|100%| O|  |TAMS 0x00000000e7100000, 0x00000000e7000000| Untracked 
| 113|0x00000000e7100000, 0x00000000e7200000, 0x00000000e7200000|100%| O|  |TAMS 0x00000000e7200000, 0x00000000e7100000| Untracked 
| 114|0x00000000e7200000, 0x00000000e7300000, 0x00000000e7300000|100%| O|  |TAMS 0x00000000e7300000, 0x00000000e7200000| Untracked 
| 115|0x00000000e7300000, 0x00000000e7400000, 0x00000000e7400000|100%| O|  |TAMS 0x00000000e7400000, 0x00000000e7300000| Untracked 
| 116|0x00000000e7400000, 0x00000000e7500000, 0x00000000e7500000|100%| O|  |TAMS 0x00000000e7500000, 0x00000000e7400000| Untracked 
| 117|0x00000000e7500000, 0x00000000e7600000, 0x00000000e7600000|100%| O|  |TAMS 0x00000000e7600000, 0x00000000e7500000| Untracked 
| 118|0x00000000e7600000, 0x00000000e7700000, 0x00000000e7700000|100%| O|  |TAMS 0x00000000e7700000, 0x00000000e7600000| Untracked 
| 119|0x00000000e7700000, 0x00000000e7800000, 0x00000000e7800000|100%| O|  |TAMS 0x00000000e7800000, 0x00000000e7700000| Untracked 
| 120|0x00000000e7800000, 0x00000000e7900000, 0x00000000e7900000|100%| O|  |TAMS 0x00000000e7900000, 0x00000000e7800000| Untracked 
| 121|0x00000000e7900000, 0x00000000e7a00000, 0x00000000e7a00000|100%| O|  |TAMS 0x00000000e7a00000, 0x00000000e7900000| Untracked 
| 122|0x00000000e7a00000, 0x00000000e7b00000, 0x00000000e7b00000|100%| O|  |TAMS 0x00000000e7b00000, 0x00000000e7a00000| Untracked 
| 123|0x00000000e7b00000, 0x00000000e7c00000, 0x00000000e7c00000|100%| O|  |TAMS 0x00000000e7c00000, 0x00000000e7b00000| Untracked 
| 124|0x00000000e7c00000, 0x00000000e7d00000, 0x00000000e7d00000|100%| O|  |TAMS 0x00000000e7d00000, 0x00000000e7c00000| Untracked 
| 125|0x00000000e7d00000, 0x00000000e7e00000, 0x00000000e7e00000|100%| O|  |TAMS 0x00000000e7e00000, 0x00000000e7d00000| Untracked 
| 126|0x00000000e7e00000, 0x00000000e7f00000, 0x00000000e7f00000|100%| O|  |TAMS 0x00000000e7f00000, 0x00000000e7e00000| Untracked 
| 127|0x00000000e7f00000, 0x00000000e8000000, 0x00000000e8000000|100%| O|  |TAMS 0x00000000e8000000, 0x00000000e7f00000| Untracked 
| 128|0x00000000e8000000, 0x00000000e8100000, 0x00000000e8100000|100%| O|  |TAMS 0x00000000e8100000, 0x00000000e8000000| Untracked 
| 129|0x00000000e8100000, 0x00000000e8200000, 0x00000000e8200000|100%| O|  |TAMS 0x00000000e8200000, 0x00000000e8100000| Untracked 
| 130|0x00000000e8200000, 0x00000000e8300000, 0x00000000e8300000|100%| O|  |TAMS 0x00000000e8300000, 0x00000000e8200000| Untracked 
| 131|0x00000000e8300000, 0x00000000e8400000, 0x00000000e8400000|100%| O|  |TAMS 0x00000000e8400000, 0x00000000e8300000| Untracked 
| 132|0x00000000e8400000, 0x00000000e8500000, 0x00000000e8500000|100%| O|  |TAMS 0x00000000e8500000, 0x00000000e8400000| Untracked 
| 133|0x00000000e8500000, 0x00000000e8600000, 0x00000000e8600000|100%| O|  |TAMS 0x00000000e8600000, 0x00000000e8500000| Untracked 
| 134|0x00000000e8600000, 0x00000000e8700000, 0x00000000e8700000|100%| O|  |TAMS 0x00000000e8700000, 0x00000000e8600000| Untracked 
| 135|0x00000000e8700000, 0x00000000e8800000, 0x00000000e8800000|100%| O|  |TAMS 0x00000000e8800000, 0x00000000e8700000| Untracked 
| 136|0x00000000e8800000, 0x00000000e8900000, 0x00000000e8900000|100%| O|  |TAMS 0x00000000e8900000, 0x00000000e8800000| Untracked 
| 137|0x00000000e8900000, 0x00000000e8a00000, 0x00000000e8a00000|100%| O|  |TAMS 0x00000000e8a00000, 0x00000000e8900000| Untracked 
| 138|0x00000000e8a00000, 0x00000000e8b00000, 0x00000000e8b00000|100%| O|  |TAMS 0x00000000e8b00000, 0x00000000e8a00000| Untracked 
| 139|0x00000000e8b00000, 0x00000000e8c00000, 0x00000000e8c00000|100%| O|  |TAMS 0x00000000e8c00000, 0x00000000e8b00000| Untracked 
| 140|0x00000000e8c00000, 0x00000000e8d00000, 0x00000000e8d00000|100%| O|  |TAMS 0x00000000e8d00000, 0x00000000e8c00000| Untracked 
| 141|0x00000000e8d00000, 0x00000000e8e00000, 0x00000000e8e00000|100%| O|  |TAMS 0x00000000e8e00000, 0x00000000e8d00000| Untracked 
| 142|0x00000000e8e00000, 0x00000000e8f00000, 0x00000000e8f00000|100%| O|  |TAMS 0x00000000e8f00000, 0x00000000e8e00000| Untracked 
| 143|0x00000000e8f00000, 0x00000000e9000000, 0x00000000e9000000|100%|HS|  |TAMS 0x00000000e8f00000, 0x00000000e8f00000| Complete 
| 144|0x00000000e9000000, 0x00000000e9100000, 0x00000000e9100000|100%|HC|  |TAMS 0x00000000e9000000, 0x00000000e9000000| Complete 
| 145|0x00000000e9100000, 0x00000000e9200000, 0x00000000e9200000|100%| O|  |TAMS 0x00000000e9200000, 0x00000000e9100000| Untracked 
| 146|0x00000000e9200000, 0x00000000e9300000, 0x00000000e9300000|100%|HS|  |TAMS 0x00000000e9200000, 0x00000000e9200000| Complete 
| 147|0x00000000e9300000, 0x00000000e9400000, 0x00000000e9400000|100%|HC|  |TAMS 0x00000000e9300000, 0x00000000e9300000| Complete 
| 148|0x00000000e9400000, 0x00000000e9500000, 0x00000000e9500000|100%| O|  |TAMS 0x00000000e9400000, 0x00000000e9400000| Untracked 
| 149|0x00000000e9500000, 0x00000000e9600000, 0x00000000e9600000|100%| O|  |TAMS 0x00000000e9600000, 0x00000000e9500000| Untracked 
| 150|0x00000000e9600000, 0x00000000e9700000, 0x00000000e9700000|100%|HS|  |TAMS 0x00000000e9700000, 0x00000000e9600000| Complete 
| 151|0x00000000e9700000, 0x00000000e9800000, 0x00000000e9800000|100%|HC|  |TAMS 0x00000000e9800000, 0x00000000e9700000| Complete 
| 152|0x00000000e9800000, 0x00000000e9900000, 0x00000000e9900000|100%|HC|  |TAMS 0x00000000e9900000, 0x00000000e9800000| Complete 
| 153|0x00000000e9900000, 0x00000000e9a00000, 0x00000000e9a00000|100%|HC|  |TAMS 0x00000000e9a00000, 0x00000000e9900000| Complete 
| 154|0x00000000e9a00000, 0x00000000e9b00000, 0x00000000e9b00000|100%| O|  |TAMS 0x00000000e9b00000, 0x00000000e9a00000| Untracked 
| 155|0x00000000e9b00000, 0x00000000e9c00000, 0x00000000e9c00000|100%| O|  |TAMS 0x00000000e9c00000, 0x00000000e9b00000| Untracked 
| 156|0x00000000e9c00000, 0x00000000e9d00000, 0x00000000e9d00000|100%| O|  |TAMS 0x00000000e9d00000, 0x00000000e9c00000| Untracked 
| 157|0x00000000e9d00000, 0x00000000e9e00000, 0x00000000e9e00000|100%| O|  |TAMS 0x00000000e9e00000, 0x00000000e9d00000| Untracked 
| 158|0x00000000e9e00000, 0x00000000e9f00000, 0x00000000e9f00000|100%| O|  |TAMS 0x00000000e9f00000, 0x00000000e9e00000| Untracked 
| 159|0x00000000e9f00000, 0x00000000ea000000, 0x00000000ea000000|100%| O|  |TAMS 0x00000000e9f00000, 0x00000000e9f00000| Untracked 
| 160|0x00000000ea000000, 0x00000000ea100000, 0x00000000ea100000|100%| O|  |TAMS 0x00000000ea100000, 0x00000000ea000000| Untracked 
| 161|0x00000000ea100000, 0x00000000ea200000, 0x00000000ea200000|100%| O|  |TAMS 0x00000000ea200000, 0x00000000ea100000| Untracked 
| 162|0x00000000ea200000, 0x00000000ea300000, 0x00000000ea300000|100%| O|  |TAMS 0x00000000ea300000, 0x00000000ea200000| Untracked 
| 163|0x00000000ea300000, 0x00000000ea400000, 0x00000000ea400000|100%| O|  |TAMS 0x00000000ea400000, 0x00000000ea300000| Untracked 
| 164|0x00000000ea400000, 0x00000000ea500000, 0x00000000ea500000|100%| O|  |TAMS 0x00000000ea500000, 0x00000000ea400000| Untracked 
| 165|0x00000000ea500000, 0x00000000ea600000, 0x00000000ea600000|100%| O|  |TAMS 0x00000000ea600000, 0x00000000ea500000| Untracked 
| 166|0x00000000ea600000, 0x00000000ea700000, 0x00000000ea700000|100%| O|  |TAMS 0x00000000ea700000, 0x00000000ea600000| Untracked 
| 167|0x00000000ea700000, 0x00000000ea800000, 0x00000000ea800000|100%| O|  |TAMS 0x00000000ea800000, 0x00000000ea700000| Untracked 
| 168|0x00000000ea800000, 0x00000000ea900000, 0x00000000ea900000|100%| O|  |TAMS 0x00000000ea900000, 0x00000000ea800000| Untracked 
| 169|0x00000000ea900000, 0x00000000eaa00000, 0x00000000eaa00000|100%| O|  |TAMS 0x00000000eaa00000, 0x00000000ea900000| Untracked 
| 170|0x00000000eaa00000, 0x00000000eab00000, 0x00000000eab00000|100%| O|  |TAMS 0x00000000eab00000, 0x00000000eaa00000| Untracked 
| 171|0x00000000eab00000, 0x00000000eac00000, 0x00000000eac00000|100%| O|  |TAMS 0x00000000eac00000, 0x00000000eab00000| Untracked 
| 172|0x00000000eac00000, 0x00000000ead00000, 0x00000000ead00000|100%| O|  |TAMS 0x00000000ead00000, 0x00000000eac00000| Untracked 
| 173|0x00000000ead00000, 0x00000000eae00000, 0x00000000eae00000|100%| O|  |TAMS 0x00000000eae00000, 0x00000000ead00000| Untracked 
| 174|0x00000000eae00000, 0x00000000eaf00000, 0x00000000eaf00000|100%| O|  |TAMS 0x00000000eaf00000, 0x00000000eae00000| Untracked 
| 175|0x00000000eaf00000, 0x00000000eb000000, 0x00000000eb000000|100%| O|  |TAMS 0x00000000eb000000, 0x00000000eaf00000| Untracked 
| 176|0x00000000eb000000, 0x00000000eb100000, 0x00000000eb100000|100%| O|  |TAMS 0x00000000eb000000, 0x00000000eb000000| Untracked 
| 177|0x00000000eb100000, 0x00000000eb200000, 0x00000000eb200000|100%| O|  |TAMS 0x00000000eb100000, 0x00000000eb100000| Untracked 
| 178|0x00000000eb200000, 0x00000000eb300000, 0x00000000eb300000|100%| O|  |TAMS 0x00000000eb200000, 0x00000000eb200000| Untracked 
| 179|0x00000000eb300000, 0x00000000eb400000, 0x00000000eb400000|100%| O|  |TAMS 0x00000000eb300000, 0x00000000eb300000| Untracked 
| 180|0x00000000eb400000, 0x00000000eb500000, 0x00000000eb500000|100%| O|  |TAMS 0x00000000eb400000, 0x00000000eb400000| Untracked 
| 181|0x00000000eb500000, 0x00000000eb600000, 0x00000000eb600000|100%| O|  |TAMS 0x00000000eb500000, 0x00000000eb500000| Untracked 
| 182|0x00000000eb600000, 0x00000000eb6aa400, 0x00000000eb700000| 66%| O|  |TAMS 0x00000000eb600000, 0x00000000eb600000| Untracked 
| 183|0x00000000eb700000, 0x00000000eb700000, 0x00000000eb800000|  0%| F|  |TAMS 0x00000000eb700000, 0x00000000eb700000| Untracked 
| 184|0x00000000eb800000, 0x00000000eb800000, 0x00000000eb900000|  0%| F|  |TAMS 0x00000000eb800000, 0x00000000eb800000| Untracked 
| 185|0x00000000eb900000, 0x00000000eb900000, 0x00000000eba00000|  0%| F|  |TAMS 0x00000000eb900000, 0x00000000eb900000| Untracked 
| 186|0x00000000eba00000, 0x00000000eba00000, 0x00000000ebb00000|  0%| F|  |TAMS 0x00000000eba00000, 0x00000000eba00000| Untracked 
| 187|0x00000000ebb00000, 0x00000000ebb00000, 0x00000000ebc00000|  0%| F|  |TAMS 0x00000000ebb00000, 0x00000000ebb00000| Untracked 
| 188|0x00000000ebc00000, 0x00000000ebc00000, 0x00000000ebd00000|  0%| F|  |TAMS 0x00000000ebc00000, 0x00000000ebc00000| Untracked 
| 189|0x00000000ebd00000, 0x00000000ebd00000, 0x00000000ebe00000|  0%| F|  |TAMS 0x00000000ebd00000, 0x00000000ebd00000| Untracked 
| 190|0x00000000ebe00000, 0x00000000ebe00000, 0x00000000ebf00000|  0%| F|  |TAMS 0x00000000ebe00000, 0x00000000ebe00000| Untracked 
| 191|0x00000000ebf00000, 0x00000000ebf00000, 0x00000000ec000000|  0%| F|  |TAMS 0x00000000ebf00000, 0x00000000ebf00000| Untracked 
| 192|0x00000000ec000000, 0x00000000ec000000, 0x00000000ec100000|  0%| F|  |TAMS 0x00000000ec000000, 0x00000000ec000000| Untracked 
| 193|0x00000000ec100000, 0x00000000ec100000, 0x00000000ec200000|  0%| F|  |TAMS 0x00000000ec100000, 0x00000000ec100000| Untracked 
| 194|0x00000000ec200000, 0x00000000ec200000, 0x00000000ec300000|  0%| F|  |TAMS 0x00000000ec200000, 0x00000000ec200000| Untracked 
| 195|0x00000000ec300000, 0x00000000ec300000, 0x00000000ec400000|  0%| F|  |TAMS 0x00000000ec300000, 0x00000000ec300000| Untracked 
| 196|0x00000000ec400000, 0x00000000ec400000, 0x00000000ec500000|  0%| F|  |TAMS 0x00000000ec400000, 0x00000000ec400000| Untracked 
| 197|0x00000000ec500000, 0x00000000ec500000, 0x00000000ec600000|  0%| F|  |TAMS 0x00000000ec500000, 0x00000000ec500000| Untracked 
| 198|0x00000000ec600000, 0x00000000ec600000, 0x00000000ec700000|  0%| F|  |TAMS 0x00000000ec600000, 0x00000000ec600000| Untracked 
| 199|0x00000000ec700000, 0x00000000ec700000, 0x00000000ec800000|  0%| F|  |TAMS 0x00000000ec700000, 0x00000000ec700000| Untracked 
| 200|0x00000000ec800000, 0x00000000ec800000, 0x00000000ec900000|  0%| F|  |TAMS 0x00000000ec800000, 0x00000000ec800000| Untracked 
| 201|0x00000000ec900000, 0x00000000ec900000, 0x00000000eca00000|  0%| F|  |TAMS 0x00000000ec900000, 0x00000000ec900000| Untracked 
| 202|0x00000000eca00000, 0x00000000eca00000, 0x00000000ecb00000|  0%| F|  |TAMS 0x00000000eca00000, 0x00000000eca00000| Untracked 
| 203|0x00000000ecb00000, 0x00000000ecb00000, 0x00000000ecc00000|  0%| F|  |TAMS 0x00000000ecb00000, 0x00000000ecb00000| Untracked 
| 204|0x00000000ecc00000, 0x00000000ecc00000, 0x00000000ecd00000|  0%| F|  |TAMS 0x00000000ecc00000, 0x00000000ecc00000| Untracked 
| 205|0x00000000ecd00000, 0x00000000ecd00000, 0x00000000ece00000|  0%| F|  |TAMS 0x00000000ecd00000, 0x00000000ecd00000| Untracked 
| 206|0x00000000ece00000, 0x00000000ece00000, 0x00000000ecf00000|  0%| F|  |TAMS 0x00000000ece00000, 0x00000000ece00000| Untracked 
| 207|0x00000000ecf00000, 0x00000000ecf00000, 0x00000000ed000000|  0%| F|  |TAMS 0x00000000ecf00000, 0x00000000ecf00000| Untracked 
| 208|0x00000000ed000000, 0x00000000ed000000, 0x00000000ed100000|  0%| F|  |TAMS 0x00000000ed000000, 0x00000000ed000000| Untracked 
| 209|0x00000000ed100000, 0x00000000ed100000, 0x00000000ed200000|  0%| F|  |TAMS 0x00000000ed100000, 0x00000000ed100000| Untracked 
| 210|0x00000000ed200000, 0x00000000ed200000, 0x00000000ed300000|  0%| F|  |TAMS 0x00000000ed200000, 0x00000000ed200000| Untracked 
| 211|0x00000000ed300000, 0x00000000ed300000, 0x00000000ed400000|  0%| F|  |TAMS 0x00000000ed300000, 0x00000000ed300000| Untracked 
| 212|0x00000000ed400000, 0x00000000ed400000, 0x00000000ed500000|  0%| F|  |TAMS 0x00000000ed400000, 0x00000000ed400000| Untracked 
| 213|0x00000000ed500000, 0x00000000ed500000, 0x00000000ed600000|  0%| F|  |TAMS 0x00000000ed500000, 0x00000000ed500000| Untracked 
| 214|0x00000000ed600000, 0x00000000ed600000, 0x00000000ed700000|  0%| F|  |TAMS 0x00000000ed600000, 0x00000000ed600000| Untracked 
| 215|0x00000000ed700000, 0x00000000ed700000, 0x00000000ed800000|  0%| F|  |TAMS 0x00000000ed700000, 0x00000000ed700000| Untracked 
| 216|0x00000000ed800000, 0x00000000ed800000, 0x00000000ed900000|  0%| F|  |TAMS 0x00000000ed800000, 0x00000000ed800000| Untracked 
| 217|0x00000000ed900000, 0x00000000ed900000, 0x00000000eda00000|  0%| F|  |TAMS 0x00000000ed900000, 0x00000000ed900000| Untracked 
| 218|0x00000000eda00000, 0x00000000eda00000, 0x00000000edb00000|  0%| F|  |TAMS 0x00000000eda00000, 0x00000000eda00000| Untracked 
| 219|0x00000000edb00000, 0x00000000edb00000, 0x00000000edc00000|  0%| F|  |TAMS 0x00000000edb00000, 0x00000000edb00000| Untracked 
| 220|0x00000000edc00000, 0x00000000edc00000, 0x00000000edd00000|  0%| F|  |TAMS 0x00000000edc00000, 0x00000000edc00000| Untracked 
| 221|0x00000000edd00000, 0x00000000edd00000, 0x00000000ede00000|  0%| F|  |TAMS 0x00000000edd00000, 0x00000000edd00000| Untracked 
| 222|0x00000000ede00000, 0x00000000ede00000, 0x00000000edf00000|  0%| F|  |TAMS 0x00000000ede00000, 0x00000000ede00000| Untracked 
| 223|0x00000000edf00000, 0x00000000edf00000, 0x00000000ee000000|  0%| F|  |TAMS 0x00000000edf00000, 0x00000000edf00000| Untracked 
| 224|0x00000000ee000000, 0x00000000ee000000, 0x00000000ee100000|  0%| F|  |TAMS 0x00000000ee000000, 0x00000000ee000000| Untracked 
| 225|0x00000000ee100000, 0x00000000ee100000, 0x00000000ee200000|  0%| F|  |TAMS 0x00000000ee100000, 0x00000000ee100000| Untracked 
| 226|0x00000000ee200000, 0x00000000ee200000, 0x00000000ee300000|  0%| F|  |TAMS 0x00000000ee200000, 0x00000000ee200000| Untracked 
| 227|0x00000000ee300000, 0x00000000ee300000, 0x00000000ee400000|  0%| F|  |TAMS 0x00000000ee300000, 0x00000000ee300000| Untracked 
| 228|0x00000000ee400000, 0x00000000ee400000, 0x00000000ee500000|  0%| F|  |TAMS 0x00000000ee400000, 0x00000000ee400000| Untracked 
| 229|0x00000000ee500000, 0x00000000ee500000, 0x00000000ee600000|  0%| F|  |TAMS 0x00000000ee500000, 0x00000000ee500000| Untracked 
| 230|0x00000000ee600000, 0x00000000ee600000, 0x00000000ee700000|  0%| F|  |TAMS 0x00000000ee600000, 0x00000000ee600000| Untracked 
| 231|0x00000000ee700000, 0x00000000ee700000, 0x00000000ee800000|  0%| F|  |TAMS 0x00000000ee700000, 0x00000000ee700000| Untracked 
| 232|0x00000000ee800000, 0x00000000ee800000, 0x00000000ee900000|  0%| F|  |TAMS 0x00000000ee800000, 0x00000000ee800000| Untracked 
| 233|0x00000000ee900000, 0x00000000ee900000, 0x00000000eea00000|  0%| F|  |TAMS 0x00000000ee900000, 0x00000000ee900000| Untracked 
| 234|0x00000000eea00000, 0x00000000eea00000, 0x00000000eeb00000|  0%| F|  |TAMS 0x00000000eea00000, 0x00000000eea00000| Untracked 
| 235|0x00000000eeb00000, 0x00000000eeb00000, 0x00000000eec00000|  0%| F|  |TAMS 0x00000000eeb00000, 0x00000000eeb00000| Untracked 
| 236|0x00000000eec00000, 0x00000000eec00000, 0x00000000eed00000|  0%| F|  |TAMS 0x00000000eec00000, 0x00000000eec00000| Untracked 
| 237|0x00000000eed00000, 0x00000000eed00000, 0x00000000eee00000|  0%| F|  |TAMS 0x00000000eed00000, 0x00000000eed00000| Untracked 
| 238|0x00000000eee00000, 0x00000000eee00000, 0x00000000eef00000|  0%| F|  |TAMS 0x00000000eee00000, 0x00000000eee00000| Untracked 
| 239|0x00000000eef00000, 0x00000000ef000000, 0x00000000ef000000|100%| E|  |TAMS 0x00000000eef00000, 0x00000000eef00000| Complete 
| 240|0x00000000ef000000, 0x00000000ef100000, 0x00000000ef100000|100%| E|CS|TAMS 0x00000000ef000000, 0x00000000ef000000| Complete 
| 241|0x00000000ef100000, 0x00000000ef200000, 0x00000000ef200000|100%| E|CS|TAMS 0x00000000ef100000, 0x00000000ef100000| Complete 
| 242|0x00000000ef200000, 0x00000000ef300000, 0x00000000ef300000|100%| E|CS|TAMS 0x00000000ef200000, 0x00000000ef200000| Complete 
| 243|0x00000000ef300000, 0x00000000ef400000, 0x00000000ef400000|100%| E|CS|TAMS 0x00000000ef300000, 0x00000000ef300000| Complete 
| 244|0x00000000ef400000, 0x00000000ef500000, 0x00000000ef500000|100%| E|CS|TAMS 0x00000000ef400000, 0x00000000ef400000| Complete 
| 245|0x00000000ef500000, 0x00000000ef600000, 0x00000000ef600000|100%| S|CS|TAMS 0x00000000ef500000, 0x00000000ef500000| Complete 
| 246|0x00000000ef600000, 0x00000000ef700000, 0x00000000ef700000|100%| S|CS|TAMS 0x00000000ef600000, 0x00000000ef600000| Complete 
| 247|0x00000000ef700000, 0x00000000ef800000, 0x00000000ef800000|100%| E|CS|TAMS 0x00000000ef700000, 0x00000000ef700000| Complete 
| 248|0x00000000ef800000, 0x00000000ef900000, 0x00000000ef900000|100%| E|CS|TAMS 0x00000000ef800000, 0x00000000ef800000| Complete 
| 249|0x00000000ef900000, 0x00000000efa00000, 0x00000000efa00000|100%| E|CS|TAMS 0x00000000ef900000, 0x00000000ef900000| Complete 
| 250|0x00000000efa00000, 0x00000000efb00000, 0x00000000efb00000|100%| E|CS|TAMS 0x00000000efa00000, 0x00000000efa00000| Complete 
| 251|0x00000000efb00000, 0x00000000efc00000, 0x00000000efc00000|100%| E|CS|TAMS 0x00000000efb00000, 0x00000000efb00000| Complete 
| 252|0x00000000efc00000, 0x00000000efd00000, 0x00000000efd00000|100%| E|CS|TAMS 0x00000000efc00000, 0x00000000efc00000| Complete 
| 253|0x00000000efd00000, 0x00000000efe00000, 0x00000000efe00000|100%| E|CS|TAMS 0x00000000efd00000, 0x00000000efd00000| Complete 
| 254|0x00000000efe00000, 0x00000000eff00000, 0x00000000eff00000|100%| E|CS|TAMS 0x00000000efe00000, 0x00000000efe00000| Complete 
| 255|0x00000000eff00000, 0x00000000f0000000, 0x00000000f0000000|100%| E|CS|TAMS 0x00000000eff00000, 0x00000000eff00000| Complete 

Card table byte_map: [0x0000027c5b670000,0x0000027c5b770000] _byte_map_base: 0x0000027c5af70000

Marking Bits (Prev, Next): (CMBitMap*) 0x0000027c44203c50, (CMBitMap*) 0x0000027c44203c18
 Prev Bits: [0x0000027c5c070000, 0x0000027c5c870000)
 Next Bits: [0x0000027c5b870000, 0x0000027c5c070000)

Polling page: 0x0000027c439c0000

Metaspace:

Usage:
  Non-class:    111.74 MB capacity,   109.82 MB ( 98%) used,     1.57 MB (  1%) free+waste,   352.38 KB ( <1%) overhead. 
      Class:     16.99 MB capacity,    15.85 MB ( 93%) used,   995.11 KB (  6%) free+waste,   163.25 KB ( <1%) overhead. 
       Both:    128.72 MB capacity,   125.68 MB ( 98%) used,     2.54 MB (  2%) free+waste,   515.63 KB ( <1%) overhead. 

Virtual space:
  Non-class space:      112.00 MB reserved,     111.75 MB (>99%) committed 
      Class space:      248.00 MB reserved,      17.00 MB (  7%) committed 
             Both:      360.00 MB reserved,     128.75 MB ( 36%) committed 

Chunk freelists:
   Non-Class:  1.38 KB
       Class:  0 bytes
        Both:  1.38 KB

CodeHeap 'non-profiled nmethods': size=120064Kb used=8603Kb max_used=8623Kb free=111460Kb
 bounds [0x0000027c54130000, 0x0000027c549b0000, 0x0000027c5b670000]
CodeHeap 'profiled nmethods': size=120000Kb used=34925Kb max_used=34925Kb free=85074Kb
 bounds [0x0000027c4cc00000, 0x0000027c4ee30000, 0x0000027c54130000]
CodeHeap 'non-nmethods': size=5696Kb used=2350Kb max_used=2414Kb free=3345Kb
 bounds [0x0000027c4c670000, 0x0000027c4c8e0000, 0x0000027c4cc00000]
 total_blobs=15567 nmethods=14586 adapters=891
 compilation: enabled
              stopped_count=0, restarted_count=0
 full_count=0

Compilation events (10 events):
Event: 26.066 Thread 0x0000027c5eea3800 15433       3       org.gradle.internal.snapshot.DirectorySnapshot::<init> (20 bytes)
Event: 26.067 Thread 0x0000027c5eea3800 nmethod 15433 0x0000027c4ee10590 code [0x0000027c4ee10740, 0x0000027c4ee10ad8]
Event: 26.067 Thread 0x0000027c5eea3800 15434       3       org.gradle.internal.execution.history.impl.FileSystemSnapshotSerializer$SnapshotStack::push (17 bytes)
Event: 26.067 Thread 0x0000027c5eea3800 nmethod 15434 0x0000027c4ee10c10 code [0x0000027c4ee10de0, 0x0000027c4ee111e8]
Event: 26.067 Thread 0x0000027c5eea3800 15435       3       org.gradle.internal.execution.history.impl.FileSystemSnapshotSerializer$SnapshotStack::pop (29 bytes)
Event: 26.067 Thread 0x0000027c5eea3800 nmethod 15435 0x0000027c4ee11390 code [0x0000027c4ee11560, 0x0000027c4ee11938]
Event: 26.067 Thread 0x0000027c5eea3800 15436       3       org.gradle.internal.snapshot.DirectorySnapshot::<init> (41 bytes)
Event: 26.068 Thread 0x0000027c5eea3800 nmethod 15436 0x0000027c4ee11a90 code [0x0000027c4ee11d60, 0x0000027c4ee12d68]
Event: 26.116 Thread 0x0000027c5eea3800 15444       2       org.gradle.internal.io.StreamByteBuffer::prepareRead (102 bytes)
Event: 26.116 Thread 0x0000027c5eea3800 nmethod 15444 0x0000027c4ee13290 code [0x0000027c4ee13460, 0x0000027c4ee137d8]

GC Heap History (10 events):
Event: 25.010 GC heap before
{Heap before GC invocations=38 (full 0):
 garbage-first heap   total 262144K, used 216795K [0x00000000e0000000, 0x0000000100000000)
  region size 1024K, 50 young (51200K), 5 survivors (5120K)
 Metaspace       used 124214K, capacity 127240K, committed 127360K, reserved 364544K
  class space    used 15599K, capacity 16730K, committed 16768K, reserved 253952K
}
Event: 25.025 GC heap after
{Heap after GC invocations=39 (full 0):
 garbage-first heap   total 262144K, used 174714K [0x00000000e0000000, 0x0000000100000000)
  region size 1024K, 4 young (4096K), 4 survivors (4096K)
 Metaspace       used 124214K, capacity 127240K, committed 127360K, reserved 364544K
  class space    used 15599K, capacity 16730K, committed 16768K, reserved 253952K
}
Event: 25.112 GC heap before
{Heap before GC invocations=39 (full 0):
 garbage-first heap   total 262144K, used 182906K [0x00000000e0000000, 0x0000000100000000)
  region size 1024K, 12 young (12288K), 4 survivors (4096K)
 Metaspace       used 124702K, capacity 127717K, committed 128000K, reserved 366592K
  class space    used 15670K, capacity 16800K, committed 16896K, reserved 253952K
}
Event: 25.117 GC heap after
{Heap after GC invocations=40 (full 0):
 garbage-first heap   total 262144K, used 174820K [0x00000000e0000000, 0x0000000100000000)
  region size 1024K, 1 young (1024K), 1 survivors (1024K)
 Metaspace       used 124702K, capacity 127717K, committed 128000K, reserved 366592K
  class space    used 15670K, capacity 16800K, committed 16896K, reserved 253952K
}
Event: 25.406 GC heap before
{Heap before GC invocations=40 (full 0):
 garbage-first heap   total 262144K, used 218852K [0x00000000e0000000, 0x0000000100000000)
  region size 1024K, 44 young (45056K), 1 survivors (1024K)
 Metaspace       used 125761K, capacity 128880K, committed 129024K, reserved 366592K
  class space    used 15864K, capacity 17042K, committed 17152K, reserved 253952K
}
Event: 25.412 GC heap after
{Heap after GC invocations=41 (full 0):
 garbage-first heap   total 262144K, used 177542K [0x00000000e0000000, 0x0000000100000000)
  region size 1024K, 4 young (4096K), 4 survivors (4096K)
 Metaspace       used 125761K, capacity 128880K, committed 129024K, reserved 366592K
  class space    used 15864K, capacity 17042K, committed 17152K, reserved 253952K
}
Event: 26.077 GC heap before
{Heap before GC invocations=42 (full 0):
 garbage-first heap   total 262144K, used 224646K [0x00000000e0000000, 0x0000000100000000)
  region size 1024K, 46 young (47104K), 4 survivors (4096K)
 Metaspace       used 128694K, capacity 131814K, committed 131840K, reserved 368640K
  class space    used 16234K, capacity 17393K, committed 17408K, reserved 253952K
}
Event: 26.086 GC heap after
{Heap after GC invocations=43 (full 0):
 garbage-first heap   total 262144K, used 184616K [0x00000000e0000000, 0x0000000100000000)
  region size 1024K, 3 young (3072K), 3 survivors (3072K)
 Metaspace       used 128694K, capacity 131814K, committed 131840K, reserved 368640K
  class space    used 16234K, capacity 17393K, committed 17408K, reserved 253952K
}
Event: 26.151 GC heap before
{Heap before GC invocations=43 (full 0):
 garbage-first heap   total 262144K, used 193832K [0x00000000e0000000, 0x0000000100000000)
  region size 1024K, 12 young (12288K), 3 survivors (3072K)
 Metaspace       used 128694K, capacity 131814K, committed 131840K, reserved 368640K
  class space    used 16234K, capacity 17393K, committed 17408K, reserved 253952K
}
Event: 26.159 GC heap after
{Heap after GC invocations=44 (full 0):
 garbage-first heap   total 262144K, used 187049K [0x00000000e0000000, 0x0000000100000000)
  region size 1024K, 2 young (2048K), 2 survivors (2048K)
 Metaspace       used 128694K, capacity 131814K, committed 131840K, reserved 368640K
  class space    used 16234K, capacity 17393K, committed 17408K, reserved 253952K
}

Deoptimization events (10 events):
Event: 25.711 Thread 0x0000027c60873800 Uncommon trap: reason=unstable_if action=reinterpret pc=0x0000027c546a7348 method=java.util.regex.Pattern.curly(Ljava/util/regex/Pattern$Node;I)Ljava/util/regex/Pattern$Node; @ 8 c2
Event: 25.780 Thread 0x0000027c60873800 Uncommon trap: reason=bimorphic_or_optimized_type_check action=maybe_recompile pc=0x0000027c549305a4 method=com.google.common.collect.AbstractMapBasedMultimap.put(Ljava/lang/Object;Ljava/lang/Object;)Z @ 70 c2
Event: 25.780 Thread 0x0000027c60873800 Uncommon trap: reason=bimorphic_or_optimized_type_check action=maybe_recompile pc=0x0000027c549305a4 method=com.google.common.collect.AbstractMapBasedMultimap.put(Ljava/lang/Object;Ljava/lang/Object;)Z @ 70 c2
Event: 25.780 Thread 0x0000027c60873800 Uncommon trap: reason=bimorphic_or_optimized_type_check action=maybe_recompile pc=0x0000027c549305a4 method=com.google.common.collect.AbstractMapBasedMultimap.put(Ljava/lang/Object;Ljava/lang/Object;)Z @ 70 c2
Event: 25.780 Thread 0x0000027c60873800 Uncommon trap: reason=bimorphic_or_optimized_type_check action=maybe_recompile pc=0x0000027c549305a4 method=com.google.common.collect.AbstractMapBasedMultimap.put(Ljava/lang/Object;Ljava/lang/Object;)Z @ 70 c2
Event: 25.949 Thread 0x0000027c60873800 Uncommon trap: reason=bimorphic_or_optimized_type_check action=maybe_recompile pc=0x0000027c5427f7d0 method=java.lang.Throwable.<init>(Ljava/lang/String;Ljava/lang/Throwable;)V @ 24 c2
Event: 25.951 Thread 0x0000027c60873800 Uncommon trap: reason=bimorphic_or_optimized_type_check action=maybe_recompile pc=0x0000027c5427f7d0 method=java.lang.Throwable.<init>(Ljava/lang/String;Ljava/lang/Throwable;)V @ 24 c2
Event: 26.001 Thread 0x0000027c60873800 Uncommon trap: reason=unstable_if action=reinterpret pc=0x0000027c541d9768 method=java.util.HashMap.removeNode(ILjava/lang/Object;Ljava/lang/Object;ZZ)Ljava/util/HashMap$Node; @ 133 c2
Event: 26.060 Thread 0x0000027c631dd000 Uncommon trap: reason=unstable_if action=reinterpret pc=0x0000027c541b278c method=org.gradle.internal.io.StreamByteBuffer.prepareRead()I @ 30 c2
Event: 26.064 Thread 0x0000027c631dd000 Uncommon trap: reason=unstable_if action=reinterpret pc=0x0000027c541da0d0 method=com.esotericsoftware.kryo.io.Input.readVarLong(Z)J @ 118 c2

Classes redefined (0 events):
No events

Internal exceptions (10 events):
Event: 25.438 Thread 0x0000027c60873800 Exception <a 'java/lang/ClassNotFoundException'{0x00000000efd8a3b8}: com/bmuschko/gradle/docker/tasks/image/Dockerfile$CopyFileInstructionCustomizer> (0x00000000efd8a3b8) thrown at [./open/src/hotspot/share/classfile/systemDictionary.cpp, line 228]
Event: 25.442 Thread 0x0000027c60873800 Exception <a 'java/lang/ClassNotFoundException'{0x00000000efddc1f0}: com/bmuschko/gradle/docker/tasks/image/Dockerfile$RunCommandInstructionBeanInfo> (0x00000000efddc1f0) thrown at [./open/src/hotspot/share/classfile/systemDictionary.cpp, line 228]
Event: 25.443 Thread 0x0000027c60873800 Exception <a 'java/lang/ClassNotFoundException'{0x00000000efdf78b8}: com/bmuschko/gradle/docker/tasks/image/Dockerfile$RunCommandInstructionCustomizer> (0x00000000efdf78b8) thrown at [./open/src/hotspot/share/classfile/systemDictionary.cpp, line 228]
Event: 25.455 Thread 0x0000027c60873800 Exception <a 'java/lang/ClassNotFoundException'{0x00000000efc55398}: com/bmuschko/gradle/docker/tasks/image/Dockerfile$ExposePortInstructionBeanInfo> (0x00000000efc55398) thrown at [./open/src/hotspot/share/classfile/systemDictionary.cpp, line 228]
Event: 25.455 Thread 0x0000027c60873800 Exception <a 'java/lang/ClassNotFoundException'{0x00000000efc70a60}: com/bmuschko/gradle/docker/tasks/image/Dockerfile$ExposePortInstructionCustomizer> (0x00000000efc70a60) thrown at [./open/src/hotspot/share/classfile/systemDictionary.cpp, line 228]
Event: 25.460 Thread 0x0000027c60873800 Exception <a 'java/lang/ClassNotFoundException'{0x00000000efcca530}: com/bmuschko/gradle/docker/tasks/image/Dockerfile$EntryPointInstructionBeanInfo> (0x00000000efcca530) thrown at [./open/src/hotspot/share/classfile/systemDictionary.cpp, line 228]
Event: 25.462 Thread 0x0000027c60873800 Exception <a 'java/lang/ClassNotFoundException'{0x00000000efce5ba8}: com/bmuschko/gradle/docker/tasks/image/Dockerfile$StringArrayInstructionBeanInfo> (0x00000000efce5ba8) thrown at [./open/src/hotspot/share/classfile/systemDictionary.cpp, line 228]
Event: 25.462 Thread 0x0000027c60873800 Exception <a 'java/lang/ClassNotFoundException'{0x00000000efb01de8}: com/bmuschko/gradle/docker/tasks/image/Dockerfile$StringArrayInstructionCustomizer> (0x00000000efb01de8) thrown at [./open/src/hotspot/share/classfile/systemDictionary.cpp, line 228]
Event: 25.463 Thread 0x0000027c60873800 Exception <a 'java/lang/ClassNotFoundException'{0x00000000efb25e18}: com/bmuschko/gradle/docker/tasks/image/Dockerfile$EntryPointInstructionCustomizer> (0x00000000efb25e18) thrown at [./open/src/hotspot/share/classfile/systemDictionary.cpp, line 228]
Event: 26.054 Thread 0x0000027c66e78000 Exception <a 'java/lang/NoSuchMethodError'{0x00000000ed8e8900}: java.lang.invoke.DirectMethodHandle$Holder.invokeSpecialIFC(Ljava/lang/Object;Ljava/lang/Object;Ljava/lang/Object;)Ljava/lang/Object;> (0x00000000ed8e8900) thrown at [./open/src/hotspot/share

Events (10 events):
Event: 26.060 Thread 0x0000027c631dd000 DEOPT UNPACKING pc=0x0000027c4c69782f sp=0x000000b6c09fe310 mode 2
Event: 26.060 loading class org/gradle/internal/fingerprint/FileCollectionFingerprint$1
Event: 26.060 loading class org/gradle/internal/fingerprint/FileCollectionFingerprint$1 done
Event: 26.064 Thread 0x0000027c631dd000 Uncommon trap: trap_request=0xffffff4d fr.pc=0x0000027c541da0d0 relative=0x0000000000000410
Event: 26.064 Thread 0x0000027c631dd000 DEOPT PACKING pc=0x0000027c541da0d0 sp=0x000000b6c09fe2c0
Event: 26.064 Thread 0x0000027c631dd000 DEOPT UNPACKING pc=0x0000027c4c69782f sp=0x000000b6c09fe270 mode 2
Event: 26.077 Executing VM operation: G1CollectForAllocation
Event: 26.087 Executing VM operation: G1CollectForAllocation done
Event: 26.151 Executing VM operation: G1CollectForAllocation
Event: 26.159 Executing VM operation: G1CollectForAllocation done


Dynamic libraries:
0x00007ff6f0310000 - 0x00007ff6f031f000 	C:\Program Files\Java\jdk-11.0.10\bin\java.exe
0x00007ffe125b0000 - 0x00007ffe127a5000 	C:\WINDOWS\SYSTEM32\ntdll.dll
0x00007ffddd650000 - 0x00007ffddd666000 	C:\Program Files\Avast Software\Avast\aswhook.dll
0x00007ffe108e0000 - 0x00007ffe1099d000 	C:\WINDOWS\System32\KERNEL32.DLL
0x00007ffe0fe50000 - 0x00007ffe1011d000 	C:\WINDOWS\System32\KERNELBASE.dll
0x00007ffe0fd50000 - 0x00007ffe0fe50000 	C:\WINDOWS\System32\ucrtbase.dll
0x00007ffdf8fa0000 - 0x00007ffdf8fb8000 	C:\Program Files\Java\jdk-11.0.10\bin\jli.dll
0x00007ffe109a0000 - 0x00007ffe10a4e000 	C:\WINDOWS\System32\ADVAPI32.dll
0x00007ffdf8f80000 - 0x00007ffdf8f95000 	C:\Program Files\Java\jdk-11.0.10\bin\VCRUNTIME140.dll
0x00007ffe11860000 - 0x00007ffe118fe000 	C:\WINDOWS\System32\msvcrt.dll
0x00007ffe121b0000 - 0x00007ffe1224c000 	C:\WINDOWS\System32\sechost.dll
0x00007ffe12410000 - 0x00007ffe12535000 	C:\WINDOWS\System32\RPCRT4.dll
0x00007ffe10660000 - 0x00007ffe10800000 	C:\WINDOWS\System32\USER32.dll
0x00007ffe10480000 - 0x00007ffe104a2000 	C:\WINDOWS\System32\win32u.dll
0x00007ffdf84b0000 - 0x00007ffdf874a000 	C:\WINDOWS\WinSxS\amd64_microsoft.windows.common-controls_6595b64144ccf1df_6.0.19041.1110_none_60b5254171f9507e\COMCTL32.dll
0x00007ffe12540000 - 0x00007ffe1256a000 	C:\WINDOWS\System32\GDI32.dll
0x00007ffe10550000 - 0x00007ffe1065b000 	C:\WINDOWS\System32\gdi32full.dll
0x00007ffe104b0000 - 0x00007ffe1054d000 	C:\WINDOWS\System32\msvcp_win.dll
0x00007ffe09df0000 - 0x00007ffe09dfa000 	C:\WINDOWS\SYSTEM32\VERSION.dll
0x00007ffe10d30000 - 0x00007ffe10d60000 	C:\WINDOWS\System32\IMM32.DLL
0x00007ffdf8ee0000 - 0x00007ffdf8f7b000 	C:\Program Files\Java\jdk-11.0.10\bin\msvcp140.dll
0x00007ffd9d010000 - 0x00007ffd9db0b000 	C:\Program Files\Java\jdk-11.0.10\bin\server\jvm.dll
0x00007ffe12250000 - 0x00007ffe12258000 	C:\WINDOWS\System32\PSAPI.DLL
0x00007ffe04200000 - 0x00007ffe04209000 	C:\WINDOWS\SYSTEM32\WSOCK32.dll
0x00007ffdfc0c0000 - 0x00007ffdfc0e7000 	C:\WINDOWS\SYSTEM32\WINMM.dll
0x00007ffe122c0000 - 0x00007ffe1232b000 	C:\WINDOWS\System32\WS2_32.dll
0x00007ffe0dc00000 - 0x00007ffe0dc12000 	C:\WINDOWS\SYSTEM32\kernel.appcore.dll
0x00007ffdf8ed0000 - 0x00007ffdf8ee0000 	C:\Program Files\Java\jdk-11.0.10\bin\verify.dll
0x00007ffe09630000 - 0x00007ffe09814000 	C:\WINDOWS\SYSTEM32\DBGHELP.DLL
0x00007ffe08e60000 - 0x00007ffe08e8c000 	C:\WINDOWS\SYSTEM32\dbgcore.DLL
0x00007ffe103f0000 - 0x00007ffe10472000 	C:\WINDOWS\System32\bcryptPrimitives.dll
0x00007ffdf8ea0000 - 0x00007ffdf8ec8000 	C:\Program Files\Java\jdk-11.0.10\bin\java.dll
0x00007ffdf87b0000 - 0x00007ffdf87ba000 	C:\Program Files\Java\jdk-11.0.10\bin\jimage.dll
0x00007ffdf8750000 - 0x00007ffdf8766000 	C:\Program Files\Java\jdk-11.0.10\bin\zip.dll
0x00007ffe10ec0000 - 0x00007ffe11604000 	C:\WINDOWS\System32\SHELL32.dll
0x00007ffe0de00000 - 0x00007ffe0e594000 	C:\WINDOWS\SYSTEM32\windows.storage.dll
0x00007ffe11da0000 - 0x00007ffe120f4000 	C:\WINDOWS\System32\combase.dll
0x00007ffe0f5d0000 - 0x00007ffe0f5fc000 	C:\WINDOWS\SYSTEM32\Wldp.dll
0x00007ffe10e10000 - 0x00007ffe10ebd000 	C:\WINDOWS\System32\SHCORE.dll
0x00007ffe12260000 - 0x00007ffe122b5000 	C:\WINDOWS\System32\shlwapi.dll
0x00007ffe0fc60000 - 0x00007ffe0fc7f000 	C:\WINDOWS\SYSTEM32\profapi.dll
0x00007ffdf7ee0000 - 0x00007ffdf7ef9000 	C:\Program Files\Java\jdk-11.0.10\bin\net.dll
0x00007ffe07050000 - 0x00007ffe0715a000 	C:\WINDOWS\SYSTEM32\WINHTTP.dll
0x00007ffe0f3b0000 - 0x00007ffe0f41a000 	C:\WINDOWS\system32\mswsock.dll
0x00007ffdf79e0000 - 0x00007ffdf79f2000 	C:\Program Files\Java\jdk-11.0.10\bin\nio.dll
0x00007ffe00520000 - 0x00007ffe00547000 	C:\Users\henna\.gradle\native\e1d6ef7f7dcc3fd88c89a11ec53ec762bb8ba0a96d01ffa2cd45eb1d1d8dd5c5\windows-amd64\native-platform.dll
0x00007ffde9320000 - 0x00007ffde9464000 	C:\Users\henna\.gradle\native\0d407fdbe67a94daf76414ababcb853783967236a71b16ec16e742cd7a986fd3\windows-amd64\native-platform-file-events.dll
0x00007ffdf87a0000 - 0x00007ffdf87a9000 	C:\Program Files\Java\jdk-11.0.10\bin\management.dll
0x00007ffdf7a60000 - 0x00007ffdf7a6b000 	C:\Program Files\Java\jdk-11.0.10\bin\management_ext.dll
0x00007ffe0f970000 - 0x00007ffe0f988000 	C:\WINDOWS\SYSTEM32\CRYPTSP.dll
0x00007ffe0ed50000 - 0x00007ffe0ed84000 	C:\WINDOWS\system32\rsaenh.dll
0x00007ffe0fd20000 - 0x00007ffe0fd47000 	C:\WINDOWS\System32\bcrypt.dll
0x00007ffe0fbe0000 - 0x00007ffe0fc0e000 	C:\WINDOWS\SYSTEM32\USERENV.dll
0x00007ffe0f540000 - 0x00007ffe0f54c000 	C:\WINDOWS\SYSTEM32\CRYPTBASE.dll
0x00007ffe0f0c0000 - 0x00007ffe0f0fb000 	C:\WINDOWS\SYSTEM32\IPHLPAPI.DLL
0x00007ffe11900000 - 0x00007ffe11908000 	C:\WINDOWS\System32\NSI.dll
0x00007ffe09d10000 - 0x00007ffe09d27000 	C:\WINDOWS\SYSTEM32\dhcpcsvc6.DLL
0x00007ffe09cf0000 - 0x00007ffe09d0d000 	C:\WINDOWS\SYSTEM32\dhcpcsvc.DLL
0x00007ffe0f100000 - 0x00007ffe0f1cb000 	C:\WINDOWS\SYSTEM32\DNSAPI.dll

dbghelp: loaded successfully - version: 4.0.5 - missing functions: none
symbol engine: initialized successfully - sym options: 0x614 - pdb path: .;C:\Program Files\Java\jdk-11.0.10\bin;C:\WINDOWS\SYSTEM32;C:\Program Files\Avast Software\Avast;C:\WINDOWS\WinSxS\amd64_microsoft.windows.common-controls_6595b64144ccf1df_6.0.19041.1110_none_60b5254171f9507e;C:\Program Files\Java\jdk-11.0.10\bin\server;C:\Users\henna\.gradle\native\e1d6ef7f7dcc3fd88c89a11ec53ec762bb8ba0a96d01ffa2cd45eb1d1d8dd5c5\windows-amd64;C:\Users\henna\.gradle\native\0d407fdbe67a94daf76414ababcb853783967236a71b16ec16e742cd7a986fd3\windows-amd64

VM Arguments:
jvm_args: -XX:MaxMetaspaceSize=256m -XX:+HeapDumpOnOutOfMemoryError --add-opens=java.base/java.util=ALL-UNNAMED --add-opens=java.base/java.lang=ALL-UNNAMED --add-opens=java.base/java.lang.invoke=ALL-UNNAMED --add-opens=java.base/java.util=ALL-UNNAMED --add-opens=java.prefs/java.util.prefs=ALL-UNNAMED --add-opens=java.prefs/java.util.prefs=ALL-UNNAMED --add-opens=java.base/java.nio.charset=ALL-UNNAMED --add-opens=java.base/java.net=ALL-UNNAMED --add-opens=java.base/java.util.concurrent.atomic=ALL-UNNAMED -Xms256m -Xmx512m -Dfile.encoding=windows-1252 -Duser.country=BR -Duser.language=pt -Duser.variant 
java_command: org.gradle.launcher.daemon.bootstrap.GradleDaemon 7.4.2
java_class_path (initial): C:\Users\henna\.gradle\wrapper\dists\gradle-7.4.2-bin\48ivgl02cpt2ed3fh9dbalvx8\gradle-7.4.2\lib\gradle-launcher-7.4.2.jar
Launcher Type: SUN_STANDARD

[Global flags]
     intx CICompilerCount                          = 3                                         {product} {ergonomic}
   size_t CompressedClassSpaceSize                 = 260046848                                 {product} {ergonomic}
     uint ConcGCThreads                            = 1                                         {product} {ergonomic}
     uint G1ConcRefinementThreads                  = 4                                         {product} {ergonomic}
   size_t G1HeapRegionSize                         = 1048576                                   {product} {ergonomic}
    uintx GCDrainStackTargetSize                   = 64                                        {product} {ergonomic}
     bool HeapDumpOnOutOfMemoryError               = true                                   {manageable} {command line}
   size_t InitialHeapSize                          = 268435456                                 {product} {command line}
   size_t MarkStackSize                            = 4194304                                   {product} {ergonomic}
   size_t MaxHeapSize                              = 536870912                                 {product} {command line}
   size_t MaxMetaspaceSize                         = 268435456                                 {product} {command line}
   size_t MaxNewSize                               = 321912832                                 {product} {ergonomic}
   size_t MinHeapDeltaBytes                        = 1048576                                   {product} {ergonomic}
    uintx NonNMethodCodeHeapSize                   = 5830732                                {pd product} {ergonomic}
    uintx NonProfiledCodeHeapSize                  = 122913754                              {pd product} {ergonomic}
    uintx ProfiledCodeHeapSize                     = 122913754                              {pd product} {ergonomic}
    uintx ReservedCodeCacheSize                    = 251658240                              {pd product} {ergonomic}
     bool SegmentedCodeCache                       = true                                      {product} {ergonomic}
     bool UseCompressedClassPointers               = true                                 {lp64_product} {ergonomic}
     bool UseCompressedOops                        = true                                 {lp64_product} {ergonomic}
     bool UseG1GC                                  = true                                      {product} {ergonomic}
     bool UseLargePagesIndividualAllocation        = false                                  {pd product} {ergonomic}

Logging:
Log output configuration:
 #0: stdout all=warning uptime,level,tags
 #1: stderr all=off uptime,level,tags

Environment Variables:
JAVA_HOME=C:\Program Files\Java\jdk-11.0.10
PATH=C:\Program Files (x86)\Common Files\Oracle\Java\javapath;C:\Python39\Scripts\;C:\Python39\;C:\WINDOWS\system32;C:\WINDOWS;C:\WINDOWS\System32\Wbem;C:\WINDOWS\System32\WindowsPowerShell\v1.0\;C:\Program Files\nodejs\;C:\ProgramData\chocolatey\bin;C:\Program Files\Git\cmd;C:\Program Files\Java\jdk-11.0.10\bin;C:\WINDOWS\System32\OpenSSH\;E:\Projetos\OT\Propostas\orange-talents-05-template-proposta\target;C:\Program Files\dotnet\;C:\Program Files\Docker\Docker\resources\bin;C:\ProgramData\DockerDesktop\version-bin;C:\Program Files\MySQL\MySQL Shell 8.0\bin\;E:\Programas\Microsoft VS Code\bin;C:\Users\henna\AppData\Roaming\npm;C:\Users\henna\AppData\Local\Microsoft\WindowsApps;C:\Program Files\heroku\bin;E:\Projetos\OT\Propostas\orange-talents-05-template-proposta\target;
USERNAME=henna
OS=Windows_NT
PROCESSOR_IDENTIFIER=Intel64 Family 6 Model 58 Stepping 9, GenuineIntel



---------------  S Y S T E M  ---------------

OS: Windows 10 , 64 bit Build 19041 (10.0.19041.1706)
Hyper-V role detected

CPU:total 4 (initial active 4) (4 cores per cpu, 1 threads per core) family 6 model 58 stepping 9 microcode 0x21, cmov, cx8, fxsr, mmx, sse, sse2, sse3, ssse3, sse4.1, sse4.2, popcnt, avx, aes, clmul, erms, tsc, tscinvbit, tscinv

Memory: 4k page, system-wide physical 10028M (494M free)
TotalPageFile size 13595M (AvailPageFile size 5M)
current process WorkingSet (physical memory assigned to process): 578M, peak: 579M
current process commit charge ("private bytes"): 617M, peak: 619M

vm_info: Java HotSpot(TM) 64-Bit Server VM (11.0.10+8-LTS-162) for windows-amd64 JRE (11.0.10+8-LTS-162), built on Dec  8 2020 16:32:57 by "mach5one" with MS VC++ 15.9 (VS2017)

END.
