#
# There is insufficient memory for the Java Runtime Environment to continue.
# Native memory allocation (malloc) failed to allocate 980176 bytes for Chunk::new
# Possible reasons:
#   The system is out of physical RAM or swap space
#   The process is running with CompressedOops enabled, and the Java Heap may be blocking the growth of the native heap
# Possible solutions:
#   Reduce memory load on the system
#   Increase physical memory or swap space
#   Check if swap backing store is full
#   Decrease Java heap size (-Xmx/-Xms)
#   Decrease number of Java threads
#   Decrease Java thread stack sizes (-Xss)
#   Set larger code cache with -XX:ReservedCodeCacheSize=
#   JVM is running with Unscaled Compressed Oops mode in which the Java heap is
#     placed in the first 4GB address space. The Java Heap base address is the
#     maximum limit for the native heap growth. Please use -XX:HeapBaseMinAddress
#     to set the Java Heap base and to place the Java Heap above 4GB virtual address.
# This output file may be truncated or incomplete.
#
#  Out of Memory Error (./open/src/hotspot/share/memory/arena.cpp:197), pid=6472, tid=3252
#
# JRE version: Java(TM) SE Runtime Environment 18.9 (11.0.10+8) (build 11.0.10+8-LTS-162)
# Java VM: Java HotSpot(TM) 64-Bit Server VM 18.9 (11.0.10+8-LTS-162, mixed mode, tiered, compressed oops, g1 gc, windows-amd64)
# No core dump will be written. Minidumps are not enabled by default on client versions of Windows
#

---------------  S U M M A R Y ------------

Command Line: --add-opens=java.base/java.util=ALL-UNNAMED --add-opens=java.base/java.lang=ALL-UNNAMED --add-opens=java.base/java.lang.invoke=ALL-UNNAMED --add-opens=java.base/java.util=ALL-UNNAMED --add-opens=java.prefs/java.util.prefs=ALL-UNNAMED --add-opens=java.prefs/java.util.prefs=ALL-UNNAMED --add-opens=java.base/java.nio.charset=ALL-UNNAMED --add-opens=java.base/java.net=ALL-UNNAMED --add-opens=java.base/java.util.concurrent.atomic=ALL-UNNAMED -XX:MaxMetaspaceSize=256m -XX:+HeapDumpOnOutOfMemoryError -Xms256m -Xmx512m -Dfile.encoding=windows-1252 -Duser.country=BR -Duser.language=pt -Duser.variant org.gradle.launcher.daemon.bootstrap.GradleDaemon 7.4.2

Host: Intel(R) Core(TM) i5-3470 CPU @ 3.20GHz, 4 cores, 9G,  Windows 10 , 64 bit Build 19041 (10.0.19041.1706)
Time: Sun Jun  5 17:30:07 2022 Hora oficial do Brasil elapsed time: 1136.614640 seconds (0d 0h 18m 56s)

---------------  T H R E A D  ---------------

Current thread (0x00000113ad6ce800):  JavaThread "C2 CompilerThread1" daemon [_thread_in_native, id=3252, stack(0x0000001261200000,0x0000001261300000)]


Current CompileTask:
C2:1136615 20359       4       org.jetbrains.kotlin.load.java.structure.impl.classFiles.BinaryClassSignatureParser::parseParameterizedClassRefSignature (278 bytes)

Stack: [0x0000001261200000,0x0000001261300000]
Native frames: (J=compiled Java code, j=interpreted, Vv=VM code, C=native code)
V  [jvm.dll+0x613e6a]
V  [jvm.dll+0x74c1ff]
V  [jvm.dll+0x74d885]
V  [jvm.dll+0x74df03]
V  [jvm.dll+0x243b78]
V  [jvm.dll+0xba2cc]
V  [jvm.dll+0xba9cc]
V  [jvm.dll+0x3469c7]
V  [jvm.dll+0x194251]
V  [jvm.dll+0x1fd4a2]
V  [jvm.dll+0x1fc54f]
V  [jvm.dll+0x17f09c]
V  [jvm.dll+0x20bbd4]
V  [jvm.dll+0x209cab]
V  [jvm.dll+0x713619]
V  [jvm.dll+0x70c314]
V  [jvm.dll+0x613036]
C  [ucrtbase.dll+0x21bb2]
C  [KERNEL32.DLL+0x17034]
C  [ntdll.dll+0x52651]


---------------  P R O C E S S  ---------------

Threads class SMR info:
_java_thread_list=0x00000113b11c2be0, length=85, elements={
0x000001138be0f000, 0x00000113a89c2000, 0x00000113a89cc000, 0x00000113a89e6800,
0x00000113a89e8000, 0x00000113a89ea000, 0x00000113a89ed800, 0x00000113a89f4800,
0x00000113a94c4800, 0x00000113a94c9800, 0x00000113aa614800, 0x00000113aad7f000,
0x00000113ab4bb000, 0x00000113ab97b000, 0x00000113ab97b800, 0x00000113ab97c800,
0x00000113ab97d800, 0x00000113ab979800, 0x00000113abbdf000, 0x00000113abbdc800,
0x00000113abbde800, 0x00000113abbe0000, 0x00000113abbe1800, 0x00000113abbdc000,
0x00000113abbe2800, 0x00000113ad199800, 0x00000113b0c76000, 0x00000113b0c77800,
0x00000113b0c78800, 0x00000113b0c74800, 0x00000113b0c7c800, 0x00000113ad195800,
0x00000113ad194800, 0x00000113ad198000, 0x00000113ad194000, 0x00000113ad196800,
0x00000113ad192000, 0x00000113ad19c000, 0x00000113ad19d000, 0x00000113ad19b000,
0x00000113ad197000, 0x00000113ad19a800, 0x00000113ad19d800, 0x00000113ad19e800,
0x00000113ad193000, 0x00000113ad19f000, 0x00000113ad1a0000, 0x00000113ad1a1000,
0x00000113b0c77000, 0x00000113b0c75000, 0x00000113b0c7a000, 0x00000113b0c7d800,
0x00000113b0c7b000, 0x00000113b0c79800, 0x00000113b0c80000, 0x00000113b0c80800,
0x00000113b0c7f000, 0x00000113b0c81800, 0x00000113b0c7b800, 0x00000113b0c82800,
0x00000113b0c83000, 0x00000113b0c7e000, 0x00000113abbe3000, 0x00000113abbdd800,
0x00000113abbe5800, 0x00000113abbe4000, 0x00000113abbe9000, 0x00000113abbe9800,
0x00000113abbe6800, 0x00000113abbe7800, 0x00000113abbe5000, 0x00000113abbe8000,
0x00000113ab97e000, 0x00000113ab97f000, 0x00000113ab980000, 0x00000113ab97a000,
0x00000113ad6cf000, 0x00000113ad6cb000, 0x00000113ad6d1800, 0x00000113ad6cc000,
0x00000113ad6d0000, 0x00000113ad6cc800, 0x00000113ad6d2800, 0x00000113ad6d3800,
0x00000113ad6ce800
}

Java Threads: ( => current thread )
  0x000001138be0f000 JavaThread "main" [_thread_blocked, id=2296, stack(0x000000125bc00000,0x000000125bd00000)]
  0x00000113a89c2000 JavaThread "Reference Handler" daemon [_thread_blocked, id=17296, stack(0x000000125c300000,0x000000125c400000)]
  0x00000113a89cc000 JavaThread "Finalizer" daemon [_thread_blocked, id=14804, stack(0x000000125c400000,0x000000125c500000)]
  0x00000113a89e6800 JavaThread "Signal Dispatcher" daemon [_thread_blocked, id=17320, stack(0x000000125c500000,0x000000125c600000)]
  0x00000113a89e8000 JavaThread "Attach Listener" daemon [_thread_blocked, id=2796, stack(0x000000125c600000,0x000000125c700000)]
  0x00000113a89ea000 JavaThread "C2 CompilerThread0" daemon [_thread_in_native, id=14924, stack(0x000000125c700000,0x000000125c800000)]
  0x00000113a89ed800 JavaThread "C1 CompilerThread0" daemon [_thread_blocked, id=17056, stack(0x000000125c800000,0x000000125c900000)]
  0x00000113a89f4800 JavaThread "Sweeper thread" daemon [_thread_blocked, id=16964, stack(0x000000125c900000,0x000000125ca00000)]
  0x00000113a94c4800 JavaThread "Common-Cleaner" daemon [_thread_blocked, id=11064, stack(0x000000125ca00000,0x000000125cb00000)]
  0x00000113a94c9800 JavaThread "Service Thread" daemon [_thread_blocked, id=16392, stack(0x000000125cb00000,0x000000125cc00000)]
  0x00000113aa614800 JavaThread "Daemon health stats" [_thread_blocked, id=17276, stack(0x000000125cd00000,0x000000125ce00000)]
  0x00000113aad7f000 JavaThread "Incoming local TCP Connector on port 58155" [_thread_in_native, id=9624, stack(0x000000125d100000,0x000000125d200000)]
  0x00000113ab4bb000 JavaThread "Daemon periodic checks" [_thread_blocked, id=5664, stack(0x000000125d200000,0x000000125d300000)]
  0x00000113ab97b000 JavaThread "Cache worker for journal cache (C:\Users\henna\.gradle\caches\journal-1)" [_thread_blocked, id=2976, stack(0x000000125da00000,0x000000125db00000)]
  0x00000113ab97b800 JavaThread "File lock request listener" [_thread_in_native, id=15428, stack(0x000000125db00000,0x000000125dc00000)]
  0x00000113ab97c800 JavaThread "Cache worker for file hash cache (C:\Users\henna\.gradle\caches\7.4.2\fileHashes)" [_thread_blocked, id=11084, stack(0x000000125dc00000,0x000000125dd00000)]
  0x00000113ab97d800 JavaThread "File watcher server" daemon [_thread_in_native, id=16732, stack(0x000000125de00000,0x000000125df00000)]
  0x00000113ab979800 JavaThread "File watcher consumer" daemon [_thread_blocked, id=12836, stack(0x000000125df00000,0x000000125e000000)]
  0x00000113abbdf000 JavaThread "Cache worker for execution history cache (C:\Users\henna\.gradle\caches\7.4.2\executionHistory)" [_thread_blocked, id=6820, stack(0x000000125e400000,0x000000125e500000)]
  0x00000113abbdc800 JavaThread "jar transforms" [_thread_blocked, id=8408, stack(0x000000125e100000,0x000000125e200000)]
  0x00000113abbde800 JavaThread "jar transforms Thread 2" [_thread_blocked, id=16444, stack(0x000000125e500000,0x000000125e600000)]
  0x00000113abbe0000 JavaThread "Cache worker for file content cache (C:\Users\henna\.gradle\caches\7.4.2\fileContent)" [_thread_blocked, id=17080, stack(0x000000125e700000,0x000000125e800000)]
  0x00000113abbe1800 JavaThread "jar transforms Thread 3" [_thread_blocked, id=12124, stack(0x000000125e800000,0x000000125e900000)]
  0x00000113abbdc000 JavaThread "jar transforms Thread 4" [_thread_blocked, id=13348, stack(0x000000125e900000,0x000000125ea00000)]
  0x00000113abbe2800 JavaThread "Cache worker for kotlin-dsl (C:\Users\henna\.gradle\caches\7.4.2\kotlin-dsl)" [_thread_blocked, id=3596, stack(0x000000125ea00000,0x000000125eb00000)]
  0x00000113ad199800 JavaThread "Memory manager" [_thread_blocked, id=11080, stack(0x0000001261500000,0x0000001261600000)]
  0x00000113b0c76000 JavaThread "RMI Scheduler(0)" daemon [_thread_blocked, id=14648, stack(0x0000001261e00000,0x0000001261f00000)]
  0x00000113b0c77800 JavaThread "RMI GC Daemon" daemon [_thread_blocked, id=11984, stack(0x0000001262000000,0x0000001262100000)]
  0x00000113b0c78800 JavaThread "RMI TCP Accept-0" daemon [_thread_in_native, id=7836, stack(0x0000001262100000,0x0000001262200000)]
  0x00000113b0c74800 JavaThread "RMI Reaper" [_thread_blocked, id=11400, stack(0x0000001262200000,0x0000001262300000)]
  0x00000113b0c7c800 JavaThread "ForkJoinPool.commonPool-worker-5" daemon [_thread_blocked, id=14904, stack(0x000000125bb00000,0x000000125bc00000)]
  0x00000113ad195800 JavaThread "Daemon Thread 3" [_thread_blocked, id=6500, stack(0x000000125ba00000,0x000000125bb00000)]
  0x00000113ad194800 JavaThread "Handler for socket connection from /127.0.0.1:58155 to /127.0.0.1:62104" [_thread_in_native, id=6224, stack(0x000000125d300000,0x000000125d400000)]
  0x00000113ad198000 JavaThread "Cancel handler" [_thread_blocked, id=3884, stack(0x000000125d400000,0x000000125d500000)]
  0x00000113ad194000 JavaThread "Daemon worker Thread 3" [_thread_in_vm, id=17116, stack(0x000000125d500000,0x000000125d600000)]
  0x00000113ad196800 JavaThread "Asynchronous log dispatcher for DefaultDaemonConnection: socket connection from /127.0.0.1:58155 to /127.0.0.1:62104" [_thread_blocked, id=14108, stack(0x000000125d600000,0x000000125d700000)]
  0x00000113ad192000 JavaThread "Stdin handler" [_thread_blocked, id=16224, stack(0x000000125d700000,0x000000125d800000)]
  0x00000113ad19c000 JavaThread "Daemon client event forwarder" [_thread_blocked, id=10984, stack(0x000000125d800000,0x000000125d900000)]
  0x00000113ad19d000 JavaThread "Cache worker for checksums cache (C:\Users\henna\Downloads\tcc\datapublisher\datapublisher\.gradle\7.4.2\checksums)" [_thread_blocked, id=7764, stack(0x000000125d900000,0x000000125da00000)]
  0x00000113ad19b000 JavaThread "Cache worker for cache directory md-rule (C:\Users\henna\.gradle\caches\7.4.2\md-rule)" [_thread_blocked, id=11560, stack(0x000000125dd00000,0x000000125de00000)]
  0x00000113ad197000 JavaThread "Cache worker for file hash cache (C:\Users\henna\Downloads\tcc\datapublisher\datapublisher\.gradle\7.4.2\fileHashes)" [_thread_blocked, id=12536, stack(0x000000125e000000,0x000000125e100000)]
  0x00000113ad19a800 JavaThread "Cache worker for cache directory md-supplier (C:\Users\henna\.gradle\caches\7.4.2\md-supplier)" [_thread_blocked, id=15412, stack(0x000000125e200000,0x000000125e300000)]
  0x00000113ad19d800 JavaThread "Cache worker for dependencies-accessors (C:\Users\henna\Downloads\tcc\datapublisher\datapublisher\.gradle\7.4.2\dependencies-accessors)" [_thread_blocked, id=8728, stack(0x000000125e300000,0x000000125e400000)]
  0x00000113ad19e800 JavaThread "Cache worker for Build Output Cleanup Cache (C:\Users\henna\Downloads\tcc\datapublisher\datapublisher\.gradle\buildOutputCleanup)" [_thread_blocked, id=5924, stack(0x000000125e600000,0x000000125e700000)]
  0x00000113ad193000 JavaThread "Unconstrained build operations" [_thread_blocked, id=7840, stack(0x000000125b900000,0x000000125ba00000)]
  0x00000113ad19f000 JavaThread "Unconstrained build operations Thread 2" [_thread_blocked, id=16548, stack(0x000000125eb00000,0x000000125ec00000)]
  0x00000113ad1a0000 JavaThread "Unconstrained build operations Thread 3" [_thread_blocked, id=17048, stack(0x000000125ec00000,0x000000125ed00000)]
  0x00000113ad1a1000 JavaThread "Unconstrained build operations Thread 4" [_thread_blocked, id=13432, stack(0x000000125ed00000,0x000000125ee00000)]
  0x00000113b0c77000 JavaThread "Unconstrained build operations Thread 5" [_thread_blocked, id=16888, stack(0x000000125ee00000,0x000000125ef00000)]
  0x00000113b0c75000 JavaThread "Unconstrained build operations Thread 6" [_thread_blocked, id=17392, stack(0x000000125ef00000,0x000000125f000000)]
  0x00000113b0c7a000 JavaThread "Unconstrained build operations Thread 7" [_thread_blocked, id=6884, stack(0x000000125f000000,0x000000125f100000)]
  0x00000113b0c7d800 JavaThread "Unconstrained build operations Thread 8" [_thread_blocked, id=15972, stack(0x000000125f100000,0x000000125f200000)]
  0x00000113b0c7b000 JavaThread "Unconstrained build operations Thread 9" [_thread_blocked, id=12548, stack(0x000000125f200000,0x000000125f300000)]
  0x00000113b0c79800 JavaThread "Unconstrained build operations Thread 10" [_thread_blocked, id=1332, stack(0x000000125f300000,0x000000125f400000)]
  0x00000113b0c80000 JavaThread "Unconstrained build operations Thread 11" [_thread_blocked, id=15764, stack(0x000000125f400000,0x000000125f500000)]
  0x00000113b0c80800 JavaThread "Unconstrained build operations Thread 12" [_thread_blocked, id=13080, stack(0x000000125f500000,0x000000125f600000)]
  0x00000113b0c7f000 JavaThread "Unconstrained build operations Thread 13" [_thread_blocked, id=14288, stack(0x000000125f600000,0x000000125f700000)]
  0x00000113b0c81800 JavaThread "Unconstrained build operations Thread 14" [_thread_blocked, id=7136, stack(0x000000125f700000,0x000000125f800000)]
  0x00000113b0c7b800 JavaThread "Unconstrained build operations Thread 15" [_thread_blocked, id=3284, stack(0x000000125f800000,0x000000125f900000)]
  0x00000113b0c82800 JavaThread "Unconstrained build operations Thread 16" [_thread_blocked, id=17096, stack(0x000000125f900000,0x000000125fa00000)]
  0x00000113b0c83000 JavaThread "Unconstrained build operations Thread 17" [_thread_blocked, id=16560, stack(0x000000125fa00000,0x000000125fb00000)]
  0x00000113b0c7e000 JavaThread "Unconstrained build operations Thread 18" [_thread_blocked, id=10316, stack(0x000000125fb00000,0x000000125fc00000)]
  0x00000113abbe3000 JavaThread "Unconstrained build operations Thread 19" [_thread_blocked, id=12352, stack(0x000000125fc00000,0x000000125fd00000)]
  0x00000113abbdd800 JavaThread "Unconstrained build operations Thread 20" [_thread_blocked, id=7048, stack(0x000000125fd00000,0x000000125fe00000)]
  0x00000113abbe5800 JavaThread "Unconstrained build operations Thread 21" [_thread_blocked, id=15736, stack(0x000000125fe00000,0x000000125ff00000)]
  0x00000113abbe4000 JavaThread "Unconstrained build operations Thread 22" [_thread_blocked, id=12504, stack(0x000000125ff00000,0x0000001260000000)]
  0x00000113abbe9000 JavaThread "Unconstrained build operations Thread 23" [_thread_blocked, id=16432, stack(0x0000001260000000,0x0000001260100000)]
  0x00000113abbe9800 JavaThread "Unconstrained build operations Thread 24" [_thread_blocked, id=11840, stack(0x0000001260100000,0x0000001260200000)]
  0x00000113abbe6800 JavaThread "Unconstrained build operations Thread 25" [_thread_blocked, id=14884, stack(0x0000001260200000,0x0000001260300000)]
  0x00000113abbe7800 JavaThread "Unconstrained build operations Thread 26" [_thread_blocked, id=4340, stack(0x0000001260300000,0x0000001260400000)]
  0x00000113abbe5000 JavaThread "Unconstrained build operations Thread 27" [_thread_blocked, id=12164, stack(0x0000001260400000,0x0000001260500000)]
  0x00000113abbe8000 JavaThread "Unconstrained build operations Thread 28" [_thread_blocked, id=7916, stack(0x0000001260500000,0x0000001260600000)]
  0x00000113ab97e000 JavaThread "Unconstrained build operations Thread 29" [_thread_blocked, id=10672, stack(0x0000001260600000,0x0000001260700000)]
  0x00000113ab97f000 JavaThread "Unconstrained build operations Thread 30" [_thread_blocked, id=8756, stack(0x0000001260700000,0x0000001260800000)]
  0x00000113ab980000 JavaThread "Unconstrained build operations Thread 31" [_thread_blocked, id=15956, stack(0x0000001260800000,0x0000001260900000)]
  0x00000113ab97a000 JavaThread "Unconstrained build operations Thread 32" [_thread_blocked, id=1876, stack(0x0000001260900000,0x0000001260a00000)]
  0x00000113ad6cf000 JavaThread "Unconstrained build operations Thread 33" [_thread_blocked, id=15676, stack(0x0000001260a00000,0x0000001260b00000)]
  0x00000113ad6cb000 JavaThread "Unconstrained build operations Thread 34" [_thread_blocked, id=3056, stack(0x0000001260b00000,0x0000001260c00000)]
  0x00000113ad6d1800 JavaThread "Unconstrained build operations Thread 35" [_thread_blocked, id=9952, stack(0x0000001260c00000,0x0000001260d00000)]
  0x00000113ad6cc000 JavaThread "Unconstrained build operations Thread 36" [_thread_blocked, id=17112, stack(0x0000001260d00000,0x0000001260e00000)]
  0x00000113ad6d0000 JavaThread "Unconstrained build operations Thread 37" [_thread_blocked, id=15632, stack(0x0000001260e00000,0x0000001260f00000)]
  0x00000113ad6cc800 JavaThread "Unconstrained build operations Thread 38" [_thread_blocked, id=1324, stack(0x0000001260f00000,0x0000001261000000)]
  0x00000113ad6d2800 JavaThread "Unconstrained build operations Thread 39" [_thread_blocked, id=2212, stack(0x0000001261000000,0x0000001261100000)]
  0x00000113ad6d3800 JavaThread "Unconstrained build operations Thread 40" [_thread_blocked, id=10444, stack(0x0000001261100000,0x0000001261200000)]
=>0x00000113ad6ce800 JavaThread "C2 CompilerThread1" daemon [_thread_in_native, id=3252, stack(0x0000001261200000,0x0000001261300000)]

Other Threads:
  0x00000113a899b000 VMThread "VM Thread" [stack: 0x000000125c200000,0x000000125c300000] [id=2500]
  0x00000113a9504800 WatcherThread [stack: 0x000000125cc00000,0x000000125cd00000] [id=2376]
  0x000001138be24800 GCTaskThread "GC Thread#0" [stack: 0x000000125bd00000,0x000000125be00000] [id=9332]
  0x00000113a9843000 GCTaskThread "GC Thread#1" [stack: 0x000000125ce00000,0x000000125cf00000] [id=6548]
  0x00000113a9c99800 GCTaskThread "GC Thread#2" [stack: 0x000000125cf00000,0x000000125d000000] [id=4680]
  0x00000113a9c9a800 GCTaskThread "GC Thread#3" [stack: 0x000000125d000000,0x000000125d100000] [id=9704]
  0x000001138be37800 ConcurrentGCThread "G1 Main Marker" [stack: 0x000000125be00000,0x000000125bf00000] [id=6324]
  0x000001138be39000 ConcurrentGCThread "G1 Conc#0" [stack: 0x000000125bf00000,0x000000125c000000] [id=5764]
  0x000001138beee800 ConcurrentGCThread "G1 Refine#0" [stack: 0x000000125c000000,0x000000125c100000] [id=7660]
  0x00000113a8836800 ConcurrentGCThread "G1 Young RemSet Sampling" [stack: 0x000000125c100000,0x000000125c200000] [id=14452]

Threads with active compile tasks:
C2 CompilerThread01136729 20463   !   4       org.jetbrains.kotlin.cli.jvm.modules.CoreJrtVirtualFile::getChildren (252 bytes)
C1 CompilerThread01136729 20595       3       org.jetbrains.kotlin.resolve.calls.components.PostponeArgumentsChecksKt::resolveKtPrimitive (129 bytes)
C2 CompilerThread11136729 20359       4       org.jetbrains.kotlin.load.java.structure.impl.classFiles.BinaryClassSignatureParser::parseParameterizedClassRefSignature (278 bytes)

VM state:not at safepoint (normal execution)

VM Mutex/Monitor currently owned by a thread: None

Heap address: 0x00000000e0000000, size: 512 MB, Compressed Oops mode: 32-bit
Narrow klass base: 0x0000000000000000, Narrow klass shift: 3
Compressed class space size: 260046848 Address: 0x0000000100000000

Heap:
 garbage-first heap   total 262144K, used 189647K [0x00000000e0000000, 0x0000000100000000)
  region size 1024K, 21 young (21504K), 6 survivors (6144K)
 Metaspace       used 148381K, capacity 151739K, committed 153844K, reserved 389120K
  class space    used 18315K, capacity 19608K, committed 20096K, reserved 253952K
Heap Regions: E=young(eden), S=young(survivor), O=old, HS=humongous(starts), HC=humongous(continues), CS=collection set, F=free, A=archive, TAMS=top-at-mark-start (previous, next)
|   0|0x00000000e0000000, 0x00000000e0100000, 0x00000000e0100000|100%|HS|  |TAMS 0x00000000e0100000, 0x00000000e0000000| Complete 
|   1|0x00000000e0100000, 0x00000000e0200000, 0x00000000e0200000|100%|HC|  |TAMS 0x00000000e0200000, 0x00000000e0100000| Complete 
|   2|0x00000000e0200000, 0x00000000e0300000, 0x00000000e0300000|100%|HC|  |TAMS 0x00000000e0300000, 0x00000000e0200000| Complete 
|   3|0x00000000e0300000, 0x00000000e0400000, 0x00000000e0400000|100%| O|  |TAMS 0x00000000e0400000, 0x00000000e0300000| Untracked 
|   4|0x00000000e0400000, 0x00000000e0500000, 0x00000000e0500000|100%| O|  |TAMS 0x00000000e0500000, 0x00000000e0400000| Untracked 
|   5|0x00000000e0500000, 0x00000000e0600000, 0x00000000e0600000|100%| O|  |TAMS 0x00000000e0600000, 0x00000000e0500000| Untracked 
|   6|0x00000000e0600000, 0x00000000e0700000, 0x00000000e0700000|100%| O|  |TAMS 0x00000000e0700000, 0x00000000e0600000| Untracked 
|   7|0x00000000e0700000, 0x00000000e0800000, 0x00000000e0800000|100%| O|  |TAMS 0x00000000e0800000, 0x00000000e0700000| Untracked 
|   8|0x00000000e0800000, 0x00000000e0900000, 0x00000000e0900000|100%| O|  |TAMS 0x00000000e0900000, 0x00000000e0800000| Untracked 
|   9|0x00000000e0900000, 0x00000000e0a00000, 0x00000000e0a00000|100%| O|  |TAMS 0x00000000e0a00000, 0x00000000e0900000| Untracked 
|  10|0x00000000e0a00000, 0x00000000e0b00000, 0x00000000e0b00000|100%| O|  |TAMS 0x00000000e0b00000, 0x00000000e0a00000| Untracked 
|  11|0x00000000e0b00000, 0x00000000e0c00000, 0x00000000e0c00000|100%| O|  |TAMS 0x00000000e0c00000, 0x00000000e0b00000| Untracked 
|  12|0x00000000e0c00000, 0x00000000e0d00000, 0x00000000e0d00000|100%| O|  |TAMS 0x00000000e0d00000, 0x00000000e0c00000| Untracked 
|  13|0x00000000e0d00000, 0x00000000e0e00000, 0x00000000e0e00000|100%| O|  |TAMS 0x00000000e0e00000, 0x00000000e0d00000| Untracked 
|  14|0x00000000e0e00000, 0x00000000e0f00000, 0x00000000e0f00000|100%| O|  |TAMS 0x00000000e0f00000, 0x00000000e0e00000| Untracked 
|  15|0x00000000e0f00000, 0x00000000e1000000, 0x00000000e1000000|100%| O|  |TAMS 0x00000000e1000000, 0x00000000e0f00000| Complete 
|  16|0x00000000e1000000, 0x00000000e1100000, 0x00000000e1100000|100%| O|  |TAMS 0x00000000e1100000, 0x00000000e1000000| Complete 
|  17|0x00000000e1100000, 0x00000000e1200000, 0x00000000e1200000|100%| O|  |TAMS 0x00000000e1200000, 0x00000000e1100000| Complete 
|  18|0x00000000e1200000, 0x00000000e1300000, 0x00000000e1300000|100%| O|  |TAMS 0x00000000e1300000, 0x00000000e1200000| Complete 
|  19|0x00000000e1300000, 0x00000000e1400000, 0x00000000e1400000|100%| O|  |TAMS 0x00000000e1400000, 0x00000000e1300000| Complete 
|  20|0x00000000e1400000, 0x00000000e1500000, 0x00000000e1500000|100%| O|  |TAMS 0x00000000e1500000, 0x00000000e1400000| Complete 
|  21|0x00000000e1500000, 0x00000000e1600000, 0x00000000e1600000|100%|HS|  |TAMS 0x00000000e1600000, 0x00000000e1500000| Complete 
|  22|0x00000000e1600000, 0x00000000e1700000, 0x00000000e1700000|100%| O|  |TAMS 0x00000000e1700000, 0x00000000e1600000| Untracked 
|  23|0x00000000e1700000, 0x00000000e1800000, 0x00000000e1800000|100%| O|  |TAMS 0x00000000e1800000, 0x00000000e1700000| Complete 
|  24|0x00000000e1800000, 0x00000000e1900000, 0x00000000e1900000|100%| O|  |TAMS 0x00000000e1900000, 0x00000000e1800000| Complete 
|  25|0x00000000e1900000, 0x00000000e1a00000, 0x00000000e1a00000|100%| O|  |TAMS 0x00000000e1a00000, 0x00000000e1900000| Untracked 
|  26|0x00000000e1a00000, 0x00000000e1b00000, 0x00000000e1b00000|100%| O|  |TAMS 0x00000000e1b00000, 0x00000000e1a00000| Untracked 
|  27|0x00000000e1b00000, 0x00000000e1c00000, 0x00000000e1c00000|100%| O|  |TAMS 0x00000000e1c00000, 0x00000000e1b00000| Complete 
|  28|0x00000000e1c00000, 0x00000000e1d00000, 0x00000000e1d00000|100%| O|  |TAMS 0x00000000e1d00000, 0x00000000e1c00000| Complete 
|  29|0x00000000e1d00000, 0x00000000e1e00000, 0x00000000e1e00000|100%|HS|  |TAMS 0x00000000e1e00000, 0x00000000e1d00000| Complete 
|  30|0x00000000e1e00000, 0x00000000e1f00000, 0x00000000e1f00000|100%|HC|  |TAMS 0x00000000e1f00000, 0x00000000e1e00000| Complete 
|  31|0x00000000e1f00000, 0x00000000e2000000, 0x00000000e2000000|100%|HC|  |TAMS 0x00000000e2000000, 0x00000000e1f00000| Complete 
|  32|0x00000000e2000000, 0x00000000e2100000, 0x00000000e2100000|100%|HS|  |TAMS 0x00000000e2100000, 0x00000000e2000000| Complete 
|  33|0x00000000e2100000, 0x00000000e2200000, 0x00000000e2200000|100%|HC|  |TAMS 0x00000000e2200000, 0x00000000e2100000| Complete 
|  34|0x00000000e2200000, 0x00000000e2300000, 0x00000000e2300000|100%|HC|  |TAMS 0x00000000e2300000, 0x00000000e2200000| Complete 
|  35|0x00000000e2300000, 0x00000000e2400000, 0x00000000e2400000|100%| O|  |TAMS 0x00000000e2400000, 0x00000000e2300000| Untracked 
|  36|0x00000000e2400000, 0x00000000e2500000, 0x00000000e2500000|100%| O|  |TAMS 0x00000000e2500000, 0x00000000e2400000| Untracked 
|  37|0x00000000e2500000, 0x00000000e2600000, 0x00000000e2600000|100%| O|  |TAMS 0x00000000e2600000, 0x00000000e2500000| Untracked 
|  38|0x00000000e2600000, 0x00000000e2700000, 0x00000000e2700000|100%| O|  |TAMS 0x00000000e2700000, 0x00000000e2600000| Untracked 
|  39|0x00000000e2700000, 0x00000000e2800000, 0x00000000e2800000|100%| O|  |TAMS 0x00000000e2800000, 0x00000000e2700000| Untracked 
|  40|0x00000000e2800000, 0x00000000e2900000, 0x00000000e2900000|100%| O|  |TAMS 0x00000000e2900000, 0x00000000e2800000| Complete 
|  41|0x00000000e2900000, 0x00000000e2a00000, 0x00000000e2a00000|100%| O|  |TAMS 0x00000000e2a00000, 0x00000000e2900000| Complete 
|  42|0x00000000e2a00000, 0x00000000e2b00000, 0x00000000e2b00000|100%| O|  |TAMS 0x00000000e2b00000, 0x00000000e2a00000| Complete 
|  43|0x00000000e2b00000, 0x00000000e2c00000, 0x00000000e2c00000|100%| O|  |TAMS 0x00000000e2c00000, 0x00000000e2b00000| Untracked 
|  44|0x00000000e2c00000, 0x00000000e2d00000, 0x00000000e2d00000|100%| O|  |TAMS 0x00000000e2d00000, 0x00000000e2c00000| Complete 
|  45|0x00000000e2d00000, 0x00000000e2e00000, 0x00000000e2e00000|100%| O|  |TAMS 0x00000000e2e00000, 0x00000000e2d00000| Complete 
|  46|0x00000000e2e00000, 0x00000000e2f00000, 0x00000000e2f00000|100%| O|  |TAMS 0x00000000e2f00000, 0x00000000e2e00000| Untracked 
|  47|0x00000000e2f00000, 0x00000000e3000000, 0x00000000e3000000|100%| O|  |TAMS 0x00000000e3000000, 0x00000000e2f00000| Complete 
|  48|0x00000000e3000000, 0x00000000e3100000, 0x00000000e3100000|100%| O|  |TAMS 0x00000000e3100000, 0x00000000e3000000| Untracked 
|  49|0x00000000e3100000, 0x00000000e3200000, 0x00000000e3200000|100%| O|  |TAMS 0x00000000e3200000, 0x00000000e3100000| Untracked 
|  50|0x00000000e3200000, 0x00000000e3300000, 0x00000000e3300000|100%| O|  |TAMS 0x00000000e3300000, 0x00000000e3200000| Complete 
|  51|0x00000000e3300000, 0x00000000e3400000, 0x00000000e3400000|100%| O|  |TAMS 0x00000000e3400000, 0x00000000e3300000| Complete 
|  52|0x00000000e3400000, 0x00000000e3500000, 0x00000000e3500000|100%|HS|  |TAMS 0x00000000e3500000, 0x00000000e3400000| Complete 
|  53|0x00000000e3500000, 0x00000000e3600000, 0x00000000e3600000|100%|HC|  |TAMS 0x00000000e3600000, 0x00000000e3500000| Complete 
|  54|0x00000000e3600000, 0x00000000e3700000, 0x00000000e3700000|100%|HC|  |TAMS 0x00000000e3700000, 0x00000000e3600000| Complete 
|  55|0x00000000e3700000, 0x00000000e3800000, 0x00000000e3800000|100%|HC|  |TAMS 0x00000000e3800000, 0x00000000e3700000| Complete 
|  56|0x00000000e3800000, 0x00000000e3900000, 0x00000000e3900000|100%|HC|  |TAMS 0x00000000e3900000, 0x00000000e3800000| Complete 
|  57|0x00000000e3900000, 0x00000000e3a00000, 0x00000000e3a00000|100%| O|  |TAMS 0x00000000e3a00000, 0x00000000e3900000| Complete 
|  58|0x00000000e3a00000, 0x00000000e3a00000, 0x00000000e3b00000|  0%| F|  |TAMS 0x00000000e3a00000, 0x00000000e3a00000| Untracked 
|  59|0x00000000e3b00000, 0x00000000e3b00000, 0x00000000e3c00000|  0%| F|  |TAMS 0x00000000e3b00000, 0x00000000e3b00000| Untracked 
|  60|0x00000000e3c00000, 0x00000000e3d00000, 0x00000000e3d00000|100%| O|  |TAMS 0x00000000e3d00000, 0x00000000e3c00000| Complete 
|  61|0x00000000e3d00000, 0x00000000e3d00000, 0x00000000e3e00000|  0%| F|  |TAMS 0x00000000e3d00000, 0x00000000e3d00000| Untracked 
|  62|0x00000000e3e00000, 0x00000000e3f00000, 0x00000000e3f00000|100%| O|  |TAMS 0x00000000e3f00000, 0x00000000e3e00000| Complete 
|  63|0x00000000e3f00000, 0x00000000e3f00000, 0x00000000e4000000|  0%| F|  |TAMS 0x00000000e3f00000, 0x00000000e3f00000| Untracked 
|  64|0x00000000e4000000, 0x00000000e4000000, 0x00000000e4100000|  0%| F|  |TAMS 0x00000000e4000000, 0x00000000e4000000| Untracked 
|  65|0x00000000e4100000, 0x00000000e4100000, 0x00000000e4200000|  0%| F|  |TAMS 0x00000000e4100000, 0x00000000e4100000| Untracked 
|  66|0x00000000e4200000, 0x00000000e4300000, 0x00000000e4300000|100%| O|  |TAMS 0x00000000e4300000, 0x00000000e4200000| Untracked 
|  67|0x00000000e4300000, 0x00000000e4400000, 0x00000000e4400000|100%| O|  |TAMS 0x00000000e4400000, 0x00000000e4300000| Complete 
|  68|0x00000000e4400000, 0x00000000e4500000, 0x00000000e4500000|100%| O|  |TAMS 0x00000000e4500000, 0x00000000e4400000| Complete 
|  69|0x00000000e4500000, 0x00000000e4600000, 0x00000000e4600000|100%| O|  |TAMS 0x00000000e4600000, 0x00000000e4500000| Complete 
|  70|0x00000000e4600000, 0x00000000e4700000, 0x00000000e4700000|100%| O|  |TAMS 0x00000000e4700000, 0x00000000e4600000| Untracked 
|  71|0x00000000e4700000, 0x00000000e4800000, 0x00000000e4800000|100%| O|  |TAMS 0x00000000e4800000, 0x00000000e4700000| Complete 
|  72|0x00000000e4800000, 0x00000000e4900000, 0x00000000e4900000|100%| O|  |TAMS 0x00000000e4900000, 0x00000000e4800000| Complete 
|  73|0x00000000e4900000, 0x00000000e4a00000, 0x00000000e4a00000|100%| O|  |TAMS 0x00000000e4a00000, 0x00000000e4900000| Complete 
|  74|0x00000000e4a00000, 0x00000000e4b00000, 0x00000000e4b00000|100%| O|  |TAMS 0x00000000e4b00000, 0x00000000e4a00000| Complete 
|  75|0x00000000e4b00000, 0x00000000e4c00000, 0x00000000e4c00000|100%| O|  |TAMS 0x00000000e4c00000, 0x00000000e4b00000| Untracked 
|  76|0x00000000e4c00000, 0x00000000e4c00000, 0x00000000e4d00000|  0%| F|  |TAMS 0x00000000e4c00000, 0x00000000e4c00000| Untracked 
|  77|0x00000000e4d00000, 0x00000000e4e00000, 0x00000000e4e00000|100%| O|  |TAMS 0x00000000e4e00000, 0x00000000e4d00000| Untracked 
|  78|0x00000000e4e00000, 0x00000000e4f00000, 0x00000000e4f00000|100%| O|  |TAMS 0x00000000e4f00000, 0x00000000e4e00000| Untracked 
|  79|0x00000000e4f00000, 0x00000000e5000000, 0x00000000e5000000|100%|HS|  |TAMS 0x00000000e5000000, 0x00000000e4f00000| Complete 
|  80|0x00000000e5000000, 0x00000000e5100000, 0x00000000e5100000|100%|HC|  |TAMS 0x00000000e5100000, 0x00000000e5000000| Complete 
|  81|0x00000000e5100000, 0x00000000e5200000, 0x00000000e5200000|100%|HC|  |TAMS 0x00000000e5200000, 0x00000000e5100000| Complete 
|  82|0x00000000e5200000, 0x00000000e5300000, 0x00000000e5300000|100%| O|  |TAMS 0x00000000e5300000, 0x00000000e5200000| Complete 
|  83|0x00000000e5300000, 0x00000000e5400000, 0x00000000e5400000|100%| O|  |TAMS 0x00000000e5400000, 0x00000000e5300000| Complete 
|  84|0x00000000e5400000, 0x00000000e5500000, 0x00000000e5500000|100%| O|  |TAMS 0x00000000e5500000, 0x00000000e5400000| Complete 
|  85|0x00000000e5500000, 0x00000000e5600000, 0x00000000e5600000|100%| O|  |TAMS 0x00000000e5600000, 0x00000000e5500000| Untracked 
|  86|0x00000000e5600000, 0x00000000e5600000, 0x00000000e5700000|  0%| F|  |TAMS 0x00000000e5600000, 0x00000000e5600000| Untracked 
|  87|0x00000000e5700000, 0x00000000e5800000, 0x00000000e5800000|100%| O|  |TAMS 0x00000000e5800000, 0x00000000e5700000| Complete 
|  88|0x00000000e5800000, 0x00000000e5900000, 0x00000000e5900000|100%| O|  |TAMS 0x00000000e5900000, 0x00000000e5800000| Untracked 
|  89|0x00000000e5900000, 0x00000000e5a00000, 0x00000000e5a00000|100%| O|  |TAMS 0x00000000e5a00000, 0x00000000e5900000| Untracked 
|  90|0x00000000e5a00000, 0x00000000e5b00000, 0x00000000e5b00000|100%| O|  |TAMS 0x00000000e5b00000, 0x00000000e5a00000| Untracked 
|  91|0x00000000e5b00000, 0x00000000e5c00000, 0x00000000e5c00000|100%| O|  |TAMS 0x00000000e5c00000, 0x00000000e5b00000| Untracked 
|  92|0x00000000e5c00000, 0x00000000e5d00000, 0x00000000e5d00000|100%| O|  |TAMS 0x00000000e5d00000, 0x00000000e5c00000| Untracked 
|  93|0x00000000e5d00000, 0x00000000e5e00000, 0x00000000e5e00000|100%| O|  |TAMS 0x00000000e5e00000, 0x00000000e5d00000| Complete 
|  94|0x00000000e5e00000, 0x00000000e5f00000, 0x00000000e5f00000|100%|HS|  |TAMS 0x00000000e5f00000, 0x00000000e5e00000| Complete 
|  95|0x00000000e5f00000, 0x00000000e6000000, 0x00000000e6000000|100%|HC|  |TAMS 0x00000000e6000000, 0x00000000e5f00000| Complete 
|  96|0x00000000e6000000, 0x00000000e6100000, 0x00000000e6100000|100%|HC|  |TAMS 0x00000000e6100000, 0x00000000e6000000| Complete 
|  97|0x00000000e6100000, 0x00000000e6200000, 0x00000000e6200000|100%|HC|  |TAMS 0x00000000e6200000, 0x00000000e6100000| Complete 
|  98|0x00000000e6200000, 0x00000000e6300000, 0x00000000e6300000|100%|HC|  |TAMS 0x00000000e6300000, 0x00000000e6200000| Complete 
|  99|0x00000000e6300000, 0x00000000e6400000, 0x00000000e6400000|100%|HS|  |TAMS 0x00000000e6400000, 0x00000000e6300000| Complete 
| 100|0x00000000e6400000, 0x00000000e6500000, 0x00000000e6500000|100%|HC|  |TAMS 0x00000000e6500000, 0x00000000e6400000| Complete 
| 101|0x00000000e6500000, 0x00000000e6600000, 0x00000000e6600000|100%|HC|  |TAMS 0x00000000e6600000, 0x00000000e6500000| Complete 
| 102|0x00000000e6600000, 0x00000000e6700000, 0x00000000e6700000|100%|HC|  |TAMS 0x00000000e6700000, 0x00000000e6600000| Complete 
| 103|0x00000000e6700000, 0x00000000e6800000, 0x00000000e6800000|100%|HS|  |TAMS 0x00000000e6800000, 0x00000000e6700000| Complete 
| 104|0x00000000e6800000, 0x00000000e6900000, 0x00000000e6900000|100%|HC|  |TAMS 0x00000000e6900000, 0x00000000e6800000| Complete 
| 105|0x00000000e6900000, 0x00000000e6a00000, 0x00000000e6a00000|100%|HC|  |TAMS 0x00000000e6a00000, 0x00000000e6900000| Complete 
| 106|0x00000000e6a00000, 0x00000000e6b00000, 0x00000000e6b00000|100%|HC|  |TAMS 0x00000000e6b00000, 0x00000000e6a00000| Complete 
| 107|0x00000000e6b00000, 0x00000000e6c00000, 0x00000000e6c00000|100%|HC|  |TAMS 0x00000000e6c00000, 0x00000000e6b00000| Complete 
| 108|0x00000000e6c00000, 0x00000000e6d00000, 0x00000000e6d00000|100%|HS|  |TAMS 0x00000000e6d00000, 0x00000000e6c00000| Complete 
| 109|0x00000000e6d00000, 0x00000000e6e00000, 0x00000000e6e00000|100%|HC|  |TAMS 0x00000000e6e00000, 0x00000000e6d00000| Complete 
| 110|0x00000000e6e00000, 0x00000000e6f00000, 0x00000000e6f00000|100%|HC|  |TAMS 0x00000000e6f00000, 0x00000000e6e00000| Complete 
| 111|0x00000000e6f00000, 0x00000000e7000000, 0x00000000e7000000|100%|HC|  |TAMS 0x00000000e7000000, 0x00000000e6f00000| Complete 
| 112|0x00000000e7000000, 0x00000000e7100000, 0x00000000e7100000|100%|HS|  |TAMS 0x00000000e7100000, 0x00000000e7000000| Complete 
| 113|0x00000000e7100000, 0x00000000e7200000, 0x00000000e7200000|100%|HC|  |TAMS 0x00000000e7200000, 0x00000000e7100000| Complete 
| 114|0x00000000e7200000, 0x00000000e7300000, 0x00000000e7300000|100%|HC|  |TAMS 0x00000000e7300000, 0x00000000e7200000| Complete 
| 115|0x00000000e7300000, 0x00000000e7300000, 0x00000000e7400000|  0%| F|  |TAMS 0x00000000e7300000, 0x00000000e7300000| Untracked 
| 116|0x00000000e7400000, 0x00000000e7500000, 0x00000000e7500000|100%| O|  |TAMS 0x00000000e7500000, 0x00000000e7400000| Untracked 
| 117|0x00000000e7500000, 0x00000000e7600000, 0x00000000e7600000|100%| O|  |TAMS 0x00000000e7600000, 0x00000000e7500000| Complete 
| 118|0x00000000e7600000, 0x00000000e7600000, 0x00000000e7700000|  0%| F|  |TAMS 0x00000000e7600000, 0x00000000e7600000| Untracked 
| 119|0x00000000e7700000, 0x00000000e7800000, 0x00000000e7800000|100%| O|  |TAMS 0x00000000e7800000, 0x00000000e7700000| Complete 
| 120|0x00000000e7800000, 0x00000000e7900000, 0x00000000e7900000|100%| O|  |TAMS 0x00000000e7900000, 0x00000000e7800000| Complete 
| 121|0x00000000e7900000, 0x00000000e7a00000, 0x00000000e7a00000|100%| O|  |TAMS 0x00000000e7a00000, 0x00000000e7900000| Untracked 
| 122|0x00000000e7a00000, 0x00000000e7b00000, 0x00000000e7b00000|100%| O|  |TAMS 0x00000000e7b00000, 0x00000000e7a00000| Complete 
| 123|0x00000000e7b00000, 0x00000000e7c00000, 0x00000000e7c00000|100%| O|  |TAMS 0x00000000e7c00000, 0x00000000e7b00000| Untracked 
| 124|0x00000000e7c00000, 0x00000000e7d00000, 0x00000000e7d00000|100%| O|  |TAMS 0x00000000e7d00000, 0x00000000e7c00000| Complete 
| 125|0x00000000e7d00000, 0x00000000e7e00000, 0x00000000e7e00000|100%|HS|  |TAMS 0x00000000e7e00000, 0x00000000e7d00000| Complete 
| 126|0x00000000e7e00000, 0x00000000e7f00000, 0x00000000e7f00000|100%|HC|  |TAMS 0x00000000e7f00000, 0x00000000e7e00000| Complete 
| 127|0x00000000e7f00000, 0x00000000e8000000, 0x00000000e8000000|100%|HC|  |TAMS 0x00000000e8000000, 0x00000000e7f00000| Complete 
| 128|0x00000000e8000000, 0x00000000e8100000, 0x00000000e8100000|100%| O|  |TAMS 0x00000000e8100000, 0x00000000e8000000| Complete 
| 129|0x00000000e8100000, 0x00000000e8200000, 0x00000000e8200000|100%| O|  |TAMS 0x00000000e8200000, 0x00000000e8100000| Untracked 
| 130|0x00000000e8200000, 0x00000000e8300000, 0x00000000e8300000|100%| O|  |TAMS 0x00000000e8300000, 0x00000000e8200000| Untracked 
| 131|0x00000000e8300000, 0x00000000e8400000, 0x00000000e8400000|100%| O|  |TAMS 0x00000000e8400000, 0x00000000e8300000| Untracked 
| 132|0x00000000e8400000, 0x00000000e8500000, 0x00000000e8500000|100%| O|  |TAMS 0x00000000e8500000, 0x00000000e8400000| Untracked 
| 133|0x00000000e8500000, 0x00000000e8600000, 0x00000000e8600000|100%| O|  |TAMS 0x00000000e8600000, 0x00000000e8500000| Untracked 
| 134|0x00000000e8600000, 0x00000000e8700000, 0x00000000e8700000|100%| O|  |TAMS 0x00000000e8700000, 0x00000000e8600000| Untracked 
| 135|0x00000000e8700000, 0x00000000e8800000, 0x00000000e8800000|100%| O|  |TAMS 0x00000000e8800000, 0x00000000e8700000| Untracked 
| 136|0x00000000e8800000, 0x00000000e8900000, 0x00000000e8900000|100%| O|  |TAMS 0x00000000e8900000, 0x00000000e8800000| Untracked 
| 137|0x00000000e8900000, 0x00000000e8a00000, 0x00000000e8a00000|100%| O|  |TAMS 0x00000000e8a00000, 0x00000000e8900000| Complete 
| 138|0x00000000e8a00000, 0x00000000e8b00000, 0x00000000e8b00000|100%| O|  |TAMS 0x00000000e8b00000, 0x00000000e8a00000| Untracked 
| 139|0x00000000e8b00000, 0x00000000e8c00000, 0x00000000e8c00000|100%| O|  |TAMS 0x00000000e8c00000, 0x00000000e8b00000| Untracked 
| 140|0x00000000e8c00000, 0x00000000e8d00000, 0x00000000e8d00000|100%| O|  |TAMS 0x00000000e8d00000, 0x00000000e8c00000| Untracked 
| 141|0x00000000e8d00000, 0x00000000e8e00000, 0x00000000e8e00000|100%| O|  |TAMS 0x00000000e8e00000, 0x00000000e8d00000| Untracked 
| 142|0x00000000e8e00000, 0x00000000e8f00000, 0x00000000e8f00000|100%| O|  |TAMS 0x00000000e8f00000, 0x00000000e8e00000| Untracked 
| 143|0x00000000e8f00000, 0x00000000e9000000, 0x00000000e9000000|100%| O|  |TAMS 0x00000000e9000000, 0x00000000e8f00000| Untracked 
| 144|0x00000000e9000000, 0x00000000e9100000, 0x00000000e9100000|100%| O|  |TAMS 0x00000000e9100000, 0x00000000e9000000| Complete 
| 145|0x00000000e9100000, 0x00000000e9200000, 0x00000000e9200000|100%| O|  |TAMS 0x00000000e9200000, 0x00000000e9100000| Untracked 
| 146|0x00000000e9200000, 0x00000000e9300000, 0x00000000e9300000|100%| O|  |TAMS 0x00000000e9300000, 0x00000000e9200000| Untracked 
| 147|0x00000000e9300000, 0x00000000e9400000, 0x00000000e9400000|100%| O|  |TAMS 0x00000000e9400000, 0x00000000e9300000| Untracked 
| 148|0x00000000e9400000, 0x00000000e9500000, 0x00000000e9500000|100%| O|  |TAMS 0x00000000e9500000, 0x00000000e9400000| Untracked 
| 149|0x00000000e9500000, 0x00000000e9600000, 0x00000000e9600000|100%| O|  |TAMS 0x00000000e9600000, 0x00000000e9500000| Untracked 
| 150|0x00000000e9600000, 0x00000000e9700000, 0x00000000e9700000|100%| O|  |TAMS 0x00000000e9700000, 0x00000000e9600000| Untracked 
| 151|0x00000000e9700000, 0x00000000e9800000, 0x00000000e9800000|100%| O|  |TAMS 0x00000000e9800000, 0x00000000e9700000| Untracked 
| 152|0x00000000e9800000, 0x00000000e9900000, 0x00000000e9900000|100%| O|  |TAMS 0x00000000e9900000, 0x00000000e9800000| Untracked 
| 153|0x00000000e9900000, 0x00000000e9a00000, 0x00000000e9a00000|100%| O|  |TAMS 0x00000000e9a00000, 0x00000000e9900000| Untracked 
| 154|0x00000000e9a00000, 0x00000000e9b00000, 0x00000000e9b00000|100%| O|  |TAMS 0x00000000e9b00000, 0x00000000e9a00000| Untracked 
| 155|0x00000000e9b00000, 0x00000000e9c00000, 0x00000000e9c00000|100%| O|  |TAMS 0x00000000e9c00000, 0x00000000e9b00000| Complete 
| 156|0x00000000e9c00000, 0x00000000e9d00000, 0x00000000e9d00000|100%| O|  |TAMS 0x00000000e9d00000, 0x00000000e9c00000| Complete 
| 157|0x00000000e9d00000, 0x00000000e9e00000, 0x00000000e9e00000|100%| O|  |TAMS 0x00000000e9e00000, 0x00000000e9d00000| Untracked 
| 158|0x00000000e9e00000, 0x00000000e9f00000, 0x00000000e9f00000|100%| O|  |TAMS 0x00000000e9f00000, 0x00000000e9e00000| Untracked 
| 159|0x00000000e9f00000, 0x00000000ea000000, 0x00000000ea000000|100%| O|  |TAMS 0x00000000ea000000, 0x00000000e9f00000| Untracked 
| 160|0x00000000ea000000, 0x00000000ea100000, 0x00000000ea100000|100%| O|  |TAMS 0x00000000ea100000, 0x00000000ea000000| Untracked 
| 161|0x00000000ea100000, 0x00000000ea200000, 0x00000000ea200000|100%| O|  |TAMS 0x00000000ea200000, 0x00000000ea100000| Untracked 
| 162|0x00000000ea200000, 0x00000000ea300000, 0x00000000ea300000|100%| O|  |TAMS 0x00000000ea300000, 0x00000000ea200000| Untracked 
| 163|0x00000000ea300000, 0x00000000ea400000, 0x00000000ea400000|100%| O|  |TAMS 0x00000000ea400000, 0x00000000ea300000| Untracked 
| 164|0x00000000ea400000, 0x00000000ea500000, 0x00000000ea500000|100%| O|  |TAMS 0x00000000ea500000, 0x00000000ea400000| Complete 
| 165|0x00000000ea500000, 0x00000000ea600000, 0x00000000ea600000|100%| O|  |TAMS 0x00000000ea600000, 0x00000000ea500000| Untracked 
| 166|0x00000000ea600000, 0x00000000ea700000, 0x00000000ea700000|100%| O|  |TAMS 0x00000000ea700000, 0x00000000ea600000| Complete 
| 167|0x00000000ea700000, 0x00000000ea800000, 0x00000000ea800000|100%| O|  |TAMS 0x00000000ea800000, 0x00000000ea700000| Untracked 
| 168|0x00000000ea800000, 0x00000000ea900000, 0x00000000ea900000|100%| O|  |TAMS 0x00000000ea900000, 0x00000000ea800000| Untracked 
| 169|0x00000000ea900000, 0x00000000eaa00000, 0x00000000eaa00000|100%| O|  |TAMS 0x00000000eaa00000, 0x00000000ea900000| Untracked 
| 170|0x00000000eaa00000, 0x00000000eab00000, 0x00000000eab00000|100%| O|  |TAMS 0x00000000eab00000, 0x00000000eaa00000| Untracked 
| 171|0x00000000eab00000, 0x00000000eac00000, 0x00000000eac00000|100%| O|  |TAMS 0x00000000eac00000, 0x00000000eab00000| Untracked 
| 172|0x00000000eac00000, 0x00000000ead00000, 0x00000000ead00000|100%| O|  |TAMS 0x00000000ead00000, 0x00000000eac00000| Untracked 
| 173|0x00000000ead00000, 0x00000000eae00000, 0x00000000eae00000|100%| O|  |TAMS 0x00000000eae00000, 0x00000000ead00000| Untracked 
| 174|0x00000000eae00000, 0x00000000eaf00000, 0x00000000eaf00000|100%| O|  |TAMS 0x00000000eaf00000, 0x00000000eae00000| Complete 
| 175|0x00000000eaf00000, 0x00000000eb000000, 0x00000000eb000000|100%| O|  |TAMS 0x00000000eb000000, 0x00000000eaf00000| Complete 
| 176|0x00000000eb000000, 0x00000000eb000000, 0x00000000eb100000|  0%| F|  |TAMS 0x00000000eb000000, 0x00000000eb000000| Untracked 
| 177|0x00000000eb100000, 0x00000000eb100000, 0x00000000eb200000|  0%| F|  |TAMS 0x00000000eb100000, 0x00000000eb100000| Untracked 
| 178|0x00000000eb200000, 0x00000000eb200000, 0x00000000eb300000|  0%| F|  |TAMS 0x00000000eb200000, 0x00000000eb200000| Untracked 
| 179|0x00000000eb300000, 0x00000000eb300000, 0x00000000eb400000|  0%| F|  |TAMS 0x00000000eb300000, 0x00000000eb300000| Untracked 
| 180|0x00000000eb400000, 0x00000000eb400000, 0x00000000eb500000|  0%| F|  |TAMS 0x00000000eb400000, 0x00000000eb400000| Untracked 
| 181|0x00000000eb500000, 0x00000000eb500000, 0x00000000eb600000|  0%| F|  |TAMS 0x00000000eb500000, 0x00000000eb500000| Untracked 
| 182|0x00000000eb600000, 0x00000000eb600000, 0x00000000eb700000|  0%| F|  |TAMS 0x00000000eb600000, 0x00000000eb600000| Untracked 
| 183|0x00000000eb700000, 0x00000000eb700000, 0x00000000eb800000|  0%| F|  |TAMS 0x00000000eb700000, 0x00000000eb700000| Untracked 
| 184|0x00000000eb800000, 0x00000000eb800000, 0x00000000eb900000|  0%| F|  |TAMS 0x00000000eb800000, 0x00000000eb800000| Untracked 
| 185|0x00000000eb900000, 0x00000000eb900000, 0x00000000eba00000|  0%| F|  |TAMS 0x00000000eb900000, 0x00000000eb900000| Untracked 
| 186|0x00000000eba00000, 0x00000000eba00000, 0x00000000ebb00000|  0%| F|  |TAMS 0x00000000eba00000, 0x00000000eba00000| Untracked 
| 187|0x00000000ebb00000, 0x00000000ebb00000, 0x00000000ebc00000|  0%| F|  |TAMS 0x00000000ebb00000, 0x00000000ebb00000| Untracked 
| 188|0x00000000ebc00000, 0x00000000ebc00000, 0x00000000ebd00000|  0%| F|  |TAMS 0x00000000ebc00000, 0x00000000ebc00000| Untracked 
| 189|0x00000000ebd00000, 0x00000000ebd00000, 0x00000000ebe00000|  0%| F|  |TAMS 0x00000000ebd00000, 0x00000000ebd00000| Untracked 
| 190|0x00000000ebe00000, 0x00000000ebe00000, 0x00000000ebf00000|  0%| F|  |TAMS 0x00000000ebe00000, 0x00000000ebe00000| Untracked 
| 191|0x00000000ebf00000, 0x00000000ebf00000, 0x00000000ec000000|  0%| F|  |TAMS 0x00000000ebf00000, 0x00000000ebf00000| Untracked 
| 192|0x00000000ec000000, 0x00000000ec000000, 0x00000000ec100000|  0%| F|  |TAMS 0x00000000ec000000, 0x00000000ec000000| Untracked 
| 193|0x00000000ec100000, 0x00000000ec100000, 0x00000000ec200000|  0%| F|  |TAMS 0x00000000ec100000, 0x00000000ec100000| Untracked 
| 194|0x00000000ec200000, 0x00000000ec200000, 0x00000000ec300000|  0%| F|  |TAMS 0x00000000ec200000, 0x00000000ec200000| Untracked 
| 195|0x00000000ec300000, 0x00000000ec300000, 0x00000000ec400000|  0%| F|  |TAMS 0x00000000ec300000, 0x00000000ec300000| Untracked 
| 196|0x00000000ec400000, 0x00000000ec400000, 0x00000000ec500000|  0%| F|  |TAMS 0x00000000ec400000, 0x00000000ec400000| Untracked 
| 197|0x00000000ec500000, 0x00000000ec500000, 0x00000000ec600000|  0%| F|  |TAMS 0x00000000ec500000, 0x00000000ec500000| Untracked 
| 198|0x00000000ec600000, 0x00000000ec600000, 0x00000000ec700000|  0%| F|  |TAMS 0x00000000ec600000, 0x00000000ec600000| Untracked 
| 199|0x00000000ec700000, 0x00000000ec700000, 0x00000000ec800000|  0%| F|  |TAMS 0x00000000ec700000, 0x00000000ec700000| Untracked 
| 200|0x00000000ec800000, 0x00000000ec800000, 0x00000000ec900000|  0%| F|  |TAMS 0x00000000ec800000, 0x00000000ec800000| Untracked 
| 201|0x00000000ec900000, 0x00000000ec933ff0, 0x00000000eca00000| 20%| S|CS|TAMS 0x00000000ec900000, 0x00000000ec900000| Complete 
| 202|0x00000000eca00000, 0x00000000ecb00000, 0x00000000ecb00000|100%| S|CS|TAMS 0x00000000eca00000, 0x00000000eca00000| Complete 
| 203|0x00000000ecb00000, 0x00000000ecc00000, 0x00000000ecc00000|100%| S|CS|TAMS 0x00000000ecb00000, 0x00000000ecb00000| Complete 
| 204|0x00000000ecc00000, 0x00000000ecd00000, 0x00000000ecd00000|100%| S|CS|TAMS 0x00000000ecc00000, 0x00000000ecc00000| Complete 
| 205|0x00000000ecd00000, 0x00000000ece00000, 0x00000000ece00000|100%| S|CS|TAMS 0x00000000ecd00000, 0x00000000ecd00000| Complete 
| 206|0x00000000ece00000, 0x00000000ecf00000, 0x00000000ecf00000|100%| S|CS|TAMS 0x00000000ece00000, 0x00000000ece00000| Complete 
| 207|0x00000000ecf00000, 0x00000000ecf00000, 0x00000000ed000000|  0%| F|  |TAMS 0x00000000ecf00000, 0x00000000ecf00000| Untracked 
| 208|0x00000000ed000000, 0x00000000ed000000, 0x00000000ed100000|  0%| F|  |TAMS 0x00000000ed000000, 0x00000000ed000000| Untracked 
| 209|0x00000000ed100000, 0x00000000ed100000, 0x00000000ed200000|  0%| F|  |TAMS 0x00000000ed100000, 0x00000000ed100000| Untracked 
| 210|0x00000000ed200000, 0x00000000ed200000, 0x00000000ed300000|  0%| F|  |TAMS 0x00000000ed200000, 0x00000000ed200000| Untracked 
| 211|0x00000000ed300000, 0x00000000ed300000, 0x00000000ed400000|  0%| F|  |TAMS 0x00000000ed300000, 0x00000000ed300000| Untracked 
| 212|0x00000000ed400000, 0x00000000ed400000, 0x00000000ed500000|  0%| F|  |TAMS 0x00000000ed400000, 0x00000000ed400000| Untracked 
| 213|0x00000000ed500000, 0x00000000ed500000, 0x00000000ed600000|  0%| F|  |TAMS 0x00000000ed500000, 0x00000000ed500000| Untracked 
| 214|0x00000000ed600000, 0x00000000ed600000, 0x00000000ed700000|  0%| F|  |TAMS 0x00000000ed600000, 0x00000000ed600000| Untracked 
| 215|0x00000000ed700000, 0x00000000ed700000, 0x00000000ed800000|  0%| F|  |TAMS 0x00000000ed700000, 0x00000000ed700000| Untracked 
| 216|0x00000000ed800000, 0x00000000ed800000, 0x00000000ed900000|  0%| F|  |TAMS 0x00000000ed800000, 0x00000000ed800000| Untracked 
| 217|0x00000000ed900000, 0x00000000ed900000, 0x00000000eda00000|  0%| F|  |TAMS 0x00000000ed900000, 0x00000000ed900000| Untracked 
| 218|0x00000000eda00000, 0x00000000eda00000, 0x00000000edb00000|  0%| F|  |TAMS 0x00000000eda00000, 0x00000000eda00000| Untracked 
| 219|0x00000000edb00000, 0x00000000edb00000, 0x00000000edc00000|  0%| F|  |TAMS 0x00000000edb00000, 0x00000000edb00000| Untracked 
| 220|0x00000000edc00000, 0x00000000edc00000, 0x00000000edd00000|  0%| F|  |TAMS 0x00000000edc00000, 0x00000000edc00000| Untracked 
| 221|0x00000000edd00000, 0x00000000edd00000, 0x00000000ede00000|  0%| F|  |TAMS 0x00000000edd00000, 0x00000000edd00000| Untracked 
| 222|0x00000000ede00000, 0x00000000ede00000, 0x00000000edf00000|  0%| F|  |TAMS 0x00000000ede00000, 0x00000000ede00000| Untracked 
| 223|0x00000000edf00000, 0x00000000edf00000, 0x00000000ee000000|  0%| F|  |TAMS 0x00000000edf00000, 0x00000000edf00000| Untracked 
| 224|0x00000000ee000000, 0x00000000ee000000, 0x00000000ee100000|  0%| F|  |TAMS 0x00000000ee000000, 0x00000000ee000000| Untracked 
| 225|0x00000000ee100000, 0x00000000ee100000, 0x00000000ee200000|  0%| F|  |TAMS 0x00000000ee100000, 0x00000000ee100000| Untracked 
| 226|0x00000000ee200000, 0x00000000ee200000, 0x00000000ee300000|  0%| F|  |TAMS 0x00000000ee200000, 0x00000000ee200000| Untracked 
| 227|0x00000000ee300000, 0x00000000ee300000, 0x00000000ee400000|  0%| F|  |TAMS 0x00000000ee300000, 0x00000000ee300000| Untracked 
| 228|0x00000000ee400000, 0x00000000ee400000, 0x00000000ee500000|  0%| F|  |TAMS 0x00000000ee400000, 0x00000000ee400000| Untracked 
| 229|0x00000000ee500000, 0x00000000ee500000, 0x00000000ee600000|  0%| F|  |TAMS 0x00000000ee500000, 0x00000000ee500000| Untracked 
| 230|0x00000000ee600000, 0x00000000ee600000, 0x00000000ee700000|  0%| F|  |TAMS 0x00000000ee600000, 0x00000000ee600000| Untracked 
| 231|0x00000000ee700000, 0x00000000ee700000, 0x00000000ee800000|  0%| F|  |TAMS 0x00000000ee700000, 0x00000000ee700000| Untracked 
| 232|0x00000000ee800000, 0x00000000ee800000, 0x00000000ee900000|  0%| F|  |TAMS 0x00000000ee800000, 0x00000000ee800000| Untracked 
| 233|0x00000000ee900000, 0x00000000ee900000, 0x00000000eea00000|  0%| F|  |TAMS 0x00000000ee900000, 0x00000000ee900000| Untracked 
| 234|0x00000000eea00000, 0x00000000eea00000, 0x00000000eeb00000|  0%| F|  |TAMS 0x00000000eea00000, 0x00000000eea00000| Untracked 
| 235|0x00000000eeb00000, 0x00000000eeb00000, 0x00000000eec00000|  0%| F|  |TAMS 0x00000000eeb00000, 0x00000000eeb00000| Untracked 
| 236|0x00000000eec00000, 0x00000000eec00000, 0x00000000eed00000|  0%| F|  |TAMS 0x00000000eec00000, 0x00000000eec00000| Untracked 
| 237|0x00000000eed00000, 0x00000000eed00000, 0x00000000eee00000|  0%| F|  |TAMS 0x00000000eed00000, 0x00000000eed00000| Untracked 
| 238|0x00000000eee00000, 0x00000000eee00000, 0x00000000eef00000|  0%| F|  |TAMS 0x00000000eee00000, 0x00000000eee00000| Untracked 
| 239|0x00000000eef00000, 0x00000000eef00000, 0x00000000ef000000|  0%| F|  |TAMS 0x00000000eef00000, 0x00000000eef00000| Untracked 
| 240|0x00000000ef000000, 0x00000000ef100000, 0x00000000ef100000|100%| E|  |TAMS 0x00000000ef000000, 0x00000000ef000000| Complete 
| 241|0x00000000ef100000, 0x00000000ef200000, 0x00000000ef200000|100%| E|CS|TAMS 0x00000000ef100000, 0x00000000ef100000| Complete 
| 242|0x00000000ef200000, 0x00000000ef300000, 0x00000000ef300000|100%| E|CS|TAMS 0x00000000ef200000, 0x00000000ef200000| Complete 
| 243|0x00000000ef300000, 0x00000000ef400000, 0x00000000ef400000|100%| E|CS|TAMS 0x00000000ef300000, 0x00000000ef300000| Complete 
| 244|0x00000000ef400000, 0x00000000ef500000, 0x00000000ef500000|100%| E|CS|TAMS 0x00000000ef400000, 0x00000000ef400000| Complete 
| 245|0x00000000ef500000, 0x00000000ef600000, 0x00000000ef600000|100%| E|CS|TAMS 0x00000000ef500000, 0x00000000ef500000| Complete 
| 246|0x00000000ef600000, 0x00000000ef700000, 0x00000000ef700000|100%| E|CS|TAMS 0x00000000ef600000, 0x00000000ef600000| Complete 
| 247|0x00000000ef700000, 0x00000000ef800000, 0x00000000ef800000|100%| E|CS|TAMS 0x00000000ef700000, 0x00000000ef700000| Complete 
| 248|0x00000000ef800000, 0x00000000ef900000, 0x00000000ef900000|100%| E|CS|TAMS 0x00000000ef800000, 0x00000000ef800000| Complete 
| 249|0x00000000ef900000, 0x00000000efa00000, 0x00000000efa00000|100%| E|CS|TAMS 0x00000000ef900000, 0x00000000ef900000| Complete 
| 250|0x00000000efa00000, 0x00000000efb00000, 0x00000000efb00000|100%| E|CS|TAMS 0x00000000efa00000, 0x00000000efa00000| Complete 
| 251|0x00000000efb00000, 0x00000000efc00000, 0x00000000efc00000|100%| E|CS|TAMS 0x00000000efb00000, 0x00000000efb00000| Complete 
| 252|0x00000000efc00000, 0x00000000efd00000, 0x00000000efd00000|100%| E|CS|TAMS 0x00000000efc00000, 0x00000000efc00000| Complete 
| 253|0x00000000efd00000, 0x00000000efe00000, 0x00000000efe00000|100%| E|CS|TAMS 0x00000000efd00000, 0x00000000efd00000| Complete 
| 254|0x00000000efe00000, 0x00000000eff00000, 0x00000000eff00000|100%| E|CS|TAMS 0x00000000efe00000, 0x00000000efe00000| Complete 
| 255|0x00000000eff00000, 0x00000000f0000000, 0x00000000f0000000|100%| E|CS|TAMS 0x00000000eff00000, 0x00000000eff00000| Complete 

Card table byte_map: [0x00000113a51a0000,0x00000113a52a0000] _byte_map_base: 0x00000113a4aa0000

Marking Bits (Prev, Next): (CMBitMap*) 0x000001138be34b98, (CMBitMap*) 0x000001138be34bd0
 Prev Bits: [0x00000113a53a0000, 0x00000113a5ba0000)
 Next Bits: [0x00000113a5ba0000, 0x00000113a63a0000)

Polling page: 0x000001138bef0000

Metaspace:

Usage:
  Non-class:    129.10 MB capacity,   127.08 MB ( 98%) used,     1.62 MB (  1%) free+waste,   405.56 KB ( <1%) overhead. 
      Class:     19.15 MB capacity,    17.89 MB ( 93%) used,     1.08 MB (  6%) free+waste,   180.50 KB ( <1%) overhead. 
       Both:    148.25 MB capacity,   144.97 MB ( 98%) used,     2.70 MB (  2%) free+waste,   586.06 KB ( <1%) overhead. 

Virtual space:
  Non-class space:      132.00 MB reserved,     130.61 MB ( 99%) committed 
      Class space:      248.00 MB reserved,      19.63 MB (  8%) committed 
             Both:      380.00 MB reserved,     150.24 MB ( 40%) committed 

Chunk freelists:
   Non-Class:  178.13 KB
       Class:  61.00 KB
        Both:  239.13 KB

CodeHeap 'non-profiled nmethods': size=120064Kb used=11444Kb max_used=11444Kb free=108619Kb
 bounds [0x000001139d530000, 0x000001139e060000, 0x00000113a4a70000]
CodeHeap 'profiled nmethods': size=120000Kb used=42518Kb max_used=42518Kb free=77481Kb
 bounds [0x0000011396000000, 0x00000113989a0000, 0x000001139d530000]
CodeHeap 'non-nmethods': size=5696Kb used=2415Kb max_used=2468Kb free=3280Kb
 bounds [0x0000011395a70000, 0x0000011395ce0000, 0x0000011396000000]
 total_blobs=19471 nmethods=18396 adapters=983
 compilation: enabled
              stopped_count=0, restarted_count=0
 full_count=0

Compilation events (10 events):
Event: 1136.595 Thread 0x00000113a89ed800 20483       3       org.jetbrains.kotlin.descriptors.impl.AbstractReceiverParameterDescriptor::<init> (17 bytes)
Event: 1136.596 Thread 0x00000113a89ed800 nmethod 20483 0x000001139890c890 code [0x000001139890ca80, 0x000001139890cee8]
Event: 1136.597 Thread 0x00000113a89ed800 20484       3       org.jetbrains.kotlin.serialization.deserialization.MemberDeserializer::containsSuspendFunctionType (11 bytes)
Event: 1136.598 Thread 0x00000113a89ed800 nmethod 20484 0x000001139890d090 code [0x000001139890d2e0, 0x000001139890da08]
Event: 1136.598 Thread 0x00000113a89ed800 20485       3       org.jetbrains.kotlin.types.ErrorUtils::isError (38 bytes)
Event: 1136.598 Thread 0x00000113a89ed800 nmethod 20485 0x000001139890dd10 code [0x000001139890dee0, 0x000001139890e448]
Event: 1136.604 Thread 0x00000113a89ed800 20486       3       kotlin.jvm.internal.PropertyReference1::invoke (6 bytes)
Event: 1136.604 Thread 0x00000113a89ed800 nmethod 20486 0x000001139890e590 code [0x000001139890e740, 0x000001139890e8e8]
Event: 1136.604 Thread 0x00000113a89ed800 20487       3       org.jetbrains.kotlin.serialization.deserialization.MemberDeserializer$containsSuspendFunctionType$1::get (11 bytes)
Event: 1136.604 Thread 0x00000113a89ed800 nmethod 20487 0x000001139890e990 code [0x000001139890eb60, 0x000001139890ee48]

GC Heap History (10 events):
Event: 1128.988 GC heap before
{Heap before GC invocations=52 (full 0):
 garbage-first heap   total 262144K, used 216496K [0x00000000e0000000, 0x0000000100000000)
  region size 1024K, 70 young (71680K), 6 survivors (6144K)
 Metaspace       used 145787K, capacity 149163K, committed 151156K, reserved 387072K
  class space    used 18161K, capacity 19460K, committed 19968K, reserved 253952K
}
Event: 1129.032 GC heap after
{Heap after GC invocations=53 (full 0):
 garbage-first heap   total 262144K, used 158720K [0x00000000e0000000, 0x0000000100000000)
  region size 1024K, 9 young (9216K), 9 survivors (9216K)
 Metaspace       used 145787K, capacity 149163K, committed 151156K, reserved 387072K
  class space    used 18161K, capacity 19460K, committed 19968K, reserved 253952K
}
Event: 1130.397 GC heap before
{Heap before GC invocations=53 (full 0):
 garbage-first heap   total 262144K, used 219136K [0x00000000e0000000, 0x0000000100000000)
  region size 1024K, 68 young (69632K), 9 survivors (9216K)
 Metaspace       used 145891K, capacity 149227K, committed 151412K, reserved 387072K
  class space    used 18161K, capacity 19460K, committed 19968K, reserved 253952K
}
Event: 1130.432 GC heap after
{Heap after GC invocations=54 (full 0):
 garbage-first heap   total 262144K, used 169946K [0x00000000e0000000, 0x0000000100000000)
  region size 1024K, 9 young (9216K), 9 survivors (9216K)
 Metaspace       used 145891K, capacity 149227K, committed 151412K, reserved 387072K
  class space    used 18161K, capacity 19460K, committed 19968K, reserved 253952K
}
Event: 1131.327 GC heap before
{Heap before GC invocations=55 (full 0):
 garbage-first heap   total 262144K, used 220122K [0x00000000e0000000, 0x0000000100000000)
  region size 1024K, 57 young (58368K), 9 survivors (9216K)
 Metaspace       used 146428K, capacity 149778K, committed 152052K, reserved 387072K
  class space    used 18191K, capacity 19493K, committed 20096K, reserved 253952K
}
Event: 1131.344 GC heap after
{Heap after GC invocations=56 (full 0):
 garbage-first heap   total 262144K, used 175423K [0x00000000e0000000, 0x0000000100000000)
  region size 1024K, 5 young (5120K), 5 survivors (5120K)
 Metaspace       used 146428K, capacity 149778K, committed 152052K, reserved 387072K
  class space    used 18191K, capacity 19493K, committed 20096K, reserved 253952K
}
Event: 1131.377 GC heap before
{Heap before GC invocations=56 (full 0):
 garbage-first heap   total 262144K, used 182591K [0x00000000e0000000, 0x0000000100000000)
  region size 1024K, 12 young (12288K), 5 survivors (5120K)
 Metaspace       used 146438K, capacity 149778K, committed 152052K, reserved 387072K
  class space    used 18191K, capacity 19493K, committed 20096K, reserved 253952K
}
Event: 1131.392 GC heap after
{Heap after GC invocations=57 (full 0):
 garbage-first heap   total 262144K, used 171561K [0x00000000e0000000, 0x0000000100000000)
  region size 1024K, 2 young (2048K), 2 survivors (2048K)
 Metaspace       used 146438K, capacity 149778K, committed 152052K, reserved 387072K
  class space    used 18191K, capacity 19493K, committed 20096K, reserved 253952K
}
Event: 1135.876 GC heap before
{Heap before GC invocations=57 (full 0):
 garbage-first heap   total 262144K, used 219689K [0x00000000e0000000, 0x0000000100000000)
  region size 1024K, 49 young (50176K), 2 survivors (2048K)
 Metaspace       used 147555K, capacity 150928K, committed 153076K, reserved 387072K
  class space    used 18268K, capacity 19572K, committed 20096K, reserved 253952K
}
Event: 1135.887 GC heap after
{Heap after GC invocations=58 (full 0):
 garbage-first heap   total 262144K, used 175311K [0x00000000e0000000, 0x0000000100000000)
  region size 1024K, 6 young (6144K), 6 survivors (6144K)
 Metaspace       used 147555K, capacity 150928K, committed 153076K, reserved 387072K
  class space    used 18268K, capacity 19572K, committed 20096K, reserved 253952K
}

Deoptimization events (10 events):
Event: 1134.986 Thread 0x00000113ad194000 Uncommon trap: reason=profile_predicate action=maybe_recompile pc=0x000001139df64bcc method=org.jetbrains.kotlin.serialization.deserialization.descriptors.DeserializedPackageMemberScope.hasClass(Lorg/jetbrains/kotlin/name/Name;)Z @ 65 c2
Event: 1135.625 Thread 0x00000113ad194000 Uncommon trap: reason=class_check action=maybe_recompile pc=0x000001139e024830 method=org.jetbrains.org.objectweb.asm.ClassReader.readElementValue(Lorg/jetbrains/org/objectweb/asm/AnnotationVisitor;ILjava/lang/String;[C)I @ 398 c2
Event: 1135.650 Thread 0x00000113ad194000 Uncommon trap: reason=unstable_if action=reinterpret pc=0x000001139e024280 method=org.jetbrains.org.objectweb.asm.ClassReader.readElementValue(Lorg/jetbrains/org/objectweb/asm/AnnotationVisitor;ILjava/lang/String;[C)I @ 102 c2
Event: 1136.335 Thread 0x00000113ad194000 Uncommon trap: reason=unstable_if action=reinterpret pc=0x000001139dcbdb20 method=org.jetbrains.kotlin.types.checker.ClassicTypeSystemContext$DefaultImpls.asFlexibleType(Lorg/jetbrains/kotlin/types/checker/ClassicTypeSystemContext;Lorg/jetbrains/kotlin/ty
Event: 1136.358 Thread 0x00000113ad194000 Uncommon trap: reason=bimorphic_or_optimized_type_check action=maybe_recompile pc=0x000001139dcbc2a8 method=org.jetbrains.kotlin.types.checker.ClassicTypeSystemContext$DefaultImpls.asFlexibleType(Lorg/jetbrains/kotlin/types/checker/ClassicTypeSystemContex
Event: 1136.358 Thread 0x00000113ad194000 Uncommon trap: reason=bimorphic_or_optimized_type_check action=maybe_recompile pc=0x000001139dcbc2a8 method=org.jetbrains.kotlin.types.checker.ClassicTypeSystemContext$DefaultImpls.asFlexibleType(Lorg/jetbrains/kotlin/types/checker/ClassicTypeSystemContex
Event: 1136.358 Thread 0x00000113ad194000 Uncommon trap: reason=bimorphic_or_optimized_type_check action=maybe_recompile pc=0x000001139dcbc2a8 method=org.jetbrains.kotlin.types.checker.ClassicTypeSystemContext$DefaultImpls.asFlexibleType(Lorg/jetbrains/kotlin/types/checker/ClassicTypeSystemContex
Event: 1136.358 Thread 0x00000113ad194000 Uncommon trap: reason=bimorphic_or_optimized_type_check action=maybe_recompile pc=0x000001139dcbc2a8 method=org.jetbrains.kotlin.types.checker.ClassicTypeSystemContext$DefaultImpls.asFlexibleType(Lorg/jetbrains/kotlin/types/checker/ClassicTypeSystemContex
Event: 1136.441 Thread 0x00000113ad194000 Uncommon trap: reason=predicate action=maybe_recompile pc=0x000001139e02ab9c method=org.jetbrains.org.objectweb.asm.ClassReader.readMethod(Lorg/jetbrains/org/objectweb/asm/ClassVisitor;Lorg/jetbrains/org/objectweb/asm/Context;I)I @ 776 c2
Event: 1136.459 Thread 0x00000113ad194000 Uncommon trap: reason=unstable_if action=reinterpret pc=0x000001139dc44390 method=org.jetbrains.kotlin.types.ErrorUtils.isError(Lorg/jetbrains/kotlin/descriptors/DeclarationDescriptor;)Z @ 22 c2

Classes redefined (0 events):
No events

Internal exceptions (10 events):
Event: 1120.766 Thread 0x00000113ad194000 Implicit null exception at 0x000001139d90f7af to 0x000001139d90f7dc
Event: 1123.779 Thread 0x00000113abbdc000 Exception <a 'sun/nio/fs/WindowsException'{0x00000000ed9b1518}> (0x00000000ed9b1518) thrown at [./open/src/hotspot/share/prims/jni.cpp, line 611]
Event: 1123.792 Thread 0x00000113abbdc000 Exception <a 'sun/nio/fs/WindowsException'{0x00000000ed9d0558}> (0x00000000ed9d0558) thrown at [./open/src/hotspot/share/prims/jni.cpp, line 611]
Event: 1123.794 Thread 0x00000113abbdc000 Exception <a 'sun/nio/fs/WindowsException'{0x00000000ed9d06d0}> (0x00000000ed9d06d0) thrown at [./open/src/hotspot/share/prims/jni.cpp, line 611]
Event: 1127.690 Thread 0x00000113ad194000 Implicit null exception at 0x000001139d95c056 to 0x000001139d95f384
Event: 1127.693 Thread 0x00000113ad194000 Implicit null exception at 0x000001139da1e3b7 to 0x000001139da1e73c
Event: 1127.752 Thread 0x00000113ad194000 Implicit null exception at 0x000001139da36bd5 to 0x000001139da36f48
Event: 1127.754 Thread 0x00000113ad194000 Implicit null exception at 0x000001139d97c37b to 0x000001139d97c444
Event: 1134.922 Thread 0x00000113ad194000 Exception <a 'java/lang/NoSuchMethodError'{0x00000000edc2d4f8}: java.lang.invoke.DirectMethodHandle$Holder.invokeStatic(Ljava/lang/Object;ILjava/lang/Object;Ljava/lang/Object;)Ljava/lang/Object;> (0x00000000edc2d4f8) thrown at [./open/src/hotspot/share/in
Event: 1134.966 Thread 0x00000113ad194000 Exception <a 'java/lang/IncompatibleClassChangeError'{0x00000000eda72f18}: Found class java.lang.Object, but interface was expected> (0x00000000eda72f18) thrown at [./open/src/hotspot/share/interpreter/linkResolver.cpp, line 838]

Events (10 events):
Event: 1136.498 loading class org/jetbrains/kotlin/resolve/QualifiedExpressionResolveUtilKt
Event: 1136.498 loading class org/jetbrains/kotlin/resolve/QualifiedExpressionResolveUtilKt done
Event: 1136.500 loading class org/jetbrains/kotlin/resolve/scopes/receivers/TypeParameterQualifier
Event: 1136.500 loading class org/jetbrains/kotlin/resolve/scopes/receivers/TypeParameterQualifier done
Event: 1136.501 loading class org/jetbrains/kotlin/resolve/scopes/receivers/PackageQualifier
Event: 1136.501 loading class org/jetbrains/kotlin/resolve/scopes/receivers/PackageQualifier done
Event: 1136.523 loading class org/jetbrains/kotlin/resolve/lazy/LazyImportScope$getContributedFunctions$2$1
Event: 1136.523 loading class org/jetbrains/kotlin/resolve/lazy/LazyImportScope$getContributedFunctions$2$1 done
Event: 1136.539 Thread 0x00000113ad194000 DEOPT PACKING pc=0x0000011398227e3b sp=0x000000125d5f1c40
Event: 1136.539 Thread 0x00000113ad194000 DEOPT UNPACKING pc=0x0000011395a9764e sp=0x000000125d5f11b8 mode 0


Dynamic libraries:
0x00007ff6f0310000 - 0x00007ff6f031f000 	C:\Program Files\Java\jdk-11.0.10\bin\java.exe
0x00007ffe125b0000 - 0x00007ffe127a5000 	C:\WINDOWS\SYSTEM32\ntdll.dll
0x00007ffddd650000 - 0x00007ffddd666000 	C:\Program Files\Avast Software\Avast\aswhook.dll
0x00007ffe108e0000 - 0x00007ffe1099d000 	C:\WINDOWS\System32\KERNEL32.DLL
0x00007ffe0fe50000 - 0x00007ffe1011d000 	C:\WINDOWS\System32\KERNELBASE.dll
0x00007ffe0fd50000 - 0x00007ffe0fe50000 	C:\WINDOWS\System32\ucrtbase.dll
0x00007ffdf8fa0000 - 0x00007ffdf8fb8000 	C:\Program Files\Java\jdk-11.0.10\bin\jli.dll
0x00007ffdf8f80000 - 0x00007ffdf8f95000 	C:\Program Files\Java\jdk-11.0.10\bin\VCRUNTIME140.dll
0x00007ffe109a0000 - 0x00007ffe10a4e000 	C:\WINDOWS\System32\ADVAPI32.dll
0x00007ffe11860000 - 0x00007ffe118fe000 	C:\WINDOWS\System32\msvcrt.dll
0x00007ffe121b0000 - 0x00007ffe1224c000 	C:\WINDOWS\System32\sechost.dll
0x00007ffe12410000 - 0x00007ffe12535000 	C:\WINDOWS\System32\RPCRT4.dll
0x00007ffe10660000 - 0x00007ffe10800000 	C:\WINDOWS\System32\USER32.dll
0x00007ffe10480000 - 0x00007ffe104a2000 	C:\WINDOWS\System32\win32u.dll
0x00007ffdf84b0000 - 0x00007ffdf874a000 	C:\WINDOWS\WinSxS\amd64_microsoft.windows.common-controls_6595b64144ccf1df_6.0.19041.1110_none_60b5254171f9507e\COMCTL32.dll
0x00007ffe12540000 - 0x00007ffe1256a000 	C:\WINDOWS\System32\GDI32.dll
0x00007ffe10550000 - 0x00007ffe1065b000 	C:\WINDOWS\System32\gdi32full.dll
0x00007ffe104b0000 - 0x00007ffe1054d000 	C:\WINDOWS\System32\msvcp_win.dll
0x00007ffe09df0000 - 0x00007ffe09dfa000 	C:\WINDOWS\SYSTEM32\VERSION.dll
0x00007ffe10d30000 - 0x00007ffe10d60000 	C:\WINDOWS\System32\IMM32.DLL
0x00007ffdf8ee0000 - 0x00007ffdf8f7b000 	C:\Program Files\Java\jdk-11.0.10\bin\msvcp140.dll
0x00007ffd9d010000 - 0x00007ffd9db0b000 	C:\Program Files\Java\jdk-11.0.10\bin\server\jvm.dll
0x00007ffe12250000 - 0x00007ffe12258000 	C:\WINDOWS\System32\PSAPI.DLL
0x00007ffe04200000 - 0x00007ffe04209000 	C:\WINDOWS\SYSTEM32\WSOCK32.dll
0x00007ffdfc0c0000 - 0x00007ffdfc0e7000 	C:\WINDOWS\SYSTEM32\WINMM.dll
0x00007ffe122c0000 - 0x00007ffe1232b000 	C:\WINDOWS\System32\WS2_32.dll
0x00007ffe0dc00000 - 0x00007ffe0dc12000 	C:\WINDOWS\SYSTEM32\kernel.appcore.dll
0x00007ffdf8ed0000 - 0x00007ffdf8ee0000 	C:\Program Files\Java\jdk-11.0.10\bin\verify.dll
0x00007ffe09630000 - 0x00007ffe09814000 	C:\WINDOWS\SYSTEM32\DBGHELP.DLL
0x00007ffe08e60000 - 0x00007ffe08e8c000 	C:\WINDOWS\SYSTEM32\dbgcore.DLL
0x00007ffe103f0000 - 0x00007ffe10472000 	C:\WINDOWS\System32\bcryptPrimitives.dll
0x00007ffdf8ea0000 - 0x00007ffdf8ec8000 	C:\Program Files\Java\jdk-11.0.10\bin\java.dll
0x00007ffdf87b0000 - 0x00007ffdf87ba000 	C:\Program Files\Java\jdk-11.0.10\bin\jimage.dll
0x00007ffdf8750000 - 0x00007ffdf8766000 	C:\Program Files\Java\jdk-11.0.10\bin\zip.dll
0x00007ffe10ec0000 - 0x00007ffe11604000 	C:\WINDOWS\System32\SHELL32.dll
0x00007ffe0de00000 - 0x00007ffe0e594000 	C:\WINDOWS\SYSTEM32\windows.storage.dll
0x00007ffe11da0000 - 0x00007ffe120f4000 	C:\WINDOWS\System32\combase.dll
0x00007ffe0f5d0000 - 0x00007ffe0f5fc000 	C:\WINDOWS\SYSTEM32\Wldp.dll
0x00007ffe10e10000 - 0x00007ffe10ebd000 	C:\WINDOWS\System32\SHCORE.dll
0x00007ffe12260000 - 0x00007ffe122b5000 	C:\WINDOWS\System32\shlwapi.dll
0x00007ffe0fc60000 - 0x00007ffe0fc7f000 	C:\WINDOWS\SYSTEM32\profapi.dll
0x00007ffdf7ee0000 - 0x00007ffdf7ef9000 	C:\Program Files\Java\jdk-11.0.10\bin\net.dll
0x00007ffe07050000 - 0x00007ffe0715a000 	C:\WINDOWS\SYSTEM32\WINHTTP.dll
0x00007ffe0f3b0000 - 0x00007ffe0f41a000 	C:\WINDOWS\system32\mswsock.dll
0x00007ffdf79e0000 - 0x00007ffdf79f2000 	C:\Program Files\Java\jdk-11.0.10\bin\nio.dll
0x00007ffe00520000 - 0x00007ffe00547000 	C:\Users\henna\.gradle\native\e1d6ef7f7dcc3fd88c89a11ec53ec762bb8ba0a96d01ffa2cd45eb1d1d8dd5c5\windows-amd64\native-platform.dll
0x00007ffdc0580000 - 0x00007ffdc06c4000 	C:\Users\henna\.gradle\native\0d407fdbe67a94daf76414ababcb853783967236a71b16ec16e742cd7a986fd3\windows-amd64\native-platform-file-events.dll
0x00007ffdf87a0000 - 0x00007ffdf87a9000 	C:\Program Files\Java\jdk-11.0.10\bin\management.dll
0x00007ffdf7a60000 - 0x00007ffdf7a6b000 	C:\Program Files\Java\jdk-11.0.10\bin\management_ext.dll
0x00007ffe0f970000 - 0x00007ffe0f988000 	C:\WINDOWS\SYSTEM32\CRYPTSP.dll
0x00007ffe0ed50000 - 0x00007ffe0ed84000 	C:\WINDOWS\system32\rsaenh.dll
0x00007ffe0fd20000 - 0x00007ffe0fd47000 	C:\WINDOWS\System32\bcrypt.dll
0x00007ffe0fbe0000 - 0x00007ffe0fc0e000 	C:\WINDOWS\SYSTEM32\USERENV.dll
0x00007ffe0f540000 - 0x00007ffe0f54c000 	C:\WINDOWS\SYSTEM32\CRYPTBASE.dll
0x00007ffe0f0c0000 - 0x00007ffe0f0fb000 	C:\WINDOWS\SYSTEM32\IPHLPAPI.DLL
0x00007ffe11900000 - 0x00007ffe11908000 	C:\WINDOWS\System32\NSI.dll
0x00007ffe09d10000 - 0x00007ffe09d27000 	C:\WINDOWS\SYSTEM32\dhcpcsvc6.DLL
0x00007ffe09cf0000 - 0x00007ffe09d0d000 	C:\WINDOWS\SYSTEM32\dhcpcsvc.DLL
0x00007ffe0f100000 - 0x00007ffe0f1cb000 	C:\WINDOWS\SYSTEM32\DNSAPI.dll
0x00007ffe04dc0000 - 0x00007ffe04dcd000 	C:\Program Files\Java\jdk-11.0.10\bin\sunmscapi.dll
0x00007ffe10120000 - 0x00007ffe10276000 	C:\WINDOWS\System32\CRYPT32.dll
0x00007ffe0f640000 - 0x00007ffe0f667000 	C:\WINDOWS\SYSTEM32\ncrypt.dll
0x00007ffe0f600000 - 0x00007ffe0f63b000 	C:\WINDOWS\SYSTEM32\NTASN1.dll
0x00007ffdf9010000 - 0x00007ffdf9035000 	C:\Program Files\Java\jdk-11.0.10\bin\sunec.dll
0x00007ffe06640000 - 0x00007ffe0664a000 	C:\Windows\System32\rasadhlp.dll
0x00007ffe06a90000 - 0x00007ffe06b10000 	C:\WINDOWS\System32\fwpuclnt.dll
0x00007ffdfd6d0000 - 0x00007ffdfd6ee000 	C:\Users\henna\AppData\Local\Temp\native-platform18402123038344627591dir\native-platform.dll
0x00007ffdf9000000 - 0x00007ffdf9007000 	C:\Program Files\Java\jdk-11.0.10\bin\rmi.dll

dbghelp: loaded successfully - version: 4.0.5 - missing functions: none
symbol engine: initialized successfully - sym options: 0x614 - pdb path: .;C:\Program Files\Java\jdk-11.0.10\bin;C:\WINDOWS\SYSTEM32;C:\Program Files\Avast Software\Avast;C:\WINDOWS\WinSxS\amd64_microsoft.windows.common-controls_6595b64144ccf1df_6.0.19041.1110_none_60b5254171f9507e;C:\Program Files\Java\jdk-11.0.10\bin\server;C:\Users\henna\.gradle\native\e1d6ef7f7dcc3fd88c89a11ec53ec762bb8ba0a96d01ffa2cd45eb1d1d8dd5c5\windows-amd64;C:\Users\henna\.gradle\native\0d407fdbe67a94daf76414ababcb853783967236a71b16ec16e742cd7a986fd3\windows-amd64;C:\Users\henna\AppData\Local\Temp\native-platform18402123038344627591dir

VM Arguments:
jvm_args: --add-opens=java.base/java.util=ALL-UNNAMED --add-opens=java.base/java.lang=ALL-UNNAMED --add-opens=java.base/java.lang.invoke=ALL-UNNAMED --add-opens=java.base/java.util=ALL-UNNAMED --add-opens=java.prefs/java.util.prefs=ALL-UNNAMED --add-opens=java.prefs/java.util.prefs=ALL-UNNAMED --add-opens=java.base/java.nio.charset=ALL-UNNAMED --add-opens=java.base/java.net=ALL-UNNAMED --add-opens=java.base/java.util.concurrent.atomic=ALL-UNNAMED -XX:MaxMetaspaceSize=256m -XX:+HeapDumpOnOutOfMemoryError -Xms256m -Xmx512m -Dfile.encoding=windows-1252 -Duser.country=BR -Duser.language=pt -Duser.variant 
java_command: org.gradle.launcher.daemon.bootstrap.GradleDaemon 7.4.2
java_class_path (initial): C:\Users\henna\.gradle\wrapper\dists\gradle-7.4.2-bin\48ivgl02cpt2ed3fh9dbalvx8\gradle-7.4.2\lib\gradle-launcher-7.4.2.jar
Launcher Type: SUN_STANDARD

[Global flags]
     intx CICompilerCount                          = 3                                         {product} {ergonomic}
   size_t CompressedClassSpaceSize                 = 260046848                                 {product} {ergonomic}
     uint ConcGCThreads                            = 1                                         {product} {ergonomic}
     uint G1ConcRefinementThreads                  = 4                                         {product} {ergonomic}
   size_t G1HeapRegionSize                         = 1048576                                   {product} {ergonomic}
    uintx GCDrainStackTargetSize                   = 64                                        {product} {ergonomic}
     bool HeapDumpOnOutOfMemoryError               = true                                   {manageable} {command line}
   size_t InitialHeapSize                          = 268435456                                 {product} {command line}
   size_t MarkStackSize                            = 4194304                                   {product} {ergonomic}
   size_t MaxHeapSize                              = 536870912                                 {product} {command line}
   size_t MaxMetaspaceSize                         = 268435456                                 {product} {command line}
   size_t MaxNewSize                               = 321912832                                 {product} {ergonomic}
   size_t MinHeapDeltaBytes                        = 1048576                                   {product} {ergonomic}
    uintx NonNMethodCodeHeapSize                   = 5830732                                {pd product} {ergonomic}
    uintx NonProfiledCodeHeapSize                  = 122913754                              {pd product} {ergonomic}
    uintx ProfiledCodeHeapSize                     = 122913754                              {pd product} {ergonomic}
    uintx ReservedCodeCacheSize                    = 251658240                              {pd product} {ergonomic}
     bool SegmentedCodeCache                       = true                                      {product} {ergonomic}
     bool UseCompressedClassPointers               = true                                 {lp64_product} {ergonomic}
     bool UseCompressedOops                        = true                                 {lp64_product} {ergonomic}
     bool UseG1GC                                  = true                                      {product} {ergonomic}
     bool UseLargePagesIndividualAllocation        = false                                  {pd product} {ergonomic}

Logging:
Log output configuration:
 #0: stdout all=warning uptime,level,tags
 #1: stderr all=off uptime,level,tags

Environment Variables:
JAVA_HOME=C:\Program Files\Java\jdk-11.0.10
PATH=C:\Program Files (x86)\Common Files\Oracle\Java\javapath;C:\Python39\Scripts\;C:\Python39\;C:\WINDOWS\system32;C:\WINDOWS;C:\WINDOWS\System32\Wbem;C:\WINDOWS\System32\WindowsPowerShell\v1.0\;C:\Program Files\nodejs\;C:\ProgramData\chocolatey\bin;C:\Program Files\Git\cmd;C:\Program Files\Java\jdk-11.0.10\bin;C:\WINDOWS\System32\OpenSSH\;E:\Projetos\OT\Propostas\orange-talents-05-template-proposta\target;C:\Program Files\dotnet\;C:\Program Files\Docker\Docker\resources\bin;C:\ProgramData\DockerDesktop\version-bin;C:\Program Files\MySQL\MySQL Shell 8.0\bin\;E:\Programas\Microsoft VS Code\bin;C:\Users\henna\AppData\Roaming\npm;C:\Users\henna\AppData\Local\Microsoft\WindowsApps;C:\Program Files\heroku\bin;E:\Projetos\OT\Propostas\orange-talents-05-template-proposta\target;
USERNAME=henna
OS=Windows_NT
PROCESSOR_IDENTIFIER=Intel64 Family 6 Model 58 Stepping 9, GenuineIntel



---------------  S Y S T E M  ---------------

OS: Windows 10 , 64 bit Build 19041 (10.0.19041.1706)
Hyper-V role detected

CPU:total 4 (initial active 4) (4 cores per cpu, 1 threads per core) family 6 model 58 stepping 9 microcode 0x21, cmov, cx8, fxsr, mmx, sse, sse2, sse3, ssse3, sse4.1, sse4.2, popcnt, avx, aes, clmul, erms, tsc, tscinvbit, tscinv

Memory: 4k page, system-wide physical 10028M (686M free)
TotalPageFile size 13595M (AvailPageFile size 13M)
current process WorkingSet (physical memory assigned to process): 549M, peak: 549M
current process commit charge ("private bytes"): 656M, peak: 657M

vm_info: Java HotSpot(TM) 64-Bit Server VM (11.0.10+8-LTS-162) for windows-amd64 JRE (11.0.10+8-LTS-162), built on Dec  8 2020 16:32:57 by "mach5one" with MS VC++ 15.9 (VS2017)

END.
