#
# There is insufficient memory for the Java Runtime Environment to continue.
# Native memory allocation (mmap) failed to map 1048576 bytes for Failed to commit area from 0x00000000f1200000 to 0x00000000f1300000 of length 1048576.
# Possible reasons:
#   The system is out of physical RAM or swap space
#   The process is running with CompressedOops enabled, and the Java Heap may be blocking the growth of the native heap
# Possible solutions:
#   Reduce memory load on the system
#   Increase physical memory or swap space
#   Check if swap backing store is full
#   Decrease Java heap size (-Xmx/-Xms)
#   Decrease number of Java threads
#   Decrease Java thread stack sizes (-Xss)
#   Set larger code cache with -XX:ReservedCodeCacheSize=
#   JVM is running with Unscaled Compressed Oops mode in which the Java heap is
#     placed in the first 4GB address space. The Java Heap base address is the
#     maximum limit for the native heap growth. Please use -XX:HeapBaseMinAddress
#     to set the Java Heap base and to place the Java Heap above 4GB virtual address.
# This output file may be truncated or incomplete.
#
#  Out of Memory Error (./open/src/hotspot/os/windows/os_windows.cpp:3273), pid=1784, tid=16588
#
# JRE version: Java(TM) SE Runtime Environment 18.9 (11.0.10+8) (build 11.0.10+8-LTS-162)
# Java VM: Java HotSpot(TM) 64-Bit Server VM 18.9 (11.0.10+8-LTS-162, mixed mode, tiered, compressed oops, g1 gc, windows-amd64)
# No core dump will be written. Minidumps are not enabled by default on client versions of Windows
#

---------------  S U M M A R Y ------------

Command Line: -XX:MaxMetaspaceSize=256m -XX:+HeapDumpOnOutOfMemoryError --add-opens=java.base/java.util=ALL-UNNAMED --add-opens=java.base/java.lang=ALL-UNNAMED --add-opens=java.base/java.lang.invoke=ALL-UNNAMED --add-opens=java.base/java.util=ALL-UNNAMED --add-opens=java.prefs/java.util.prefs=ALL-UNNAMED --add-opens=java.prefs/java.util.prefs=ALL-UNNAMED --add-opens=java.base/java.nio.charset=ALL-UNNAMED --add-opens=java.base/java.net=ALL-UNNAMED --add-opens=java.base/java.util.concurrent.atomic=ALL-UNNAMED -Xms256m -Xmx512m -Dfile.encoding=windows-1252 -Duser.country=BR -Duser.language=pt -Duser.variant org.gradle.launcher.daemon.bootstrap.GradleDaemon 7.4.2

Host: Intel(R) Core(TM) i5-3470 CPU @ 3.20GHz, 4 cores, 9G,  Windows 10 , 64 bit Build 19041 (10.0.19041.1706)
Time: Sun Jun  5 17:36:48 2022 Hora oficial do Brasil elapsed time: 172.844310 seconds (0d 0h 2m 52s)

---------------  T H R E A D  ---------------

Current thread (0x000001fa56203000):  GCTaskThread "GC Thread#0" [stack: 0x000000f772900000,0x000000f772a00000] [id=16588]

Stack: [0x000000f772900000,0x000000f772a00000]
[error occurred during error reporting (printing stack bounds), id 0xc0000005, EXCEPTION_ACCESS_VIOLATION (0xc0000005) at pc=0x000001fa5e680f2d]

Native frames: (J=compiled Java code, j=interpreted, Vv=VM code, C=native code)
V  [jvm.dll+0x613e6a]
V  [jvm.dll+0x74c1ff]
V  [jvm.dll+0x74d885]
V  [jvm.dll+0x74de65]
V  [jvm.dll+0x74de1b]
V  [jvm.dll+0x6136a3]
V  [jvm.dll+0x613a68]
C  [ntdll.dll+0xa209f]
C  [ntdll.dll+0x51454]
C  [ntdll.dll+0xa0bce]
C  0x000001fa5e680f2d


---------------  P R O C E S S  ---------------

Threads class SMR info:
_java_thread_list=0x000001fa7d6c6710, length=80, elements={
0x000001fa561ee800, 0x000001fa70e82800, 0x000001fa70e84000, 0x000001fa70ea3800,
0x000001fa70ea5000, 0x000001fa70ea7000, 0x000001fa70eaa000, 0x000001fa70ebe000,
0x000001fa71975000, 0x000001fa7199e800, 0x000001fa72eea800, 0x000001fa7466b800,
0x000001fa73b86800, 0x000001fa72fc3000, 0x000001fa72fc0800, 0x000001fa72fc1800,
0x000001fa72fc2800, 0x000001fa74684000, 0x000001fa7468a800, 0x000001fa7468a000,
0x000001fa74685000, 0x000001fa7468b800, 0x000001fa74687800, 0x000001fa7468e000,
0x000001fa74690800, 0x000001fa73f48800, 0x000001fa73f48000, 0x000001fa73f49800,
0x000001fa73f45800, 0x000001fa73f43800, 0x000001fa73f44800, 0x000001fa73f4a000,
0x000001fa73f4c800, 0x000001fa73f4b000, 0x000001fa73f4c000, 0x000001fa73f47000,
0x000001fa73f4f000, 0x000001fa73f51800, 0x000001fa73f50000, 0x000001fa73f4d800,
0x000001fa73f51000, 0x000001fa73f4e800, 0x000001fa73f52800, 0x000001fa74686000,
0x000001fa7468c800, 0x000001fa74686800, 0x000001fa7468d000, 0x000001fa74691000,
0x000001fa7468f000, 0x000001fa74693000, 0x000001fa75db1800, 0x000001fa75db5000,
0x000001fa75db6000, 0x000001fa75db4000, 0x000001fa75db6800, 0x000001fa75db2800,
0x000001fa75db8800, 0x000001fa75db7800, 0x000001fa75db9000, 0x000001fa75db3800,
0x000001fa75dbd000, 0x000001fa75dbf000, 0x000001fa75dbf800, 0x000001fa75dbe000,
0x000001fa75dba000, 0x000001fa75dc0800, 0x000001fa75dba800, 0x000001fa75dbb800,
0x000001fa75dbc800, 0x000001fa7d7b2800, 0x000001fa7d7b3800, 0x000001fa7d7b5000,
0x000001fa7d7b4800, 0x000001fa7d7b6000, 0x000001fa7d7b0800, 0x000001fa7d7b7000,
0x000001fa7d7b1000, 0x000001fa7d7b7800, 0x000001fa7d7b2000, 0x000001fa79988800
}

Java Threads: ( => current thread )
  0x000001fa561ee800 JavaThread "main" [_thread_blocked, id=2508, stack(0x000000f772800000,0x000000f772900000)]
  0x000001fa70e82800 JavaThread "Reference Handler" daemon [_thread_blocked, id=7588, stack(0x000000f772f00000,0x000000f773000000)]
  0x000001fa70e84000 JavaThread "Finalizer" daemon [_thread_blocked, id=3552, stack(0x000000f773000000,0x000000f773100000)]
  0x000001fa70ea3800 JavaThread "Signal Dispatcher" daemon [_thread_blocked, id=16356, stack(0x000000f773100000,0x000000f773200000)]
  0x000001fa70ea5000 JavaThread "Attach Listener" daemon [_thread_blocked, id=17176, stack(0x000000f773200000,0x000000f773300000)]
  0x000001fa70ea7000 JavaThread "C2 CompilerThread0" daemon [_thread_in_native, id=10700, stack(0x000000f773300000,0x000000f773400000)]
  0x000001fa70eaa000 JavaThread "C1 CompilerThread0" daemon [_thread_blocked, id=10932, stack(0x000000f773400000,0x000000f773500000)]
  0x000001fa70ebe000 JavaThread "Sweeper thread" daemon [_thread_blocked, id=12760, stack(0x000000f773500000,0x000000f773600000)]
  0x000001fa71975000 JavaThread "Common-Cleaner" daemon [_thread_blocked, id=14792, stack(0x000000f773600000,0x000000f773700000)]
  0x000001fa7199e800 JavaThread "Service Thread" daemon [_thread_blocked, id=11884, stack(0x000000f773700000,0x000000f773800000)]
  0x000001fa72eea800 JavaThread "Daemon health stats" [_thread_blocked, id=17344, stack(0x000000f773d00000,0x000000f773e00000)]
  0x000001fa7466b800 JavaThread "Incoming local TCP Connector on port 62235" [_thread_in_native, id=10632, stack(0x000000f773900000,0x000000f773a00000)]
  0x000001fa73b86800 JavaThread "Daemon periodic checks" [_thread_blocked, id=15480, stack(0x000000f773e00000,0x000000f773f00000)]
  0x000001fa72fc3000 JavaThread "Cache worker for journal cache (C:\Users\henna\.gradle\caches\journal-1)" [_thread_blocked, id=2380, stack(0x000000f774600000,0x000000f774700000)]
  0x000001fa72fc0800 JavaThread "File lock request listener" [_thread_in_native, id=10808, stack(0x000000f774700000,0x000000f774800000)]
  0x000001fa72fc1800 JavaThread "Cache worker for file hash cache (C:\Users\henna\.gradle\caches\7.4.2\fileHashes)" [_thread_blocked, id=11104, stack(0x000000f774800000,0x000000f774900000)]
  0x000001fa72fc2800 JavaThread "File watcher server" daemon [_thread_in_native, id=16616, stack(0x000000f774a00000,0x000000f774b00000)]
  0x000001fa74684000 JavaThread "File watcher consumer" daemon [_thread_blocked, id=10020, stack(0x000000f774b00000,0x000000f774c00000)]
  0x000001fa7468a800 JavaThread "jar transforms" [_thread_blocked, id=10616, stack(0x000000f774c00000,0x000000f774d00000)]
  0x000001fa7468a000 JavaThread "jar transforms Thread 2" [_thread_blocked, id=6148, stack(0x000000f774d00000,0x000000f774e00000)]
  0x000001fa74685000 JavaThread "jar transforms Thread 3" [_thread_blocked, id=1348, stack(0x000000f774e00000,0x000000f774f00000)]
  0x000001fa7468b800 JavaThread "jar transforms Thread 4" [_thread_blocked, id=14064, stack(0x000000f774f00000,0x000000f775000000)]
  0x000001fa74687800 JavaThread "Cache worker for execution history cache (C:\Users\henna\.gradle\caches\7.4.2\executionHistory)" [_thread_blocked, id=4312, stack(0x000000f775400000,0x000000f775500000)]
  0x000001fa7468e000 JavaThread "Cache worker for file content cache (C:\Users\henna\.gradle\caches\7.4.2\fileContent)" [_thread_blocked, id=8124, stack(0x000000f775500000,0x000000f775600000)]
  0x000001fa74690800 JavaThread "Cache worker for kotlin-dsl (C:\Users\henna\.gradle\caches\7.4.2\kotlin-dsl)" [_thread_blocked, id=11160, stack(0x000000f775600000,0x000000f775700000)]
  0x000001fa73f48800 JavaThread "Memory manager" [_thread_blocked, id=13408, stack(0x000000f778100000,0x000000f778200000)]
  0x000001fa73f48000 JavaThread "Daemon Thread 2" [_thread_blocked, id=16772, stack(0x000000f772500000,0x000000f772600000)]
  0x000001fa73f49800 JavaThread "Handler for socket connection from /127.0.0.1:62235 to /127.0.0.1:62331" [_thread_in_native, id=12664, stack(0x000000f772600000,0x000000f772700000)]
  0x000001fa73f45800 JavaThread "Cancel handler" [_thread_blocked, id=14584, stack(0x000000f772700000,0x000000f772800000)]
  0x000001fa73f43800 JavaThread "Daemon worker Thread 2" [_thread_blocked, id=16168, stack(0x000000f773f00000,0x000000f774000000)]
  0x000001fa73f44800 JavaThread "Asynchronous log dispatcher for DefaultDaemonConnection: socket connection from /127.0.0.1:62235 to /127.0.0.1:62331" [_thread_blocked, id=1968, stack(0x000000f774000000,0x000000f774100000)]
  0x000001fa73f4a000 JavaThread "Stdin handler" [_thread_blocked, id=9860, stack(0x000000f774100000,0x000000f774200000)]
  0x000001fa73f4c800 JavaThread "Daemon client event forwarder" [_thread_blocked, id=3224, stack(0x000000f774200000,0x000000f774300000)]
  0x000001fa73f4b000 JavaThread "Cache worker for checksums cache (C:\Users\henna\Downloads\tcc\datapublisher\datapublisher\.gradle\7.4.2\checksums)" [_thread_blocked, id=11056, stack(0x000000f774400000,0x000000f774500000)]
  0x000001fa73f4c000 JavaThread "Cache worker for cache directory md-rule (C:\Users\henna\.gradle\caches\7.4.2\md-rule)" [_thread_blocked, id=8160, stack(0x000000f774500000,0x000000f774600000)]
  0x000001fa73f47000 JavaThread "Cache worker for file hash cache (C:\Users\henna\Downloads\tcc\datapublisher\datapublisher\.gradle\7.4.2\fileHashes)" [_thread_blocked, id=15808, stack(0x000000f774900000,0x000000f774a00000)]
  0x000001fa73f4f000 JavaThread "Cache worker for cache directory md-supplier (C:\Users\henna\.gradle\caches\7.4.2\md-supplier)" [_thread_blocked, id=17224, stack(0x000000f775000000,0x000000f775100000)]
  0x000001fa73f51800 JavaThread "Cache worker for dependencies-accessors (C:\Users\henna\Downloads\tcc\datapublisher\datapublisher\.gradle\7.4.2\dependencies-accessors)" [_thread_blocked, id=892, stack(0x000000f775100000,0x000000f775200000)]
  0x000001fa73f50000 JavaThread "Cache worker for Build Output Cleanup Cache (C:\Users\henna\Downloads\tcc\datapublisher\datapublisher\.gradle\buildOutputCleanup)" [_thread_blocked, id=1896, stack(0x000000f775200000,0x000000f775300000)]
  0x000001fa73f4d800 JavaThread "Unconstrained build operations" [_thread_blocked, id=10396, stack(0x000000f774300000,0x000000f774400000)]
  0x000001fa73f51000 JavaThread "Unconstrained build operations Thread 2" [_thread_blocked, id=13556, stack(0x000000f775300000,0x000000f775400000)]
  0x000001fa73f4e800 JavaThread "Unconstrained build operations Thread 3" [_thread_blocked, id=1212, stack(0x000000f775700000,0x000000f775800000)]
  0x000001fa73f52800 JavaThread "Unconstrained build operations Thread 4" [_thread_blocked, id=11008, stack(0x000000f775800000,0x000000f775900000)]
  0x000001fa74686000 JavaThread "Unconstrained build operations Thread 5" [_thread_blocked, id=352, stack(0x000000f775900000,0x000000f775a00000)]
  0x000001fa7468c800 JavaThread "Unconstrained build operations Thread 6" [_thread_blocked, id=14232, stack(0x000000f775a00000,0x000000f775b00000)]
  0x000001fa74686800 JavaThread "Unconstrained build operations Thread 7" [_thread_blocked, id=7424, stack(0x000000f775b00000,0x000000f775c00000)]
  0x000001fa7468d000 JavaThread "Unconstrained build operations Thread 8" [_thread_blocked, id=4972, stack(0x000000f775c00000,0x000000f775d00000)]
  0x000001fa74691000 JavaThread "Unconstrained build operations Thread 9" [_thread_blocked, id=10404, stack(0x000000f775d00000,0x000000f775e00000)]
  0x000001fa7468f000 JavaThread "Unconstrained build operations Thread 10" [_thread_blocked, id=15944, stack(0x000000f775e00000,0x000000f775f00000)]
  0x000001fa74693000 JavaThread "Unconstrained build operations Thread 11" [_thread_blocked, id=17152, stack(0x000000f775f00000,0x000000f776000000)]
  0x000001fa75db1800 JavaThread "Unconstrained build operations Thread 12" [_thread_blocked, id=14328, stack(0x000000f776000000,0x000000f776100000)]
  0x000001fa75db5000 JavaThread "Unconstrained build operations Thread 13" [_thread_blocked, id=13792, stack(0x000000f776100000,0x000000f776200000)]
  0x000001fa75db6000 JavaThread "Unconstrained build operations Thread 14" [_thread_blocked, id=3028, stack(0x000000f776200000,0x000000f776300000)]
  0x000001fa75db4000 JavaThread "Unconstrained build operations Thread 15" [_thread_blocked, id=10628, stack(0x000000f776300000,0x000000f776400000)]
  0x000001fa75db6800 JavaThread "Unconstrained build operations Thread 16" [_thread_blocked, id=10248, stack(0x000000f776400000,0x000000f776500000)]
  0x000001fa75db2800 JavaThread "Unconstrained build operations Thread 17" [_thread_blocked, id=12336, stack(0x000000f776500000,0x000000f776600000)]
  0x000001fa75db8800 JavaThread "Unconstrained build operations Thread 18" [_thread_blocked, id=11016, stack(0x000000f776600000,0x000000f776700000)]
  0x000001fa75db7800 JavaThread "Unconstrained build operations Thread 19" [_thread_blocked, id=15904, stack(0x000000f776700000,0x000000f776800000)]
  0x000001fa75db9000 JavaThread "Unconstrained build operations Thread 20" [_thread_blocked, id=2172, stack(0x000000f776800000,0x000000f776900000)]
  0x000001fa75db3800 JavaThread "Unconstrained build operations Thread 21" [_thread_blocked, id=11420, stack(0x000000f776900000,0x000000f776a00000)]
  0x000001fa75dbd000 JavaThread "Unconstrained build operations Thread 22" [_thread_blocked, id=9592, stack(0x000000f776a00000,0x000000f776b00000)]
  0x000001fa75dbf000 JavaThread "Unconstrained build operations Thread 23" [_thread_blocked, id=1280, stack(0x000000f776b00000,0x000000f776c00000)]
  0x000001fa75dbf800 JavaThread "Unconstrained build operations Thread 24" [_thread_blocked, id=1696, stack(0x000000f776c00000,0x000000f776d00000)]
  0x000001fa75dbe000 JavaThread "Unconstrained build operations Thread 25" [_thread_blocked, id=17144, stack(0x000000f776d00000,0x000000f776e00000)]
  0x000001fa75dba000 JavaThread "Unconstrained build operations Thread 26" [_thread_blocked, id=12988, stack(0x000000f776e00000,0x000000f776f00000)]
  0x000001fa75dc0800 JavaThread "Unconstrained build operations Thread 27" [_thread_blocked, id=17376, stack(0x000000f776f00000,0x000000f777000000)]
  0x000001fa75dba800 JavaThread "Unconstrained build operations Thread 28" [_thread_blocked, id=16844, stack(0x000000f777000000,0x000000f777100000)]
  0x000001fa75dbb800 JavaThread "Unconstrained build operations Thread 29" [_thread_blocked, id=3088, stack(0x000000f777100000,0x000000f777200000)]
  0x000001fa75dbc800 JavaThread "Unconstrained build operations Thread 30" [_thread_blocked, id=3440, stack(0x000000f777200000,0x000000f777300000)]
  0x000001fa7d7b2800 JavaThread "Unconstrained build operations Thread 31" [_thread_blocked, id=9288, stack(0x000000f777300000,0x000000f777400000)]
  0x000001fa7d7b3800 JavaThread "Unconstrained build operations Thread 32" [_thread_blocked, id=6880, stack(0x000000f777400000,0x000000f777500000)]
  0x000001fa7d7b5000 JavaThread "Unconstrained build operations Thread 33" [_thread_blocked, id=12060, stack(0x000000f777500000,0x000000f777600000)]
  0x000001fa7d7b4800 JavaThread "Unconstrained build operations Thread 34" [_thread_blocked, id=13612, stack(0x000000f777600000,0x000000f777700000)]
  0x000001fa7d7b6000 JavaThread "Unconstrained build operations Thread 35" [_thread_blocked, id=5960, stack(0x000000f777700000,0x000000f777800000)]
  0x000001fa7d7b0800 JavaThread "Unconstrained build operations Thread 36" [_thread_blocked, id=1068, stack(0x000000f777800000,0x000000f777900000)]
  0x000001fa7d7b7000 JavaThread "Unconstrained build operations Thread 37" [_thread_blocked, id=11360, stack(0x000000f777900000,0x000000f777a00000)]
  0x000001fa7d7b1000 JavaThread "Unconstrained build operations Thread 38" [_thread_blocked, id=524, stack(0x000000f777a00000,0x000000f777b00000)]
  0x000001fa7d7b7800 JavaThread "Unconstrained build operations Thread 39" [_thread_blocked, id=15996, stack(0x000000f777b00000,0x000000f777c00000)]
  0x000001fa7d7b2000 JavaThread "Unconstrained build operations Thread 40" [_thread_blocked, id=1172, stack(0x000000f777c00000,0x000000f777d00000)]
  0x000001fa79988800 JavaThread "C2 CompilerThread1" daemon [_thread_blocked, id=14940, stack(0x000000f777d00000,0x000000f777e00000)]

Other Threads:
  0x000001fa70e5c800 VMThread "VM Thread" [stack: 0x000000f772e00000,0x000000f772f00000] [id=16296]
  0x000001fa719a0000 WatcherThread [stack: 0x000000f773800000,0x000000f773900000] [id=15492]
=>0x000001fa56203000 GCTaskThread "GC Thread#0" [stack: 0x000000f772900000,0x000000f772a00000] [id=16588]
  0x000001fa72459800 GCTaskThread "GC Thread#1" [stack: 0x000000f773a00000,0x000000f773b00000] [id=15720]
  0x000001fa71fd4000 GCTaskThread "GC Thread#2" [stack: 0x000000f773b00000,0x000000f773c00000] [id=1576]
  0x000001fa72430800 GCTaskThread "GC Thread#3" [stack: 0x000000f773c00000,0x000000f773d00000] [id=17360]
  0x000001fa56214800 ConcurrentGCThread "G1 Main Marker" [stack: 0x000000f772a00000,0x000000f772b00000] [id=11620]
  0x000001fa56216000 ConcurrentGCThread "G1 Conc#0" [stack: 0x000000f772b00000,0x000000f772c00000] [id=5692]
  0x000001fa70cf2800 ConcurrentGCThread "G1 Refine#0" [stack: 0x000000f772c00000,0x000000f772d00000] [id=5056]
  0x000001fa77067000 ConcurrentGCThread "G1 Refine#1" [stack: 0x000000f778200000,0x000000f778300000] [id=3016]
  0x000001fa70cf3000 ConcurrentGCThread "G1 Young RemSet Sampling" [stack: 0x000000f772d00000,0x000000f772e00000] [id=15548]

Threads with active compile tasks:
C2 CompilerThread0 173117 17181       4       org.jetbrains.kotlin.com.intellij.openapi.vfs.impl.jar.CoreJarVirtualFile::getPath (130 bytes)
C2 CompilerThread1 173121 17239       4       org.jetbrains.kotlin.cli.jvm.compiler.KotlinCliJavaFileManagerImpl$knownClassNamesInPackage$1::invoke (98 bytes)

VM state:at safepoint (normal execution)

VM Mutex/Monitor currently owned by a thread:  ([mutex/lock_event])
[0x000001fa561e7570] FreeList_lock - owner thread: 0x000001fa56203000
[0x000001fa561e8070] Threads_lock - owner thread: 0x000001fa70e5c800
[0x000001fa561e8b20] Heap_lock - owner thread: 0x000001fa73f43800

Heap address: 0x00000000e0000000, size: 512 MB, Compressed Oops mode: 32-bit
Narrow klass base: 0x0000000000000000, Narrow klass shift: 3
Compressed class space size: 260046848 Address: 0x0000000100000000

Heap:
 garbage-first heap   total 281600K, used 277307K [0x00000000e0000000, 0x0000000100000000)
  region size 1024K, 12 young (12288K), 1 survivors (1024K)
 Metaspace       used 130620K, capacity 134049K, committed 134220K, reserved 370688K
  class space    used 16381K, capacity 17654K, committed 17740K, reserved 253952K
Heap Regions: E=young(eden), S=young(survivor), O=old, HS=humongous(starts), HC=humongous(continues), CS=collection set, F=free, A=archive, TAMS=top-at-mark-start (previous, next)
|   0|0x00000000e0000000, 0x00000000e0100000, 0x00000000e0100000|100%|HS|  |TAMS 0x00000000e0100000, 0x00000000e0000000| Complete 
|   1|0x00000000e0100000, 0x00000000e0200000, 0x00000000e0200000|100%|HC|  |TAMS 0x00000000e0200000, 0x00000000e0100000| Complete 
|   2|0x00000000e0200000, 0x00000000e0300000, 0x00000000e0300000|100%|HC|  |TAMS 0x00000000e0300000, 0x00000000e0200000| Complete 
|   3|0x00000000e0300000, 0x00000000e0400000, 0x00000000e0400000|100%| O|  |TAMS 0x00000000e0400000, 0x00000000e0300000| Untracked 
|   4|0x00000000e0400000, 0x00000000e0500000, 0x00000000e0500000|100%| O|  |TAMS 0x00000000e0500000, 0x00000000e0400000| Untracked 
|   5|0x00000000e0500000, 0x00000000e0600000, 0x00000000e0600000|100%| O|  |TAMS 0x00000000e0600000, 0x00000000e0500000| Untracked 
|   6|0x00000000e0600000, 0x00000000e0700000, 0x00000000e0700000|100%| O|  |TAMS 0x00000000e0700000, 0x00000000e0600000| Untracked 
|   7|0x00000000e0700000, 0x00000000e0800000, 0x00000000e0800000|100%| O|  |TAMS 0x00000000e0800000, 0x00000000e0700000| Untracked 
|   8|0x00000000e0800000, 0x00000000e0900000, 0x00000000e0900000|100%| O|  |TAMS 0x00000000e0900000, 0x00000000e0800000| Untracked 
|   9|0x00000000e0900000, 0x00000000e0a00000, 0x00000000e0a00000|100%| O|  |TAMS 0x00000000e0a00000, 0x00000000e0900000| Untracked 
|  10|0x00000000e0a00000, 0x00000000e0b00000, 0x00000000e0b00000|100%| O|  |TAMS 0x00000000e0b00000, 0x00000000e0a00000| Untracked 
|  11|0x00000000e0b00000, 0x00000000e0c00000, 0x00000000e0c00000|100%|HS|  |TAMS 0x00000000e0c00000, 0x00000000e0b00000| Complete 
|  12|0x00000000e0c00000, 0x00000000e0d00000, 0x00000000e0d00000|100%|HC|  |TAMS 0x00000000e0d00000, 0x00000000e0c00000| Complete 
|  13|0x00000000e0d00000, 0x00000000e0e00000, 0x00000000e0e00000|100%|HC|  |TAMS 0x00000000e0e00000, 0x00000000e0d00000| Complete 
|  14|0x00000000e0e00000, 0x00000000e0f00000, 0x00000000e0f00000|100%|HC|  |TAMS 0x00000000e0f00000, 0x00000000e0e00000| Complete 
|  15|0x00000000e0f00000, 0x00000000e1000000, 0x00000000e1000000|100%|HC|  |TAMS 0x00000000e1000000, 0x00000000e0f00000| Complete 
|  16|0x00000000e1000000, 0x00000000e1100000, 0x00000000e1100000|100%|HS|  |TAMS 0x00000000e1100000, 0x00000000e1000000| Complete 
|  17|0x00000000e1100000, 0x00000000e1200000, 0x00000000e1200000|100%|HC|  |TAMS 0x00000000e1200000, 0x00000000e1100000| Complete 
|  18|0x00000000e1200000, 0x00000000e1300000, 0x00000000e1300000|100%|HC|  |TAMS 0x00000000e1300000, 0x00000000e1200000| Complete 
|  19|0x00000000e1300000, 0x00000000e1400000, 0x00000000e1400000|100%|HC|  |TAMS 0x00000000e1400000, 0x00000000e1300000| Complete 
|  20|0x00000000e1400000, 0x00000000e1500000, 0x00000000e1500000|100%| O|  |TAMS 0x00000000e1500000, 0x00000000e1400000| Untracked 
|  21|0x00000000e1500000, 0x00000000e1600000, 0x00000000e1600000|100%| O|  |TAMS 0x00000000e1600000, 0x00000000e1500000| Untracked 
|  22|0x00000000e1600000, 0x00000000e1700000, 0x00000000e1700000|100%| O|  |TAMS 0x00000000e1700000, 0x00000000e1600000| Untracked 
|  23|0x00000000e1700000, 0x00000000e1800000, 0x00000000e1800000|100%| O|  |TAMS 0x00000000e1800000, 0x00000000e1700000| Untracked 
|  24|0x00000000e1800000, 0x00000000e1900000, 0x00000000e1900000|100%| O|  |TAMS 0x00000000e1900000, 0x00000000e1800000| Untracked 
|  25|0x00000000e1900000, 0x00000000e1a00000, 0x00000000e1a00000|100%| O|  |TAMS 0x00000000e1a00000, 0x00000000e1900000| Complete 
|  26|0x00000000e1a00000, 0x00000000e1b00000, 0x00000000e1b00000|100%| O|  |TAMS 0x00000000e1b00000, 0x00000000e1a00000| Complete 
|  27|0x00000000e1b00000, 0x00000000e1c00000, 0x00000000e1c00000|100%| O|  |TAMS 0x00000000e1c00000, 0x00000000e1b00000| Untracked 
|  28|0x00000000e1c00000, 0x00000000e1d00000, 0x00000000e1d00000|100%| O|  |TAMS 0x00000000e1d00000, 0x00000000e1c00000| Untracked 
|  29|0x00000000e1d00000, 0x00000000e1e00000, 0x00000000e1e00000|100%|HS|  |TAMS 0x00000000e1e00000, 0x00000000e1d00000| Complete 
|  30|0x00000000e1e00000, 0x00000000e1f00000, 0x00000000e1f00000|100%|HC|  |TAMS 0x00000000e1f00000, 0x00000000e1e00000| Complete 
|  31|0x00000000e1f00000, 0x00000000e2000000, 0x00000000e2000000|100%|HC|  |TAMS 0x00000000e2000000, 0x00000000e1f00000| Complete 
|  32|0x00000000e2000000, 0x00000000e2100000, 0x00000000e2100000|100%|HC|  |TAMS 0x00000000e2100000, 0x00000000e2000000| Complete 
|  33|0x00000000e2100000, 0x00000000e2200000, 0x00000000e2200000|100%|HC|  |TAMS 0x00000000e2200000, 0x00000000e2100000| Complete 
|  34|0x00000000e2200000, 0x00000000e2300000, 0x00000000e2300000|100%|HS|  |TAMS 0x00000000e2300000, 0x00000000e2200000| Complete 
|  35|0x00000000e2300000, 0x00000000e2400000, 0x00000000e2400000|100%|HC|  |TAMS 0x00000000e2400000, 0x00000000e2300000| Complete 
|  36|0x00000000e2400000, 0x00000000e2500000, 0x00000000e2500000|100%|HC|  |TAMS 0x00000000e2500000, 0x00000000e2400000| Complete 
|  37|0x00000000e2500000, 0x00000000e2600000, 0x00000000e2600000|100%|HC|  |TAMS 0x00000000e2600000, 0x00000000e2500000| Complete 
|  38|0x00000000e2600000, 0x00000000e2700000, 0x00000000e2700000|100%| O|  |TAMS 0x00000000e2700000, 0x00000000e2600000| Untracked 
|  39|0x00000000e2700000, 0x00000000e2800000, 0x00000000e2800000|100%| O|  |TAMS 0x00000000e2800000, 0x00000000e2700000| Untracked 
|  40|0x00000000e2800000, 0x00000000e2900000, 0x00000000e2900000|100%| O|  |TAMS 0x00000000e2900000, 0x00000000e2800000| Untracked 
|  41|0x00000000e2900000, 0x00000000e2a00000, 0x00000000e2a00000|100%| O|  |TAMS 0x00000000e2a00000, 0x00000000e2900000| Untracked 
|  42|0x00000000e2a00000, 0x00000000e2b00000, 0x00000000e2b00000|100%| O|  |TAMS 0x00000000e2b00000, 0x00000000e2a00000| Untracked 
|  43|0x00000000e2b00000, 0x00000000e2c00000, 0x00000000e2c00000|100%| O|  |TAMS 0x00000000e2c00000, 0x00000000e2b00000| Untracked 
|  44|0x00000000e2c00000, 0x00000000e2d00000, 0x00000000e2d00000|100%| O|  |TAMS 0x00000000e2d00000, 0x00000000e2c00000| Untracked 
|  45|0x00000000e2d00000, 0x00000000e2e00000, 0x00000000e2e00000|100%| O|  |TAMS 0x00000000e2e00000, 0x00000000e2d00000| Untracked 
|  46|0x00000000e2e00000, 0x00000000e2f00000, 0x00000000e2f00000|100%| O|  |TAMS 0x00000000e2f00000, 0x00000000e2e00000| Untracked 
|  47|0x00000000e2f00000, 0x00000000e3000000, 0x00000000e3000000|100%| O|  |TAMS 0x00000000e3000000, 0x00000000e2f00000| Complete 
|  48|0x00000000e3000000, 0x00000000e3100000, 0x00000000e3100000|100%| O|  |TAMS 0x00000000e3100000, 0x00000000e3000000| Complete 
|  49|0x00000000e3100000, 0x00000000e3200000, 0x00000000e3200000|100%| O|  |TAMS 0x00000000e3200000, 0x00000000e3100000| Untracked 
|  50|0x00000000e3200000, 0x00000000e3300000, 0x00000000e3300000|100%| O|  |TAMS 0x00000000e3300000, 0x00000000e3200000| Untracked 
|  51|0x00000000e3300000, 0x00000000e3400000, 0x00000000e3400000|100%| O|  |TAMS 0x00000000e3400000, 0x00000000e3300000| Untracked 
|  52|0x00000000e3400000, 0x00000000e3500000, 0x00000000e3500000|100%| O|  |TAMS 0x00000000e3500000, 0x00000000e3400000| Untracked 
|  53|0x00000000e3500000, 0x00000000e3600000, 0x00000000e3600000|100%|HS|  |TAMS 0x00000000e3600000, 0x00000000e3500000| Complete 
|  54|0x00000000e3600000, 0x00000000e3700000, 0x00000000e3700000|100%|HC|  |TAMS 0x00000000e3700000, 0x00000000e3600000| Complete 
|  55|0x00000000e3700000, 0x00000000e3800000, 0x00000000e3800000|100%|HC|  |TAMS 0x00000000e3800000, 0x00000000e3700000| Complete 
|  56|0x00000000e3800000, 0x00000000e3900000, 0x00000000e3900000|100%|HS|  |TAMS 0x00000000e3900000, 0x00000000e3800000| Complete 
|  57|0x00000000e3900000, 0x00000000e3a00000, 0x00000000e3a00000|100%|HC|  |TAMS 0x00000000e3a00000, 0x00000000e3900000| Complete 
|  58|0x00000000e3a00000, 0x00000000e3b00000, 0x00000000e3b00000|100%|HC|  |TAMS 0x00000000e3b00000, 0x00000000e3a00000| Complete 
|  59|0x00000000e3b00000, 0x00000000e3c00000, 0x00000000e3c00000|100%|HS|  |TAMS 0x00000000e3c00000, 0x00000000e3b00000| Complete 
|  60|0x00000000e3c00000, 0x00000000e3d00000, 0x00000000e3d00000|100%|HC|  |TAMS 0x00000000e3d00000, 0x00000000e3c00000| Complete 
|  61|0x00000000e3d00000, 0x00000000e3e00000, 0x00000000e3e00000|100%|HC|  |TAMS 0x00000000e3e00000, 0x00000000e3d00000| Complete 
|  62|0x00000000e3e00000, 0x00000000e3f00000, 0x00000000e3f00000|100%|HC|  |TAMS 0x00000000e3f00000, 0x00000000e3e00000| Complete 
|  63|0x00000000e3f00000, 0x00000000e4000000, 0x00000000e4000000|100%|HC|  |TAMS 0x00000000e4000000, 0x00000000e3f00000| Complete 
|  64|0x00000000e4000000, 0x00000000e4100000, 0x00000000e4100000|100%| O|  |TAMS 0x00000000e4100000, 0x00000000e4000000| Untracked 
|  65|0x00000000e4100000, 0x00000000e4200000, 0x00000000e4200000|100%| O|  |TAMS 0x00000000e4200000, 0x00000000e4100000| Complete 
|  66|0x00000000e4200000, 0x00000000e4300000, 0x00000000e4300000|100%| O|  |TAMS 0x00000000e4300000, 0x00000000e4200000| Untracked 
|  67|0x00000000e4300000, 0x00000000e4400000, 0x00000000e4400000|100%| O|  |TAMS 0x00000000e4400000, 0x00000000e4300000| Untracked 
|  68|0x00000000e4400000, 0x00000000e4500000, 0x00000000e4500000|100%| O|  |TAMS 0x00000000e4500000, 0x00000000e4400000| Untracked 
|  69|0x00000000e4500000, 0x00000000e4600000, 0x00000000e4600000|100%| O|  |TAMS 0x00000000e4600000, 0x00000000e4500000| Untracked 
|  70|0x00000000e4600000, 0x00000000e4700000, 0x00000000e4700000|100%| O|  |TAMS 0x00000000e4700000, 0x00000000e4600000| Untracked 
|  71|0x00000000e4700000, 0x00000000e4800000, 0x00000000e4800000|100%| O|  |TAMS 0x00000000e4800000, 0x00000000e4700000| Untracked 
|  72|0x00000000e4800000, 0x00000000e4900000, 0x00000000e4900000|100%| O|  |TAMS 0x00000000e4900000, 0x00000000e4800000| Untracked 
|  73|0x00000000e4900000, 0x00000000e4a00000, 0x00000000e4a00000|100%| O|  |TAMS 0x00000000e4a00000, 0x00000000e4900000| Complete 
|  74|0x00000000e4a00000, 0x00000000e4b00000, 0x00000000e4b00000|100%| O|  |TAMS 0x00000000e4b00000, 0x00000000e4a00000| Untracked 
|  75|0x00000000e4b00000, 0x00000000e4c00000, 0x00000000e4c00000|100%| O|  |TAMS 0x00000000e4c00000, 0x00000000e4b00000| Untracked 
|  76|0x00000000e4c00000, 0x00000000e4d00000, 0x00000000e4d00000|100%| O|  |TAMS 0x00000000e4d00000, 0x00000000e4c00000| Untracked 
|  77|0x00000000e4d00000, 0x00000000e4e00000, 0x00000000e4e00000|100%| O|  |TAMS 0x00000000e4e00000, 0x00000000e4d00000| Untracked 
|  78|0x00000000e4e00000, 0x00000000e4f00000, 0x00000000e4f00000|100%| O|  |TAMS 0x00000000e4f00000, 0x00000000e4e00000| Untracked 
|  79|0x00000000e4f00000, 0x00000000e5000000, 0x00000000e5000000|100%| O|  |TAMS 0x00000000e5000000, 0x00000000e4f00000| Untracked 
|  80|0x00000000e5000000, 0x00000000e5100000, 0x00000000e5100000|100%| O|  |TAMS 0x00000000e5100000, 0x00000000e5000000| Untracked 
|  81|0x00000000e5100000, 0x00000000e5200000, 0x00000000e5200000|100%| O|  |TAMS 0x00000000e5200000, 0x00000000e5100000| Untracked 
|  82|0x00000000e5200000, 0x00000000e5300000, 0x00000000e5300000|100%| O|  |TAMS 0x00000000e5300000, 0x00000000e5200000| Untracked 
|  83|0x00000000e5300000, 0x00000000e5400000, 0x00000000e5400000|100%| O|  |TAMS 0x00000000e5400000, 0x00000000e5300000| Untracked 
|  84|0x00000000e5400000, 0x00000000e5500000, 0x00000000e5500000|100%| O|  |TAMS 0x00000000e5500000, 0x00000000e5400000| Untracked 
|  85|0x00000000e5500000, 0x00000000e5600000, 0x00000000e5600000|100%| O|  |TAMS 0x00000000e5600000, 0x00000000e5500000| Complete 
|  86|0x00000000e5600000, 0x00000000e5700000, 0x00000000e5700000|100%| O|  |TAMS 0x00000000e5700000, 0x00000000e5600000| Complete 
|  87|0x00000000e5700000, 0x00000000e5800000, 0x00000000e5800000|100%|HS|  |TAMS 0x00000000e5800000, 0x00000000e5700000| Complete 
|  88|0x00000000e5800000, 0x00000000e5900000, 0x00000000e5900000|100%|HS|  |TAMS 0x00000000e5900000, 0x00000000e5800000| Complete 
|  89|0x00000000e5900000, 0x00000000e5a00000, 0x00000000e5a00000|100%|HC|  |TAMS 0x00000000e5a00000, 0x00000000e5900000| Complete 
|  90|0x00000000e5a00000, 0x00000000e5b00000, 0x00000000e5b00000|100%|HC|  |TAMS 0x00000000e5b00000, 0x00000000e5a00000| Complete 
|  91|0x00000000e5b00000, 0x00000000e5c00000, 0x00000000e5c00000|100%|HS|  |TAMS 0x00000000e5c00000, 0x00000000e5b00000| Complete 
|  92|0x00000000e5c00000, 0x00000000e5d00000, 0x00000000e5d00000|100%|HC|  |TAMS 0x00000000e5d00000, 0x00000000e5c00000| Complete 
|  93|0x00000000e5d00000, 0x00000000e5e00000, 0x00000000e5e00000|100%|HC|  |TAMS 0x00000000e5e00000, 0x00000000e5d00000| Complete 
|  94|0x00000000e5e00000, 0x00000000e5f00000, 0x00000000e5f00000|100%| O|  |TAMS 0x00000000e5f00000, 0x00000000e5e00000| Complete 
|  95|0x00000000e5f00000, 0x00000000e6000000, 0x00000000e6000000|100%| O|  |TAMS 0x00000000e6000000, 0x00000000e5f00000| Untracked 
|  96|0x00000000e6000000, 0x00000000e6100000, 0x00000000e6100000|100%| O|  |TAMS 0x00000000e6100000, 0x00000000e6000000| Complete 
|  97|0x00000000e6100000, 0x00000000e6200000, 0x00000000e6200000|100%| O|  |TAMS 0x00000000e6200000, 0x00000000e6100000| Complete 
|  98|0x00000000e6200000, 0x00000000e6300000, 0x00000000e6300000|100%| O|  |TAMS 0x00000000e6300000, 0x00000000e6200000| Untracked 
|  99|0x00000000e6300000, 0x00000000e6400000, 0x00000000e6400000|100%| O|  |TAMS 0x00000000e6400000, 0x00000000e6300000| Complete 
| 100|0x00000000e6400000, 0x00000000e6500000, 0x00000000e6500000|100%| O|  |TAMS 0x00000000e6500000, 0x00000000e6400000| Complete 
| 101|0x00000000e6500000, 0x00000000e6600000, 0x00000000e6600000|100%| O|  |TAMS 0x00000000e6600000, 0x00000000e6500000| Untracked 
| 102|0x00000000e6600000, 0x00000000e6700000, 0x00000000e6700000|100%| O|  |TAMS 0x00000000e6700000, 0x00000000e6600000| Complete 
| 103|0x00000000e6700000, 0x00000000e6800000, 0x00000000e6800000|100%| O|  |TAMS 0x00000000e6800000, 0x00000000e6700000| Untracked 
| 104|0x00000000e6800000, 0x00000000e6900000, 0x00000000e6900000|100%| O|  |TAMS 0x00000000e6900000, 0x00000000e6800000| Untracked 
| 105|0x00000000e6900000, 0x00000000e6a00000, 0x00000000e6a00000|100%| O|  |TAMS 0x00000000e6a00000, 0x00000000e6900000| Untracked 
| 106|0x00000000e6a00000, 0x00000000e6b00000, 0x00000000e6b00000|100%| O|  |TAMS 0x00000000e6b00000, 0x00000000e6a00000| Untracked 
| 107|0x00000000e6b00000, 0x00000000e6c00000, 0x00000000e6c00000|100%| O|  |TAMS 0x00000000e6c00000, 0x00000000e6b00000| Untracked 
| 108|0x00000000e6c00000, 0x00000000e6d00000, 0x00000000e6d00000|100%| O|  |TAMS 0x00000000e6d00000, 0x00000000e6c00000| Untracked 
| 109|0x00000000e6d00000, 0x00000000e6e00000, 0x00000000e6e00000|100%| O|  |TAMS 0x00000000e6e00000, 0x00000000e6d00000| Complete 
| 110|0x00000000e6e00000, 0x00000000e6f00000, 0x00000000e6f00000|100%| O|  |TAMS 0x00000000e6f00000, 0x00000000e6e00000| Untracked 
| 111|0x00000000e6f00000, 0x00000000e7000000, 0x00000000e7000000|100%| O|  |TAMS 0x00000000e7000000, 0x00000000e6f00000| Complete 
| 112|0x00000000e7000000, 0x00000000e7100000, 0x00000000e7100000|100%| O|  |TAMS 0x00000000e7100000, 0x00000000e7000000| Complete 
| 113|0x00000000e7100000, 0x00000000e7200000, 0x00000000e7200000|100%| O|  |TAMS 0x00000000e7200000, 0x00000000e7100000| Untracked 
| 114|0x00000000e7200000, 0x00000000e7300000, 0x00000000e7300000|100%| O|  |TAMS 0x00000000e7300000, 0x00000000e7200000| Untracked 
| 115|0x00000000e7300000, 0x00000000e7400000, 0x00000000e7400000|100%| O|  |TAMS 0x00000000e7400000, 0x00000000e7300000| Untracked 
| 116|0x00000000e7400000, 0x00000000e7500000, 0x00000000e7500000|100%| O|  |TAMS 0x00000000e7500000, 0x00000000e7400000| Complete 
| 117|0x00000000e7500000, 0x00000000e7600000, 0x00000000e7600000|100%| O|  |TAMS 0x00000000e7600000, 0x00000000e7500000| Untracked 
| 118|0x00000000e7600000, 0x00000000e7700000, 0x00000000e7700000|100%| O|  |TAMS 0x00000000e7700000, 0x00000000e7600000| Untracked 
| 119|0x00000000e7700000, 0x00000000e7800000, 0x00000000e7800000|100%| O|  |TAMS 0x00000000e7800000, 0x00000000e7700000| Untracked 
| 120|0x00000000e7800000, 0x00000000e7900000, 0x00000000e7900000|100%| O|  |TAMS 0x00000000e7900000, 0x00000000e7800000| Complete 
| 121|0x00000000e7900000, 0x00000000e7a00000, 0x00000000e7a00000|100%| O|  |TAMS 0x00000000e7a00000, 0x00000000e7900000| Untracked 
| 122|0x00000000e7a00000, 0x00000000e7b00000, 0x00000000e7b00000|100%| O|  |TAMS 0x00000000e7b00000, 0x00000000e7a00000| Complete 
| 123|0x00000000e7b00000, 0x00000000e7c00000, 0x00000000e7c00000|100%| O|  |TAMS 0x00000000e7c00000, 0x00000000e7b00000| Complete 
| 124|0x00000000e7c00000, 0x00000000e7d00000, 0x00000000e7d00000|100%| O|  |TAMS 0x00000000e7d00000, 0x00000000e7c00000| Untracked 
| 125|0x00000000e7d00000, 0x00000000e7e00000, 0x00000000e7e00000|100%| O|  |TAMS 0x00000000e7e00000, 0x00000000e7d00000| Untracked 
| 126|0x00000000e7e00000, 0x00000000e7f00000, 0x00000000e7f00000|100%| O|  |TAMS 0x00000000e7f00000, 0x00000000e7e00000| Untracked 
| 127|0x00000000e7f00000, 0x00000000e8000000, 0x00000000e8000000|100%| O|  |TAMS 0x00000000e8000000, 0x00000000e7f00000| Untracked 
| 128|0x00000000e8000000, 0x00000000e8100000, 0x00000000e8100000|100%| O|  |TAMS 0x00000000e8100000, 0x00000000e8000000| Complete 
| 129|0x00000000e8100000, 0x00000000e8200000, 0x00000000e8200000|100%| O|  |TAMS 0x00000000e8200000, 0x00000000e8100000| Untracked 
| 130|0x00000000e8200000, 0x00000000e8300000, 0x00000000e8300000|100%| O|  |TAMS 0x00000000e8300000, 0x00000000e8200000| Untracked 
| 131|0x00000000e8300000, 0x00000000e8400000, 0x00000000e8400000|100%| O|  |TAMS 0x00000000e8400000, 0x00000000e8300000| Untracked 
| 132|0x00000000e8400000, 0x00000000e8500000, 0x00000000e8500000|100%| O|  |TAMS 0x00000000e8500000, 0x00000000e8400000| Untracked 
| 133|0x00000000e8500000, 0x00000000e8600000, 0x00000000e8600000|100%| O|  |TAMS 0x00000000e8600000, 0x00000000e8500000| Complete 
| 134|0x00000000e8600000, 0x00000000e8700000, 0x00000000e8700000|100%| O|  |TAMS 0x00000000e8700000, 0x00000000e8600000| Untracked 
| 135|0x00000000e8700000, 0x00000000e8800000, 0x00000000e8800000|100%| O|  |TAMS 0x00000000e8800000, 0x00000000e8700000| Untracked 
| 136|0x00000000e8800000, 0x00000000e8900000, 0x00000000e8900000|100%| O|  |TAMS 0x00000000e8900000, 0x00000000e8800000| Untracked 
| 137|0x00000000e8900000, 0x00000000e8a00000, 0x00000000e8a00000|100%| O|  |TAMS 0x00000000e8a00000, 0x00000000e8900000| Untracked 
| 138|0x00000000e8a00000, 0x00000000e8b00000, 0x00000000e8b00000|100%| O|  |TAMS 0x00000000e8b00000, 0x00000000e8a00000| Untracked 
| 139|0x00000000e8b00000, 0x00000000e8c00000, 0x00000000e8c00000|100%| O|  |TAMS 0x00000000e8c00000, 0x00000000e8b00000| Untracked 
| 140|0x00000000e8c00000, 0x00000000e8d00000, 0x00000000e8d00000|100%| O|  |TAMS 0x00000000e8d00000, 0x00000000e8c00000| Untracked 
| 141|0x00000000e8d00000, 0x00000000e8e00000, 0x00000000e8e00000|100%| O|  |TAMS 0x00000000e8e00000, 0x00000000e8d00000| Complete 
| 142|0x00000000e8e00000, 0x00000000e8f00000, 0x00000000e8f00000|100%| O|  |TAMS 0x00000000e8f00000, 0x00000000e8e00000| Untracked 
| 143|0x00000000e8f00000, 0x00000000e9000000, 0x00000000e9000000|100%| O|  |TAMS 0x00000000e9000000, 0x00000000e8f00000| Untracked 
| 144|0x00000000e9000000, 0x00000000e9100000, 0x00000000e9100000|100%| O|  |TAMS 0x00000000e9100000, 0x00000000e9000000| Untracked 
| 145|0x00000000e9100000, 0x00000000e9200000, 0x00000000e9200000|100%| O|  |TAMS 0x00000000e9200000, 0x00000000e9100000| Complete 
| 146|0x00000000e9200000, 0x00000000e9300000, 0x00000000e9300000|100%| O|  |TAMS 0x00000000e9300000, 0x00000000e9200000| Untracked 
| 147|0x00000000e9300000, 0x00000000e9400000, 0x00000000e9400000|100%| O|  |TAMS 0x00000000e9400000, 0x00000000e9300000| Untracked 
| 148|0x00000000e9400000, 0x00000000e9500000, 0x00000000e9500000|100%| O|  |TAMS 0x00000000e9500000, 0x00000000e9400000| Complete 
| 149|0x00000000e9500000, 0x00000000e9600000, 0x00000000e9600000|100%| O|  |TAMS 0x00000000e9600000, 0x00000000e9500000| Untracked 
| 150|0x00000000e9600000, 0x00000000e9700000, 0x00000000e9700000|100%| O|  |TAMS 0x00000000e9700000, 0x00000000e9600000| Untracked 
| 151|0x00000000e9700000, 0x00000000e9800000, 0x00000000e9800000|100%| O|  |TAMS 0x00000000e9800000, 0x00000000e9700000| Complete 
| 152|0x00000000e9800000, 0x00000000e9900000, 0x00000000e9900000|100%| O|  |TAMS 0x00000000e9900000, 0x00000000e9800000| Complete 
| 153|0x00000000e9900000, 0x00000000e9a00000, 0x00000000e9a00000|100%|HS|  |TAMS 0x00000000e9a00000, 0x00000000e9900000| Complete 
| 154|0x00000000e9a00000, 0x00000000e9b00000, 0x00000000e9b00000|100%|HC|  |TAMS 0x00000000e9b00000, 0x00000000e9a00000| Complete 
| 155|0x00000000e9b00000, 0x00000000e9c00000, 0x00000000e9c00000|100%|HC|  |TAMS 0x00000000e9c00000, 0x00000000e9b00000| Complete 
| 156|0x00000000e9c00000, 0x00000000e9d00000, 0x00000000e9d00000|100%|HC|  |TAMS 0x00000000e9d00000, 0x00000000e9c00000| Complete 
| 157|0x00000000e9d00000, 0x00000000e9e00000, 0x00000000e9e00000|100%| O|  |TAMS 0x00000000e9e00000, 0x00000000e9d00000| Complete 
| 158|0x00000000e9e00000, 0x00000000e9f00000, 0x00000000e9f00000|100%| O|  |TAMS 0x00000000e9f00000, 0x00000000e9e00000| Complete 
| 159|0x00000000e9f00000, 0x00000000ea000000, 0x00000000ea000000|100%| O|  |TAMS 0x00000000ea000000, 0x00000000e9f00000| Untracked 
| 160|0x00000000ea000000, 0x00000000ea100000, 0x00000000ea100000|100%| O|  |TAMS 0x00000000ea100000, 0x00000000ea000000| Complete 
| 161|0x00000000ea100000, 0x00000000ea200000, 0x00000000ea200000|100%| O|  |TAMS 0x00000000ea200000, 0x00000000ea100000| Untracked 
| 162|0x00000000ea200000, 0x00000000ea300000, 0x00000000ea300000|100%| O|  |TAMS 0x00000000ea300000, 0x00000000ea200000| Untracked 
| 163|0x00000000ea300000, 0x00000000ea400000, 0x00000000ea400000|100%| O|  |TAMS 0x00000000ea400000, 0x00000000ea300000| Untracked 
| 164|0x00000000ea400000, 0x00000000ea500000, 0x00000000ea500000|100%| O|  |TAMS 0x00000000ea4b0400, 0x00000000ea400000| Complete 
| 165|0x00000000ea500000, 0x00000000ea600000, 0x00000000ea600000|100%| O|  |TAMS 0x00000000ea600000, 0x00000000ea500000| Untracked 
| 166|0x00000000ea600000, 0x00000000ea700000, 0x00000000ea700000|100%| O|  |TAMS 0x00000000ea700000, 0x00000000ea600000| Untracked 
| 167|0x00000000ea700000, 0x00000000ea800000, 0x00000000ea800000|100%| O|  |TAMS 0x00000000ea700000, 0x00000000ea700000| Untracked 
| 168|0x00000000ea800000, 0x00000000ea900000, 0x00000000ea900000|100%| O|  |TAMS 0x00000000ea900000, 0x00000000ea800000| Complete 
| 169|0x00000000ea900000, 0x00000000eaa00000, 0x00000000eaa00000|100%| O|  |TAMS 0x00000000eaa00000, 0x00000000ea900000| Complete 
| 170|0x00000000eaa00000, 0x00000000eab00000, 0x00000000eab00000|100%| O|  |TAMS 0x00000000eab00000, 0x00000000eaa00000| Complete 
| 171|0x00000000eab00000, 0x00000000eac00000, 0x00000000eac00000|100%| O|  |TAMS 0x00000000eac00000, 0x00000000eab00000| Untracked 
| 172|0x00000000eac00000, 0x00000000ead00000, 0x00000000ead00000|100%| O|  |TAMS 0x00000000ead00000, 0x00000000eac00000| Untracked 
| 173|0x00000000ead00000, 0x00000000eae00000, 0x00000000eae00000|100%| O|  |TAMS 0x00000000eae00000, 0x00000000ead00000| Untracked 
| 174|0x00000000eae00000, 0x00000000eaf00000, 0x00000000eaf00000|100%| O|  |TAMS 0x00000000eaf00000, 0x00000000eae00000| Complete 
| 175|0x00000000eaf00000, 0x00000000eb000000, 0x00000000eb000000|100%| O|  |TAMS 0x00000000eb000000, 0x00000000eaf00000| Untracked 
| 176|0x00000000eb000000, 0x00000000eb100000, 0x00000000eb100000|100%| O|  |TAMS 0x00000000eb100000, 0x00000000eb000000| Untracked 
| 177|0x00000000eb100000, 0x00000000eb200000, 0x00000000eb200000|100%| O|  |TAMS 0x00000000eb200000, 0x00000000eb100000| Untracked 
| 178|0x00000000eb200000, 0x00000000eb300000, 0x00000000eb300000|100%| O|  |TAMS 0x00000000eb300000, 0x00000000eb200000| Untracked 
| 179|0x00000000eb300000, 0x00000000eb400000, 0x00000000eb400000|100%| O|  |TAMS 0x00000000eb400000, 0x00000000eb300000| Untracked 
| 180|0x00000000eb400000, 0x00000000eb500000, 0x00000000eb500000|100%| O|  |TAMS 0x00000000eb500000, 0x00000000eb400000| Untracked 
| 181|0x00000000eb500000, 0x00000000eb600000, 0x00000000eb600000|100%| O|  |TAMS 0x00000000eb600000, 0x00000000eb500000| Untracked 
| 182|0x00000000eb600000, 0x00000000eb700000, 0x00000000eb700000|100%| O|  |TAMS 0x00000000eb700000, 0x00000000eb600000| Untracked 
| 183|0x00000000eb700000, 0x00000000eb800000, 0x00000000eb800000|100%| O|  |TAMS 0x00000000eb800000, 0x00000000eb700000| Untracked 
| 184|0x00000000eb800000, 0x00000000eb900000, 0x00000000eb900000|100%| O|  |TAMS 0x00000000eb900000, 0x00000000eb800000| Untracked 
| 185|0x00000000eb900000, 0x00000000eba00000, 0x00000000eba00000|100%| O|  |TAMS 0x00000000eba00000, 0x00000000eb900000| Untracked 
| 186|0x00000000eba00000, 0x00000000ebb00000, 0x00000000ebb00000|100%| O|  |TAMS 0x00000000ebb00000, 0x00000000eba00000| Untracked 
| 187|0x00000000ebb00000, 0x00000000ebc00000, 0x00000000ebc00000|100%| O|  |TAMS 0x00000000ebc00000, 0x00000000ebb00000| Untracked 
| 188|0x00000000ebc00000, 0x00000000ebd00000, 0x00000000ebd00000|100%| O|  |TAMS 0x00000000ebd00000, 0x00000000ebc00000| Untracked 
| 189|0x00000000ebd00000, 0x00000000ebe00000, 0x00000000ebe00000|100%| O|  |TAMS 0x00000000ebd00000, 0x00000000ebd00000| Untracked 
| 190|0x00000000ebe00000, 0x00000000ebf00000, 0x00000000ebf00000|100%| O|  |TAMS 0x00000000ebe00000, 0x00000000ebe00000| Untracked 
| 191|0x00000000ebf00000, 0x00000000ec000000, 0x00000000ec000000|100%| O|  |TAMS 0x00000000ec000000, 0x00000000ebf00000| Complete 
| 192|0x00000000ec000000, 0x00000000ec100000, 0x00000000ec100000|100%| O|  |TAMS 0x00000000ec100000, 0x00000000ec000000| Complete 
| 193|0x00000000ec100000, 0x00000000ec200000, 0x00000000ec200000|100%| O|  |TAMS 0x00000000ec200000, 0x00000000ec100000| Untracked 
| 194|0x00000000ec200000, 0x00000000ec300000, 0x00000000ec300000|100%| O|  |TAMS 0x00000000ec300000, 0x00000000ec200000| Untracked 
| 195|0x00000000ec300000, 0x00000000ec400000, 0x00000000ec400000|100%| O|  |TAMS 0x00000000ec400000, 0x00000000ec300000| Untracked 
| 196|0x00000000ec400000, 0x00000000ec500000, 0x00000000ec500000|100%| O|  |TAMS 0x00000000ec500000, 0x00000000ec400000| Untracked 
| 197|0x00000000ec500000, 0x00000000ec600000, 0x00000000ec600000|100%| O|  |TAMS 0x00000000ec600000, 0x00000000ec500000| Complete 
| 198|0x00000000ec600000, 0x00000000ec700000, 0x00000000ec700000|100%| O|  |TAMS 0x00000000ec700000, 0x00000000ec600000| Untracked 
| 199|0x00000000ec700000, 0x00000000ec800000, 0x00000000ec800000|100%| O|  |TAMS 0x00000000ec700000, 0x00000000ec700000| Untracked 
| 200|0x00000000ec800000, 0x00000000ec900000, 0x00000000ec900000|100%| O|  |TAMS 0x00000000ec900000, 0x00000000ec800000| Untracked 
| 201|0x00000000ec900000, 0x00000000eca00000, 0x00000000eca00000|100%| O|  |TAMS 0x00000000eca00000, 0x00000000ec900000| Complete 
| 202|0x00000000eca00000, 0x00000000ecb00000, 0x00000000ecb00000|100%| O|  |TAMS 0x00000000ecb00000, 0x00000000eca00000| Untracked 
| 203|0x00000000ecb00000, 0x00000000ecc00000, 0x00000000ecc00000|100%| O|  |TAMS 0x00000000ecc00000, 0x00000000ecb00000| Untracked 
| 204|0x00000000ecc00000, 0x00000000ecd00000, 0x00000000ecd00000|100%| O|  |TAMS 0x00000000ecd00000, 0x00000000ecc00000| Untracked 
| 205|0x00000000ecd00000, 0x00000000ece00000, 0x00000000ece00000|100%| O|  |TAMS 0x00000000ece00000, 0x00000000ecd00000| Untracked 
| 206|0x00000000ece00000, 0x00000000ecf00000, 0x00000000ecf00000|100%| O|  |TAMS 0x00000000ecf00000, 0x00000000ece00000| Complete 
| 207|0x00000000ecf00000, 0x00000000ed000000, 0x00000000ed000000|100%|HS|  |TAMS 0x00000000ed000000, 0x00000000ecf00000| Complete 
| 208|0x00000000ed000000, 0x00000000ed100000, 0x00000000ed100000|100%|HC|  |TAMS 0x00000000ed100000, 0x00000000ed000000| Complete 
| 209|0x00000000ed100000, 0x00000000ed200000, 0x00000000ed200000|100%|HC|  |TAMS 0x00000000ed200000, 0x00000000ed100000| Complete 
| 210|0x00000000ed200000, 0x00000000ed300000, 0x00000000ed300000|100%| O|  |TAMS 0x00000000ed300000, 0x00000000ed200000| Untracked 
| 211|0x00000000ed300000, 0x00000000ed400000, 0x00000000ed400000|100%| O|  |TAMS 0x00000000ed400000, 0x00000000ed300000| Untracked 
| 212|0x00000000ed400000, 0x00000000ed500000, 0x00000000ed500000|100%| O|  |TAMS 0x00000000ed500000, 0x00000000ed400000| Untracked 
| 213|0x00000000ed500000, 0x00000000ed600000, 0x00000000ed600000|100%| O|  |TAMS 0x00000000ed600000, 0x00000000ed500000| Untracked 
| 214|0x00000000ed600000, 0x00000000ed700000, 0x00000000ed700000|100%| O|  |TAMS 0x00000000ed700000, 0x00000000ed600000| Untracked 
| 215|0x00000000ed700000, 0x00000000ed800000, 0x00000000ed800000|100%| O|  |TAMS 0x00000000ed800000, 0x00000000ed700000| Untracked 
| 216|0x00000000ed800000, 0x00000000ed900000, 0x00000000ed900000|100%|HS|  |TAMS 0x00000000ed900000, 0x00000000ed800000| Complete 
| 217|0x00000000ed900000, 0x00000000eda00000, 0x00000000eda00000|100%|HC|  |TAMS 0x00000000eda00000, 0x00000000ed900000| Complete 
| 218|0x00000000eda00000, 0x00000000edb00000, 0x00000000edb00000|100%|HC|  |TAMS 0x00000000edb00000, 0x00000000eda00000| Complete 
| 219|0x00000000edb00000, 0x00000000edc00000, 0x00000000edc00000|100%| O|  |TAMS 0x00000000edc00000, 0x00000000edb00000| Untracked 
| 220|0x00000000edc00000, 0x00000000edd00000, 0x00000000edd00000|100%| O|  |TAMS 0x00000000edd00000, 0x00000000edc00000| Untracked 
| 221|0x00000000edd00000, 0x00000000ede00000, 0x00000000ede00000|100%| O|  |TAMS 0x00000000ede00000, 0x00000000edd00000| Untracked 
| 222|0x00000000ede00000, 0x00000000edf00000, 0x00000000edf00000|100%| O|  |TAMS 0x00000000edf00000, 0x00000000ede00000| Untracked 
| 223|0x00000000edf00000, 0x00000000ee000000, 0x00000000ee000000|100%| O|  |TAMS 0x00000000ee000000, 0x00000000edf00000| Complete 
| 224|0x00000000ee000000, 0x00000000ee100000, 0x00000000ee100000|100%|HS|  |TAMS 0x00000000ee100000, 0x00000000ee000000| Complete 
| 225|0x00000000ee100000, 0x00000000ee200000, 0x00000000ee200000|100%|HC|  |TAMS 0x00000000ee200000, 0x00000000ee100000| Complete 
| 226|0x00000000ee200000, 0x00000000ee300000, 0x00000000ee300000|100%|HC|  |TAMS 0x00000000ee300000, 0x00000000ee200000| Complete 
| 227|0x00000000ee300000, 0x00000000ee400000, 0x00000000ee400000|100%|HC|  |TAMS 0x00000000ee400000, 0x00000000ee300000| Complete 
| 228|0x00000000ee400000, 0x00000000ee500000, 0x00000000ee500000|100%|HC|  |TAMS 0x00000000ee500000, 0x00000000ee400000| Complete 
| 229|0x00000000ee500000, 0x00000000ee600000, 0x00000000ee600000|100%| O|  |TAMS 0x00000000ee600000, 0x00000000ee500000| Complete 
| 230|0x00000000ee600000, 0x00000000ee700000, 0x00000000ee700000|100%| O|  |TAMS 0x00000000ee700000, 0x00000000ee600000| Complete 
| 231|0x00000000ee700000, 0x00000000ee800000, 0x00000000ee800000|100%| O|  |TAMS 0x00000000ee800000, 0x00000000ee700000| Complete 
| 232|0x00000000ee800000, 0x00000000ee900000, 0x00000000ee900000|100%| O|  |TAMS 0x00000000ee900000, 0x00000000ee800000| Complete 
| 233|0x00000000ee900000, 0x00000000eea00000, 0x00000000eea00000|100%| O|  |TAMS 0x00000000eea00000, 0x00000000ee900000| Complete 
| 234|0x00000000eea00000, 0x00000000eeb00000, 0x00000000eeb00000|100%| O|  |TAMS 0x00000000eeb00000, 0x00000000eea00000| Untracked 
| 235|0x00000000eeb00000, 0x00000000eec00000, 0x00000000eec00000|100%| O|  |TAMS 0x00000000eec00000, 0x00000000eeb00000| Untracked 
| 236|0x00000000eec00000, 0x00000000eed00000, 0x00000000eed00000|100%| O|  |TAMS 0x00000000eed00000, 0x00000000eec00000| Untracked 
| 237|0x00000000eed00000, 0x00000000eee00000, 0x00000000eee00000|100%| O|  |TAMS 0x00000000eee00000, 0x00000000eed00000| Untracked 
| 238|0x00000000eee00000, 0x00000000eef00000, 0x00000000eef00000|100%| O|  |TAMS 0x00000000eef00000, 0x00000000eee00000| Untracked 
| 239|0x00000000eef00000, 0x00000000ef000000, 0x00000000ef000000|100%| O|  |TAMS 0x00000000ef000000, 0x00000000eef00000| Untracked 
| 240|0x00000000ef000000, 0x00000000ef100000, 0x00000000ef100000|100%| O|  |TAMS 0x00000000ef100000, 0x00000000ef000000| Untracked 
| 241|0x00000000ef100000, 0x00000000ef200000, 0x00000000ef200000|100%| O|  |TAMS 0x00000000ef200000, 0x00000000ef100000| Complete 
| 242|0x00000000ef200000, 0x00000000ef300000, 0x00000000ef300000|100%| O|  |TAMS 0x00000000ef300000, 0x00000000ef200000| Untracked 
| 243|0x00000000ef300000, 0x00000000ef400000, 0x00000000ef400000|100%| O|  |TAMS 0x00000000ef300000, 0x00000000ef300000| Untracked 
| 244|0x00000000ef400000, 0x00000000ef500000, 0x00000000ef500000|100%| O|  |TAMS 0x00000000ef400000, 0x00000000ef400000| Untracked 
| 245|0x00000000ef500000, 0x00000000ef600000, 0x00000000ef600000|100%|HS|  |TAMS 0x00000000ef500000, 0x00000000ef500000| Complete 
| 246|0x00000000ef600000, 0x00000000ef700000, 0x00000000ef700000|100%| E|CS|TAMS 0x00000000ef600000, 0x00000000ef600000| Complete 
| 247|0x00000000ef700000, 0x00000000ef800000, 0x00000000ef800000|100%| S|  |TAMS 0x00000000ef700000, 0x00000000ef700000| Complete 
| 248|0x00000000ef800000, 0x00000000ef900000, 0x00000000ef900000|100%| E|CS|TAMS 0x00000000ef800000, 0x00000000ef800000| Complete 
| 249|0x00000000ef900000, 0x00000000efa00000, 0x00000000efa00000|100%| E|CS|TAMS 0x00000000ef900000, 0x00000000ef900000| Complete 
| 250|0x00000000efa00000, 0x00000000efb00000, 0x00000000efb00000|100%| E|CS|TAMS 0x00000000efa00000, 0x00000000efa00000| Complete 
| 251|0x00000000efb00000, 0x00000000efc00000, 0x00000000efc00000|100%| E|CS|TAMS 0x00000000efb00000, 0x00000000efb00000| Complete 
| 252|0x00000000efc00000, 0x00000000efd00000, 0x00000000efd00000|100%| E|CS|TAMS 0x00000000efc00000, 0x00000000efc00000| Complete 
| 253|0x00000000efd00000, 0x00000000efe00000, 0x00000000efe00000|100%| E|CS|TAMS 0x00000000efd00000, 0x00000000efd00000| Complete 
| 254|0x00000000efe00000, 0x00000000eff00000, 0x00000000eff00000|100%| E|CS|TAMS 0x00000000efe00000, 0x00000000efe00000| Complete 
| 255|0x00000000eff00000, 0x00000000f0000000, 0x00000000f0000000|100%| E|CS|TAMS 0x00000000eff00000, 0x00000000eff00000| Complete 
| 256|0x00000000f0000000, 0x00000000f0100000, 0x00000000f0100000|100%| O|  |TAMS 0x00000000f0100000, 0x00000000f0000000| Untracked 
| 257|0x00000000f0100000, 0x00000000f0200000, 0x00000000f0200000|100%| O|  |TAMS 0x00000000f0200000, 0x00000000f0100000| Untracked 
| 258|0x00000000f0200000, 0x00000000f0300000, 0x00000000f0300000|100%| E|CS|TAMS 0x00000000f0200000, 0x00000000f0200000| Complete 
| 259|0x00000000f0300000, 0x00000000f0400000, 0x00000000f0400000|100%| O|  |TAMS 0x00000000f0400000, 0x00000000f0300000| Untracked 
| 260|0x00000000f0400000, 0x00000000f0500000, 0x00000000f0500000|100%| O|  |TAMS 0x00000000f0500000, 0x00000000f0400000| Complete 
| 261|0x00000000f0500000, 0x00000000f0600000, 0x00000000f0600000|100%| O|  |TAMS 0x00000000f0500000, 0x00000000f0500000| Untracked 
| 262|0x00000000f0600000, 0x00000000f0700000, 0x00000000f0700000|100%| E|CS|TAMS 0x00000000f0600000, 0x00000000f0600000| Complete 
| 263|0x00000000f0700000, 0x00000000f0800000, 0x00000000f0800000|100%| O|  |TAMS 0x00000000f0700000, 0x00000000f0700000| Untracked 
| 264|0x00000000f0800000, 0x00000000f0900000, 0x00000000f0900000|100%| O|  |TAMS 0x00000000f0800000, 0x00000000f0800000| Untracked 
| 265|0x00000000f0900000, 0x00000000f0a00000, 0x00000000f0a00000|100%| O|  |TAMS 0x00000000f0900000, 0x00000000f0900000| Untracked 
| 266|0x00000000f0a00000, 0x00000000f0b00000, 0x00000000f0b00000|100%| E|CS|TAMS 0x00000000f0a00000, 0x00000000f0a00000| Complete 
| 267|0x00000000f0b00000, 0x00000000f0c00000, 0x00000000f0c00000|100%| O|  |TAMS 0x00000000f0b00000, 0x00000000f0b00000| Untracked 
| 268|0x00000000f0c00000, 0x00000000f0d00000, 0x00000000f0d00000|100%| O|  |TAMS 0x00000000f0c00000, 0x00000000f0c00000| Untracked 
| 269|0x00000000f0d00000, 0x00000000f0e00000, 0x00000000f0e00000|100%| O|  |TAMS 0x00000000f0d00000, 0x00000000f0d00000| Untracked 
| 270|0x00000000f0e00000, 0x00000000f0f00000, 0x00000000f0f00000|100%| E|CS|TAMS 0x00000000f0e00000, 0x00000000f0e00000| Complete 
| 271|0x00000000f0f00000, 0x00000000f1000000, 0x00000000f1000000|100%| O|  |TAMS 0x00000000f0f00000, 0x00000000f0f00000| Untracked 
| 272|0x00000000f1000000, 0x00000000f1100000, 0x00000000f1100000|100%| O|  |TAMS 0x00000000f1000000, 0x00000000f1000000| Untracked 
| 273|0x00000000f1100000, 0x00000000f1141b80, 0x00000000f1200000| 25%| O|  |TAMS 0x00000000f1100000, 0x00000000f1100000| Untracked 

Card table byte_map: [0x000001fa6d680000,0x000001fa6d780000] _byte_map_base: 0x000001fa6cf80000

Marking Bits (Prev, Next): (CMBitMap*) 0x000001fa56211b80, (CMBitMap*) 0x000001fa56211b48
 Prev Bits: [0x000001fa6e080000, 0x000001fa6e880000)
 Next Bits: [0x000001fa6d880000, 0x000001fa6e080000)

Polling page: 0x000001fa541c0000

Metaspace:

Usage:
  Non-class:    113.67 MB capacity,   111.56 MB ( 98%) used,     1.74 MB (  2%) free+waste,   370.38 KB ( <1%) overhead. 
      Class:     17.24 MB capacity,    16.00 MB ( 93%) used,     1.08 MB (  6%) free+waste,   171.19 KB ( <1%) overhead. 
       Both:    130.91 MB capacity,   127.56 MB ( 97%) used,     2.82 MB (  2%) free+waste,   541.56 KB ( <1%) overhead. 

Virtual space:
  Non-class space:      114.00 MB reserved,     113.75 MB (>99%) committed 
      Class space:      248.00 MB reserved,      17.32 MB (  7%) committed 
             Both:      362.00 MB reserved,     131.07 MB ( 36%) committed 

Chunk freelists:
   Non-Class:  2.63 KB
       Class:  1.25 KB
        Both:  3.88 KB

CodeHeap 'non-profiled nmethods': size=120064Kb used=10354Kb max_used=10880Kb free=109709Kb
 bounds [0x000001fa66140000, 0x000001fa66bf0000, 0x000001fa6d680000]
CodeHeap 'profiled nmethods': size=120000Kb used=35127Kb max_used=36998Kb free=84873Kb
 bounds [0x000001fa5ec10000, 0x000001fa61050000, 0x000001fa66140000]
CodeHeap 'non-nmethods': size=5696Kb used=2348Kb max_used=2414Kb free=3347Kb
 bounds [0x000001fa5e680000, 0x000001fa5e8f0000, 0x000001fa5ec10000]
 total_blobs=16640 nmethods=15658 adapters=889
 compilation: enabled
              stopped_count=0, restarted_count=0
 full_count=0

Compilation events (10 events):
Event: 172.770 Thread 0x000001fa70eaa000 17260       3       org.jetbrains.kotlin.descriptors.ScopesHolderForClass$scopeForOwnerModule$2::invoke (23 bytes)
Event: 172.770 Thread 0x000001fa70eaa000 nmethod 17260 0x000001fa5ee6ce90 code [0x000001fa5ee6d040, 0x000001fa5ee6d328]
Event: 172.771 Thread 0x000001fa79988800 nmethod 17226 0x000001fa6637eb10 code [0x000001fa6637ee00, 0x000001fa66381460]
Event: 172.771 Thread 0x000001fa79988800 17239       4       org.jetbrains.kotlin.cli.jvm.compiler.KotlinCliJavaFileManagerImpl$knownClassNamesInPackage$1::invoke (98 bytes)
Event: 172.775 Thread 0x000001fa70eaa000 17261       1       org.jetbrains.kotlin.metadata.ProtoBuf$Property::getFlags (5 bytes)
Event: 172.775 Thread 0x000001fa70eaa000 nmethod 17261 0x000001fa661cf390 code [0x000001fa661cf520, 0x000001fa661cf5d8]
Event: 172.780 Thread 0x000001fa70eaa000 17262       1       org.jetbrains.kotlin.load.java.structure.impl.classFiles.PlainJavaPrimitiveType::getType (5 bytes)
Event: 172.780 Thread 0x000001fa70eaa000 nmethod 17262 0x000001fa661cef90 code [0x000001fa661cf120, 0x000001fa661cf1d8]
Event: 172.787 Thread 0x000001fa70eaa000 17263       3       org.jetbrains.kotlin.com.intellij.util.io.UnsyncByteArrayInputStream::read (36 bytes)
Event: 172.788 Thread 0x000001fa70eaa000 nmethod 17263 0x000001fa5ee00b90 code [0x000001fa5ee00d40, 0x000001fa5ee00ed8]

GC Heap History (10 events):
Event: 172.323 GC heap after
{Heap after GC invocations=79 (full 0):
 garbage-first heap   total 272384K, used 258191K [0x00000000e0000000, 0x0000000100000000)
  region size 1024K, 2 young (2048K), 2 survivors (2048K)
 Metaspace       used 130552K, capacity 133915K, committed 134220K, reserved 370688K
  class space    used 16381K, capacity 17653K, committed 17740K, reserved 253952K
}
Event: 172.364 GC heap before
{Heap before GC invocations=79 (full 0):
 garbage-first heap   total 272384K, used 269455K [0x00000000e0000000, 0x0000000100000000)
  region size 1024K, 13 young (13312K), 2 survivors (2048K)
 Metaspace       used 130552K, capacity 133915K, committed 134220K, reserved 370688K
  class space    used 16381K, capacity 17653K, committed 17740K, reserved 253952K
}
Event: 172.372 GC heap after
{Heap after GC invocations=80 (full 0):
 garbage-first heap   total 275456K, used 261769K [0x00000000e0000000, 0x0000000100000000)
  region size 1024K, 2 young (2048K), 2 survivors (2048K)
 Metaspace       used 130552K, capacity 133915K, committed 134220K, reserved 370688K
  class space    used 16381K, capacity 17653K, committed 17740K, reserved 253952K
}
Event: 172.436 GC heap before
{Heap before GC invocations=80 (full 0):
 garbage-first heap   total 275456K, used 272009K [0x00000000e0000000, 0x0000000100000000)
  region size 1024K, 13 young (13312K), 2 survivors (2048K)
 Metaspace       used 130558K, capacity 133915K, committed 134220K, reserved 370688K
  class space    used 16381K, capacity 17653K, committed 17740K, reserved 253952K
}
Event: 172.442 GC heap after
{Heap after GC invocations=81 (full 0):
 garbage-first heap   total 276480K, used 262635K [0x00000000e0000000, 0x0000000100000000)
  region size 1024K, 1 young (1024K), 1 survivors (1024K)
 Metaspace       used 130558K, capacity 133915K, committed 134220K, reserved 370688K
  class space    used 16381K, capacity 17653K, committed 17740K, reserved 253952K
}
Event: 172.544 GC heap before
{Heap before GC invocations=81 (full 0):
 garbage-first heap   total 276480K, used 273899K [0x00000000e0000000, 0x0000000100000000)
  region size 1024K, 13 young (13312K), 1 survivors (1024K)
 Metaspace       used 130563K, capacity 133979K, committed 134220K, reserved 370688K
  class space    used 16381K, capacity 17653K, committed 17740K, reserved 253952K
}
Event: 172.545 GC heap after
{Heap after GC invocations=82 (full 0):
 garbage-first heap   total 276480K, used 262614K [0x00000000e0000000, 0x0000000100000000)
  region size 1024K, 1 young (1024K), 1 survivors (1024K)
 Metaspace       used 130563K, capacity 133979K, committed 134220K, reserved 370688K
  class space    used 16381K, capacity 17653K, committed 17740K, reserved 253952K
}
Event: 172.688 GC heap before
{Heap before GC invocations=82 (full 0):
 garbage-first heap   total 276480K, used 274902K [0x00000000e0000000, 0x0000000100000000)
  region size 1024K, 13 young (13312K), 1 survivors (1024K)
 Metaspace       used 130588K, capacity 134049K, committed 134220K, reserved 370688K
  class space    used 16381K, capacity 17654K, committed 17740K, reserved 253952K
}
Event: 172.691 GC heap after
{Heap after GC invocations=83 (full 0):
 garbage-first heap   total 278528K, used 265019K [0x00000000e0000000, 0x0000000100000000)
  region size 1024K, 2 young (2048K), 2 survivors (2048K)
 Metaspace       used 130588K, capacity 134049K, committed 134220K, reserved 370688K
  class space    used 16381K, capacity 17654K, committed 17740K, reserved 253952K
}
Event: 172.800 GC heap before
{Heap before GC invocations=84 (full 0):
 garbage-first heap   total 278528K, used 277307K [0x00000000e0000000, 0x0000000100000000)
  region size 1024K, 13 young (13312K), 2 survivors (2048K)
 Metaspace       used 130620K, capacity 134049K, committed 134220K, reserved 370688K
  class space    used 16381K, capacity 17654K, committed 17740K, reserved 253952K
}

Deoptimization events (10 events):
Event: 171.878 Thread 0x000001fa75dbf000 Uncommon trap: reason=bimorphic_or_optimized_type_check action=maybe_recompile pc=0x000001fa6635002c method=com.google.common.cache.LocalCache$Segment.copyEntry(Lcom/google/common/cache/ReferenceEntry;Lcom/google/common/cache/ReferenceEntry;)Lcom/google/c
Event: 171.880 Thread 0x000001fa75dc0800 Uncommon trap: reason=bimorphic_or_optimized_type_check action=maybe_recompile pc=0x000001fa6635002c method=com.google.common.cache.LocalCache$Segment.copyEntry(Lcom/google/common/cache/ReferenceEntry;Lcom/google/common/cache/ReferenceEntry;)Lcom/google/c
Event: 171.892 Thread 0x000001fa7468a000 Uncommon trap: reason=unstable_if action=reinterpret pc=0x000001fa666b10f4 method=java.util.concurrent.ConcurrentLinkedQueue.offer(Ljava/lang/Object;)Z @ 42 c2
Event: 171.903 Thread 0x000001fa73f43800 Uncommon trap: reason=array_check action=maybe_recompile pc=0x000001fa66bc82b8 method=com.google.common.collect.RegularImmutableMap.fromEntryArray(I[Ljava/util/Map$Entry;)Lcom/google/common/collect/ImmutableMap; @ 157 c2
Event: 171.913 Thread 0x000001fa73f43800 Uncommon trap: reason=array_check action=maybe_recompile pc=0x000001fa66bc82b8 method=com.google.common.collect.RegularImmutableMap.fromEntryArray(I[Ljava/util/Map$Entry;)Lcom/google/common/collect/ImmutableMap; @ 157 c2
Event: 171.914 Thread 0x000001fa73f43800 Uncommon trap: reason=array_check action=maybe_recompile pc=0x000001fa66bc82b8 method=com.google.common.collect.RegularImmutableMap.fromEntryArray(I[Ljava/util/Map$Entry;)Lcom/google/common/collect/ImmutableMap; @ 157 c2
Event: 171.917 Thread 0x000001fa73f43800 Uncommon trap: reason=array_check action=maybe_recompile pc=0x000001fa66bc82b8 method=com.google.common.collect.RegularImmutableMap.fromEntryArray(I[Ljava/util/Map$Entry;)Lcom/google/common/collect/ImmutableMap; @ 157 c2
Event: 172.151 Thread 0x000001fa73f43800 Uncommon trap: reason=unstable_if action=reinterpret pc=0x000001fa66b7ad50 method=jdk.internal.jrtfs.JrtPath.normalize(Ljava/lang/String;)Ljava/lang/String; @ 6 c2
Event: 172.151 Thread 0x000001fa73f43800 Uncommon trap: reason=unstable_if action=reinterpret pc=0x000001fa66b7ef7c method=jdk.internal.jrtfs.JrtPath.resolve(Ljava/nio/file/Path;)Ljdk/internal/jrtfs/JrtPath; @ 13 c2
Event: 172.152 Thread 0x000001fa73f43800 Uncommon trap: reason=unstable_if action=reinterpret pc=0x000001fa66b7c0d0 method=jdk.internal.jrtfs.JrtPath.getFileName()Ljdk/internal/jrtfs/JrtPath; @ 50 c2

Classes redefined (0 events):
No events

Internal exceptions (10 events):
Event: 168.141 Thread 0x000001fa7468a000 Exception <a 'sun/nio/fs/WindowsException'{0x00000000ef722680}> (0x00000000ef722680) thrown at [./open/src/hotspot/share/prims/jni.cpp, line 611]
Event: 168.147 Thread 0x000001fa7468a000 Exception <a 'sun/nio/fs/WindowsException'{0x00000000ef753dd8}> (0x00000000ef753dd8) thrown at [./open/src/hotspot/share/prims/jni.cpp, line 611]
Event: 168.149 Thread 0x000001fa7468a000 Exception <a 'sun/nio/fs/WindowsException'{0x00000000ef753f40}> (0x00000000ef753f40) thrown at [./open/src/hotspot/share/prims/jni.cpp, line 611]
Event: 168.154 Thread 0x000001fa73f43800 Exception <a 'java/lang/ClassNotFoundException'{0x00000000ef7b9c28}: sync_studio_tooling6_cpwpahe3viaofewifuxv5h06vBeanInfo> (0x00000000ef7b9c28) thrown at [./open/src/hotspot/share/classfile/systemDictionary.cpp, line 228]
Event: 168.154 Thread 0x000001fa73f43800 Exception <a 'java/lang/ClassNotFoundException'{0x00000000ef7c6fb0}: sync_studio_tooling6_cpwpahe3viaofewifuxv5h06vCustomizer> (0x00000000ef7c6fb0) thrown at [./open/src/hotspot/share/classfile/systemDictionary.cpp, line 228]
Event: 169.233 Thread 0x000001fa73f43800 Implicit null exception at 0x000001fa66b5d001 to 0x000001fa66b5ee8c
Event: 170.632 Thread 0x000001fa7468a800 Exception <a 'sun/nio/fs/WindowsException'{0x00000000efb32758}> (0x00000000efb32758) thrown at [./open/src/hotspot/share/prims/jni.cpp, line 611]
Event: 170.636 Thread 0x000001fa7468a800 Exception <a 'sun/nio/fs/WindowsException'{0x00000000efb626d8}> (0x00000000efb626d8) thrown at [./open/src/hotspot/share/prims/jni.cpp, line 611]
Event: 170.637 Thread 0x000001fa7468a800 Exception <a 'sun/nio/fs/WindowsException'{0x00000000efb62850}> (0x00000000efb62850) thrown at [./open/src/hotspot/share/prims/jni.cpp, line 611]
Event: 171.603 Thread 0x000001fa73f43800 Implicit null exception at 0x000001fa66ac8b9b to 0x000001fa66acb8cc

Events (10 events):
Event: 172.442 Executing VM operation: G1CollectForAllocation done
Event: 172.520 Executing VM operation: CGC_Operation
Event: 172.535 Executing VM operation: CGC_Operation done
Event: 172.544 Executing VM operation: G1CollectForAllocation
Event: 172.545 Executing VM operation: G1CollectForAllocation done
Event: 172.688 Executing VM operation: G1CollectForAllocation
Event: 172.691 Executing VM operation: G1CollectForAllocation done
Event: 172.706 Executing VM operation: CGC_Operation
Event: 172.706 Executing VM operation: CGC_Operation done
Event: 172.799 Executing VM operation: G1CollectForAllocation


Dynamic libraries:
0x00007ff6f0310000 - 0x00007ff6f031f000 	C:\Program Files\Java\jdk-11.0.10\bin\java.exe
0x00007ffe125b0000 - 0x00007ffe127a5000 	C:\WINDOWS\SYSTEM32\ntdll.dll
0x00007ffddd650000 - 0x00007ffddd666000 	C:\Program Files\Avast Software\Avast\aswhook.dll
0x00007ffe108e0000 - 0x00007ffe1099d000 	C:\WINDOWS\System32\KERNEL32.DLL
0x00007ffe0fe50000 - 0x00007ffe1011d000 	C:\WINDOWS\System32\KERNELBASE.dll
0x00007ffe0fd50000 - 0x00007ffe0fe50000 	C:\WINDOWS\System32\ucrtbase.dll
0x00007ffdf8fa0000 - 0x00007ffdf8fb8000 	C:\Program Files\Java\jdk-11.0.10\bin\jli.dll
0x00007ffe109a0000 - 0x00007ffe10a4e000 	C:\WINDOWS\System32\ADVAPI32.dll
0x00007ffe11860000 - 0x00007ffe118fe000 	C:\WINDOWS\System32\msvcrt.dll
0x00007ffdf8f80000 - 0x00007ffdf8f95000 	C:\Program Files\Java\jdk-11.0.10\bin\VCRUNTIME140.dll
0x00007ffe121b0000 - 0x00007ffe1224c000 	C:\WINDOWS\System32\sechost.dll
0x00007ffe12410000 - 0x00007ffe12535000 	C:\WINDOWS\System32\RPCRT4.dll
0x00007ffe10660000 - 0x00007ffe10800000 	C:\WINDOWS\System32\USER32.dll
0x00007ffe10480000 - 0x00007ffe104a2000 	C:\WINDOWS\System32\win32u.dll
0x00007ffe12540000 - 0x00007ffe1256a000 	C:\WINDOWS\System32\GDI32.dll
0x00007ffe10550000 - 0x00007ffe1065b000 	C:\WINDOWS\System32\gdi32full.dll
0x00007ffe104b0000 - 0x00007ffe1054d000 	C:\WINDOWS\System32\msvcp_win.dll
0x00007ffdf84b0000 - 0x00007ffdf874a000 	C:\WINDOWS\WinSxS\amd64_microsoft.windows.common-controls_6595b64144ccf1df_6.0.19041.1110_none_60b5254171f9507e\COMCTL32.dll
0x00007ffe09df0000 - 0x00007ffe09dfa000 	C:\WINDOWS\SYSTEM32\VERSION.dll
0x00007ffe10d30000 - 0x00007ffe10d60000 	C:\WINDOWS\System32\IMM32.DLL
0x00007ffdf8ee0000 - 0x00007ffdf8f7b000 	C:\Program Files\Java\jdk-11.0.10\bin\msvcp140.dll
0x00007ffd9d010000 - 0x00007ffd9db0b000 	C:\Program Files\Java\jdk-11.0.10\bin\server\jvm.dll
0x00007ffe12250000 - 0x00007ffe12258000 	C:\WINDOWS\System32\PSAPI.DLL
0x00007ffe04200000 - 0x00007ffe04209000 	C:\WINDOWS\SYSTEM32\WSOCK32.dll
0x00007ffe122c0000 - 0x00007ffe1232b000 	C:\WINDOWS\System32\WS2_32.dll
0x00007ffdfc0c0000 - 0x00007ffdfc0e7000 	C:\WINDOWS\SYSTEM32\WINMM.dll
0x00007ffe0dc00000 - 0x00007ffe0dc12000 	C:\WINDOWS\SYSTEM32\kernel.appcore.dll
0x00007ffdf8ed0000 - 0x00007ffdf8ee0000 	C:\Program Files\Java\jdk-11.0.10\bin\verify.dll
0x00007ffe09630000 - 0x00007ffe09814000 	C:\WINDOWS\SYSTEM32\DBGHELP.DLL
0x00007ffe08e60000 - 0x00007ffe08e8c000 	C:\WINDOWS\SYSTEM32\dbgcore.DLL
0x00007ffe103f0000 - 0x00007ffe10472000 	C:\WINDOWS\System32\bcryptPrimitives.dll
0x00007ffdf8ea0000 - 0x00007ffdf8ec8000 	C:\Program Files\Java\jdk-11.0.10\bin\java.dll
0x00007ffdf87b0000 - 0x00007ffdf87ba000 	C:\Program Files\Java\jdk-11.0.10\bin\jimage.dll
0x00007ffdf8750000 - 0x00007ffdf8766000 	C:\Program Files\Java\jdk-11.0.10\bin\zip.dll
0x00007ffe10ec0000 - 0x00007ffe11604000 	C:\WINDOWS\System32\SHELL32.dll
0x00007ffe0de00000 - 0x00007ffe0e594000 	C:\WINDOWS\SYSTEM32\windows.storage.dll
0x00007ffe11da0000 - 0x00007ffe120f4000 	C:\WINDOWS\System32\combase.dll
0x00007ffe0f5d0000 - 0x00007ffe0f5fc000 	C:\WINDOWS\SYSTEM32\Wldp.dll
0x00007ffe10e10000 - 0x00007ffe10ebd000 	C:\WINDOWS\System32\SHCORE.dll
0x00007ffe12260000 - 0x00007ffe122b5000 	C:\WINDOWS\System32\shlwapi.dll
0x00007ffe0fc60000 - 0x00007ffe0fc7f000 	C:\WINDOWS\SYSTEM32\profapi.dll
0x00007ffdf7ee0000 - 0x00007ffdf7ef9000 	C:\Program Files\Java\jdk-11.0.10\bin\net.dll
0x00007ffe07050000 - 0x00007ffe0715a000 	C:\WINDOWS\SYSTEM32\WINHTTP.dll
0x00007ffe0f3b0000 - 0x00007ffe0f41a000 	C:\WINDOWS\system32\mswsock.dll
0x00007ffdf79e0000 - 0x00007ffdf79f2000 	C:\Program Files\Java\jdk-11.0.10\bin\nio.dll
0x00007ffe00520000 - 0x00007ffe00547000 	C:\Users\henna\.gradle\native\e1d6ef7f7dcc3fd88c89a11ec53ec762bb8ba0a96d01ffa2cd45eb1d1d8dd5c5\windows-amd64\native-platform.dll
0x00007ffde9320000 - 0x00007ffde9464000 	C:\Users\henna\.gradle\native\0d407fdbe67a94daf76414ababcb853783967236a71b16ec16e742cd7a986fd3\windows-amd64\native-platform-file-events.dll
0x00007ffdf87a0000 - 0x00007ffdf87a9000 	C:\Program Files\Java\jdk-11.0.10\bin\management.dll
0x00007ffdf7a60000 - 0x00007ffdf7a6b000 	C:\Program Files\Java\jdk-11.0.10\bin\management_ext.dll
0x00007ffe0f970000 - 0x00007ffe0f988000 	C:\WINDOWS\SYSTEM32\CRYPTSP.dll
0x00007ffe0ed50000 - 0x00007ffe0ed84000 	C:\WINDOWS\system32\rsaenh.dll
0x00007ffe0fd20000 - 0x00007ffe0fd47000 	C:\WINDOWS\System32\bcrypt.dll
0x00007ffe0fbe0000 - 0x00007ffe0fc0e000 	C:\WINDOWS\SYSTEM32\USERENV.dll
0x00007ffe0f540000 - 0x00007ffe0f54c000 	C:\WINDOWS\SYSTEM32\CRYPTBASE.dll
0x00007ffe0f0c0000 - 0x00007ffe0f0fb000 	C:\WINDOWS\SYSTEM32\IPHLPAPI.DLL
0x00007ffe11900000 - 0x00007ffe11908000 	C:\WINDOWS\System32\NSI.dll
0x00007ffe09d10000 - 0x00007ffe09d27000 	C:\WINDOWS\SYSTEM32\dhcpcsvc6.DLL
0x00007ffe09cf0000 - 0x00007ffe09d0d000 	C:\WINDOWS\SYSTEM32\dhcpcsvc.DLL
0x00007ffe0f100000 - 0x00007ffe0f1cb000 	C:\WINDOWS\SYSTEM32\DNSAPI.dll

dbghelp: loaded successfully - version: 4.0.5 - missing functions: none
symbol engine: initialized successfully - sym options: 0x614 - pdb path: .;C:\Program Files\Java\jdk-11.0.10\bin;C:\WINDOWS\SYSTEM32;C:\Program Files\Avast Software\Avast;C:\WINDOWS\WinSxS\amd64_microsoft.windows.common-controls_6595b64144ccf1df_6.0.19041.1110_none_60b5254171f9507e;C:\Program Files\Java\jdk-11.0.10\bin\server;C:\Users\henna\.gradle\native\e1d6ef7f7dcc3fd88c89a11ec53ec762bb8ba0a96d01ffa2cd45eb1d1d8dd5c5\windows-amd64;C:\Users\henna\.gradle\native\0d407fdbe67a94daf76414ababcb853783967236a71b16ec16e742cd7a986fd3\windows-amd64

VM Arguments:
jvm_args: -XX:MaxMetaspaceSize=256m -XX:+HeapDumpOnOutOfMemoryError --add-opens=java.base/java.util=ALL-UNNAMED --add-opens=java.base/java.lang=ALL-UNNAMED --add-opens=java.base/java.lang.invoke=ALL-UNNAMED --add-opens=java.base/java.util=ALL-UNNAMED --add-opens=java.prefs/java.util.prefs=ALL-UNNAMED --add-opens=java.prefs/java.util.prefs=ALL-UNNAMED --add-opens=java.base/java.nio.charset=ALL-UNNAMED --add-opens=java.base/java.net=ALL-UNNAMED --add-opens=java.base/java.util.concurrent.atomic=ALL-UNNAMED -Xms256m -Xmx512m -Dfile.encoding=windows-1252 -Duser.country=BR -Duser.language=pt -Duser.variant 
java_command: org.gradle.launcher.daemon.bootstrap.GradleDaemon 7.4.2
java_class_path (initial): C:\Users\henna\.gradle\wrapper\dists\gradle-7.4.2-bin\48ivgl02cpt2ed3fh9dbalvx8\gradle-7.4.2\lib\gradle-launcher-7.4.2.jar
Launcher Type: SUN_STANDARD

[Global flags]
     intx CICompilerCount                          = 3                                         {product} {ergonomic}
   size_t CompressedClassSpaceSize                 = 260046848                                 {product} {ergonomic}
     uint ConcGCThreads                            = 1                                         {product} {ergonomic}
     uint G1ConcRefinementThreads                  = 4                                         {product} {ergonomic}
   size_t G1HeapRegionSize                         = 1048576                                   {product} {ergonomic}
    uintx GCDrainStackTargetSize                   = 64                                        {product} {ergonomic}
     bool HeapDumpOnOutOfMemoryError               = true                                   {manageable} {command line}
   size_t InitialHeapSize                          = 268435456                                 {product} {command line}
   size_t MarkStackSize                            = 4194304                                   {product} {ergonomic}
   size_t MaxHeapSize                              = 536870912                                 {product} {command line}
   size_t MaxMetaspaceSize                         = 268435456                                 {product} {command line}
   size_t MaxNewSize                               = 321912832                                 {product} {ergonomic}
   size_t MinHeapDeltaBytes                        = 1048576                                   {product} {ergonomic}
    uintx NonNMethodCodeHeapSize                   = 5830732                                {pd product} {ergonomic}
    uintx NonProfiledCodeHeapSize                  = 122913754                              {pd product} {ergonomic}
    uintx ProfiledCodeHeapSize                     = 122913754                              {pd product} {ergonomic}
    uintx ReservedCodeCacheSize                    = 251658240                              {pd product} {ergonomic}
     bool SegmentedCodeCache                       = true                                      {product} {ergonomic}
     bool UseCompressedClassPointers               = true                                 {lp64_product} {ergonomic}
     bool UseCompressedOops                        = true                                 {lp64_product} {ergonomic}
     bool UseG1GC                                  = true                                      {product} {ergonomic}
     bool UseLargePagesIndividualAllocation        = false                                  {pd product} {ergonomic}

Logging:
Log output configuration:
 #0: stdout all=warning uptime,level,tags
 #1: stderr all=off uptime,level,tags

Environment Variables:
JAVA_HOME=C:\Program Files\Java\jdk-11.0.10
PATH=C:\Program Files (x86)\Common Files\Oracle\Java\javapath;C:\Python39\Scripts\;C:\Python39\;C:\WINDOWS\system32;C:\WINDOWS;C:\WINDOWS\System32\Wbem;C:\WINDOWS\System32\WindowsPowerShell\v1.0\;C:\Program Files\nodejs\;C:\ProgramData\chocolatey\bin;C:\Program Files\Git\cmd;C:\Program Files\Java\jdk-11.0.10\bin;C:\WINDOWS\System32\OpenSSH\;E:\Projetos\OT\Propostas\orange-talents-05-template-proposta\target;C:\Program Files\dotnet\;C:\Program Files\Docker\Docker\resources\bin;C:\ProgramData\DockerDesktop\version-bin;C:\Program Files\MySQL\MySQL Shell 8.0\bin\;E:\Programas\Microsoft VS Code\bin;C:\Users\henna\AppData\Roaming\npm;C:\Users\henna\AppData\Local\Microsoft\WindowsApps;C:\Program Files\heroku\bin;E:\Projetos\OT\Propostas\orange-talents-05-template-proposta\target;
USERNAME=henna
OS=Windows_NT
PROCESSOR_IDENTIFIER=Intel64 Family 6 Model 58 Stepping 9, GenuineIntel



---------------  S Y S T E M  ---------------

OS: Windows 10 , 64 bit Build 19041 (10.0.19041.1706)
Hyper-V role detected

CPU:total 4 (initial active 4) (4 cores per cpu, 1 threads per core) family 6 model 58 stepping 9 microcode 0x21, cmov, cx8, fxsr, mmx, sse, sse2, sse3, ssse3, sse4.1, sse4.2, popcnt, avx, aes, clmul, erms, tsc, tscinvbit, tscinv

Memory: 4k page, system-wide physical 10028M (374M free)
TotalPageFile size 13595M (AvailPageFile size 5M)
current process WorkingSet (physical memory assigned to process): 566M, peak: 599M
current process commit charge ("private bytes"): 641M, peak: 642M

vm_info: Java HotSpot(TM) 64-Bit Server VM (11.0.10+8-LTS-162) for windows-amd64 JRE (11.0.10+8-LTS-162), built on Dec  8 2020 16:32:57 by "mach5one" with MS VC++ 15.9 (VS2017)

END.
